0.922971
0.947263
0.920957
0.911069
0.930906
0.913450
0.941281
0.909300
0.926084
0.913572
0.918882
0.947691
0.900755
0.912900
0.929563
0.910032
0.929990
0.917173
0.941587
0.937986
0.932432
0.914732
0.921873
0.925230
0.926328
0.933653
0.916074
0.937254
0.961301
0.939817
0.929075
0.914976
0.938596
0.936887
0.939634
0.913571
0.926939
0.935789
0.930357
0.919004
0.951414
0.938962
0.936827
0.951230
0.941831
0.932614
0.929258
0.925413
0.938718
0.937925
0.937986
0.926145
0.940610
0.945005
0.938291
0.921812
0.913328
0.928831
0.897764
0.929075
0.926633
0.927976
0.926695
0.929441
0.920896
0.915586
0.919004
0.944700
0.898740
0.903257
0.943418
0.916257
0.936582
0.933286
0.956663
0.936460
0.915220
0.904722
0.952023
0.931150
0.936155
0.928037
