16273
16275
16275
16275
16276
16277
16278
16279
16279
16280
16280
16281
16283
16285
16286
16287
16287
16287
16289
16289
16290
16290
16290
16291
16291
16292
16293
16295
16296
16296
16297
16298
16298
16300
16300
16302
16302
16302
16305
16305
16306
16307
16308
16310
16311
16312
16313
16314
16314
16314
16314
16314
16335
16335
16335
16336
16338
16339
16340
16340
16341
16344
16346
16347
16348
16348
16349
16349
16349
16350
16350
16350
16351
16352
16352
16353
16354
16354
16355
16358
16359
16361
16364
16365
16366
16368
16368
16368
16368
16368
16368
16368
16371
16372
16372
16375
16375
16376
16377
16377
16377
16381
16382
16382
16383
16384
16387
16387
16387
16389
16389
16390
16393
16393
16395
16395
16396
16396
16398
16399
16399
16403
16406
16406
16406
16407
16408
16410
16410
16411
16412
16413
16413
16414
16414
16416
16417
16417
16417
16417
16419
16419
16425
16425
16426
16427
16427
16427
16428
16431
16431
16431
16432
16432
16433
16433
16434
16434
16436
16436
16436
16437
16440
16442
16443
16444
16446
16447
16447
16449
16449
16449
16449
16451
16452
16453
16455
16456
16456
16456
16458
16458
16458
16458
16459
16459
16460
16460
16460
16460
16461
16461
16461
16462
16464
16471
16471
16471
16471
16471
16471
16471
16471
16471
16471
16471
16471
16471
16471
16471
16471
16471
16471
16471
16471
16471
16471
16471
16471
16471
16471
16471
16471
16471
16471
16471
16471
16471
16471
16471
16471
16471
16471
16471
16471
16471
16471
16471
16471
16471
16471
16471
16471
16471
16471
16471
16487
16487
16487
16487
16487
16487
16487
16487
16487
16487
16487
16487
16487
16487
16487
16487
16487
16487
16487
16487
16487
16487
16487
16487
16487
16487
16487
16487
16487
16487
16487
16487
16487
16487
16487
16487
16487
16487
16487
16487
16487
16487
16487
16487
16487
16489
16489
16489
16489
16489
16489
16489
16489
16489
16489
16489
16489
16489
16489
16489
16489
16489
16489
16489
16489
16489
16489
16489
16489
16489
16489
16489
16489
16489
16489
16489
16489
16489
16489
16489
16489
16489
16489
16489
16489
16489
16489
16489
16489
16489
16489
16489
16489
16489
16489
16493
16496
16497
16499
16501
16504
16504
16505
16505
16505
16507
16508
16509
16509
16509
16509
16509
16509
16509
16509
16509
16509
16511
16511
16511
16511
16511
16511
16512
16512
16514
16516
16516
16516
16516
16516
16519
16521
16522
16522
16522
16524
16525
16526
16528
16528
16530
16530
16530
16532
16534
16534
16536
16538
16539
16539
16539
16539
16540
16543
16543
16544
16546
16546
16547
16548
16552
16553
16553
16553
16553
16553
16553
16554
16555
16555
16555
16556
16557
16557
16557
16559
16562
16565
16567
16568
16568
16568
16569
16571
16571
16572
16574
16574
16574
16574
16578
16579
16579
16580
16581
16581
16583
16583
16583
16583
16583
16583
16584
16586
16589
16591
16591
16591
16592
16594
16594
16594
16595
16595
16598
16600
16602
16602
16603
16604
16606
16606
16608
16608
16608
16608
16608
16609
16613
16615
16616
16616
16616
16617
16618
16619
16623
16623
16623
16624
16625
16626
16627
16627
16627
16629
16629
16630
16631
16631
16632
16633
16635
16637
16639
16640
16640
16641
16643
16644
16644
16645
16648
16649
16650
16650
16650
16650
16650
16653
16655
16657
16660
16660
16661
16664
16665
16665
16666
16668
16669
16669
16669
16670
16670
16670
16672
16675
16677
16678
16681
16681
16683
16683
16683
16683
16685
16686
16686
16686
16687
16687
16688
16688
16689
16689
16689
16689
16689
16689
16691
16692
16692
16694
16696
16698
16699
16701
16701
16702
16703
16703
16704
16704
16705
16706
16707
16708
16709
16709
16710
16711
16712
16713
16714
16715
16717
16720
16721
16723
16723
16724
16725
16725
16727
16728
16729
16729
16730
16730
16730
16732
16734
16735
16735
16736
16737
16738
16739
16739
16740
16740
16742
16744
16745
16748
16750
16751
16752
16752
16753
16753
16754
16755
16756
16756
16756
16758
16759
16759
16761
16763
16765
16767
16767
16770
16775
16777
16781
16782
16783
16785
16785
16788
16789
16790
16791
16792
16792
16792
16793
16794
16795
16795
16795
16795
16796
16797
16798
16800
16803
16804
16806
16809
16812
16816
16816
16817
16818
16820
16820
16821
16823
16823
16823
16823
16826
16827
16827
16828
16832
16833
16833
16833
16834
16837
16837
16837
16838
16838
16840
16842
16845
16846
16847
16848
16850
16851
16853
16856
16858
16859
16859
16861
16862
16863
16864
16864
16864
16864
16865
16866
16866
16867
16868
16870
16874
16874
16875
16878
16878
16880
16881
16881
16881
16881
16881
16881
16884
16885
16885
16886
16886
16888
16888
16888
16889
16889
16889
16889
16890
16891
16892
16892
16892
16892
16893
16893
16896
16897
16898
16898
16899
16900
16902
16903
16903
16903
16903
16903
16907
16908
16908
16908
16909
16910
16910
16911
16912
16915
16917
16917
16917
16918
16918
16920
16920
16921
16923
16924
16924
16924
16928
16932
16936
16937
16937
16939
16940
16941
16942
16942
16945
16945
16946
16947
16947
16948
16950
16952
16953
16953
16955
16957
16958
16959
16959
16959
16961
16961
16962
16964
16964
16964
16965
16965
16966
16966
16966
16967
16970
16970
16970
16971
16972
16972
16973
16976
16976
16976
16976
16976
16977
16979
16980
16981
16982
16983
16984
16984
16984
16986
16986
16986
16987
16988
16988
16988
16989
16991
16991
16991
16993
16993
16993
16994
16995
16995
16995
16996
16997
16997
16997
16998
16999
17000
17001
17002
17003
17005
17005
17007
17010
17010
17010
17010
17011
17012
17013
17014
17014
17014
17016
17018
17018
17018
17018
17019
17019
17019
17020
17020
17020
17021
17021
17022
17025
17026
17028
17028
17029
17031
17032
17032
17033
17035
17035
17036
17037
17037
17038
17038
17038
17038
17039
17039
17040
17040
17041
17041
17042
17044
17044
17045
17045
17046
17046
17046
17046
17046
17046
17047
17048
17048
17049
17051
17052
17053
17054
17055
17055
17056
17056
17056
17056
17058
17058
17058
17058
17059
17060
17060
17061
17063
17065
17066
17066
17067
17068
17069
17070
17070
17070
17071
17075
17075
17076
17076
17077
17078
17078
17078
17079
17082
17082
17082
17082
17082
17083
17084
17087
17088
17089
17090
17091
17094
17095
17096
17098
17100
17102
17104
17107
17110
17111
17111
17111
17111
17111
17115
17117
17118
17119
17120
17120
17120
17120
17121
17121
17123
17126
17131
17132
17134
17135
17137
17137
17137
17139
17140
17140
17141
17141
17142
17143
17145
17145
17145
17145
17146
17146
17147
17148
17149
17152
17152
17153
17153
17153
17153
17155
17158
17158
17159
17159
17160
17160
17161
17163
17163
17163
17163
17164
17165
17166
17168
17169
17171
17171
17171
17171
17173
17174
17175
17177
17178
17178
17179
17179
17180
17181
