439080
439116
439148
439174
439206
439230
439254
439279
439305
439329
439354
439380
439410
439433
439454
439481
439509
439533
439561
439585
439608
439631
439654
439678
439700
439723
439753
439777
439809
439832
439861
439889
439910
439938
439961
439985
440010
440037
440064
440090
440123
440146
440175
440200
440222
440248
440269
440296
440319
440350
440380
440407
441957
441983
442003
442024
442047
442078
442102
442133
442161
442188
442214
442242
442267
442304
442327
442354
442379
442413
442441
442469
442495
442517
442539
442559
442581
442604
442634
442667
442693
442724
442748
442775
442809
442849
442894
442923
442951
442982
443005
443034
443063
443091
443115
443141
443167
443195
443231
443261
443287
443317
443348
443373
443402
443434
443467
443492
443515
443541
443568
443595
443629
443659
443683
443705
443727
443748
443786
443815
443847
443877
443914
443943
443980
444014
444051
444076
444096
444121
444151
444181
444205
444235
444260
444294
444325
444352
444380
444404
444429
444458
444485
444513
444536
444562
444586
444619
444644
444669
444692
444720
444754
444783
444814
444847
444869
444891
444920
444945
444973
444999
445027
445053
445078
445115
445136
445160
445185
445211
445238
445270
445299
445336
445367
445397
445430
445457
445479
445504
445533
445552
445582
445617
445645
445670
445695
445726
445752
445779
445805
445827
445856
445887
445912
445932
445932
445932
445932
445932
445932
445932
445932
445932
445932
445932
445932
445932
445932
445932
445932
445932
445932
445932
445932
445932
445932
445932
445932
445932
445932
445932
445932
445932
445932
445932
445932
445932
445932
445932
445932
445932
445932
445932
445932
445932
445932
445932
445932
445932
445932
445932
445932
445932
445932
445932
445945
445945
445945
445945
445945
445945
445945
445945
445945
445945
445945
445945
445945
445945
445945
445945
445945
445945
445945
445945
445945
445945
445945
445945
445945
445945
445945
445945
445945
445945
445945
445945
445945
445945
445945
445945
445945
445945
445945
445945
445945
445945
445945
445945
445945
445964
445964
445964
445964
445964
445964
445964
445964
445964
445964
445964
445964
445964
445964
445964
445964
445964
445964
445964
445964
445964
445964
445964
445964
445964
445964
445964
445964
445964
445964
445964
445964
445964
445964
445964
445964
445964
445964
445964
445964
445964
445964
445964
445964
445964
445964
445964
445964
445964
445964
445985
446027
446058
446085
446112
446144
446168
446195
446224
446247
446290
446314
446343
446373
446399
446421
446445
446473
446508
446537
446567
446591
446620
446650
446678
446704
446739
446768
446796
446830
446866
446897
446920
446949
446974
447003
447031
447054
447085
447111
447148
447172
447202
447227
447249
447277
447303
447326
447360
447395
447429
447459
447496
447522
447551
447581
447600
447632
447661
447687
447714
447740
447763
447791
447811
447845
447876
447898
447930
447954
447975
448007
448034
448057
448081
448104
448139
448174
448197
448226
448254
448282
448311
448342
448375
448405
448435
448459
448484
448510
448542
448577
448603
448630
448654
448677
448700
448736
448764
448789
448814
448843
448863
448885
448908
448940
448969
448993
449014
449041
449070
449099
449123
449147
449169
449204
449230
449257
449279
449309
449336
449363
449395
449419
449443
449473
449500
449526
449549
449578
449606
449635
449664
449700
449731
449763
449789
449817
449844
449869
449901
449934
449971
450001
450028
450054
450080
450101
450131
450162
450188
450215
450247
450274
450298
450328
450356
450391
450416
450456
450486
450511
450536
450553
450581
450615
450640
450668
450695
450724
450751
450777
450798
450825
450844
450867
450892
450920
450952
450980
451016
451047
451079
451108
451137
451165
451194
451226
451253
451283
451303
451331
451362
451390
451414
451446
451476
451499
451519
451548
451574
451604
451631
451660
451685
451708
451732
451751
451778
451798
451835
451860
451884
451908
451933
451960
451986
452007
452033
452061
452081
452111
452147
452170
452195
452221
452248
452276
452303
452327
452348
452376
452404
452432
452456
452483
452516
452546
452570
452597
452626
452655
452690
452721
452745
452772
452801
452833
452861
452890
452917
452942
452968
452992
453017
453043
453067
453094
453120
453146
453170
453196
453225
453246
453287
453311
453338
453371
453398
453427
453465
453494
453519
453540
453567
453598
453621
453649
453680
453709
453738
453764
453784
453814
453841
453865
453895
453921
453947
453973
454007
454037
454071
454101
454134
454170
454204
454227
454249
454271
454303
454331
454355
454377
454405
454443
454466
454493
454515
454540
454564
454593
454621
454656
454676
454705
454742
454783
454813
454853
454894
454918
454944
454967
454997
455029
455052
455075
455111
455134
455153
455176
455206
455232
455258
455292
455323
455345
455375
455402
455422
455449
455480
455510
455535
455568
455591
455623
455650
455673
455698
455731
455757
455781
455817
455849
455875
455903
455930
455959
455988
456014
456039
456068
456090
456124
456147
456171
456197
456216
456246
456287
456327
456351
456379
456406
456441
456472
456495
456524
456552
456577
456601
456627
456650
456674
456697
456721
456751
456771
456801
456827
456855
456885
456909
456939
456958
456989
457016
457047
457071
457100
457134
457165
457195
457223
457254
457291
457317
457354
457380
457404
457427
457458
457490
457527
457550
457574
457600
457622
457641
457666
457693
457713
457741
457771
457796
457823
457854
457880
457910
457942
457968
457992
458033
458055
458075
458109
458144
458177
458205
458242
458274
458308
458338
458364
458396
458428
458464
458500
458530
458555
458584
458615
458648
458678
458707
458737
458763
458801
458829
458852
458883
458912
458942
458966
458990
459012
459036
459064
459100
459130
459157
459184
459212
459245
459267
459298
459335
459367
459393
459422
459449
459483
459509
459536
459557
459583
459602
459629
459665
459697
459736
459765
459785
459811
459834
459858
459887
459910
459940
459964
460003
460033
460061
460086
460110
460138
460162
460184
460213
460236
460258
460288
460312
460337
460363
460384
460411
460446
460480
460509
460536
460563
460598
460622
460644
460665
460697
460720
460745
460774
460795
460821
460870
460902
460926
460954
460986
461007
461036
461062
461084
461109
461141
461177
461211
461240
461262
461296
461314
461353
461388
461408
461431
461461
461490
461518
461542
461568
461598
461631
461653
461677
461707
461730
461757
461776
461802
461823
461849
461874
461911
461948
461981
462008
462034
462060
462081
462103
462132
462154
462179
462206
462232
462260
462292
462314
462338
462369
462395
462418
462441
462470
462502
462530
462552
462580
462609
462638
462664
462689
462713
462736
462765
462791
462819
462851
462875
462910
462944
462972
462997
463024
463054
463084
463111
463134
463162
463183
463212
463246
463278
463300
463325
463357
463383
463413
463447
463477
463507
463530
463557
463588
463614
463643
463671
463700
463732
463764
463801
463833
463867
463901
463931
463961
463983
464009
464033
464055
464078
464101
464133
464154
464182
464218
464245
464273
464305
464346
464369
464398
464426
464456
464477
464512
464539
464569
464595
464625
464653
464685
464710
464736
464762
464789
464817
464840
464864
464904
464932
464958
464987
465023
465046
465071
465098
465122
465146
465171
465197
465223
465253
465276
465302
465327
465349
465379
465404
465443
465475
465514
465544
465572
465606
465630
465658
465682
465717
465747
465772
465801
465826
465860
465878
465904
465931
465968
465994
466026
466059
466087
466116
466146
466167
466199
466226
