16273
16275
16275
16276
16276
16277
16278
16279
16279
16280
16280
16281
16285
16285
16287
16287
16287
16287
16289
16289
16290
16290
16290
16291
16291
16292
16294
16296
16296
16297
16297
16298
16298
16300
16301
16302
16302
16304
16305
16305
16306
16308
16308
16310
16311
16312
16313
16314
16314
16314
16314
16314
16335
16335
16336
16336
16338
16340
16340
16340
16341
16344
16347
16347
16348
16348
16349
16349
16349
16350
16350
16351
16352
16352
16352
16353
16354
16354
16357
16359
16359
16363
16364
16365
16366
16368
16368
16368
16368
16368
16368
16368
16372
16372
16372
16375
16375
16377
16377
16377
16379
16381
16382
16383
16383
16387
16387
16387
16387
16389
16389
16392
16393
16395
16395
16395
16396
16396
16399
16399
16403
16405
16406
16406
16406
16407
16409
16410
16411
16411
16413
16413
16413
16414
16415
16416
16417
16417
16417
16417
16419
16419
16425
16425
16426
16427
16427
16427
16429
16431
16431
16431
16432
16432
16433
16433
16434
16435
16436
16436
16437
16437
16440
16442
16443
16445
16447
16447
16447
16449
16449
16449
16449
16452
16452
16453
16455
16456
16456
16456
16458
16458
16458
16459
16459
16459
16460
16460
16460
16460
16461
16461
16461
16464
16464
16471
16471
16471
16471
16471
16471
16471
16471
16471
16471
16471
16471
16471
16471
16471
16471
16471
16471
16471
16471
16471
16471
16471
16471
16471
16471
16471
16471
16471
16471
16471
16471
16471
16471
16471
16471
16471
16471
16471
16471
16471
16471
16471
16471
16471
16471
16471
16471
16471
16471
16471
16487
16487
16487
16487
16487
16487
16487
16487
16487
16487
16487
16487
16487
16487
16487
16487
16487
16487
16487
16487
16487
16487
16487
16487
16487
16487
16487
16487
16487
16487
16487
16487
16487
16487
16487
16487
16487
16487
16487
16487
16487
16487
16487
16487
16487
16489
16489
16489
16489
16489
16489
16489
16489
16489
16489
16489
16489
16489
16489
16489
16489
16489
16489
16489
16489
16489
16489
16489
16489
16489
16489
16489
16489
16489
16489
16489
16489
16489
16489
16489
16489
16489
16489
16489
16489
16489
16489
16489
16489
16489
16489
16489
16489
16489
16489
16495
16496
16497
16501
16502
16504
16504
16505
16505
16505
16508
16509
16509
16509
16509
16509
16509
16509
16509
16509
16509
16509
16511
16511
16511
16511
16511
16511
16512
16513
16516
16516
16516
16516
16516
16517
16520
16522
16522
16522
16523
16524
16525
16526
16528
16530
16530
16530
16531
16532
16534
16534
16537
16539
16539
16539
16539
16540
16542
16543
16543
16545
16546
16546
16547
16551
16552
16553
16553
16553
16553
16553
16553
16554
16555
16555
16555
16557
16557
16557
16558
16560
16565
16565
16567
16568
16568
16568
16570
16571
16572
16572
16574
16574
16574
16574
16578
16579
16579
16581
16581
16582
16583
16583
16583
16583
16583
16584
16585
16588
16590
16591
16591
16591
16592
16594
16594
16594
16595
16595
16599
16602
16602
16602
16603
16605
16606
16607
16608
16608
16608
16608
16608
16612
16614
16616
16616
16616
16616
16618
16618
16622
16623
16623
16623
16624
16625
16626
16627
16627
16627
16629
16630
16630
16631
16631
16632
16634
16635
16639
16639
16640
16641
16643
16643
16644
16644
16646
16648
16649
16650
16650
16650
16650
16650
16654
16656
16657
16660
16661
16662
16665
16665
16665
16666
16668
16669
16669
16669
16670
16670
16671
16675
16676
16677
16681
16681
16682
16683
16683
16683
16684
16685
16686
16686
16687
16687
16687
16688
16688
16689
16689
16689
16689
16689
16690
16691
16692
16694
16695
16697
16698
16701
16701
16701
16703
16703
16704
16704
16704
16705
16707
16708
16709
16709
16710
16710
16711
16712
16714
16714
16715
16719
16720
16722
16723
16723
16725
16725
16727
16727
16728
16729
16730
16730
16730
16730
16734
16734
16735
16735
16737
16737
16739
16739
16739
16740
16742
16744
16744
16748
16749
16751
16752
16752
16752
16753
16753
16754
16756
16756
16756
16757
16759
16759
16759
16761
16763
16765
16767
16769
16773
16775
16780
16781
16782
16785
16785
16786
16788
16790
16791
16791
16792
16792
16792
16793
16794
16795
16795
16795
16795
16796
16797
16798
16802
16803
16804
16807
16811
16814
16816
16816
16817
16818
16820
16820
16821
16823
16823
16823
16823
16826
16827
16827
16830
16833
16833
16833
16833
16835
16837
16837
16838
16838
16839
16841
16843
16845
16847
16847
16850
16851
16851
16854
16856
16858
16859
16859
16861
16862
16863
16864
16864
16864
16864
16865
16866
16866
16868
16868
16873
16874
16874
16876
16878
16880
16880
16881
16881
16881
16881
16881
16882
16885
16885
16885
16886
16886
16888
16888
16888
16889
16889
16889
16889
16891
16891
16892
16892
16892
16893
16893
16893
16896
16898
16898
16898
16899
16902
16902
16903
16903
16903
16903
16906
16907
16908
16908
16908
16910
16910
16910
16911
16913
16916
16917
16917
16917
16918
16918
16920
16920
16921
16924
16924
16924
16925
16930
16935
16937
16937
16937
16939
16940
16942
16942
16943
16945
16945
16946
16947
16947
16948
16952
16952
16953
16953
16956
16957
16958
16959
16959
16960
16961
16962
16963
16964
16964
16964
16965
16965
16966
16966
16966
16969
16970
16970
16970
16972
16972
16972
16976
16976
16976
16976
16976
16977
16978
16979
16981
16982
16983
16984
16984
16984
16984
16986
16986
16986
16988
16988
16988
16988
16990
16991
16991
16992
16993
16993
16993
16995
16995
16995
16996
16996
16997
16997
16997
16998
16999
17000
17001
17002
17003
17005
17006
17007
17010
17010
17010
17010
17012
17012
17013
17014
17014
17014
17017
17018
17018
17018
17019
17019
17019
17019
17020
17020
17020
17021
17022
17022
17026
17026
17028
17028
17029
17031
17032
17032
17033
17035
17036
17037
17037
17037
17038
17038
17038
17038
17039
17039
17040
17040
17041
17041
17042
17044
17044
17045
17046
17046
17046
17046
17046
17046
17047
17048
17048
17048
17050
17051
17053
17053
17055
17055
17055
17056
17056
17056
17056
17058
17058
17058
17058
17059
17060
17060
17063
17064
17065
17066
17067
17068
17068
17069
17070
17070
17070
17072
17075
17075
17076
17076
17078
17078
17078
17078
17082
17082
17082
17082
17082
17082
17083
17084
17088
17088
17089
17090
17091
17094
17095
17098
17098
17102
17103
17105
17108
17110
17111
17111
17111
17111
17112
17115
17117
17118
17119
17120
17120
17120
17120
17121
17122
17125
17129
17131
17132
17134
17137
17137
17137
17137
17140
17140
17140
17141
17141
17142
17144
17145
17145
17145
17145
17146
17147
17148
17148
17150
17152
17152
17153
17153
17153
17153
17156
17158
17158
17159
17159
17160
17161
17161
17163
17163
17163
17163
17164
17165
17167
17168
17169
17171
17171
17171
17171
17173
17175
17175
17178
17178
17178
17179
17179
17180
17181
