16275
16275
16275
16276
16277
16278
16279
16279
16280
16280
16281
16281
16285
16286
16287
16287
16287
16289
16289
16289
16290
16290
16291
16291
16292
16293
16295
16296
16296
16297
16298
16298
16300
16300
16302
16302
16302
16305
16305
16306
16307
16308
16308
16310
16312
16313
16313
16314
16314
16314
16314
16314
16335
16335
16336
16337
16339
16340
16340
16341
16343
16346
16347
16348
16348
16349
16349
16349
16350
16350
16350
16351
16352
16352
16353
16354
16354
16354
16357
16359
16360
16364
16365
16366
16368
16368
16368
16368
16368
16368
16368
16368
16372
16372
16373
16375
16376
16377
16377
16377
16380
16382
16382
16383
16383
16387
16387
16387
16389
16389
16389
16393
16393
16395
16395
16396
16396
16396
16399
16399
16403
16406
16406
16406
16406
16407
16410
16410
16411
16412
16413
16413
16413
16414
16415
16417
16417
16417
16417
16419
16419
16423
16425
16425
16426
16427
16427
16427
16430
16431
16431
16432
16432
16433
16433
16434
16434
16436
16436
16436
16437
16438
16441
16443
16443
16446
16447
16447
16447
16449
16449
16449
16451
16452
16453
16454
16456
16456
16456
16457
16458
16458
16458
16459
16459
16460
16460
16460
16460
16461
16461
16461
16461
16464
16464
16471
16471
16471
16471
16471
16471
16471
16471
16471
16471
16471
16471
16471
16471
16471
16471
16471
16471
16471
16471
16471
16471
16471
16471
16471
16471
16471
16471
16471
16471
16471
16471
16471
16471
16471
16471
16471
16471
16471
16471
16471
16471
16471
16471
16471
16471
16471
16471
16471
16471
16477
16487
16487
16487
16487
16487
16487
16487
16487
16487
16487
16487
16487
16487
16487
16487
16487
16487
16487
16487
16487
16487
16487
16487
16487
16487
16487
16487
16487
16487
16487
16487
16487
16487
16487
16487
16487
16487
16487
16487
16487
16487
16487
16487
16487
16487
16489
16489
16489
16489
16489
16489
16489
16489
16489
16489
16489
16489
16489
16489
16489
16489
16489
16489
16489
16489
16489
16489
16489
16489
16489
16489
16489
16489
16489
16489
16489
16489
16489
16489
16489
16489
16489
16489
16489
16489
16489
16489
16489
16489
16489
16489
16489
16489
16489
16492
16495
16497
16498
16501
16502
16504
16504
16505
16505
16505
16508
16509
16509
16509
16509
16509
16509
16509
16509
16509
16509
16510
16511
16511
16511
16511
16511
16512
16512
16513
16516
16516
16516
16516
16516
16519
16521
16522
16522
16522
16524
16525
16526
16528
16528
16530
16530
16530
16532
16533
16534
16535
16537
16539
16539
16539
16539
16540
16543
16543
16544
16546
16546
16547
16548
16552
16553
16553
16553
16553
16553
16553
16554
16555
16555
16555
16555
16557
16557
16557
16559
16561
16565
16566
16568
16568
16568
16568
16571
16571
16572
16572
16574
16574
16574
16576
16578
16579
16580
16581
16581
16583
16583
16583
16583
16583
16583
16584
16586
16588
16591
16591
16591
16591
16593
16594
16594
16595
16595
16596
16599
16602
16602
16603
16604
16606
16606
16607
16608
16608
16608
16608
16608
16612
16614
16616
16616
16616
16617
16618
16618
16622
16623
16623
16624
16625
16626
16627
16627
16627
16628
16629
16630
16631
16631
16632
16633
16635
16636
16639
16640
16640
16641
16643
16644
16644
16645
16647
16649
16649
16650
16650
16650
16650
16651
16655
16657
16658
16660
16661
16662
16665
16665
16666
16667
16669
16669
16669
16670
16670
16670
16671
16675
16677
16677
16681
16681
16682
16683
16683
16683
16685
16686
16686
16686
16687
16687
16688
16688
16688
16689
16689
16689
16689
16689
16691
16692
16692
16694
16696
16698
16699
16701
16701
16701
16703
16703
16704
16704
16704
16706
16707
16708
16709
16709
16710
16711
16712
16713
16714
16714
16716
16720
16721
16723
16723
16723
16725
16725
16727
16728
16729
16729
16730
16730
16730
16730
16734
16734
16735
16736
16737
16737
16739
16739
16740
16740
16742
16744
16744
16748
16749
16751
16752
16752
16753
16753
16754
16755
16756
16756
16756
16758
16759
16759
16761
16762
16764
16766
16767
16769
16775
16775
16780
16782
16782
16785
16785
16787
16788
16790
16791
16792
16792
16792
16793
16794
16795
16795
16795
16795
16796
16796
16798
16798
16802
16803
16806
16808
16812
16816
16816
16817
16818
16819
16820
16821
16823
16823
16823
16823
16825
16827
16827
16828
16831
16833
16833
16833
16834
16837
16837
16837
16838
16838
16839
16841
16844
16846
16847
16847
16850
16851
16851
16856
16858
16858
16859
16860
16862
16862
16864
16864
16864
16864
16865
16866
16866
16867
16868
16868
16874
16874
16875
16877
16878
16880
16881
16881
16881
16881
16881
16881
16883
16885
16885
16886
16886
16888
16888
16888
16889
16889
16889
16889
16889
16891
16892
16892
16892
16892
16893
16893
16895
16896
16898
16898
16898
16899
16902
16902
16903
16903
16903
16903
16906
16908
16908
16908
16909
16910
16910
16911
16912
16913
16917
16917
16917
16917
16918
16918
16920
16921
16923
16924
16924
16924
16926
16930
16936
16937
16937
16939
16940
16940
16942
16942
16944
16945
16945
16947
16947
16948
16948
16952
16953
16953
16954
16957
16958
16959
16959
16959
16961
16961
16962
16964
16964
16964
16964
16965
16966
16966
16966
16966
16969
16970
16970
16971
16972
16972
16972
16976
16976
16976
16976
16976
16977
16978
16979
16981
16982
16983
16984
16984
16984
16986
16986
16986
16987
16988
16988
16988
16988
16991
16991
16991
16992
16993
16993
16994
16995
16995
16995
16996
16997
16997
16997
16998
16999
16999
17001
17002
17003
17003
17005
17006
17009
17010
17010
17010
17010
17012
17012
17013
17014
17014
17016
17017
17018
17018
17018
17019
17019
17019
17020
17020
17020
17020
17021
17022
17023
17026
17028
17028
17029
17031
17032
17032
17033
17034
17035
17036
17037
17037
17038
17038
17038
17038
17039
17039
17039
17040
17041
17041
17042
17042
17044
17045
17045
17046
17046
17046
17046
17046
17046
17047
17048
17048
17049
17051
17052
17053
17053
17055
17055
17056
17056
17056
17056
17058
17058
17058
17058
17059
17060
17060
17060
17063
17065
17066
17066
17067
17068
17069
17070
17070
17070
17071
17073
17075
17076
17076
17077
17078
17078
17078
17078
17082
17082
17082
17082
17082
17083
17084
17085
17088
17089
17090
17090
17093
17095
17095
17098
17098
17102
17104
17106
17110
17111
17111
17111
17111
17111
17115
17116
17117
17119
17120
17120
17120
17120
17121
17121
17122
17125
17131
17132
17133
17135
17137
17137
17137
17138
17140
17140
17141
17141
17141
17143
17145
17145
17145
17145
17145
17146
17147
17148
17149
17151
17152
17152
17153
17153
17153
17153
17156
17158
17159
17159
17159
17160
17161
17163
17163
17163
17163
17164
17165
17166
17168
17169
17171
17171
17171
17171
17173
17173
17175
17175
17178
17178
17179
17179
17179
17181
17181
