439099
439126
439156
439183
439214
439238
439263
439288
439313
439343
439362
439388
439418
439440
439463
439493
439519
439542
439568
439596
439616
439640
439666
439687
439710
439734
439761
439785
439820
439842
439872
439897
439917
439947
439969
439994
440020
440046
440070
440105
440133
440153
440183
440210
440230
440256
440281
440304
440330
440362
440387
440419
441967
441990
442011
442033
442056
442087
442112
442142
442172
442199
442226
442252
442282
442314
442336
442361
442389
442425
442452
442477
442501
442525
442546
442567
442590
442611
442650
442676
442700
442732
442757
442784
442819
442863
442906
442931
442964
442991
443014
443042
443073
443099
443127
443151
443176
443205
443238
443272
443298
443325
443357
443382
443410
443447
443475
443499
443525
443553
443576
443606
443640
443667
443689
443712
443735
443758
443800
443825
443863
443885
443927
443950
443998
444025
444057
444086
444105
444134
444161
444190
444218
444241
444269
444306
444335
444361
444388
444412
444438
444466
444494
444521
444548
444572
444598
444629
444652
444677
444699
444736
444764
444795
444824
444854
444877
444902
444931
444954
444982
445010
445039
445060
445089
445123
445143
445168
445196
445221
445247
445278
445313
445346
445374
445408
445439
445465
445485
445518
445542
445566
445589
445628
445657
445678
445706
445735
445760
445786
445811
445836
445868
445896
445922
445932
445932
445932
445932
445932
445932
445932
445932
445932
445932
445932
445932
445932
445932
445932
445932
445932
445932
445932
445932
445932
445932
445932
445932
445932
445932
445932
445932
445932
445932
445932
445932
445932
445932
445932
445932
445932
445932
445932
445932
445932
445932
445932
445932
445932
445932
445932
445932
445932
445932
445934
445945
445945
445945
445945
445945
445945
445945
445945
445945
445945
445945
445945
445945
445945
445945
445945
445945
445945
445945
445945
445945
445945
445945
445945
445945
445945
445945
445945
445945
445945
445945
445945
445945
445945
445945
445945
445945
445945
445945
445945
445945
445945
445945
445945
445947
445964
445964
445964
445964
445964
445964
445964
445964
445964
445964
445964
445964
445964
445964
445964
445964
445964
445964
445964
445964
445964
445964
445964
445964
445964
445964
445964
445964
445964
445964
445964
445964
445964
445964
445964
445964
445964
445964
445964
445964
445964
445964
445964
445964
445964
445964
445964
445964
445964
445964
446000
446039
446066
446095
446121
446153
446177
446205
446231
446260
446301
446327
446355
446383
446407
446429
446455
446482
446517
446546
446575
446602
446630
446659
446687
446715
446751
446783
446807
446841
446879
446905
446929
446961
446981
447016
447041
447065
447098
447120
447155
447181
447209
447234
447262
447285
447312
447338
447368
447406
447437
447472
447509
447532
447563
447589
447610
447644
447671
447697
447725
447747
447771
447797
447821
447859
447885
447907
447936
447961
447987
448017
448042
448070
448091
448113
448149
448180
448204
448236
448263
448289
448325
448357
448385
448417
448445
448467
448494
448520
448555
448585
448611
448639
448661
448687
448711
448743
448775
448799
448825
448849
448870
448894
448918
448949
448979
449000
449024
449051
449080
449111
449131
449153
449179
449212
449239
449263
449290
449317
449343
449377
449404
449428
449452
449485
449509
449535
449559
449586
449613
449645
449673
449713
449741
449772
449798
449825
449852
449881
449910
449948
449983
450011
450038
450064
450089
450109
450143
450172
450198
450227
450256
450282
450310
450336
450367
450401
450426
450469
450496
450518
450543
450561
450596
450623
450649
450679
450708
450736
450762
450785
450806
450832
450851
450875
450900
450932
450963
450990
451023
451058
451089
451117
451151
451175
451209
451233
451266
451289
451313
451341
451373
451397
451422
451457
451485
451505
451531
451556
451584
451614
451641
451668
451693
451720
451740
451764
451787
451811
451847
451869
451893
451918
451944
451968
451994
452018
452042
452070
452089
452124
452160
452181
452204
452233
452259
452287
452315
452336
452361
452386
452418
452439
452467
452492
452527
452556
452579
452608
452638
452666
452707
452729
452753
452782
452810
452843
452868
452904
452927
452952
452977
453002
453026
453051
453076
453106
453130
453153
453182
453207
453233
453263
453297
453319
453348
453382
453410
453442
453476
453503
453528
453549
453577
453608
453632
453661
453694
453719
453748
453774
453794
453824
453850
453875
453902
453933
453956
453982
454017
454049
454080
454113
454150
454179
454214
454235
454257
454284
454314
454341
454363
454387
454415
454453
454474
454500
454524
454548
454574
454604
454632
454664
454684
454716
454755
454800
454825
454866
454903
454926
454954
454979
455009
455038
455060
455087
455123
455141
455160
455194
455215
455243
455268
455308
455330
455353
455381
455410
455429
455456
455492
455519
455544
455576
455599
455635
455661
455681
455708
455741
455764
455796
455824
455862
455885
455915
455941
455968
455996
456021
456051
456075
456102
456133
456156
456181
456206
456224
456260
456297
456335
456357
456387
456420
456451
456480
456506
456533
456558
456586
456607
456641
456657
456682
456708
456734
456756
456785
456811
456837
456864
456893
456922
456947
456966
457000
457024
457057
457084
457110
457144
457174
457204
457236
457263
457301
457328
457362
457388
457415
457437
457467
457499
457537
457561
457582
457607
457630
457650
457675
457704
457722
457752
457780
457804
457834
457862
457889
457919
457952
457978
458006
458041
458063
458086
458123
458154
458191
458217
458252
458291
458320
458346
458375
458408
458446
458477
458512
458540
458565
458595
458626
458661
458690
458723
458745
458774
458812
458840
458861
458892
458924
458951
458974
458998
459021
459049
459074
459111
459141
459166
459191
459219
459254
459280
459307
459346
459377
459401
459429
459460
459494
459523
459543
459570
459591
459610
459641
459675
459712
459743
459774
459794
459820
459843
459867
459895
459923
459947
459974
460011
460046
460071
460094
460122
460146
460170
460197
460222
460244
460265
460300
460321
460347
460371
460393
460419
460460
460496
460518
460549
460577
460607
460629
460653
460676
460704
460729
460756
460781
460806
460830
460882
460912
460937
460967
460993
461015
461047
461071
461092
461120
461152
461190
461221
461249
461279
461302
461327
461367
461396
461417
461440
461471
461500
461526
461551
461577
461609
461641
461661
461687
461714
461742
461764
461785
461809
461833
461859
461884
461920
461959
461992
462015
462042
462068
462089
462114
462139
462164
462187
462215
462243
462274
462301
462322
462345
462378
462406
462426
462451
462479
462511
462538
462561
462589
462617
462646
462673
462697
462721
462747
462776
462804
462828
462858
462891
462923
462955
462984
463004
463033
463071
463094
463120
463143
463169
463192
463220
463262
463286
463308
463335
463368
463390
463423
463457
463488
463517
463541
463567
463595
463624
463652
463682
463714
463742
463777
463814
463847
463877
463912
463939
463968
463991
464018
464041
464064
464085
464113
464140
464162
464199
464229
464257
464289
464313
464358
464383
464408
464438
464464
464484
464520
464552
464578
464610
464638
464663
464696
464722
464746
464768
464801
464825
464848
464876
464917
464942
464969
464998
465032
465056
465080
465107
465133
465152
465181
465205
465235
465265
465284
465311
465336
465360
465386
465414
465453
465488
465528
465553
465579
465615
465638
465666
465695
465729
465755
465788
465810
465839
465867
465888
465917
465944
465977
466004
466035
466068
466098
466130
466155
466179
466209
466237
