29.451504536
29.452902761
29.454248615
29.455119009
29.456480511
29.598588617
29.451570950
29.453895999
29.454747195
29.455099014
29.455587744
29.575629385
29.618584782
29.619389570
29.620831547
29.622007495
29.623904929
29.748847965
29.458472700
29.460180211
29.461569763
29.462181119
29.464229469
29.588648125
25.238540191
25.241757394
25.243788475
25.243765915
25.244857115
25.336401863
25.243556489
25.245496805
25.245849220
25.246848865
25.246885571
25.339268854
25.243552712
25.244404999
25.246302406
25.246344888
25.246876069
25.339395961
25.243405016
25.244613996
25.245692368
25.246232565
25.247198577
25.333532318
23.556543852
23.558342752
23.558761199
23.558738968
23.559370160
23.642146069
23.556993120
23.557764813
23.558900443
23.559874090
23.560607998
23.647866980
23.560433721
23.562204851
23.562366497
23.562844839
23.563324374
23.645172163
23.560894455
23.562248066
23.562690040
23.563418245
23.564319476
23.646598365
20.785156592
20.786023020
20.787987654
20.788545193
20.793106152
20.858874015
20.785565157
20.787162113
20.787311048
20.787696262
20.789269021
20.852121633
20.785209701
20.786051944
20.786641169
20.787805118
20.788546135
20.851813762
20.783721095
20.784307255
20.785460889
20.785216439
20.787660199
20.845701592
18.595002146
18.595869467
18.595456475
18.597074290
18.597584497
18.647041260
18.597880157
18.598330498
18.599341735
18.599662417
18.599971640
18.649901864
18.595016553
18.596422076
18.596510134
18.596589394
18.597835054
18.646872852
18.597552462
18.597937823
18.595197774
18.599747610
18.600260772
18.653690092
17.698698661
17.699112662
17.700106501
17.699928703
17.700936328
17.744630035
17.698865337
17.699376287
17.700251997
17.700151880
17.701050207
17.745125096
17.696445470
17.696492909
17.696880877
17.696731273
17.697528826
17.747096372
17.699040436
17.699312539
17.699443634
17.700115971
17.700550926
17.748918673
16.61956387
16.62392698
16.62950886
16.63613256
16.63919534
16.103516517
16.62055078
16.62953523
16.63143377
16.63360976
16.63754107
16.103449284
16.62000371
16.62889699
16.63142863
16.63388884
16.63700051
16.103485849
16.62026776
16.62938687
16.63104394
16.63319163
16.63759218
16.108149192
15.381554562
15.382364074
15.382939859
15.383123235
15.383394787
15.428190185
15.383970935
15.384212600
15.385313215
15.385621869
15.385608435
15.424080279
15.380512648
15.381014021
15.381294697
15.382376858
15.382807392
15.417239853
15.380944388
15.380986666
15.381503058
15.381731087
15.382308041
15.417094233
14.154485050
14.154994656
14.155158960
14.155198285
14.156532051
14.185180985
14.154170665
14.154625565
14.155023212
14.154893332
14.155786234
14.185382998
14.154740494
14.154801492
14.155168568
14.155974253
14.155971774
14.187992271
14.154071098
14.154723662
14.154589342
14.155503517
14.155731645
14.188094624
13.85089229
13.85456627
13.86142113
13.86089520
13.86652077
13.110442179
13.85239841
13.85196500
13.85807897
13.85732623
13.86335478
13.110810454
13.84446791
13.84911095
13.85152809
13.85164267
13.85949501
13.109539441
13.84806102
13.84612396
13.85024751
13.85277101
13.85964211
13.109356647
12.635887485
12.636465112
12.636861756
12.637097894
12.637705905
12.663017324
12.638459312
12.635707020
12.639033482
12.639070126
12.639743228
12.675441232
12.635698214
12.636067862
12.636513079
12.636742050
12.637568726
12.660154722
12.637833501
12.635492030
12.639046422
12.638923480
12.639665696
12.662245468
11.775960394
11.776272725
11.776564711
11.776601154
11.777397928
11.795841549
11.778506455
11.778886331
11.779058782
11.779825458
11.779708960
11.801096866
11.775766934
11.776453069
11.776390364
11.776875046
11.777119619
11.798643059
11.778660137
11.779266181
11.778240265
11.779387293
11.780010133
11.801407624
11.40243276
11.40179407
11.40519303
11.40471149
11.41405059
11.62420940
11.40543704
11.40596856
11.40806849
11.41338467
11.44035816
11.59094175
11.40261936
11.40524154
11.40407672
11.40481233
11.41641122
11.61463469
11.40168926
11.40474354
11.40742587
11.40877949
11.41044680
11.58984001
10.705438560
10.705729797
10.705721691
10.705974795
10.706546894
10.723898574
10.705531363
10.705641389
10.706031589
10.706385551
10.706594266
10.726800959
10.705501550
10.705684830
10.705982496
10.706435300
10.706551358
10.724046666
10.705546852
10.705798038
10.705813496
10.706091471
10.706481492
10.723636158
10.93874280
10.94118579
10.94464882
10.94326137
10.95335318
10.108865265
10.93756557
10.94232455
10.94241364
10.94499841
10.94921650
10.108864579
10.93731748
10.94251801
10.94354151
10.94226165
10.94871813
10.109208570
10.93718397
10.93978589
10.94305826
10.94572110
10.94807420
10.111168883
8.617324471
8.617245378
8.617435645
8.617609374
8.618155295
8.629814411
8.616956721
8.617405477
8.617375899
8.617535613
8.617950180
8.629730225
8.617021335
8.617417514
8.617465236
8.617470938
8.618025319
8.630614986
8.616949692
8.617190153
8.617388332
8.617665667
8.618085841
8.627744329
