70.1301
69.7958
70.0873
70.0988
70.1837
69.6482
69.7514
70.0762
69.7083
69.9155
69.858
69.9717
69.7736
69.885
70.2142
70.1871
69.9768
70.038
69.6062
69.9552
69.5122
69.6822
69.6029
70.1031
69.6175
69.8007
69.5973
69.5816
70.2492
69.6637
69.8847
70.1293
69.9595
69.722
69.9782
69.8932
69.8702
70.2296
69.7194
70.0785
69.8951
70.0774
69.8002
70.1686
69.7125
69.7643
70.1058
70.1893
69.5523
70.212
69.8945
69.5645
69.6442
69.9974
70.1677
69.7617
69.5481
69.515
69.8433
69.5473
69.6787
70.228
70.1767
70.1382
69.7
69.9048
69.7814
70.0702
69.8844
70.0008
69.8987
69.5295
69.8282
70.1989
70.1981
70.0407
69.7132
70.0539
69.98
69.7655
70.0159
69.6245
69.8301
70.1601
70.1219
69.7477
69.6717
70.17
69.7628
70.015
70.2174
69.9415
69.993
70.144
69.8297
70.193
69.7988
70.1111
70.0132
70.1832
69.8619
69.6619
70.2127
70.1901
69.6107
70.1608
69.9808
69.824
69.9647
69.7108
70.0895
69.7306
69.8353
69.6696
69.6406
69.7072
69.9173
69.8124
69.6272
70.1801
69.5774
69.5946
69.8716
70.0704
70.2386
70.2013
70.0133
69.7874
70.0623
69.7765
69.7206
69.6742
69.9384
69.6833
69.6143
70.0491
69.5941
70.0951
69.6231
70.0588
69.5559
70.2126
69.5394
69.8912
69.6322
69.68
70.0984
70.0495
69.9924
70.2256
69.9796
70.0698
69.5701
69.6012
69.8902
69.5587
69.5524
69.6535
69.8461
70.1148
69.93
70.0667
69.539
69.6184
70.25
69.6532
70.1675
69.5941
70.2484
69.5405
70.1529
69.5542
69.5031
70.1923
69.9454
69.6353
69.6223
69.7938
70.1848
70.1148
69.7693
69.9144
69.9346
69.8394
70.0155
69.5747
69.8981
70.068
69.7282
70.2442
69.9327
70.1582
70.0609
69.9717
69.5266
70.0609
70.1249
70.194
70.155
70.1233
70.2346
70.0579
70.1775
70.2377
70.0002
69.8729
69.623
70.1225
70.1667
69.5577
69.9873
69.686
69.9721
69.6719
70.0255
69.7376
69.7466
69.6736
69.5556
69.9748
69.6677
69.9883
69.883
70.2286
69.71
69.9096
70.0395
69.585
69.8536
69.9444
70.2082
69.8382
69.7523
70.1358
69.8259
69.5024
69.7587
69.9489
70.1249
69.6754
70.0066
69.8622
69.8615
69.7287
70.0341
69.6369
69.9664
69.5306
69.8105
70.022
70.0055
69.9782
69.7603
69.6385
69.9568
69.9704
70.048
69.7463
70.0553
69.6517
70.1907
70.0136
69.9898
69.6929
69.8993
69.5657
69.6954
70.158
70.0146
69.5703
69.5835
69.7712
69.9325
69.9449
69.9999
69.7166
70.0818
69.7163
69.7472
69.6423
70.2383
69.5027
70.1205
69.7486
69.6412
69.8274
70.219
70.1892
70.0737
70.0243
69.5909
70.0143
69.7879
70.0807
70.2073
70.1872
70.1464
69.6527
70.0952
69.911
69.723
70.1787
70.1822
70.1555
69.8736
69.9322
69.6221
69.7054
70.1484
69.8693
69.8477
70.1367
69.872
69.7183
69.6353
70.0131
70.0457
69.6043
69.9523
69.8693
70.1286
70.0432
69.6337
69.6665
69.8739
69.5909
69.6037
69.7703
69.7436
70.1989
70.1814
69.9666
70.1276
70.1136
69.8721
69.7512
69.7957
69.9941
69.9567
69.6942
69.6134
69.5544
69.5809
69.9854
69.7727
69.7162
69.7485
69.5684
69.8205
70.2009
69.9377
69.6991
69.9941
70.0713
69.8656
69.618
70.1623
69.9692
69.8883
69.6559
69.9182
69.8196
70.1225
69.7958
69.6832
69.7445
70.047
69.979
70.2386
69.7537
70.1732
69.6021
69.8081
69.5041
70.0875
70.0808
69.7203
69.586
70.1492
70.0408
69.5369
69.8368
70.2399
70.0309
69.6582
69.8554
70.1489
69.5704
69.5747
69.7872
69.7263
69.9928
70.1068
69.5988
69.5386
69.5401
69.8433
70.0856
70.0191
69.8319
69.5893
69.9422
69.934
69.8974
69.9463
69.7714
69.7282
70.1665
69.8574
69.6274
69.9573
69.8943
69.9642
69.9471
69.6752
70.1224
69.5526
69.5741
70.1928
69.6272
69.8613
69.6691
70.1201
69.7181
69.7679
70.1587
69.7582
70.1112
69.9944
69.5272
69.6931
70.0837
69.9695
70.1271
69.7311
69.6658
69.6485
69.9593
69.5823
70.006
70.0867
70.0396
69.6503
69.8009
69.7367
69.8255
69.6732
69.7893
69.8996
69.616
69.9165
69.5109
69.7852
69.7866
69.7291
70.0531
69.6953
69.9872
69.9142
70.1897
70.0145
70.1073
70.0234
69.734
69.9844
69.5045
69.8997
70.1329
69.9638
69.982
69.8889
69.8005
69.7716
70.0392
70.1014
70.0084
69.6147
69.5247
69.5477
70.0143
69.6407
69.9642
70.0252
69.9259
69.5008
69.5043
69.7289
69.6962
69.9915
70.1432
69.6359
69.756
70.0005
70.1593
69.99
69.7349
70.1638
69.6397
69.6179
69.8776
70.1217
70.0067
70.1781
69.6433
69.7959
70.0295
70.1517
69.9105
70.0542
70.1994
69.6748
70.1949
69.9136
70.2001
69.8708
69.9144
70.2043
70.0997
70.1106
69.9459
69.9929
70.2465
70.2019
69.7434
70.1557
69.9419
69.9783
70.0695
70.0816
70.0962
69.6971
69.9533
69.8529
69.6252
70.0966
70.1488
70.1548
69.9983
69.8094
69.959
69.9477
69.9842
69.9039
69.6113
69.9343
69.5247
70.0257
69.8886
70.1245
69.8863
69.5845
69.8674
69.8828
69.5364
70.1108
69.7885
69.9782
69.8391
69.608
69.8098
69.6853
69.8051
69.5131
70.0382
69.9303
70.1097
69.937
69.8351
69.858
70.2464
69.544
69.5557
69.9806
69.948
69.667
69.6648
69.9727
70.1926
70.0535
69.8471
69.8289
70.1379
70.2145
70.2117
70.1743
70.0753
69.7502
69.9026
69.6644
69.8582
70.2124
69.8496
70.1632
70.2255
69.6378
69.8435
70.0852
70.0748
70.1786
69.6932
70.0712
70.2226
69.7489
69.8018
69.9206
69.9158
69.9666
69.6433
69.8585
69.7701
69.9904
70.1874
69.658
69.9549
70.1491
69.5823
69.7802
69.6493
69.9849
69.9445
70.0074
69.9473
69.5441
69.9207
69.9227
69.682
69.5142
69.7579
69.5068
70.1928
69.9511
70.078
70.1654
70.2
69.6298
69.836
69.8658
70.0964
69.9793
70.2243
69.6165
69.7197
70.1617
69.7745
70.1746
70.0607
69.8569
69.7047
70.21
69.5917
70.1493
69.9674
70.039
70.1934
69.638
69.7117
69.6254
69.6522
69.9696
69.6322
69.595
69.6707
70.2102
69.5104
69.6206
69.59
69.8464
69.9864
70.1864
69.5756
69.9607
69.5529
69.7953
69.8723
69.8274
69.7199
69.6831
70.1843
69.9246
69.643
69.526
69.8239
70.1104
70.065
69.7673
70.2485
69.5267
69.8927
69.6507
69.9963
70.0248
69.7457
70.167
69.985
69.7561
69.5376
70.075
70.1025
70.024
70.0114
70.1781
69.7347
70.0644
69.7234
70.107
69.6418
69.9433
69.5401
69.5761
69.618
69.6831
69.6021
69.9418
69.5435
70.1672
70.2091
69.542
70.1939
69.8518
69.6927
69.9403
69.6266
69.9384
69.8573
70.1117
70.1945
69.8949
69.9367
70.0471
69.6689
69.6981
69.9752
69.9036
69.5125
70.1986
69.7607
69.6543
69.892
69.8007
69.7304
70.0099
69.9838
69.8325
69.7018
70.0274
69.7497
69.6609
70.0694
69.6936
70.0127
69.5121
70.1338
70.1393
69.9506
69.7411
70.001
69.8951
70.136
69.6877
69.6922
69.5549
69.8858
70.1674
69.9586
69.8983
70.116
70.2192
70.0526
69.758
69.77
69.5329
69.5179
69.5038
69.8654
69.7197
70.0312
70.1151
69.8806
69.8506
69.5587
69.6432
69.8627
70.1925
69.5325
69.5633
69.6836
70.0335
69.9584
69.5696
70.2212
70.1506
69.6246
69.857
70.068
70.0831
69.5052
69.934
70.0523
70.0578
70.1919
69.5723
70.0907
70.2098
69.5761
69.7062
69.6795
70.1073
69.5713
70.0601
69.7079
69.63
70.2033
70.0706
69.5725
70.2358
70.134
69.7562
70.0193
69.8424
69.8258
69.9905
69.743
69.9504
69.5975
69.561
69.7835
69.6027
69.9949
69.5858
70.1605
69.9368
69.6581
70.0012
69.8967
69.7343
70.2074
70.0762
69.5916
69.5287
69.8862
69.7995
69.6587
69.8395
69.6201
69.7312
69.8253
69.5041
69.9873
69.5947
69.8465
69.5631
70.0852
70.0894
70.0135
70.1827
70.1504
69.547
69.5354
69.8953
69.6329
70.1959
69.5821
69.791
69.9471
69.9788
70.0253
69.9046
69.805
70.1168
69.9333
70.1912
69.6663
70.0919
69.7806
69.7864
69.5731
70.106
69.7905
70.0605
70.2006
70.137
70.1236
70.0358
69.9764
69.8871
69.9685
69.8768
69.9341
70.0039
69.5221
70.067
69.9498
69.6042
69.608
69.6469
70.0831
70.1332
70.0515
69.638
70
69.7347
69.5792
70.1663
69.5767
69.8598
69.7027
69.6498
69.7158
69.9932
70.2103
69.6664
69.8802
70.0838
70.2023
69.6066
69.7209
69.9208
69.9834
70.1551
69.6746
70.0055
69.972
70.1244
70.1097
70.08
69.5213
69.9428
69.9632
70.0728
70.0808
69.7132
69.5576
70.16
69.6295
69.6342
69.7698
69.8323
69.784
69.9856
69.5755
69.7443
70.1521
69.9557
69.5781
70.1043
70.0623
69.7991
69.7751
69.7957
69.7041
69.9497
69.5512
70.1762
69.8242
70.1609
70.0061
69.8455
69.8537
69.7193
69.6683
69.6846
69.9325
69.7259
69.5946
70.0621
69.8601
69.8644
69.6444
70.1441
69.6
69.7199
69.6384
69.5021
70.1756
69.7166
70.1065
69.9879
70.0156
69.6316
69.5335
70.2198
70.0813
69.5847
70.146
69.6554
70.2456
69.9021
70.0009
69.8494
70.1214
70.1692
70.0339
69.8039
69.6451
70.1285
69.616
70.0052
69.7429
69.7604
69.8994