0.686583
0.698179
0.698179
0.701902
0.692687
0.699400
0.694517
0.690916
0.677183
0.693541
0.705442
0.694151
0.695860
0.690489
0.695555
0.697141
0.695311
0.691892
0.695677
0.700376
0.687926
0.696349
0.699888
0.702696
0.701109
0.704038
0.698179
0.696837
0.702513
0.695922
0.691344
0.687193
0.696348
0.696287
0.696044
0.695738
0.693968
0.700865
0.696104
0.695982
0.694212
0.706419
0.691161
0.697813
0.695433
0.699034
0.692259
0.694639
0.708616
0.703550
0.706663
0.698851
0.700255
0.700072
0.703001
0.708738
0.703184
0.701659
0.699950
0.704710
0.697997
0.695555
0.699400
0.692076
0.688536
0.691039
0.685728
0.702086
0.693296
0.690611
0.695921
0.698118
0.696104
0.682737
0.693907
0.708250
0.697142
0.699156
0.701292
0.704039
0.698057
0.700499
0.698302
0.705748
0.702269
0.704222
0.688474
0.689574
0.697569
0.692015
0.695371
0.702635
0.698972
0.694640
0.702940
0.703978
0.701048
0.704222
0.701231
0.700132
0.700803
0.698180
0.694944
0.707334
0.699523
0.702696
0.701841
0.703184
0.700926
0.711485
0.698546
0.698057
0.694212
0.693174
0.700621
0.693907
0.711180
0.712401
0.703002
0.701231
0.701475
0.698973
0.703185
0.705321
0.703123
0.704100
0.702452
0.695737
0.699339
0.697142
0.698058
0.698118
0.702452
0.705077
0.690733
0.696410
0.698850
0.697996
0.696836
0.706420
0.707578
0.692686
0.701353
0.701475
0.701963
0.689634
0.695677
0.701231
0.701780
0.699522
0.697570
0.697813
0.698179
0.698729
0.704649
0.701719
0.699278
0.697630
0.698790
0.699950
0.709349
0.699400
0.699034
0.703855
0.698363
0.708006
0.700621
0.690977
0.698423
0.703978
0.697080
0.700194
0.697874
0.704893
0.696958
0.702147
0.692076
0.692747
0.674132
0.697447
0.694456
0.690001
0.706724
0.696410
0.703550
0.688109
0.697630
0.702635
0.692015
0.697508
0.701841
0.695067
0.701902
0.697325
0.704588
0.698607
0.697386
0.704527
0.690733
0.700072
0.696959
0.703916
0.690306
0.685057
0.698301
0.695188
0.702452
0.702941
0.692565
0.689329
0.698851
0.697569
0.702757
0.701720
0.692931
0.704039
0.700438
0.707274
0.700499
0.672667
0.694823
0.697324
0.698790
0.697264
0.694457
0.697874
0.699339
0.688109
0.696410
0.694884
0.695799
0.697386
0.687254
0.692747
0.694334
0.694518
0.704344
0.703245
0.706175
0.705808
0.692504
0.701170
0.693907
0.710509
0.691039
0.702269
0.687986
0.702757
0.704710
0.699095
0.701292
0.711241
0.703245
0.700560
0.698911
0.694090
0.697569
0.696714
