0.821775
0.817320
0.856077
0.806273
0.808713
0.802122
0.807371
0.815977
0.817442
0.811948
0.795103
0.799559
0.825742
0.812803
0.821531
0.815550
0.818785
0.820676
0.805784
0.819395
0.802733
0.810667
0.801390
0.803586
0.817869
0.827146
0.824217
0.816465
0.814207
0.809080
0.829344
0.809080
0.822569
0.812742
0.817564
0.828367
0.816587
0.817442
0.783262
0.814756
0.797056
0.822324
0.822386
0.811827
0.810056
0.826841
0.853331
0.838743
0.832151
0.819395
0.818419
0.822630
0.817991
0.826292
0.822202
0.817564
0.829893
0.818235
0.832029
0.824033
0.820005
0.819273
0.811399
0.816465
0.820982
0.824400
0.833433
0.818906
0.827390
0.822935
0.835020
0.826536
0.819212
0.813292
0.825193
0.828489
0.825316
0.813658
0.818724
0.810423
0.812742
0.813658
0.807005
0.823728
0.810667
0.812559
0.822629
0.834714
0.807676
0.817563
0.833616
0.822996
0.829100
0.827757
0.818479
0.792418
0.821043
0.802610
0.808836
0.803892
0.803953
0.809752
0.826597
0.837705
0.826841
0.822935
0.820250
0.808287
0.809019
0.817380
0.804868
0.826169
0.818113
0.815123
0.828428
0.821836
0.814451
0.817198
0.832090
0.833738
0.823485
0.811888
