0.850827
0.859007
0.847654
0.820616
0.841916
0.844419
0.835692
0.851377
0.843016
0.838376
0.856138
0.838010
0.838132
0.818723
0.861082
0.840574
0.826475
0.846921
0.844786
0.858702
0.845518
0.849851
0.850828
0.842954
0.857725
0.842466
0.855040
0.846434
0.871152
0.845274
0.850767
0.862913
0.849912
0.868772
0.862791
0.853880
0.855528
0.850217
0.854674
0.852110
0.828672
0.848875
0.852659
0.862058
0.843870
0.858823
0.854185
0.852476
0.866941
0.845823
0.850340
0.879697
0.863828
0.857725
0.842527
0.850218
0.858579
0.842283
0.839964
0.838804
0.842405
0.850034
0.860777
0.864744
0.864378
0.856016
0.851377
0.844846
0.854734
0.852415
0.848753
0.851255
0.863585
0.849302
0.848081
0.846007
0.852781
0.845213
0.853758
0.848142
0.849363
0.856687
0.838682
0.825926
0.844481
0.849119
0.857176
0.850339
0.863157
0.866453
0.842711
0.851377
0.846189
0.842832
0.845640
0.839048
0.859433
0.848509
0.855833
0.848204
0.855588
0.839231
0.854002
0.862974
0.864866
0.862669
