0.724730
0.711241
0.706297
0.715697
0.699888
0.703795
0.704588
0.699278
0.707091
0.719603
0.697814
0.704038
0.705931
0.703428
0.708799
0.698362
0.709715
0.706969
0.714353
0.703429
0.713987
0.715147
0.721921
0.713378
0.717040
0.711241
0.716062
0.708068
0.720579
0.718810
0.702757
0.705626
0.719603
0.720945
0.711668
0.723997
0.711913
0.716063
0.700743
0.716918
0.707823
0.700987
0.720091
0.710874
0.715086
0.706664
0.712339
0.707701
0.719236
0.717284
0.707945
0.711180
0.700804
0.713500
0.716429
0.716673
0.716307
0.721922
0.715635
0.715147
0.710081
0.714536
0.709227
0.718321
0.717772
0.710325
0.719237
0.707152
0.716307
0.713987
0.704100
0.716246
0.706053
0.726683
0.717039
0.710508
0.707029
0.700743
0.719420
0.725096
0.714903
0.706358
0.714354
0.713926
0.711974
0.709593
0.705687
0.714781
0.711546
0.716734
0.728513
0.717954
0.716368
0.705931
0.719420
0.717283
0.704954
0.717100
0.710081
0.724119
0.711546
0.718016
0.709104
0.716917
0.711851
0.713743
0.711912
0.716306
0.718382
0.713194
0.707518
0.718320
0.717100
0.716551
0.708738
0.716001
0.708921
0.716795
0.720457
0.720763
0.719237
0.723753
0.714110
0.720396
0.723204
0.721250
0.713744
0.717039
0.722899
0.716184
0.711852
0.712096
0.715819
0.713194
0.715879
0.696043
0.711058
0.715575
0.719541
0.713927
0.717467
0.720396
0.713865
0.706541
0.719847
0.712218
0.719176
0.713072
0.705748
0.708739
0.696959
0.716978
0.705504
0.713499
0.712645
0.719237
0.711607
0.707823
0.710508
0.720458
0.718260
0.710874
0.716918
0.706542
0.719054
0.710020
0.715574
0.715147
0.700316
0.723448
0.716978
0.719603
0.712828
0.713682
0.706846
0.701109
0.712827
0.714048
0.716795
0.695615
0.714659
0.718443
0.712584
0.708799
0.720641
0.708738
0.704710
0.711607
0.717772
0.725950
0.727903
0.710081
0.720518
0.722227
0.712462
0.707640
0.702330
0.714353
0.708616
0.713804
0.719114
0.710203
0.712523
0.713804
0.701109
0.709471
0.711729
0.715025
0.718931
0.709898
0.704222
0.710204
0.712950
0.718932
0.711180
0.728697
0.701963
0.719908
0.715330
0.718809
0.724303
0.716062
0.727965
0.713499
0.706236
0.714537
