0.773802
0.767881
0.792905
0.774351
0.767820
0.766600
0.777097
0.775693
0.775205
0.766844
0.776487
0.772581
0.777036
0.767209
0.775083
0.786436
0.770811
0.771543
0.782651
0.787169
0.775877
0.780272
0.768187
0.790282
0.773619
0.770750
0.781553
0.777097
0.787107
0.773923
0.784544
0.774961
0.800047
0.786070
0.780759
0.770444
0.782469
0.778746
0.777219
0.782346
0.773131
0.774595
0.778440
0.763426
0.765806
0.768797
0.784910
0.792478
0.794432
0.774901
0.780088
0.788694
0.795286
0.797727
0.780211
0.789305
0.780455
0.771300
0.779173
0.778624
0.779845
0.793272
0.783018
0.769102
0.774412
0.780577
0.783872
0.779356
0.781614
0.780881
0.770566
0.769834
0.777586
0.802488
0.787596
0.765989
0.780698
0.784361
0.780332
0.775267
0.789854
0.782957
0.788572
0.784178
0.782224
0.784056
0.780149
0.775816
0.765989
0.778196
0.775632
0.771421
0.778441
0.761656
0.778318
0.767148
0.775938
0.778562
0.773314
0.776854
0.771726
0.770872
0.787901
0.767760
0.776121
0.786436
0.787718
0.785338
0.787657
0.787108
0.779661
0.784971
0.784666
0.791624
0.789732
0.774412
0.762144
0.780211
0.764708
0.788938
0.785642
0.786802
0.782896
0.781736
0.784055
0.783445
0.775450
0.787840
0.765013
0.784361
0.773130
0.778440
0.776060
0.769346
0.774168
0.774229
0.765318
0.769347
0.792479
0.792722
0.785277
0.780699
0.775877
0.784971
0.784483
0.794615
0.787107
0.774840
0.781431
