0.803282
0.807493
0.793516
0.777341
0.796140
0.779173
0.796751
0.781981
0.795530
0.778746
0.789732
0.797422
0.781736
0.800962
0.785643
0.798520
0.808897
0.788145
0.786863
0.793088
0.791563
0.804197
0.797300
0.796385
0.794187
0.790769
0.783324
0.797727
0.796629
0.807432
0.786619
0.792661
0.784116
0.780272
0.781187
0.788755
0.801206
0.798582
0.800719
0.779661
0.779600
0.794065
0.807127
0.795286
0.791136
0.789243
0.800230
0.795408
0.799009
0.809202
0.776365
0.799803
0.811827
0.804930
0.801756
0.785154
0.814573
0.787718
0.793028
0.798643
0.798459
0.797361
0.795103
0.800962
0.797605
0.801878
0.798460
0.798949
0.798643
0.806455
0.798399
0.807432
0.794920
0.798094
0.792601
0.798216
0.808164
0.789793
0.805784
0.778623
0.807249
0.801573
0.798704
0.803220
0.797117
0.801024
0.796384
0.795103
0.795286
0.794859
0.782225
0.791197
0.801816
0.797666
0.795774
0.798887
0.781004
0.796446
0.794187
0.779051
0.796324
0.780881
0.796812
0.796262
0.796629
0.786924
0.787352
0.788694
0.802427
0.777647
0.793333
0.798155
0.790587
0.797667
0.776060
0.775388
0.801328
0.804441
0.795835
0.790831
0.796629
0.806029
0.791990
0.800352
0.794431
0.796384
0.792784
0.803159
0.780455
0.799802
0.800718
0.790769
0.808103
0.808165
0.793760
0.789610
