0.833921
0.847898
0.837279
0.828794
0.830503
0.842344
0.823668
0.815610
0.841184
0.831357
0.818480
0.843076
0.840025
0.835264
0.832823
0.821654
0.822569
0.823301
0.830687
0.844846
0.825315
0.856382
0.830137
0.840574
0.826231
0.825621
0.842588
0.810484
0.825742
0.828367
0.837584
0.835935
0.837950
0.840330
0.840513
0.833982
0.815428
0.839414
0.850339
0.829832
0.826780
0.841184
0.846189
0.828490
0.845640
0.816160
0.831419
0.838926
0.846860
0.833493
0.846922
0.844602
0.840512
0.838316
0.831968
0.834959
0.846128
0.837584
0.847410
0.835202
0.845030
0.842344
0.841550
0.836546
0.832762
0.833738
0.830748
0.821714
0.813047
0.820615
0.820371
0.842344
0.840940
0.822629
0.839414
0.843748
0.836241
0.844847
0.833921
0.832884
0.832274
0.836058
0.829039
0.843504
0.853452
0.837645
0.848082
0.830198
0.820371
0.828245
0.846189
0.842283
0.836424
0.830992
0.819029
0.802122
0.864378
0.847166
0.850157
0.850889
0.822019
0.817747
0.836789
0.827146
0.819761
0.831541
0.851255
0.836424
0.844358
0.838316
0.849546
0.852476
0.828795
0.833860
