0.059204
0.059997
0.059509
0.059387
0.059021
0.059448
0.059387
0.059204
0.059510
0.059326
0.059570
0.059509
0.059326
0.059570
0.059387
0.059265
0.059204
0.059936
0.059448
0.059387
0.059387
0.059693
0.059510
0.060058
0.059509
0.059509
0.059082
0.059204
0.059448
0.059326
0.059448
0.060242
0.059143
0.059204
0.058960
0.059387
0.059448
0.060791
0.062072
0.062256
0.062256
0.062866
0.064758
0.064392
0.064575
0.061584
0.060059
0.073791
0.082764
0.079712
0.081421
0.084533
0.078796
0.082092
0.080383
0.082886
0.084228
0.081481
0.092346
0.082886
0.078125
0.082947
0.082092
0.081970
0.079040
0.084533
0.087402
0.083618
0.081054
0.081421
0.083313
0.083190
0.080627
0.082398
0.086426
0.079346
0.077026
0.071656
0.073791
0.078369
0.079101
0.078186
0.080566
0.076660
0.078674
0.085326
0.081421
0.079956
0.080200
0.084534
0.083863
0.081360
0.078308
0.078491
0.084106
0.083068
0.079468
0.082153
0.081970
0.076660
0.078735
0.081970
0.079773
0.085754
0.083007
0.084594
0.083679
0.084167
0.084045
0.086121
0.084656
0.082641
0.084655
0.079955
0.080628
0.084899
0.083495
0.085876
0.075866
0.076660
0.079285
0.076416
0.081970
0.085266
0.085632
0.083618
0.083130
0.082336
0.082031
0.080017
0.078002
0.085632
0.082031
0.080933
0.080932
0.084411
0.084289
0.082580
0.083740
0.081421
0.081421
0.087768
0.085266
0.078430
0.083801
0.082886
0.081116
0.080078
0.079712
0.081909
0.079772
0.082092
0.081482
0.082275
0.083374
0.081970
0.085815
0.082580
0.081482
0.075988
0.079040
0.083435
0.083618
0.083130
0.084534
0.084046
0.081970
0.080200
0.081360
0.088684
0.082519
0.080811
0.083679
0.084411
0.082580
0.079223
0.079468
0.079528
0.077758
0.083313
0.078552
0.078003
0.079162
0.080627
0.078857
0.076110
0.081665
0.082763
0.081848
0.085937
0.081970
0.084472
0.076843
0.080139
0.074646
0.074829
0.081237
0.081726
0.084472
0.081176
0.082398
0.080810
0.082153
0.083496
0.083007
0.082092
0.084900
0.080383
0.079956
0.082764
0.080871
0.082702
0.082276
0.082947
0.084411
0.081604
0.084046
0.083008
0.080871
0.075622
0.075378
0.081543
0.077392
0.083435
0.079773
0.077819
0.086425
0.084411
0.084472
0.084595
0.080383
0.084961
0.080567
0.080383
0.078613
0.078430
0.081604
0.081604
0.081054
0.083679
0.083923
0.082092
0.082458
0.082825
0.082153
0.077880
0.081726
0.082031
0.080139
0.084717
0.089294
0.084412
0.085144
0.084228
0.079163
0.081055
0.080566
0.080627
0.078674
0.075866
0.081482
0.084533
0.082275
0.083252
0.089111
0.080139
0.077576
0.077087
0.081909
0.085205
0.082153
0.082215
0.080993
0.082886
0.085083
0.085510
0.083923
0.083374
0.089111
0.083495
0.084595
0.085693
0.086975
0.082763
0.083496
0.079162
0.079651
0.084289
0.085815
0.078308
0.082580
0.083435
0.085510
0.080689
0.084412
0.084351
0.081726
0.084350
0.083435
0.085388
0.082580
0.085265
0.084595
0.082703
0.085144
0.083801
0.079223
0.082947
0.079590
0.085510
0.084717
0.080444
0.081116
0.085022
0.085083
0.083618
0.086975
0.083190
0.086548
0.083130
0.084472
0.083679
0.082092
0.082947
0.081420
0.083984
0.084167
0.081238
0.077637
0.079224
0.080017
0.080200
0.078247
0.080017
0.083862
0.084106
0.083313
0.082885
0.084350
0.085083
0.083313
0.083435
0.081116
0.088013
0.083740
0.089172
0.082702
0.084533
0.087524
0.080444
0.086243
0.082275
0.082703
0.087035
0.082580
0.079834
0.078735
0.082763
0.084655
0.080261
0.084899
0.081054
0.079467
0.083068
0.090210
0.084778
0.079651
0.079651
0.082031
0.081665
0.080688
0.086670
0.083496
0.081054
0.085082
0.084778
0.087829
0.084411
0.088561
0.085510
0.088073
0.087646
0.081604
0.085632
0.088500
0.081299
0.083679
0.086059
0.088256
0.081237
0.088195
0.083007
0.081299
0.080383
0.084899
0.080994
0.082885
0.085327
0.086974
0.082153
0.082703
0.077392
0.083373
0.080078
0.083679
0.082519
0.088379
0.084228
0.081299
0.089660
0.079773
0.082581
0.091858
0.079894
0.087951
0.081054
0.082153
0.089905
0.081421
0.082764
0.083130
0.086975
0.079773
0.078674
0.085571
0.083313
0.080262
0.083923
0.074767
0.076904
0.080322
0.082580
0.081970
0.081421
0.078003
0.082092
0.081543
0.085876
0.079834
0.082458
0.083435
0.081421
0.078735
0.082214
0.084228
0.087830
0.086364
0.081055
0.089782
0.082885
0.087402
0.086059
0.085510
0.081116
0.084107
0.086243
0.082947
0.076416
0.079955
0.085632
0.081116
0.088806
0.077270
0.080933
0.081177
0.085693
0.084716
0.087707
0.081604
0.082031
0.080200
0.083191
0.082825
0.081848
0.079468
0.083984
0.086731
0.081725
0.085083
0.079468
0.086365
0.081237
0.081786
0.086243
0.083191
0.081299
0.078491
0.079894
0.086120
0.087463
0.079040
0.080750
0.077819
0.085571
0.083984
0.082580
0.080688
0.084106
0.078064
0.083374
0.082154
0.083435
0.089599
0.078491
0.085388
0.078980
0.081665
0.083618
0.084838
0.083435
0.086487
0.079834
0.083008
0.083618
0.079529
0.079529
0.081848
0.082336
0.084107
0.079467
0.084534
0.081726
0.083374
0.081421
0.074218
0.082214
0.082702
0.086059
0.081238
0.087707
0.080322
0.083801
0.083190
0.083740
0.086731
0.081909
0.080444
0.086975
0.083374
0.082092
0.085754
0.080261
0.088684
0.082825
0.085449
0.080139
0.083863
0.081482
0.085755
0.085205
0.079163
0.081970
0.082459
0.079528
0.085693
0.081909
0.085571
0.085632
0.084594
0.084900
0.078430
0.084412
0.084228
0.086914
0.076904
0.083862
0.080932
0.089660
0.085754
0.082946
0.087463
0.083740
0.082946
0.084777
0.088012
0.081543
0.088440
0.079589
0.084106
0.083069
0.083252
0.083069
0.086487
0.082886
0.080566
0.082825
0.082763
0.081482
0.083923
0.087768
0.079590
0.079773
0.080811
0.075561
0.083435
0.082458
0.083191
0.084351
0.082031
0.081848
0.085388
0.081970
0.090027
0.076599
0.085571
0.084900
0.090209
0.085205
0.085144
0.083618
0.083313
0.082275
0.076355
0.086792
0.083069
0.083191
0.089722
0.079223
0.081116
0.086426
0.076660
0.079407
0.081787
0.085815
0.081604
0.086609
0.076721
0.084290
0.087036
0.084411
0.088806
0.082580
0.081421
0.079223
0.087219
0.084716
0.080994
0.087646
0.082824
0.085143
0.085816
0.087402
0.079040
0.085327
0.080810
0.080444
0.082092
0.087769
0.083374
0.086425
0.081115
0.080261
0.080383
0.081909
0.086608
0.084290
0.074219
0.084594
0.082458
0.084167
0.081787
0.086242
0.084778
0.077149
0.080078
0.081482
0.085266
0.085266
0.083069
0.079040
0.074829
0.082825
0.080811
0.084412
0.081848
0.082336
0.075805
0.083008
0.085632
0.084900
0.080445
0.088561
0.077942
0.079040
0.076171
0.080627
0.087158
0.081238
0.083008
0.082337
0.078552
0.087768
0.078430
0.089904
0.080871
0.081665
0.079773
0.083740
0.081359
0.079346
0.074402
0.078369
0.085876
0.081725
0.078125
0.077942
0.075317
0.085083
0.084961
0.074768
0.085632
0.083557
0.083679
0.080322
0.083007
0.081909
0.078613
0.078308
0.086182
0.088379
0.080077
0.087341
0.083312
0.078003
0.080505
0.084472
0.084289
0.081542
0.076233
0.078796
0.081360
0.076171
0.076171
0.076904
0.076172
0.080506
0.078857
0.075257
0.080261
0.082031
0.085755
0.085083
0.084900
0.080566
0.086487
0.084045
0.075134
0.079529
0.076660
0.087280
0.082153
0.080139
0.082763
0.080383
0.079895
0.077270
0.079102
0.077941
0.081054
0.083801
0.084412
0.081787
0.080627
0.076110
0.079101
0.083617
0.086304
0.084167
0.082641
0.085022
0.082520
0.083557
0.082519
0.078491
0.079345
0.082764
0.081177
0.077026
0.077942
0.083374
0.081238
0.082275
0.084778
0.082702
0.081848
0.086242
0.084107
0.085266
0.079529
0.084290
0.086364
0.083923
0.082336
0.085938
0.081299
0.080932
0.085388
0.083190
0.085937
0.080749
0.081543
0.079162
0.077514
0.070861
0.081299
0.085754
0.082337
0.083007
0.084045
0.082825
0.083679
0.083435
0.079529
0.080932
0.085143
0.081177
0.079956
0.086304
0.085449
0.084961
0.082885
0.082275
0.081543
0.081726
0.083801
0.081970
0.080139
0.082336
0.082092
0.081604
0.079956
0.084229
0.084961
0.086364
0.081054
0.080994
0.086242
0.085266
0.081543
0.081055
0.080138
0.084167
0.083069
0.076111
0.080322
0.079346
0.078247
0.078003
0.083679
0.080627
0.078918
0.083435
0.085327
0.085815
0.086121
0.078858
0.083862
0.084839
0.083313
0.082642
0.078491
0.081177
0.085937
0.080261
0.084473
0.080566
0.082153
0.085143
0.082580
0.084594
0.083924
0.085754
0.082641
0.084716
0.082764
0.080872
0.080566
0.085266
0.082153
0.085266
0.082702
0.079223
0.080200
0.078308
0.081298
0.083069
0.083923
0.083191
0.080688
0.083679
0.084168
0.085388
0.083557
0.086670
0.075378
0.062073
0.061218
0.063171
0.063721
0.066467
0.071411
0.068786
0.066772
0.061035
0.066101
0.066406
0.069275
0.067078
0.068298
0.060730
0.059997
0.060547
0.061035
0.060669
0.065735
0.067443
0.068238
0.067199
0.067810
0.062195
0.059448
0.060607
0.061096
0.060547
0.066833
0.064575
0.064819
0.067749
0.066589
0.067505
0.063659
0.084656
0.084351
0.095398
0.067932
0.062317
0.060608
0.060791
0.059814
0.059693
0.059509
0.059570
0.059997
0.060058
0.059692
0.059814
0.059815
0.059692
0.066833
0.061645
0.059510
0.059265
0.059142
0.059326
0.059387
0.059570
0.058960
0.059387
0.059448
0.059692
0.059693
0.059081
0.059143
0.059265
0.059509
0.059693
0.059570
0.059448
0.059753
0.059448
0.060059
0.059204
0.059082
0.059387
0.059509
0.059326
0.059326
0.059388
0.059814
0.059509
0.059204
0.059387
0.059509
0.059693
0.059387
0.059997
0.059143
0.059631
0.059570
0.059387
0.060059
0.059143
0.059448
0.059814
0.059692
0.059692
0.059814
0.059753
0.059265
0.059021
0.059815
0.059753
0.059265
0.059265
0.059692
0.060120
0.059753
0.059509
0.059936
0.059326
0.059632
0.059936
0.059448
0.059570
0.059509
0.059509
