0.060303
0.059265
0.059448
0.059570
0.059570
0.059265
0.060119
0.059936
0.059449
0.059509
0.059204
0.059204
0.059509
0.059265
0.059265
0.059448
0.059509
0.059265
0.059204
0.059570
0.059387
0.059570
0.059265
0.060058
0.059571
0.059509
0.059509
0.059570
0.059204
0.059143
0.059265
0.059204
0.059509
0.059326
0.059693
0.059326
0.059509
0.059387
0.059509
0.059815
0.059570
0.059631
0.059509
0.059692
0.059326
0.059448
0.059631
0.059021
0.059448
0.059021
0.059692
0.061218
0.061645
0.061279
0.061524
0.061585
0.063354
0.063049
0.061585
0.059937
0.070068
0.078002
0.086731
0.081482
0.078186
0.085449
0.078186
0.077942
0.085571
0.083557
0.084228
0.086730
0.087402
0.091186
0.083618
0.085266
0.083557
0.079529
0.082764
0.085266
0.087829
0.082275
0.083435
0.079285
0.083007
0.086182
0.081359
0.082702
0.081055
0.086120
0.084595
0.081360
0.082275
0.082092
0.080017
0.082702
0.087280
0.083679
0.083862
0.083191
0.078308
0.085327
0.083252
0.078674
0.080811
0.080323
0.085510
0.083008
0.081543
0.080322
0.082397
0.081909
0.084778
0.085571
0.085449
0.083252
0.083251
0.073425
0.082397
0.079223
0.082458
0.079407
0.080017
0.079895
0.081665
0.076721
0.075500
0.077820
0.075440
0.080872
0.083862
0.080810
0.081421
0.084534
0.083374
0.079712
0.081115
0.081054
0.079162
0.080811
0.085998
0.078674
0.077637
0.076416
0.072509
0.079346
0.082763
0.080688
0.081299
0.082397
0.081604
0.076843
0.079772
0.079468
0.086243
0.078918
0.081421
0.080200
0.085571
0.087219
0.078857
0.083618
0.080871
0.085876
0.081604
0.078980
0.083130
0.082642
0.078918
0.077881
0.078796
0.086975
0.077576
0.076416
0.082642
0.078247
0.082031
0.085632
0.076721
0.079162
0.081481
0.083313
0.082764
0.085876
0.080078
0.081238
0.084717
0.080810
0.080688
0.084900
0.081238
0.078003
0.081054
0.085571
0.080566
0.075195
0.080261
0.078125
0.083069
0.083374
0.083923
0.083618
0.081665
0.081482
0.084167
0.084167
0.081482
0.079467
0.082580
0.079956
0.082459
0.081054
0.077819
0.081665
0.081055
0.077331
0.083495
0.074219
0.080139
0.080994
0.082459
0.077759
0.080445
0.078613
0.082336
0.078491
0.080444
0.079956
0.084656
0.078064
0.084045
0.075379
0.082458
0.076171
0.078246
0.079651
0.079467
0.081299
0.082031
0.078003
0.080566
0.078857
0.077758
0.074890
0.073364
0.073669
0.078674
0.073914
0.079895
0.074158
0.077209
0.081237
0.074402
0.079284
0.081970
0.075622
0.080017
0.077759
0.080627
0.079650
0.080261
0.081542
0.077148
0.083618
0.077575
0.082641
0.077636
0.078430
0.079528
0.076172
0.079102
0.076904
0.080384
0.077637
0.081909
0.078613
0.081848
0.076233
0.079468
0.077636
0.077576
0.077820
0.080139
0.077820
0.080200
0.075989
0.077453
0.076599
0.074463
0.076965
0.075928
0.075623
0.075500
0.074646
0.077636
0.076721
0.078003
0.073792
0.076294
0.077148
0.077454
0.075806
0.075927
0.074646
0.073364
0.075805
0.075317
0.075744
0.078857
0.076110
0.073914
0.084411
0.077087
0.082580
0.076294
0.071777
0.076172
0.076416
0.080139
0.077697
0.080139
0.077270
0.078125
0.079102
0.083862
0.075256
0.075805
0.074341
0.078675
0.081115
0.081665
0.078247
0.077819
0.075867
0.076599
0.075378
0.076355
0.078308
0.078125
0.078186
0.077148
0.076294
0.078064
0.081299
0.076904
0.080749
0.077758
0.073853
0.074706
0.077881
0.076354
0.078308
0.072754
0.070069
0.073242
0.074768
0.079407
0.075500
0.077331
0.077942
0.080383
0.079589
0.083740
0.075806
0.077026
0.076599
0.077881
0.076843
0.078125
0.080261
0.074341
0.078186
0.079712
0.075440
0.074706
0.076477
0.075317
0.080322
0.074951
0.077026
0.072143
0.077087
0.075928
0.076782
0.077026
0.080261
0.076599
0.077576
0.078246
0.078674
0.082580
0.077087
0.079651
0.079589
0.078246
0.077697
0.080749
0.077026
0.078247
0.084960
0.075806
0.078247
0.076965
0.081299
0.078186
0.076110
0.079041
0.081298
0.074584
0.078186
0.081787
0.078796
0.077209
0.080138
0.076599
0.081970
0.073913
0.077209
0.080078
0.077575
0.074524
0.078064
0.072632
0.076416
0.074158
0.079834
0.073059
0.072754
0.080078
0.074646
0.075439
0.077514
0.079041
0.075012
0.076721
0.073242
0.074829
0.077271
0.073364
0.076599
0.077637
0.076233
0.077331
0.079834
0.075561
0.075622
0.077881
0.075378
0.077820
0.076232
0.077575
0.077270
0.074890
0.076294
0.077332
0.079407
0.078064
0.077942
0.076965
0.078125
0.074341
0.077637
0.079163
0.076416
0.075989
0.078430
0.076599
0.078918
0.078064
0.075317
0.077880
0.079407
0.076721
0.075683
0.076477
0.076721
0.074768
0.078552
0.076110
0.080749
0.076843
0.073120
0.079041
0.073425
0.077454
0.078735
0.076232
0.073242
0.074646
0.077881
0.076538
0.077149
0.075012
0.077881
0.076965
0.078369
0.069397
0.075744
0.075745
0.074951
0.078002
0.077759
0.071411
0.076843
0.077087
0.079590
0.074890
0.074096
0.076904
0.073791
0.073120
0.074707
0.076416
0.074279
0.079468
0.074646
0.080811
0.074767
0.077881
0.078857
0.075562
0.073120
0.076721
0.082336
0.076293
0.074035
0.078247
0.078063
0.075805
0.078064
0.077270
0.078491
0.073913
0.076050
0.073486
0.076965
0.078247
0.073913
0.076782
0.074768
0.073609
0.077758
0.076660
0.074096
0.074585
0.070373
0.075195
0.075683
0.074584
0.073242
0.075012
0.071899
0.075805
0.073486
0.072265
0.067993
0.069579
0.070251
0.073242
0.071655
0.070679
0.072876
0.072632
0.074463
0.077637
0.074280
0.076538
0.072815
0.076538
0.074462
0.075195
0.075867
0.077454
0.077881
0.073974
0.076172
0.078796
0.072266
0.075683
0.074036
0.073364
0.077759
0.076111
0.073914
0.076538
0.079711
0.075927
0.075927
0.080444
0.073548
0.075562
0.072448
0.077636
0.074219
0.073303
0.072876
0.072083
0.069824
0.069824
0.070374
0.073852
0.074890
0.073242
0.077087
0.074096
0.074768
0.072265
0.075744
0.075440
0.074035
0.074402
0.076355
0.075012
0.080384
0.070679
0.073852
0.075806
0.073608
0.078308
0.076599
0.076843
0.074646
0.073669
0.075378
0.071289
0.080383
0.074158
0.071655
0.071227
0.074219
0.072998
0.072632
0.074401
0.074279
0.073791
0.074096
0.076111
0.074951
0.069519
0.073364
0.076904
0.071472
0.077148
0.076294
0.073730
0.073242
0.071777
0.073059
0.075805
0.070617
0.073120
0.072327
0.075439
0.074768
0.070801
0.070435
0.078125
0.074401
0.072693
0.072327
0.074768
0.073670
0.074036
0.069274
0.074279
0.071716
0.074402
0.069274
0.069702
0.069946
0.079040
0.071778
0.071960
0.074158
0.071411
0.072204
0.073669
0.072449
0.074768
0.067810
0.072021
0.073120
0.069519
0.074158
0.075317
0.074463
0.075012
0.072082
0.075805
0.075317
0.072631
0.071594
0.075073
0.070618
0.074707
0.069091
0.071167
0.068787
0.072693
0.072510
0.070984
0.073975
0.071228
0.073670
0.067383
0.074524
0.071472
0.072326
0.072875
0.073913
0.072387
0.073303
0.073547
0.075622
0.075745
0.071289
0.069885
0.075501
0.072509
0.069336
0.073913
0.075622
0.071533
0.071777
0.073853
0.071716
0.071350
0.072632
0.076477
0.072571
0.072082
0.075318
0.070129
0.073059
0.073852
0.072448
0.070495
0.073242
0.071045
0.073486
0.073975
0.068970
0.074402
0.072815
0.073731
0.072265
0.072144
0.068359
0.072692
0.068909
0.072265
0.070434
0.074584
0.073853
0.071167
0.068726
0.076172
0.068725
0.068359
0.072265
0.074829
0.070252
0.077087
0.068115
0.073791
0.070129
0.071289
0.070434
0.070068
0.071105
0.071350
0.073669
0.071594
0.073364
0.070496
0.071960
0.078186
0.071411
0.071228
0.070434
0.075195
0.073364
0.070923
0.073670
0.075134
0.071106
0.072998
0.075318
0.075561
0.070496
0.072814
0.073914
0.071594
0.073242
0.070252
0.073608
0.073120
0.073058
0.071594
0.072510
0.070557
0.072448
0.070312
0.075439
0.074096
0.070678
0.071472
0.071167
0.070740
0.074951
0.075073
0.071349
0.071045
0.072510
0.071655
0.072937
0.068970
0.070923
0.074951
0.071472
0.066162
0.068481
0.070129
0.070495
0.070190
0.070251
0.067932
0.073853
0.070923
0.069152
0.072143
0.074768
0.067627
0.067504
0.071594
0.073608
0.068054
0.069274
0.072937
0.073181
0.071594
0.071350
0.070557
0.072082
0.070617
0.072388
0.068481
0.076050
0.070129
0.069885
0.075684
0.071838
0.068360
0.070312
0.070069
0.072387
0.068176
0.076965
0.068237
0.075317
0.071106
0.070435
0.071899
0.074890
0.071106
0.067870
0.069885
0.077026
0.073731
0.069031
0.069824
0.073852
0.071411
0.073730
0.069641
0.072205
0.072632
0.070556
0.074951
0.069214
0.072083
0.073364
0.074890
0.068908
0.070251
0.071655
0.069031
0.068176
0.070374
0.072143
0.068054
0.076355
0.069885
0.069580
0.073975
0.072326
0.069763
0.069031
0.070251
0.067993
0.067139
0.070740
0.066712
0.068725
0.071411
0.073852
0.067748
0.068908
0.069824
0.073181
0.069397
0.070923
0.070984
0.067138
0.072632
0.071106
0.069763
0.070373
0.068481
0.072388
0.069397
0.066467
0.071655
0.068542
0.070129
0.071899
0.067749
0.069458
0.070312
0.067139
0.071167
0.069763
0.068481
0.068908
0.069763
0.071777
0.070068
0.067505
0.069397
0.071167
0.069763
0.068847
0.070129
0.070800
0.068969
0.072082
0.069396
0.070618
0.070800
0.069397
0.067993
0.065612
0.067688
0.069641
0.069397
0.067504
0.070129
0.072693
0.070678
0.070434
0.068603
0.072998
0.069763
0.067321
0.067077
0.069580
0.070495
0.070374
0.069885
0.066833
0.070007
0.070862
0.071289
0.066955
0.068115
0.072449
0.070801
0.066834
0.069336
0.067688
0.070007
0.067321
0.068298
0.066772
0.072570
0.068970
0.066955
0.065307
0.067444
0.067688
0.068664
0.070557
0.067383
0.065978
0.069336
0.065796
0.068969
0.066467
0.067688
0.068115
0.066467
0.071472
0.069519
0.070679
0.069397
0.067993
0.069824
0.069519
0.066895
0.068298
0.074218
0.069702
0.069580
0.067870
0.068969
0.068908
0.066528
0.067627
0.068054
0.064636
0.065124
0.068665
0.067627
0.064453
0.065918
0.068603
0.069458
0.065125
0.066101
0.066711
0.066040
0.067444
0.068299
0.067139
0.069947
0.064697
0.066650
0.067993
0.066345
0.069336
0.068482
0.068664
0.065613
0.067566
0.063659
0.063964
0.065124
0.063903
0.066650
0.068909
0.068420
0.066711
0.068787
0.066895
0.071900
0.068237
0.069641
0.066223
0.068299
0.068237
0.067932
0.064148
0.068054
0.066162
0.067261
0.072265
0.070374
0.064758
0.066528
0.068115
0.066223
0.073120
0.068238
0.069275
0.065491
0.067077
0.066589
0.068969
0.067322
0.065979
0.064575
0.065552
0.064086
0.065856
0.063903
0.069275
0.064880
0.068848
0.065429
0.066162
0.066040
0.068420
0.064636
0.064819
0.065734
0.067504
0.067688
0.068359
0.065735
0.065368
0.066834
0.067016
0.065673
0.066711
0.066955
0.068054
0.068909
0.067199
0.067261
0.070007
0.069214
0.066955
0.066468
0.067321
0.065551
0.066894
0.070801
0.066406
0.065613
0.065674
0.069275
0.067626
0.068909
0.069397
0.068298
0.069275
0.067017
0.066040
0.065063
0.064575
0.064942
0.064758
0.068238
0.067749
0.065063
0.070739
0.065857
0.064820
0.066834
0.068176
0.065247
0.066040
0.070496
0.067138
0.067139
0.065491
0.067261
0.068359
0.066040
0.065063
0.069641
0.066711
0.065308
0.063782
0.068237
0.065674
0.065063
0.063843
0.067322
0.065429
0.068665
0.065369
0.066834
0.071717
0.064819
0.067077
0.065613
0.066467
0.067810
0.065307
0.066773
0.065979
0.068786
0.068237
0.065124
0.068848
0.065368
0.065979
0.067200
0.066223
0.069397
0.065125
0.065979
0.067200
0.067077
0.067016
0.065796
0.067505
0.071167
0.065857
0.065857
0.065185
0.067688
0.064392
0.066772
0.067138
0.065369
0.066711
0.066345
0.066345
0.064758
0.067749
0.065795
0.067443
0.064942
0.067749
0.070251
0.066406
0.067077
0.069397
0.067261
0.068115
0.066833
0.064575
0.067017
0.066589
0.066101
0.066833
0.067810
0.065429
0.066040
0.067260
0.067443
0.066528
0.066467
0.067444
0.063903
0.064941
0.068603
0.066528
0.066467
0.066772
0.067321
0.069824
0.063904
0.066040
0.068360
0.066467
0.065430
0.066040
0.067382
0.066711
0.065368
0.065796
0.067260
0.066894
0.065735
0.066528
0.069336
0.068847
0.065064
0.067993
0.068054
0.067810
0.067566
0.067016
0.068603
0.064941
0.068481
0.066040
0.067566
0.069152
0.066406
0.065490
0.064819
0.067444
0.065613
0.068908
0.064331
0.064148
