0.059448
0.059509
0.059692
0.059204
0.059143
0.059814
0.059509
0.059265
0.059814
0.059692
0.059265
0.059936
0.059387
0.059509
0.059326
0.059448
0.059815
0.059570
0.059448
0.059509
0.059326
0.059143
0.059509
0.059448
0.060180
0.059753
0.059814
0.059265
0.059571
0.059937
0.059387
0.059815
0.059631
0.059143
0.059387
0.058960
0.059875
0.059265
0.059570
0.059753
0.059448
0.060120
0.059265
0.060852
0.061035
0.060913
0.060547
0.060791
0.061646
0.062316
0.062134
0.061890
0.060485
0.059937
0.065124
0.067810
0.069824
0.067260
0.070434
0.068054
0.069763
0.070984
0.068603
0.066894
0.068725
0.067810
0.068237
0.066345
0.070008
0.066467
0.068115
0.070618
0.068176
0.066833
0.072021
0.066894
0.067322
0.070190
0.069336
0.071228
0.070801
0.069519
0.067383
0.065918
0.071411
0.067138
0.067505
0.068543
0.067871
0.068054
0.065552
0.067200
0.067627
0.066467
0.067565
0.070251
0.067321
0.066040
0.067688
0.069092
0.068482
0.067199
0.068054
0.065857
0.065552
0.069091
0.068115
0.064941
0.067810
0.069458
0.065734
0.068603
0.069763
0.065613
0.067932
0.069091
0.067077
0.067871
0.068115
0.067444
0.070069
0.066772
0.067077
0.067505
0.069641
0.069519
0.066284
0.066223
0.066345
0.067322
0.066162
0.067993
0.069030
0.068237
0.065979
0.069336
0.068421
0.068847
0.067138
0.071472
0.070739
0.067932
0.068848
0.067810
0.068176
0.069580
0.067687
0.067565
0.068726
0.065247
0.071655
0.067078
0.067626
0.067199
0.068726
0.068542
0.070191
0.067993
0.067322
0.067505
0.069946
0.067261
0.064148
0.069214
0.066894
0.068542
0.070373
0.066772
0.066894
0.071777
0.066650
0.068481
0.067871
0.067444
0.067627
0.067871
0.066529
0.065308
0.065002
0.065063
0.063843
0.066345
0.068787
0.067383
0.066040
0.067809
0.068664
0.068116
0.069397
0.067810
0.067261
0.069580
0.066650
0.066101
0.068604
0.066345
0.065734
0.070313
0.064697
0.068054
0.067139
0.066528
0.068970
0.069458
0.068786
0.070251
0.065308
0.065735
0.070007
0.065247
0.067993
0.067932
0.066650
0.065979
0.069946
0.068420
0.066712
0.065490
0.070434
0.067078
0.066772
0.066284
0.068115
0.068542
0.068665
0.067139
0.067505
0.070435
0.071350
0.067688
0.067810
0.068054
0.066284
0.067932
0.070252
0.065368
0.068298
0.068298
0.066650
0.068726
0.069397
0.069214
0.066894
0.066467
0.067016
0.071166
0.067688
0.066895
0.064087
0.067261
0.065185
0.065491
0.066284
0.069580
0.066589
0.065857
0.065734
0.070984
0.064880
0.063965
0.071594
0.065185
0.065979
0.063049
0.065734
0.069031
0.066040
0.069030
0.071106
0.071716
0.074707
0.072692
0.073487
0.071533
0.067505
0.071472
0.077881
0.074097
0.076477
0.075378
0.073669
0.076660
0.075439
0.077026
0.073853
0.080993
0.075500
0.075440
0.071045
0.074097
0.073791
0.072570
0.074097
0.072204
0.075562
0.072143
0.074585
0.073059
0.074523
0.073913
0.074157
0.073547
0.075318
0.071594
0.080078
0.073974
0.072814
0.075501
0.076355
0.072937
0.075989
0.071716
0.073242
0.075683
0.074524
0.075073
0.076904
0.075378
0.074524
0.077270
0.074890
0.077881
0.073609
0.075012
0.077942
0.074219
0.074096
0.077514
0.071839
0.065979
0.075012
0.076233
0.075989
0.073119
0.074280
0.076049
0.070984
0.075378
0.074463
0.074768
0.074463
0.073669
0.072998
0.076354
0.077881
0.074218
0.075439
0.074767
0.074035
0.075195
0.069397
0.072692
0.071411
0.072632
0.072631
0.074890
0.073609
0.076416
0.075073
0.071350
0.070252
0.069091
0.072327
0.072693
0.073730
0.073364
0.075195
0.075317
0.075134
0.078979
0.079467
0.075439
0.078857
0.074585
0.076965
0.076599
0.072631
0.072266
0.072388
0.075379
0.074646
0.075866
0.073792
0.075501
0.074768
0.074768
0.073730
0.077331
0.076172
0.075012
0.073731
0.072632
0.073913
0.075562
0.073181
0.076966
0.078674
0.073120
0.070434
0.071106
0.072143
0.074707
0.076171
0.075012
0.075684
0.074585
0.074035
0.074218
0.078246
0.075073
0.076477
0.074035
0.079407
0.072388
0.079895
0.073425
0.075622
0.074890
0.076904
0.076660
0.075927
0.075379
0.074523
0.068909
0.070800
0.070068
0.075379
0.070984
0.078064
0.077576
0.076233
0.073547
0.075745
0.074585
0.078125
0.074219
0.074707
0.072326
0.072509
0.071350
0.075440
0.071044
0.077637
0.075195
0.075988
0.071594
0.077209
0.072754
0.075256
0.078247
0.076172
0.076721
0.076110
0.076416
0.077026
0.073486
0.073425
0.076355
0.075561
0.071411
0.076843
0.075622
0.075684
0.074707
0.071900
0.077026
0.075317
0.080017
0.075012
0.075440
0.078064
0.075012
0.073608
0.072998
0.073547
0.068909
0.068542
0.072144
0.072998
0.078369
0.073303
0.074035
0.072571
0.076538
0.075866
0.070007
0.072388
0.071777
0.072265
0.072632
0.074646
0.077332
0.077149
0.073059
0.077393
0.074950
0.074524
0.072754
0.075500
0.073548
0.077148
0.074097
0.075683
0.073730
0.074279
0.074524
0.077637
0.075378
0.075500
0.076599
0.072937
0.074767
0.078918
0.075256
0.074524
0.077393
0.074707
0.075744
0.077515
0.072876
0.067688
0.070068
0.067749
0.067504
0.065674
0.070923
0.068420
0.068420
0.067626
0.067932
0.070190
0.066345
0.068481
0.068543
0.067017
0.070984
0.066162
0.066650
0.068908
0.064697
0.064025
0.071228
0.068054
0.068115
0.065674
0.067505
0.068665
0.066772
0.068176
0.067200
0.067749
0.066650
0.070740
0.069640
0.066284
0.070068
0.068115
0.067322
0.065185
0.069274
0.065674
0.065796
0.069885
0.068970
0.065552
0.068542
0.068298
0.069213
0.068237
0.066589
0.068603
0.067321
0.066467
0.070373
0.066834
0.067017
0.067139
0.066833
0.069885
0.066711
0.067749
0.068847
0.068786
0.067688
0.067871
0.069763
0.064636
0.066833
0.067627
0.067078
0.069763
0.068115
0.067078
0.071472
0.064575
0.069641
0.071533
0.067444
0.065735
0.067382
0.070373
0.069824
0.066406
0.067139
0.069214
0.066955
0.067016
0.070251
0.069274
0.066039
0.067809
0.068848
0.066894
0.069153
0.067566
0.067932
0.069152
0.067504
0.067077
0.067749
0.071167
0.068481
0.068298
0.066467
0.069885
0.069824
0.069092
0.067505
0.067261
0.065857
0.068054
0.067017
0.067626
0.069641
0.066650
0.068237
0.069580
0.068542
0.068420
0.068847
0.068054
0.066894
0.071166
0.068603
0.066589
0.066651
0.070251
0.065735
0.067261
0.067871
0.067260
0.070679
0.070679
0.068420
0.067139
0.070862
0.067200
0.072388
0.066284
0.068115
0.066528
0.069824
0.070373
0.066162
0.065796
0.067688
0.068054
0.068360
0.066833
0.070068
0.066711
0.068909
0.069031
0.069091
0.067627
0.066894
0.065918
0.068360
0.068604
0.072449
0.076111
0.075256
0.075805
0.075989
0.076782
0.074646
0.072937
0.077637
0.077210
0.075378
0.071777
0.070679
0.073669
0.074585
0.073364
0.076416
0.076782
0.076599
0.078796
0.074401
0.073547
0.082275
0.073853
0.076355
0.081177
0.072815
0.076110
0.074523
0.075012
0.079834
0.073181
0.077881
0.076355
0.076904
0.074158
0.077697
0.072875
0.075256
0.074341
0.074829
0.075134
0.068909
0.072692
0.074951
0.076110
0.075928
0.071838
0.076843
0.074585
0.073058
0.075256
0.076172
0.075561
0.075073
0.072388
0.076721
0.076294
0.078430
0.076172
0.078674
0.075806
0.076843
0.079223
0.073303
0.077332
0.080261
0.076355
0.077392
0.078918
0.074646
0.069397
0.076293
0.072937
0.075745
0.074279
0.078613
0.077514
0.078857
0.078247
0.078308
0.077515
0.074401
0.074890
0.081604
0.075684
0.078307
0.077697
0.076843
0.075012
0.074951
0.073853
0.074707
0.072510
0.072936
0.074096
0.077087
0.076232
0.077697
0.074890
0.076538
0.074890
0.078125
0.074951
0.075012
0.077819
0.072631
0.071472
0.073608
0.074402
0.076538
0.075562
0.075378
0.078003
0.075012
0.070618
0.074645
0.075379
0.074402
0.075623
0.072570
0.076721
0.075989
0.071289
0.077820
0.075500
0.075378
0.074585
0.073365
0.074829
0.074890
0.071960
0.074402
0.078675
0.075500
0.074402
0.075256
0.076415
0.076538
0.072143
0.075195
0.079102
0.071778
0.074829
0.074829
0.076965
0.073975
0.074036
0.073974
0.074707
0.075683
0.078308
0.071960
0.076538
0.075073
0.076721
0.072937
0.073059
0.075256
0.075623
0.076660
0.076050
0.076294
0.072388
0.073791
0.074890
0.077515
0.077271
0.075806
0.075561
0.073974
0.077087
0.074768
0.073669
0.075012
0.075195
0.071289
0.073547
0.076538
0.075073
0.076965
0.078247
0.075256
0.074340
0.077880
0.073547
0.076965
0.072815
0.068421
0.068481
0.072876
0.068176
0.069580
0.068664
0.066406
0.068969
0.069641
0.074768
0.067932
0.066284
0.069458
0.067383
0.067749
0.068298
0.068176
0.067688
0.073608
0.065430
0.069519
0.066955
0.068726
0.068603
0.067566
0.070251
0.071167
0.066284
0.068299
0.067017
0.065857
0.066956
0.071960
0.070130
0.067261
0.068604
0.069640
0.066467
0.068664
0.068054
0.068482
0.070312
0.065186
0.070740
0.069031
0.067749
0.071655
0.065735
0.068115
0.065063
0.064941
0.065673
0.068054
0.066772
0.065979
0.068786
0.069702
0.070252
0.068848
0.067200
0.066223
0.069641
0.065856
0.068054
0.067322
0.066468
0.069641
0.067016
0.068359
0.067139
0.072082
0.068115
0.068115
0.065491
0.066711
0.068115
0.069702
0.070984
0.066895
0.066528
0.066528
0.066406
0.068848
0.068909
0.068054
0.065247
0.068360
0.068421
0.069702
0.067138
0.065979
0.065063
0.070251
0.067077
0.066101
0.068664
0.065491
0.068969
0.065490
0.068299
0.067871
0.068237
0.069458
0.068603
0.067383
0.070068
0.070312
0.070068
0.066101
0.067993
0.070984
0.067321
0.069763
0.066223
0.068786
0.068176
0.066772
0.067932
0.067688
0.068970
0.068847
0.068298
0.071289
0.068664
0.068116
0.066528
0.066895
0.070312
0.066772
0.070313
0.070008
0.067261
0.070007
0.068909
0.068847
0.068115
0.066711
0.067810
0.070373
0.068116
0.066894
0.066833
0.069947
0.068786
0.070007
0.067138
0.068725
0.069458
0.070496
0.067749
0.067016
0.065918
0.069336
0.067321
0.068237
0.068603
0.068908
0.069946
0.065857
0.067444
0.068237
0.068115
0.073058
0.065185
0.065124
0.068359
0.065857
0.067688
0.068970
0.067566
0.066650
0.068115
0.067871
0.071411
0.071472
0.066590
0.064575
0.067444
0.067261
0.064270
0.067322
0.065673
0.068909
0.067077
0.066772
0.067504
0.068909
0.067810
0.072509
0.068359
0.065002
0.067199
0.068237
0.070495
0.066650
0.068603
0.067200
0.067871
0.070373
0.064453
0.067443
0.069335
0.066589
0.067077
0.069763
0.069153
0.069397
0.067749
0.066650
0.068054
0.067993
0.072937
0.069214
0.067199
0.068054
0.067626
0.070251
0.070190
0.067993
0.065795
0.067871
0.068115
0.070312
0.070312
0.066833
0.065918
0.067017
0.065185
0.066467
0.067993
0.065490
0.069275
0.066711
0.070068
0.068054
0.066834
0.067565
0.070862
0.067443
0.068665
0.066223
0.067993
0.072754
0.067993
0.066955
0.065430
0.071227
0.067565
0.070923
0.069641
0.069702
0.068115
0.067932
0.069397
0.067810
0.070862
0.067139
0.066345
0.067993
0.067322
0.069275
0.067505
0.067017
0.068603
0.065673
0.068482
0.066345
0.066162
0.067566
0.067810
0.073364
0.074951
0.075317
0.079406
0.076111
0.079773
0.076172
0.074829
0.072571
0.072021
0.077820
0.065979
0.069824
0.071289
0.073180
0.078125
0.077758
0.073059
0.073242
0.075012
0.073486
0.079955
0.077759
0.075744
0.076721
0.077698
0.071899
0.075928
0.077453
0.073853
0.080688
0.072570
0.071411
0.081054
0.075073
0.075866
0.073853
0.076172
0.076721
0.072937
0.078918
0.075440
0.073547
0.078674
0.079956
0.073792
0.077331
0.074157
0.075012
0.072204
0.072571
0.079833
0.073609
0.075927
0.078919
0.073425
0.074768
0.079529
0.074585
0.076537
0.076538
0.072021
0.076599
0.076293
0.073792
0.076294
0.076783
0.077331
0.074890
0.075683
0.074097
0.074158
0.078491
0.076477
0.073547
0.078796
0.073609
0.074158
0.079590
0.074463
0.075134
0.077515
0.075927
0.077148
0.076233
0.077636
0.075806
0.078491
0.076111
0.071228
0.073120
0.071289
0.071961
0.075073
0.074951
0.078064
0.080383
0.074646
0.078980
0.069213
0.072448
0.079590
0.073364
0.076538
0.074524
0.078430
0.075744
0.073059
0.074768
0.072754
0.078491
0.076599
0.070556
0.072510
0.071899
0.076660
0.072815
0.077881
0.072631
0.072387
0.078918
0.071228
0.072083
0.074829
0.076599
0.074096
0.070801
0.075806
0.075866
0.078918
0.074036
0.078002
0.072327
0.079346
0.078369
0.075867
0.072876
0.077454
0.073426
0.072693
0.073914
0.070801
0.076721
0.070740
0.075806
0.076599
0.076233
0.073120
0.070434
0.069702
0.077393
0.073914
0.076232
0.077758
0.071960
0.075195
0.071655
0.074280
0.073120
0.077698
0.075806
0.073303
0.076172
0.077331
0.075806
0.071595
0.077026
0.073975
0.073426
0.076721
0.076477
0.073364
0.073792
0.073792
0.074158
0.075501
0.074585
0.073487
0.072693
0.078552
0.075378
0.074767
0.075928
0.076172
0.075439
0.072693
0.074158
0.072998
0.078369
0.074584
0.074462
0.078430
0.076355
0.073730
0.075683
0.072876
0.074707
0.076782
0.075745
0.072448
0.071960
0.075928
0.070618
0.068481
0.069702
0.070618
0.071838
0.072143
0.070129
0.068115
0.072814
0.069458
0.072998
0.073425
0.072814
0.075683
0.073730
0.077819
0.075683
0.075195
0.074157
0.073853
0.074280
0.075866
0.073059
0.073730
0.072144
0.074036
0.071838
0.075989
0.072571
0.070984
0.072937
0.067505
0.071899
0.073181
0.073974
0.074951
0.075927
0.076416
0.077331
0.072204
0.077270
0.071533
0.073792
0.074218
0.075378
0.073303
0.075745
0.073791
0.076233
0.076050
0.076721
0.078430
0.074463
0.078124
0.076477
0.072388
0.073914
0.073608
0.076721
0.070434
0.074035
0.076415
0.080933
0.073974
0.077087
0.075317
0.078064
0.073608
0.077514
0.072448
0.071594
0.073791
0.065979
0.069885
0.071045
0.078491
0.075073
0.076782
0.069885
0.077697
0.073669
0.074707
0.074523
0.074524
0.072205
0.071838
0.076660
0.075439
0.073669
0.073425
0.075439
0.077270
0.077393
0.073181
0.074890
0.071288
0.073486
0.075805
0.074463
0.075684
0.077393
0.071716
0.073975
0.073425
0.073791
0.076843
0.074829
0.073181
0.072876
0.070801
0.072327
0.076110
0.074280
0.080017
0.076416
0.074584
0.077332
0.072509
0.076416
0.076050
0.077026
0.074463
0.075928
0.078125
0.075501
0.076721
0.076354
0.080261
0.071838
0.075257
0.076172
0.075928
0.074462
0.074829
0.073669
0.074951
0.072814
0.079162
0.075988
0.076111
0.076721
0.080200
0.075988
0.076965
0.071533
0.074646
0.075989
0.075256
0.073425
0.072571
0.074524
0.071166
0.072265
0.073242
0.072509
0.077454
0.070251
0.076111
0.073425
0.077270
0.074829
0.075805
0.076598
0.076110
0.073364
0.074401
0.073181
0.078858
0.072022
0.067932
0.075195
0.075805
0.077881
0.071410
0.072082
0.073486
0.071838
0.072143
0.072632
0.075012
0.077270
0.074646
0.077881
0.073303
0.076049
0.073181
0.075867
0.073242
0.073181
0.073547
0.073365
0.074584
0.076355
0.075500
0.078369
0.072448
0.071777
0.075195
0.069397
0.074036
0.071716
0.078675
0.073364
0.078613
0.075989
0.075806
0.075378
0.074585
0.075318
0.073791
0.071960
0.072083
0.074280
0.076050
0.074036
0.073364
0.071533
0.076965
0.073975
0.079529
0.072449
0.077759
0.077270
0.075806
0.075623
0.072327
0.073669
0.074158
0.074035
0.075439
0.073669
0.076965
0.072815
0.073547
0.074035
0.076050
0.075501
0.077209
0.075012
0.075073
0.069946
0.072327
0.073608
0.075134
0.075561
0.074158
0.073242
0.079834
0.073364
0.078308
0.071228
0.065247
0.061463
0.062622
0.062072
0.063172
0.063538
0.065979
0.069457
0.066284
0.066650
0.060791
0.061768
0.064086
0.065125
0.063294
0.067261
0.064698
0.067017
0.063415
0.061035
0.059631
0.059937
0.060791
0.061158
0.061524
0.064392
0.064392
0.063415
0.067200
0.064575
0.065307
0.066162
0.061096
0.059814
0.059571
0.060547
0.060974
0.060913
0.065735
0.063355
0.062682
0.067566
0.064941
0.064086
0.066956
0.063232
0.072082
0.082154
0.081115
0.085449
0.067871
0.062072
0.059875
0.060669
0.060852
0.059753
0.059326
0.059448
0.059692
0.059936
0.059448
0.059692
0.059509
0.059754
0.059326
0.059510
0.059570
0.059509
0.059692
0.059570
0.068603
0.060425
0.059510
0.059326
0.059570
0.059510
0.059753
0.059570
0.059387
0.059327
0.059265
0.059388
0.059448
0.059631
0.059326
0.059448
0.059692
0.059509
0.059143
0.059509
0.059570
0.059326
0.059631
0.059631
0.059387
0.059265
0.059387
0.059814
0.059754
0.059143
0.059509
0.059448
0.059327
0.059570
0.059509
0.059449
0.059265
0.059631
0.060059
0.059265
0.059631
0.059448
0.059692
0.059448
0.059326
0.059814
0.059204
0.059509
0.059326
0.059326
0.059814
0.059387
0.059571
0.059692
0.059936
0.059509
0.059265
0.059570
0.059448
0.059570
0.059265
0.059204
0.059265
0.059204
0.059326
0.059143
0.059448
0.059326
0.059570
0.059204
0.059388
0.059570
0.059692
0.059692
0.059326
0.059448
0.059631
0.059570
0.059448
0.059387
0.059509
0.059815
0.059754
0.059265
0.059570
0.060059
0.059754
0.059326
0.059509
0.059876
0.059509
0.059265
0.059143
0.059570
0.060181
0.059387
0.059815
0.059326
0.059204
0.059754
0.059814
0.059570
0.059143
0.059265
0.059448
