70.8762
70.9966
70.648
69.3482
70.6771
69.8195
70.5069
70.0912
69.811
69.4958
70.9549
69.6306
70.7399
69.664
69.2855
69.8901
70.4543
70.8321
69.6749
69.619
69.9666
70.6238
69.1003
69.5075
69.4219
69.437
70.8239
69.4979
70.7188
70.6869
69.4896
70.595
70.6836
69.1376
70.8432
70.3607
69.8571
70.3501
69.4519
70.5681
70.7459
69.4068
69.1987
70.4857
69.9708
69.3842
69.3758
69.4251
69.2163
69.9507
69.9441
70.0829
69.5745
69.9444
70.4903
69.8964
70.2814
70.3142
70.2943
70.0003
70.0011
70.6839
69.5953
69.6847
70.7216
69.4384
70.9454
69.5786
70.6885
69.3973
69.1468
70.4344
69.7042
69.2455
69.9201
70.575
69.5297
70.196
70.9001
69.646
69.1467
69.8442
70.6289
69.6212
70.6886
70.1192
70.4176
69.9701
69.4334
69.7119
70.8704
70.3345
69.3959
69.4656
70.9192
69.1174
69.8041
70.8646
69.5961
69.4926
69.262
69.6428
70.827
69.8661
69.7883
69.7471
69.4411
70.218
70.843
69.3413
70.764
70.8897
70.0855
70.3928
69.5109
69.7741
69.5121
70.8286
70.6442
69.8455
69.5405
70.5146
69.18
69.8364
70.8802
70.9992
69.8538
69.6842
70.8639
70.3499
70.0768
69.1258
70.8927
69.9038
69.8919
69.681
70.5509
70.2331
70.799
70.3939
70.4744
70.563
70.2836
69.5598
69.9558
70.6945
70.234
70.3679
70.5231
69.8782
69.2133
70.9636
69.3928
69.2934
69.7999
69.273
69.2926
70.5537
69.8572
69.1564
69.9036
70.834
69.1823
69.7964
69.7378
69.9742
70.3774
69.2886
69.2073
70.1764
70.5825
70.5816
69.7394
69.8661
69.1415
70.5952
69.5607
70.2755
69.9631
70.9838
69.1537
70.0764
70.9474
69.4464
70.2698
69.7473
69.6194
70.4624
69.3011
70.3766
70.5188
70.1047
70.2106
70.6011
70.8011
70.8484
69.5753
70.1785
69.137
69.6825
69.3549
70.6195
69.2642
69.9942
69.4856
69.3056
69.5894
69.9463
70.4811
70.4525
69.9301
70.5348
69.529
69.8775
70.8812
70.6987
70.5248
69.5006
70.1611
70.7259
70.7772
69.68
69.8306
69.9878
69.281
69.6317
69.8361
69.7563
70.7102
69.8731
70.3388
70.9651
69.4926
70.503
69.9593
69.8782
70.7086
70.4487
70.7245
70.1898
69.9013
69.6546
69.7245
70.3302
70.4321
69.6058
70.029
69.9569
70.0064
69.1901
69.6828
69.7836
69.7701
70.4135
70.6714
69.9511
70.9452
69.5075
70.6074
70.6554
70.2806
69.9462
70.6204
70.6732
69.4492
69.5798
69.5515
69.1578
70.9285
69.276
70.2476
69.8298
69.8307
70.8721
69.16
69.2628
69.4779
70.089
70.1197
70.3842
70.1791
70.7026
69.1678
70.8492
70.116
70.7392
69.8003
70.0612
69.2467
69.4076
69.7166
70.4273
70.2538
69.3371
70.1005
70.6031
69.8168
70.552
70.6609
69.7453
70.728
69.9085
70.4751
69.5586
69.7806
70.5351
69.7214
70.1585
69.6241
70.7411
69.5428
70.7032
70.4437
69.6106
70.5523
69.5597
69.3498
69.3526
70.521
69.4964
69.6602
69.2376
70.8237
70.8141
69.4746
69.9243
70.4171
70.1915
69.4762
70.078
70.8368
69.2042
70.8865
70.3118
69.6629
69.6671
69.8469
70.2843
70.7256
70.371
70.0254
69.2684
70.0741
69.4691
69.779
69.6264
69.9288
70.0287
69.879
69.4498
70.4252
70.4392
69.5874
70.2489
70.2533
69.9621
69.1732
69.6704
69.1535
69.5494
70.6484
70.8903
69.6536
70.5349
70.2021
70.2165
69.202
70.949
69.5008
70.8276
70.32
70.4262
70.996
69.3941
70.7953
69.775
69.9205
69.7241
70.7037
70.6995
70.0739
70.1289
70.1387
70.5613
69.3778
69.392
69.5234
69.4509
69.9623
69.5769
69.9003
69.6107
69.4672
70.454
69.1456
70.5693
69.6705
69.2476
70.5183
70.0713
70.9752
69.8382
69.4974
70.9712
70.1323
69.2927
69.7462
70.9529
69.9168
69.4499
70.6524
70.8908
70.4787
69.7911
70.4521
70.7565
70.0831
70.8755
69.2074
70.9454
69.4524
70.0077
69.5561
69.8196
69.4617
69.6017
69.3889
70.0322
69.7493
70.8071
69.1034
69.7245
69.6454
69.5009
69.6957
70.6777
69.6936
70.3418
70.6306
70.5104
70.6917
70.2829
70.4011
70.1704
70.974
69.8532
69.9268
70.0571
69.7287
70.0342
70.0025
70.0811
70.9419
70.4586
70.8007
69.4036
70.9603
69.1896
70.3358
69.7096
70.8967
70.3392
70.3341
69.5421
70.7401
70.9298
69.2199
69.4336
70.2716
70.7504
70.844
69.9633
70.0334
70.2451
69.1337
70.0074
70.9984
69.9605
70.9644
69.7271
70.8947
69.9669
70.7082
70.8366
69.4255
70.509
69.2402
69.3859
70.5986
70.476
69.9955
70.4953
69.8152
69.3296
70.9375
69.5553
69.2593
69.1573
69.8889
70.4309
70.8078
69.7329
69.3942
69.8411
70.878
69.4279
70.7485
70.8764
70.2883
70.7129
69.6035
70.1831
69.6798
69.3117
70.0197
70.0053
70.7207
70.1599
70.2912
70.3193
69.636
69.2867
69.8146
70.3512
69.5163
69.7521
70.8064
69.6756
69.8094
69.6953
69.1066
69.6172
70.3282
69.4008
70.3583
70.2062
69.7286
70.1068
70.0826
70.917
69.8197
70.586
70.1
70.3995
70.7977
69.1197
69.4048
70.5184
70.1796
70.596
69.8376
70.7156
70.7827
70.5522
70.0668
69.299
69.3043
69.8732
69.8746
70.0137
70.4686
69.8811
70.5309
69.7968
70.1819
69.8892
70.903
70.8105
70.8959
69.9855
70.7275
69.7156
69.5715
69.8275
69.115
69.3692
69.8472
69.4199
70.7876
70.9268
70.9159
69.6252
70.6424
70.6985
69.1775
69.7092
70.8975
69.3818
70.4824
69.7721
70.2955
69.951
70.5532
69.8264
70.6478
69.7351
70.6156
70.5507
69.5456
70.5115
69.5362
69.273
69.2271
70.0078
70.0005
69.2421
70.277
70.7477
69.562
70.0646
70.6745
69.4778
70.5898
70.3169
69.1764
70.6673
70.9261
70.9739
70.9491
70.4085
69.7459
70.2446
69.3595
69.2991
70.971
70.9073
69.9342
70.5866
70.458
70.3798
70.0981
70.8942
70.5528
70.2252
69.902
69.5533
70.3673
69.179
69.301
70.8292
70.1436
70.8754
69.3071
69.7334
70.1923
69.3834
69.4007
70.1184
69.3573
69.3498
69.5269
70.0033
70.4944
69.7864
70.2024
70.4654
69.6936
69.1366
70.0521
69.1516
70.4164
69.1502
70.9458
69.9692
70.2754
69.8478
70.4225
69.6426
69.9268
70.6235
69.4719
70.9704
70.4989
69.6789
69.7037
69.6912
69.9624
70.0044
70.7095
70.2197
70.2542
69.2364
69.2229
69.7486
69.9228
70.3253
69.214
70.5164
70.3619
70.1661
70.568
69.7783
70.2163
70.5138
70.6475
69.4916
69.3616
70.07
70.0343
70.1884
69.6935
70.4062
70.1588
69.1924
70.9851
70.7625
69.7836
69.9475
69.7669
69.4931
69.1672
70.9211
69.6295
69.2901
69.6696
70.4523
70.5154
69.7837
69.9687
69.8774
70.8497
69.5366
70.5557
70.066
70.9504
70.2032
70.4576
69.312
69.2733
69.4919
70.4004
69.8668
70.7981
69.5592
69.9592
70.7832
69.3217
70.6427
69.7307
69.9886
69.1358
69.7978
69.9097
69.6653
69.988
70.4793
69.1176
69.5034
69.263
69.9863
70.2808
69.1127
70.4229
69.8365
70.0787
70.3733
70.9397
69.5364
70.5853
69.213
69.9282
69.9857
69.9798
69.7263
70.4449
70.8389
69.5095
70.6667
70.4817
70.1401
69.6553
70.5175
70.838
70.465
69.1828
69.8259
69.9443
69.2004
70.2293
70.1073
70.0867
69.5101
70.12
69.5095
70.2466
69.1988
70.7828
70.1863
69.6351
70.3681
70.2993
70.4633
69.3539
69.2791
69.1897
70.6988
69.118
69.5991
70.3655
70.4997
70.6393
70.9207
70.0172
70.4772
70.3857
70.0999
69.3032
69.33
70.2003
70.4325
70.3373
69.287
70.8426
69.4573
69.6965
70.0892
69.5561
69.4793
69.2755
70.0912
70.7475
70.4748
69.5545
69.1013
70.6539
69.6442
70.7002
70.672
70.1433
70.0656
70.1717
69.7826
69.9864
69.1888
69.2598
69.3721
70.1887
69.463
69.6021
69.3891
70.7955
70.8394
69.5761
70.6381
69.2967
70.1726
69.7273
69.7528
70.5519
69.9028
70.744
70.2994
69.3776
69.2985
70.3008
70.9315
69.8427
70.0009
70.6035
70.886
70.9666
69.7751
69.6686
69.953
69.864
69.8285
70.225
70.9527
70.1915
70.7271
69.3418
69.987
70.5665
69.8178
69.6251
70.7632
70.8904
70.2524
69.516
70.4424
69.1553
69.26
69.7418
69.4329
69.4585
70.9426
69.3644
70.2013
69.9435
70.8679
70.0873
69.9101
69.6431
70.6559
70.7631
70.407
69.4844
69.9881
70.3597
70.5758
69.7152
70.6015
69.5628
69.2818
69.4193
70.088
70.945
69.3098
69.3404
69.461
70.6522
69.3957
69.6211
69.394
69.7285
69.9796
69.3366
69.993
69.1809
70.1801
69.8609
70.1682
70.9902
70.4039
69.8241
70.7533
69.8109
70.2084
69.7414
69.1706
69.7843
70.3566
70.6721
70.2471
70.5383
70.9914
69.3351
70.4833
69.3012
69.5755
70.8444
70.8534
69.8711
69.4654
69.2473
70.4997
70.345
69.4839
69.4926
70.4259
70.564
70.2535
69.594
70.5542
69.6575
70.3181
70.3075
70.3684
69.5265
70.9488
70.439
70.2108
70.3054
70.1112
69.4579
69.8437
70.1026
69.693
69.3271
70.3038
70.1685
69.1714
70.1572
70.9396
69.5369
70.3046
70.4393
70.7819
70.6885
70.832
70.2078
70.2525
70.0855
70.7018
69.8067
70.643
70.0199
69.1141
70.0113
70.4465
70.9629
69.4504
69.6573
70.2683
70.4615
70.0152
69.1121
69.5642
70.6083
69.3391