71.3239
72.4774
72.4919
72.7848
71.3352
71.9806
71.8156
71.0936
72.4036
72.8103
71.9278
71.5134
72.1222
72.7885
72.6612
72.7183
72.0736
71.757
71.3554
71.4741
72.4304
72.6972
72.6926
71.4497
71.7452
72.8902
71.5829
72.1118
71.6535
72.7035
71.4501
71.9774
72.1809
72.942
71.7623
72.5161
71.9226
72.5779
72.6097
71.3262
72.3882
71.5376
71.8395
71.5104
71.3261
71.5007
71.2287
72.3997
72.2578
71.5841
72.8738
71.6882
71.2813
72.5663
72.138
72.0265
72.4565
72.7209
71.1382
71.11
72.4244
71.5884
72.0875
71.6053
71.5304
72.8498
71.1214
72.4529
72.4277
72.7312
72.7791
71.8158
71.2687
71.6186
72.3262
71.5948
72.1194
72.5549
72.9944
71.3771
71.139
72.8682
72.0653
71.4202
72.4346
71.2033
72.4467
71.8911
72.9242
72.5849
72.0012
72.3486
71.1733
71.0886
72.9539
71.7036
72.9384
71.0754
71.1566
72.3661
72.8065
72.9357
71.1819
71.0753
71.5543
72.5081
71.6701
72.6737
72.0631
71.6645
71.0508
72.202
71.5327
72.1162
72.6223
72.9673
72.3195
72.069
71.8584
72.2437
71.6539
72.8596
71.5923
71.8272
72.9482
71.5462
72.5308
72.8866
71.6215
72.6874
72.2527
71.4281
72.6231
72.4346
71.5033
71.1774
71.9428
72.1734
72.8511
71.0058
72.8379
72.902
72.2079
71.3707
72.0182
71.8301
71.338
71.3377
72.8991
72.1964
72.5813
71.553
72.056
71.1736
72.3802
72.0042
71.7198
71.9111
71.8908
72.3413
71.5985
71.1435
72.7694
71.2216
72.5782
71.2727
71.399
71.5209
72.4462
71.2501
71.5267
72.2841
71.1521
72.7346
72.6547
72.1703
71.5647
72.9927
72.5079
71.4638
72.1891
72.0893
72.0169
71.2452
72.2628
71.3971
72.2494
72.9826
72.3081
71.1402
72.3239
72.9066
71.2838
72.0933
71.1281
72.8619
72.366
71.5271
71.3828
71.8122
71.7772
71.9095
71.0963
71.9293
71.6441
72.751
71.0996
72.2088
72.7437
72.6075
72.6727
71.9329
71.6967
71.6895
72.178
72.9596
72.0866
71.4274
72.9422
71.3947
71.5676
72.2661
71.3013
71.8514
71.3594
71.4295
71.7133
72.7254
71.9566
72.0961
71.5376
72.7338
71.0056
71.6339
71.6631
71.6498
71.3849
71.7627
72.8586
71.1286
71.3702
72.5313
72.0615
72.0669
71.2208
71.2396
72.0265
72.3074
71.667
71.9687
72.7021
72.2346
71.2348
71.0034
71.086
71.5942
71.4329
71.7992
71.3196
72.3895
72.8954
71.8572
72.1233
72.901
72.4911
72.7864
71.5508
72.876
71.5491
71.4094
71.0047
71.9193
72.9407
72.0662
72.9862
71.1615
72.3057
72.0127
72.4689
72.9727
72.9814
72.1711
72.2073
71.2162
72.1745
72.2933
71.8104
72.6074
71.0925
72.13
71.9969
72.9879
72.9872
71.1202
72.8889
72.4784
72.9066
71.4396
72.3544
71.4557
71.849
72.3591
72.3749
71.7897
71.4253
72.3611
71.9512
72.731
71.3738
71.4202
72.7037
71.3551
72.5913
71.911
71.5713
71.7658
71.2043
72.3817
71.3733
71.2968
71.5117
72.3702
71.2847
71.4989
72.4904
71.1736
72.9773
72.397
71.6132
72.3317
72.8526
72.4622
71.6908
72.2275
71.2519
72.1161
71.5886
72.2032
71.8471
71.9623
72.6234
71.5508
72.3175
72.2147
72.4618
72.8888
72.9805
72.6661
72.2705
71.3538
72.9629
72.7822
72.724
71.2476
71.2811
72.2143
71.4212
71.2584
71.6113
72.0344
72.5902
71.4639
71.4966
71.281
72.6914
71.7485
72.3971
71.28
72.9517
71.2442
72.2423
72.5751
71.795
71.5598
71.7898
71.2569
71.4486
71.7703
72.923
72.7191
72.1241
72.886
72.5013
71.848
71.1336
72.7824
71.0623
71.5548
71.0408
71.6736
72.5891
72.631
72.1375
71.0857
72.912
71.8289
71.8343
72.3091
72.1089
71.786
72.5533
71.3513
71.3611
71.3484
71.9111
72.1509
71.6052
72.3597
72.9212
71.5283
72.0788
72.0453
71.4142
71.5801
72.8933
71.5478
71.3625
72.9556
72.1026
71.4034
71.6292
71.6918
71.0344
72.7668
71.7775
72.9464
71.5957
72.6118
72.2555
72.7047
71.3978
71.8088
71.056
71.7589
72.1572
71.967
72.9098
72.7625
71.3268
72.8311
71.2907
72.4056
71.8763
71.705
72.9857
71.7696
72.2528
71.3482
71.7252
71.3554
71.7515
72.3545
72.0472
71.7859
72.1213
72.8247
71.7323
72.717
72.4364
72.9878
72.4217
72.8342
71.7966
72.4776
71.5932
72.9538
71.4447
71.503
72.7163
71.7714
71.3341
71.007
71.177
72.2104
71.712
71.1627
72.98
72.9648
71.5109
71.7052
71.3202
72.2624
71.0596
72.3674
71.0483
72.1809
72.1921
71.7806
71.8979
71.6285
71.7684
71.3195
71.4627
72.565
72.7972
72.0559
72.5189
71.2419
72.5589
72.2352
72.0133
72.893
72.2422
72.1903
72.1033
72.9542
72.353
72.0833
72.919
72.8639
72.7885
71.2392
72.1263
72.8481
72.6066
72.1746
72.029
71.7986
72.9551
72.9269
72.4271
71.7235
71.2464
72.8899
71.2886
71.0436
71.9458
72.8074
71.2855
71.5047
72.0426
72.2988
71.3977
71.2848
71.4891
72.501
71.239
72.8421
71.5843
71.158
72.7059
71.3728
71.3972
71.8322
71.2209
71.0038
71.0068
72.2499
71.8024
72.9619
72.1768
71.2296
71.6854
72.4232
71.1194
71.974
72.4669
72.0652
71.7814
72.7523
72.5699
72.824
72.0511
72.9676
71.1088
72.5402
72.4686
71.3478
72.3822
71.0529
71.5058
72.0882
71.4257
71.903
72.9204
71.6467
71.9068
72.9272
72.8966
72.7092
72.8891
72.0734
72.9387
71.5745
71.4967
71.0582
72.5485
72.9635
72.1234
71.3299
72.7158
71.6933
71.1539
71.7669
71.6609
71.2627
71.3071
71.1295
71.6105
72.6893
71.1824
72.1164
71.7775
71.6081
71.0193
71.6979
72.2548
71.9261
71.625
72.1514
71.6353
71.5141
71.2248
71.574
72.0886
71.7215
71.6322
71.6371
71.685
72.7556
71.967
71.4009
71.4489
72.1209
72.1678
72.1098
72.3836
72.4748
72.2393
72.9942
72.1641
72.4217
72.1105
72.9416
71.0299
72.1299
71.6395
72.2847
71.056
72.2646
71.4361
71.6913
72.7787
71.6609
72.2653
71.8673
72.3824
72.8975
72.5043
71.0675
72.6531
71.4713
71.4683
71.102
72.5922
72.6361
72.2118
71.9758
72.1109
71.4511
71.9699
71.2751
72.8729
71.0805
71.2167
72.9028
72.2103
71.8562
72.1874
72.2663
71.1208
72.6236
72.9576
72.8995
71.2845
72.2228
71.7667
72.6669
72.1203
71.271
72.7344
71.7734
71.7423
71.2027
71.8754
71.3345
72.8388
71.0872
72.3103
71.9497
71.5383
71.2802
72.2247
71.4112
71.3607
72.4414
71.314
72.571
71.2977
72.5014
71.8373
71.4185
72.125
71.7948
71.3179
72.4094
71.0177
72.0846
72.0764
72.138
72.3557
71.8107
72.9114
71.098
72.0134
71.7868
71.4325
71.8522
71.874
72.7428
72.8019
72.4123
71.023
72.0266
72.8235
71.3837
71.468
71.1375
72.9547
71.7657
72.6389
71.792
72.1842
71.7638
72.5868
72.5021
71.1733
72.6044
71.5867
72.2496
71.7424
72.9424
71.0604
71.6538
71.0404
72.0738
72.4406
71.473
72.926
71.3146
71.2158
72.7279
72.7269
71.2389
71.7544
72.5504
71.6226
72.2225
72.6879
71.5772
72.9882
72.3268
72.3692
72.1723
71.0906
71.956
71.6744
71.2639
71.5604
72.2611
72.5136
72.3029
72.2036
72.574
72.9567
72.244
71.6478
72.3973
72.717
71.5738
72.7119
72.9328
71.3017
72.4388
71.1717
72.0561
71.9893
71.7942
71.2786
71.6772
72.3715
71.2668
71.004
71.7407
72.4391
71.0946
72.6967
71.1135
71.3585
71.2571
72.3747
72.8721
72.5599
71.5782
72.446
72.5166
72.8222
71.0938
71.9139
72.5392
71.6676
71.6258
72.472
71.9692
71.0647
72.6437
71.0253
72.0539
71.438
71.3039
72.7311
72.8094
71.5707
72.7351
71.5501
71.0098
72.8297
71.2468
71.1233
71.1882
71.5039
72.498
71.0602
71.0638
71.0762
72.5062
72.5804
72.8984
72.6
71.4943
72.4377
71.2676
72.1202
71.9097
72.2368
72.1848
71.5534
72.2621
71.2387
71.9914
72.566
72.9698
71.8008
71.1367
72.7049
72.351
71.1465
72.5346
72.5978
71.2698
72.7227
71.1016
72.7677
72.7829
71.1654
72.8439
72.2892
72.7458
72.7423
71.8892
71.2402
72.18
72.1568
72.3603
71.0897
71.3936
71.5452
71.6431
72.6558
71.7839
72.6345
72.2218
71.7537
71.4353
72.3585
71.4586
72.7863
72.505
72.9932
72.384
72.7748
72.7159
72.4857
72.5425
72.4989
72.6511
72.3864
71.788
72.3969
72.1287
72.6772
72.6371
71.3086
71.834
71.9974
71.3983
72.2276
72.5426
72.0414
71.8834
71.3265
71.6759
71.1052
72.0802
72.1112
72.4637
72.5388
71.8975
71.9687
72.532
71.2815
71.7435
72.2479
72.7672
71.2859
71.7468
72.4183
72.6723
72.5348
71.8152
71.801
72.212
71.4522
72.1096
71.046
72.4497
72.5079
72.2736
71.9922
71.5494
71.157
72.3187
72.2252
71.2622
71.3989
71.3364
72.7259
72.9377
72.2339
71.6946
72.4697
72.5154
72.4381
71.7176
72.2826
72.724
72.4644
71.7008
72.3963
71.9992
72.516
71.1973
71.2112
72.9682
72.3069
71.2572
72.4179
71.8149
72.5309
71.4101
72.3643
72.6879
72.7288
71.5895
72.9501
71.1277
71.9259
72.676
71.0654
71.1598
71.3706
72.5352
72.6752
72.8087
71.2528
71.9578
72.5327
72.7172
72.6587
71.929
71.7164
72.1747
72.1264
71.9276
72.1429
71.4333
72.1849
71.5608
72.2482
71.7157