75.9721
74.9372
75.2216
76.2224
75.6202
75.0196
75.0345
75.0502
75.3055
75.3964
75.7529
75.2264
74.9404
75.6406
74.8632
75.7182
75.9527
75.3624
75.9393
75.9656
75.499
75.7987
74.9045
74.8847
75.9825
75.4139
74.8619
75.2738
75.8764
75.2958
75.2141
75.5485
75.4329
75.6358
75.4709
76.2531
75.8554
75.7054
75.0033
74.861
74.8018
75.9562
75.2874
74.9422
75.2968
75.3506
75.8604
74.9494
75.913
75.4997
76.115
75.112
74.9984
76.2196
75.1967
76.1809
75.3335
75.2586
75.1548
74.9098
75.7544
75.5689
75.6583
74.8873
74.9047
74.8292
74.8405
75.9601
75.7346
75.0438
76.0211
75.7365
76.2
75.0085
75.8787
75.1968
75.5591
75.4391
75.3462
75.172
76.1388
75.1612
75.484
74.8372
75.0808
75.8807
76.2181
75.6142
74.8393
75.0729
75.7241
75.7937
75.8418
75.0824
75.8811
75.9465
75.1116
75.9215
75.6067
76.0462
76.1654
75.3278
75.4827
76.0653
75.5363
75.0613
74.9621
76.2953
75.7004
75.5083
75.1674
75.5392
75.8695
75.8514
75.5764
76.1503
75.4321
75.4945
75.4645
75.4714
75.7674
74.8886
74.9651
75.3092
75.171
76.0461
74.9557
75.4825
75.6677
75.7624
75.2288
75.533
76.2902
75.9114
75.2984
75.5265
76.1727
75.4605
75.5218
75.5731
76.1688
75.8892
74.8123
75.7383
75.4405
75.5887
75.5886
76.0726
76.2832
76.2531
75.2439
75.7506
74.8417
75.409
76.2599
75.2126
75.1552
74.9156
75.8952
76.0228
75.878
74.824
75.2559
75.8682
75.9354
75.7542
75.0947
75.8081
74.9147
75.8165
75.0813
76.2835
75.4057
75.0936
75.7218
76.0462
75.8823
75.0104
75.8188
75.8656
74.9635
76.2627
75.3162
75.0052
75.3718
75.2761
75.4178
75.7269
75.3917
75.013
75.4498
74.9698
75.037
75.9057
76.038
76.1724
75.3599
74.8327
75.6805
75.4746
75.8493
75.9617
75.4581
74.955
76.2553
74.8799
76.2012
75.8377
75.0903
75.72
75.4033
75.2538
75.6827
75.9195
75.459
76.2545
74.8956
76.0768
75.6814
75.4874
76.2899
74.8312
75.6571
75.0269
75.9369
75.3952
74.8992
74.9967
75.4279
75.7797
75.6714
74.9772
75.4415
74.8295
75.1321
75.3968
74.9094
75.0333
74.9345
75.1997
75.9533
75.5378
75.6535
75.336
75.1573
74.8125
75.2905
75.2529
76.0893
76.1719
75.9403
76.0792
76.2031
75.2974
74.8061
75.84
75.8926
74.9053
76.0367
75.0205
75.8851
75.4081
75.1976
75.0265
75.4376
75.5298
75.6233
75.547
75.7631
75.7578
75.9466
75.4164
74.9956
75.3001
75.9524
75.3529
75.3126
74.9429
75.8058
75.1019
74.8148
75.446
74.8812
76.218
75.9435
74.8873
75.7579
75.536
74.9926
75.4947
75.7565
76.0777
76.1028
76.1541
74.8042
75.2403
75.3839
75.6275
75.9873
74.847
75.0853
75.6339
75.4634
75.2809
76.1341
75.1158
75.8338
75.1467
75.2587
75.3395
75.4486
75.2735
75.9856
75.5298
75.1915
75.629
75.6171
76.1494
74.8651
75.8097
75.3441
75.8215
75.5873
75.1468
75.6756
75.5915
75.5872
76.2595
74.9191
75.2745
74.8065
75.2044
76.1084
75.4699
75.6853
75.9424
75.7857
75.2191
76.2891
76.2443
75.7586
75.4377
75.2178
75.4442
76.1675
75.6093
76.2733
75.4846
75.4587
74.8383
74.9942
76.0027
75.8599
75.7816
74.8496
75.2355
75.0731
75.6367
75.195
75.1921
76.1112
75.2015
75.5965
75.9195
75.8714
74.9819
75.562
75.357
75.401
75.5511
75.3014
74.8596
76.1889
75.7192
75.5039
76.0564
75.0285
75.4771
75.241
75.6872
75.5155
75.4352
75.3899
75.0753
74.9168
75.4395
75.5108
75.1899
76.2762
75.9058
75.582
76.0873
74.8074
74.8786
75.7069
75.8788
75.0604
74.9689
74.9358
75.6614
75.72
75.4372
75.721
75.6088
74.8564
74.9249
75.3652
75.0849
75.602
75.8062
75.972
74.8175
74.9414
75.0619
75.0928
75.0582
75.7014
75.8036
75.4481
75.6776
75.4095
76.2301
75.4649
75.4169
74.8087
74.8718
74.9956
75.0691
75.0407
75.1314
75.9305
75.9607
75.7686
75.3515
75.2695
75.825
75.4764
75.8347
76.1099
76.2784
75.3409
75.782
76.2959
75.4823
76.0439
75.0887
75.7405
75.4453
76.0924
74.8886
74.8229
75.2018
74.8187
75.4878
75.8187
74.8274
75.5596
76.0143
75.0965
75.8003
74.8458
76.227
75.4609
75.8144
75.2785
75.9304
75.3394
75.955
75.4651
75.1493
75.9334
76.0061
76.1313
75.9293
75.1884
75.8752
76.218
76.1289
75.0205
76.0104
76.2175
75.0434
74.9122
76.2363
75.7312
75.9309
76.2636
74.9908
75.6452
75.0601
75.991
75.691
74.9871
75.1519
75.2054
75.4657
76.2823
75.7448
75.1206
75.4475
76.0941
76.254
75.1535
75.9254
75.8833
75.5419
75.5006
75.8013
75.3708
75.7211
75.5117
75.2884
75.9645
75.6239
75.2246
75.3957
75.2548
75.1883
75.5865
76.1
75.4484
75.2775
75.491
75.6355
75.6294
75.8964
74.8012
75.6118
75.3412
75.1218
76.2592
75.1353
75.0758
75.1127
76.2607
76.1591
75.8547
75.4613
75.6604
74.9255
74.8824
74.8721
75.4139
76.0469
75.696
75.8385
75.1426
76.1508
76.2268
75.9291
75.9509
75.3752
74.9066
75.1419
76.2107
75.736
76.2383
76.2118
75.0478
75.2794
75.0336
75.007
75.6147
75.3094
75.3198
75.5753
75.1684
74.8744
76.2366
76.0288
74.9999
74.819
76.1009
75.6138
76.0659
75.4969
75.1523
74.9084
75.3477
75.079
76.0375
74.9986
75.6542
76.1441
75.3405
75.5648
75.5801
75.2787
75.4767
75.8278
75.7581
75.7103
76.0349
75.0728
76.2197
75.0546
75.8481
75.0881
75.1291
75.7847
74.8169
75.3289
75.8037
76.1179
76.1427
75.5695
75.3148
74.995
75.678
75.8625
75.274
75.4155
76.0611
76.1282
75.2595
75.1016
75.393
76.0396
75.5803
76.0697
75.5674
75.0384
75.48
75.3023
75.3112
75.3997
75.5569
74.8593
75.6878
75.886
75.844
75.7047
74.9149
75.3476
75.5225
76.2576
76.1172
76.0373
74.9526
75.4951
75.5998
75.4266
76.1106
75.3609
75.2548
75.0701
75.6625
75.8478
74.8097
74.9428
75.6175
75.5771
75.1812
76.2975
76.0793
75.6924
75.3972
75.3363
75.7517
76.285
74.9222
75.2956
75.6896
75.0371
75.8433
74.9122
74.9947
75.6605
76.1495
75.1473
74.8556
75.4493
75.7739
76.1661
76.0102
76.2287
74.9362
75.3727
75.7765
74.9459
75.5154
75.0941
75.723
75.8966
75.0916
75.5023
75.289
75.6888
76.0386
76.2406
75.6738
76.1608
75.2363
75.0634
74.8979
76.2796
75.1756
75.0926
75.64
75.025
75.4399
75.6956
75.6743
74.9139
75.5618
75.3845
74.8426
75.698
75.9572
75.8191
75.8439
75.1726
76.1132
75.2668
76.2692
74.9048
75.9691
75.2582
75.7936
75.7077
75.1988
75.1674
75.5684
75.6351
75.4308
75.6663
75.6146
75.8063
75.9589
74.9547
76.0313
75.0989
75.8503
75.4056
75.2127
75.1121
75.9901
75.2553
76.0101
75.6473
76.2744
75.5539
76.0199
76.0875
76.0208
75.9891
76.1923
75.6899
74.9473
75.6859
75.0976
75.3461
76.0533
75.866
76.1811
75.184
75.2323
75.4958
76.1903
74.8912
75.6505
75.9217
75.1901
75.2008
75.0273
75.6028
75.5128
76.2175
76.0581
75.2229
75.5647
76.0325
75.9769
75.2846
75.82
75.6976
74.9737
75.7123
75.0875
75.121
75.0983
75.3851
75.667
74.8515
74.9511
75.5481
75.2356
75.3834
76.2439
75.1259
75.4747
75.5944
76.2476
75.8647
75.9951
74.9749
75.1675
75.208
74.8924
74.9256
75.6309
75.6571
76.1581
75.3077
76.1417
75.6781
76.2054
74.8154
75.0905
74.9929
75.1364
75.3887
75.578
76.0034
75.4403
75.7291
75.2516
75.8758
74.8125
75.1955
76.2017
75.4872
75.9898
76.1493
75.0519
75.685
74.8242
75.4195
76.093
74.9166
75.5451
75.4239
75.7737
75.4032
75.9316
75.6154
76.2814
75.837
75.6309
75.0719
76.0299
75.9673
75.6606
75.3079
75.6707
74.8008
76.237
76.1223
75.8767
76.2495
75.0177
75.7784
75.4367
76.2076
75.6277
75.6887
75.5926
75.6519
74.8081
75.3855
75.7685
75.5533
76.0094
75.2421
76.1565
75.641
76.0576
76.1379
75.178
75.3885
74.9097
74.9079
75.0557
75.7703
75.4158
75.9265
75.7712
75.3528
75.7487
75.3478
75.3023
75.9665
74.8262
75.9391
75.874
75.6539
75.3277
75.1666
75.0058
75.3359
75.7521
75.9742
76.0891
75.4615
74.9164
75.9456
74.8025
76.1739
75.7835
75.1805
75.2624
75.8932
75.2884
75.5182
75.3636
75.9042
75.1446
74.8347
74.957
76.0933
75.3826
75.4594
75.7598
75.4088
75.0984
75.3338
76.2627
75.6262
75.7004
74.9685
76.162
75.1525
76.1427
75.9511
75.814
76.2591
75.5967
75.8165
76.133
75.0802
76.1971
75.0954
76.1734
75.1855
75.8136
75.237
76.2897
76.1582
75.2718
74.9468
75.9515
75.8544
75.6062
75.4113
74.9632
75.9046
75.9451
74.9259
75.2308
75.3455
75.0944
75.0928
75.6979
74.9371
76.2439
75.2119
74.8961
75.5407
76.2285
76.2291
75.8209
76.1255
75.0245
75.6943
75.011
76.0381
76.1313
75.0008
75.8962
75.1031
75.1475
75.5477
76.1575
75.9537
76.159
74.8206
75.5583
75.8041
74.9465
75.9891
74.8495
75.2409
76.2819
75.7475
75.378
76.2259
76.1594
75.4741
75.4665
76.0879
75.4032
74.9874
75.9134
75.6277
75.8817
76.1244
75.3658
75.7131
74.8252
74.962