77.5064
77.4618
78.6219
77.0117
79.014
78.2094
78.7493
77.2033
79.0322
78.1964
78.959
77.0788
77.6283
77.168
78.4559
78.1052
79.104
77.9576
77.7136
78.2691
78.6835
78.9618
78.9787
77.6093
78.0316
77.2561
77.8529
78.2357
77.5646
78.6649
77.2728
78.171
79.2267
78.9947
78.2827
78.9407
77.9041
77.7321
79.2441
77.6364
79.0285
78.903
77.8151
77.3567
79.171
76.971
78.5619
78.9751
78.0286
76.9755
77.9441
77.4122
79.0373
77.6228
78.1215
77.7689
77.9789
79.0744
79.1045
78.6436
78.4394
77.0773
77.5146
78.3661
79.1721
78.8973
78.0068
77.7762
77.3294
77.9509
78.5125
77.0578
77.5539
77.0276
77.5146
77.4249
77.0987
79.1765
77.1
78.2273
79.252
78.1441
78.7395
78.9893
78.867
77.561
77.4581
77.5459
77.3354
77.2627
79.2895
78.8747
77.44
77.504
77.9408
77.3121
77.1013
79.0476
78.1882
77.5307
77.6985
77.4007
77.6886
78.3524
77.5284
78.3031
78.8773
77.7271
78.1796
79.0773
79.0543
78.1316
77.9215
78.4938
77.8208
77.4884
79.1548
78.3789
78.1343
77.1901
78.7416
78.1238
79.1649
79.2816
78.7278
77.8057
77.2937
78.9291
77.5533
78.5819
77.1599
78.3517
79.0827
77.9484
77.4041
77.3111
76.9516
76.9814
78.1381
78.2312
79.1588
77.8924
77.0627
77.7802
77.0863
77.9835
78.3687
76.9411
77.0624
77.203
77.2312
78.904
78.4267
77.0961
78.8856
77.8545
78.0017
79.2793
77.4837
78.655
78.5612
77.7435
77.7068
78.3439
78.7919
78.2109
78.7549
78.8435
78.2923
77.593
77.7747
78.1511
78.5855
77.9374
79.0313
78.7718
79.0209
78.1
78.8128
79.1833
78.403
79.1441
78.7874
77.5297
76.9401
78.373
78.4842
78.0419
78.3523
79.0679
77.3969
77.6136
77.5114
78.2037
79.0575
77.0033
77.1145
78.5124
78.9469
78.5069
79.2054
77.4215
77.358
78.4909
78.4589
77.0893
77.9627
78.1798
78.2893
77.4755
78.0632
77.3923
77.3196
77.5505
78.022
77.3597
79.0236
77.2063
78.5016
78.0759
76.9742
78.9985
78.7895
77.5856
77.9022
78.5469
77.6889
78.1168
77.7593
77.3358
77.3236
77.6648
77.8573
77.7816
79.2557
77.0162
77.971
77.9184
78.296
76.9603
78.4939
77.0592
77.4526
78.9135
77.7097
78.5747
76.9733
77.4333
78.8809
78.5749
78.6092
78.9551
78.2735
78.0986
77.2407
79.2757
77.3456
78.0295
78.0924
78.2049
78.4653
78.5161
78.9697
77.0226
76.9977
78.9254
77.1388
78.0687
77.5438
78.5348
78.129
79.1378
78.6939
78.6816
78.7513
77.1036
77.9563
78.8246
77.6369
77.5372
78.0995
76.946
77.1923
77.073
78.1446
77.5329
77.0486
78.5902
78.6625
78.2411
77.4951
77.8278
77.4571
77.1648
77.9504
77.5548
79.1902
78.1891
78.7235
77.434
77.4239
77.5525
77.2718
79.2178
76.9341
79.1231
77.0214
77.9903
78.6477
77.7583
78.6275
77.4472
77.8043
78.9198
77.6201
79.049
77.1527
77.7687
78.3392
78.9152
79.1098
78.9343
77.443
77.2669
79.1991
78.4934
77.9217
79.0893
77.3825
77.3452
77.2233
77.9064
77.9977
77.5951
77.8242
78.0318
77.4182
77.9456
79.1221
79.1659
78.8039
78.4497
77.3131
77.3082
78.0695
78.0332
77.0572
78.3222
78.9019
78.4963
77.9374
78.7117
78.1306
78.4804
79.0787
78.0297
77.6738
77.7004
77.819
78.1563
78.1456
78.1424
79.1627
79.2434
78.8375
77.6869
77.9752
76.9557
78.7325
77.7973
79.2216
78.2364
76.947
77.2347
78.6447
78.1165
78.3679
78.8019
77.1387
77.9698
77.9982
78.1761
77.3815
79.2288
77.3566
77.1602
77.9586
78.1304
77.9606
78.8776
76.9867
79.2062
77.72
79.2494
79.1496
77.2575
77.6363
77.8248
77.3132
77.0688
78.7221
77.2348
78.4052
78.7691
77.5695
77.7499
77.5855
79.0374
77.2518
77.8242
77.7072
78.35
79.1003
78.1887
78.2788
77.1569
78.4489
76.9374
78.3873
77.1095
78.915
78.474
77.0158
77.3349
78.4234
79.2654
77.6924
79.1596
77.7901
78.1056
76.9284
77.2122
78.4405
78.4337
79.0812
79.11
79.2836
77.3668
78.8473
77.2354
78.291
77.2545
78.6853
78.0913
78.5433
77.6642
78.3482
77.6922
77.7016
77.4355
77.9017
77.3165
79.0094
78.0175
77.7515
78.1328
77.9828
78.5439
77.9924
78.873
77.3495
78.0209
79.1852
78.89
77.1545
78.9664
78.6999
77.1381
77.0332
78.2473
77.4735
78.4241
78.6018
79.2588
77.2154
77.8451
77.623
78.6636
78.6373
78.4246
79.1991
77.239
78.8411
78.9085
78.3565
77.2925
77.7413
77.0394
78.9364
78.8338
79.0123
76.986
77.5547
78.8975
78.9759
77.8092
78.5639
78.3759
78.0473
78.6971
77.3231
78.6208
77.8212
79.0249
78.5797
78.1366
77.57
76.9026
77.5002
76.9073
78.4272
77.3993
77.2464
77.9683
77.0078
78.7029
78.3608
77.8492
78.8423
77.9973
77.383
78.5546
78.0832
78.0376
78.1521
77.7591
78.9468
77.416
79.235
77.6942
79.2131
77.2581
77.015
77.7343
76.9831
78.6946
78.9709
77.6531
78.6973
77.1712
77.6605
77.8245
77.6705
78.0069
78.8928
77.7783
77.4098
77.9536
78.7275
76.9521
79.0509
79.2105
78.6067
77.8341
77.9481
77.4588
78.6932
77.5949
77.9749
78.6282
78.3891
77.888
78.9864
78.5041
78.7222
79.0695
77.8987
78.3932
77.4226
77.296
78.6643
78.1831
78.2205
77.0348
79.29
77.8132
77.9131
77.3998
78.8668
77.3406
77.4519
78.6177
77.2511
79.1586
77.1518
78.2992
77.3174
78.945
78.9942
78.3923
78.2733
78.0833
76.9802
77.9597
77.2874
78.8025
77.7291
78.2861
77.8956
78.2517
78.6821
77.26
77.1348
77.6026
77.3948
77.1248
78.5158
78.4079
77.6246
78.0826
78.8486
78.1764
77.4003
79.1997
78.035
77.6521
78.1989
78.4524
77.2971
77.8931
77.5447
78.6704
79.0764
77.6249
77.3301
77.0637
77.1274
78.1592
78.4498
78.123
77.1109
77.8319
78.483
77.3458
78.5345
78.9778
77.5706
77.7503
78.0857
78.2951
78.9329
77.6343
77.1716
77.0333
77.534
78.3065
77.7854
78.8329
77.4589
78.1825
77.426
78.1036
77.5529
77.2023
78.8285
77.983
77.3661
79.0558
79.2422
78.9159
77.8788
77.0531
77.4478
77.0618
77.4989
79.0823
79.1396
78.1695
77.5326
77.9253
77.1646
77.1656
78.6595
77.4362
77.2988
79.2935
78.8427
78.1842
78.8264
77.0016
77.0667
76.9523
78.2052
77.7197
77.2547
77.7337
78.8027
77.7208
77.4895
78.7449
77.3367
78.4683
78.898
77.8845
78.6301
77.0969
77.6669
78.4697
78.3664
78.2995
77.0949
78.631
78.5651
78.8545
79.1671
78.9639
78.8479
78.7098
77.8481
78.3743
78.8114
78.0148
78.4266
77.7166
78.8345
78.7813
78.5503
78.3372
77.2021
79.1398
77.782
77.6388
78.3081
77.38
78.6233
77.6382
77.5769
76.9902
79.2079
79.0433
78.3897
77.0028
78.3742
77.6548
78.9573
78.2414
77.3186
78.5052
77.6512
78.2667
77.5795
77.1626
76.9815
79.1062
77.9792
78.916
78.5875
77.2295
77.9532
78.8896
77.0692
78.8352
77.2284
78.4773
76.9152
78.9518
79.2155
77.5921
79.042
79.1234
77.3354
78.1317
79.2262
78.8096
78.8865
78.8835
77.751
76.9051
78.0888
78.5022
78.2718
78.7683
78.7647
78.3534
78.5745
77.4439
77.9694
77.862
77.7734
79.0226
77.4516
77.9426
78.5578
77.78
77.1199
78.573
77.4318
77.0354
79.2651
77.1738
79.2588
77.3005
78.4055
79.185
79.2101
77.992
78.7686
77.6611
77.9971
77.5573
79.2633
76.9689
77.0256
78.728
78.4223
78.7001
79.2719
77.0917
77.2621
77.7452
79.2143
77.8137
78.7878
78.472
78.6937
79.0077
77.745
79.2255
79.1431
77.7101
77.0993
79.1019
78.1105
78.6048
78.9869
78.0207
77.2967
78.4555
78.7818
78.3938
79.1128
78.745
78.4627
79.2384
78.173
77.585
78.6385
78.1449
77.7767
79.0006
78.9901
77.691
77.5143
78.478
79.263
76.908
78.1856
77.708
79.2336
78.0287
78.518
77.0329
77.8306
77.3286
78.7376
77.5175
78.4492
79.1344
79.073
77.931
78.2282
78.8858
77.3761
77.3909
78.8242
78.6491
78.0759
78.1627
77.494
78.9526
77.8633
77.1842
77.3436
78.4776
78.7621
77.3066
78.4856
77.6478
78.1145
78.4192
78.7765
77.3326
78.552
77.3071
77.7611
77.9897
77.9246
76.9104
77.824
77.6976
77.9414
79.1522
77.2834
78.4175
77.2431
79.2075
77.7666
78.419
78.0702
78.3606
78.0716
79.0335
78.6447
78.5152
78.2111
78.1068
78.9218
77.3967
78.8546
77.7363
78.9159
78.3311
78.1689
78.1679
78.7381
79.03
79.2576
77.3627
79.0403
77.7816
78.1603
77.6817
77.6338
78.5436
79.1992
77.9769
78.4512
77.6657
77.0959
77.2214
79.1263
78.2675
76.9549
78.471
77.4827
78.266
77.2779
77.1045
78.7627
79.2325
77.9408
78.3786
78.2635
79.2097
77.2466
77.7017
78.9396
77.2042
78.1644
78.68
78.0858
77.0247
77.0617
78.8197
78.6683
76.9609
77.4966
77.8195
77.7266
77.6925
78.1409
77.5529
79.0601
78.1958
79.124
77.2428
77.1618
77.1019
77.4473
79.0245
77.0343
78.4881
78.1032
78.3979
78.3978
78.4498
79.1996
78.0374
78.754
78.0639
77.4174
77.5398
78.1886
77.5791
77.0595
77.5569
77.64
77.6561
78.4763
78.4666
78.4487
77.3172
79.1195
78.2087
78.613
78.9435
78.5515
78.8747
79.1453
79.0988