79.8179
80.3279
79.3259
79.9221
79.1493
78.6381
79.5428
80.0433
80.3334
78.6914
80.2023
78.6499
78.8549
78.7175
79.8923
80.3699
80.0096
79.3034
79.4761
78.6444
79.554
80.4129
80.3986
79.4061
80.4413
80.3348
78.6503
79.6326
79.2299
79.0482
80.2079
80.4478
78.7761
78.9338
79.7699
79.3254
78.9719
78.7127
78.7688
78.7053
78.8041
80.371
78.7552
79.0591
80.4886
80.0475
78.8289
79.8981
78.751
79.705
79.9425
79.7049
79.5179
79.7411
80.511
79.3592
79.476
80.5614
80.3918
80.1059
79.0096
79.9997
79.9537
79.1857
80.3335
79.1236
79.9111
78.7054
79.2363
80.0799
78.8107
79.4404
79.851
78.9658
79.8994
79.7395
80.4134
80.1284
79.0376
80.5643
79.2334
80.3802
79.6693
80.1513
79.5213
79.5803
78.9105
80.3973
79.5417
78.7023
79.9032
79.9513
80.1019
79.2568
80.537
79.8354
79.7804
79.8481
79.9408
80.4167
79.328
80.1515
79.257
80.579
80.5173
80.5565
79.7185
80.3307
80.0849
80.1561
80.295
78.7183
79.9363
79.3643
80.2696
78.8576
80.3445
80.5801
78.6549
79.2862
78.6823
79.9581
78.6375
80.1843
78.6149
80.5744
79.4197
79.7953
79.8226
78.7605
79.612
80.5506
80.3119
80.2691
80.5295
80.2292
80.2255
79.648
79.9599
79.7104
79.2041
79.6549
79.8287
80.5405
80.4191
79.4982
78.7981
80.1637
79.4783
78.853
78.8499
79.5606
80.2111
78.8874
79.1449
80.226
78.8618
79.9646
79.4214
80.0844
80.125
80.4334
80.035
79.837
80.1024
79.9645
79.4662
79.728
79.0125
78.8261
78.8384
79.6167
79.881
80.0671
79.5571
79.7001
78.9653
79.7552
79.2638
79.8436
80.0082
79.5137
78.8042
79.6193
79.8011
79.3491
79.2454
80.063
78.7137
80.0668
79.5474
80.2387
79.9002
78.9823
79.4757
79.4026
80.3468
80.3419
80.5306
78.7594
80.568
78.769
79.7761
79.849
80.2361
78.7332
78.9491
78.6014
79.8884
79.6129
79.845
79.2967
80.5266
80.0492
80.316
79.7278
78.7983
78.9614
79.1907
78.9119
80.4282
80.1381
80.5506
79.7283
80.5204
79.4263
80.531
80.2673
79.1681
80.4616
80.4267
79.1361
78.6306
79.6027
80.385
80.2666
79.7359
78.7341
80.268
79.0243
79.7471
79.5129
79.721
79.6737
78.9621
79.437
78.8015
79.1604
79.7984
79.3922
79.4723
79.6266
78.9303
79.4229
78.7549
78.8507
80.2492
78.6859
80.518
78.8173
80.5475
80.3447
79.3534
80.578
79.3474
79.1384
80.2447
80.4834
79.2726
79.9127
78.9077
80.4196
78.8256
80.0287
79.4933
79.1877
78.8657
79.6948
79.7481
80.0641
80.487
78.6204
79.0907
78.8173
79.4434
79.2457
79.068
79.0925
79.3316
78.9861
79.3098
79.2791
78.7308
80.0632
79.2571
79.4782
78.6016
78.9018
79.3616
79.2742
80.2145
79.6693
79.0939
80.4401
79.098
79.9872
79.0278
79.3637
79.082
80.1759
78.8279
78.969
80.1964
79.3186
79.1863
79.0397
79.9643
79.6543
79.5323
78.6959
80.0404
80.2421
79.375
80.1711
79.7053
80.0321
79.0494
79.7069
80.3339
79.811
80.3811
79.9484
78.8802
78.875
79.7885
79.3783
80.2622
80.2163
80.142
78.7442
79.7922
80.3699
79.1132
79.3886
79.0885
79.6994
79.8283
80.4527
78.7537
78.7606
80.5486
80.1941
80.4027
79.3236
79.7652
79.5079
78.7557
80.2146
78.6149
80.4896
79.4255
80.396
79.8379
79.7058
78.671
79.0264
80.484
80.3332
78.6427
80.026
80.4774
79.8349
79.7959
78.9906
78.6235
80.2843
80.09
79.8519
80.1371
80.2437
80.0125
80.0857
79.8378
79.8151
78.8093
79.003
78.7231
78.9649
78.6176
78.738
78.8545
79.4431
80.534
80.0925
80.5489
78.605
80.5189
80.4329
80.3383
80.5615
79.8589
80.2157
79.7964
79.0548
78.6063
79.82
78.7391
80.0963
79.0718
80.2762
79.74
80.4843
79.7618
78.9778
79.6994
79.9711
79.3808
79.8225
80.3361
79.3984
79.9605
80.5906
80.2415
79.8945
80.083
80.1904
79.8995
80.0019
80.0234
79.6378
79.9634
79.2823
79.2535
79.1599
79.7371
79.2598
80.3798
79.8763
78.7561
78.8517
79.5524
79.8961
78.736
78.7143
80.2739
79.8354
80.0854
79.0547
79.0579
79.8214
79.8531
80.4184
79.812
79.4947
79.7129
79.295
79.0851
79.0124
78.6969
80.5085
80.0502
80.0603
79.1908
78.7036
78.6202
80.3279
79.3634
80.4
79.6042
79.5194
78.6517
80.5566
78.8155
78.7876
78.6709
80.4894
80.023
80.1563
78.9441
80.481
79.3777
80.1972
80.2994
80.5897
79.0919
79.4123
79.2848
79.577
79.8247
79.3817
79.4855
79.2748
78.842
80.0763
79.3784
78.8622
79.8042
80.1418
78.6622
78.8084
79.0612
78.7138
78.765
79.2768
78.9014
78.8359
79.1662
80.3245
80.3922
79.5103
80.2054
79.1699
79.1075
79.9048
79.1596
79.5994
78.717
79.8444
80.5764
79.9417
78.626
79.4619
78.6165
78.868
78.9381
79.3949
79.1302
80.1423
78.9368
79.1923
80.3507
79.398
79.3062
80.5157
80.0748
79.6076
78.7515
78.6409
79.332
80.5437
79.5512
78.9374
79.1136
80.0588
80.2422
79.6732
79.0582
80.3593
78.9175
79.0346
79.701
78.9436
79.8964
79.7175
79.2116
80.2346
80.5124
79.7418
79.7769
78.8491
80.3341
79.5275
79.6471
79.0403
79.4432
79.1219
80.0479
79.5948
79.1628
78.7799
79.5385
80.1141
79.1173
80.052
79.5729
78.7596
79.1252
80.0311
80.5188
79.4427
80.4657
79.6198
79.7863
79.7621
78.7372
80.398
79.3967
78.6496
79.5398
80.5735
78.8988
79.2739
79.5011
79.9459
79.7142
80.3443
80.4678
79.1621
79.339
79.0307
79.342
80.2775
80.5448
79.8593
79.7295
79.5176
80.0189
80.2547
78.9487
79.9377
79.0975
78.8143
78.9575
80.2838
79.9764
79.0947
80.0818
78.7731
79.1444
79.0215
78.7466
79.4431
79.6954
79.6477
78.789
78.8097
79.3919
78.6569
79.3717
80.131
79.0875
80.1137
79.8085
79.0323
79.3731
78.938
79.9499
78.792
80.5927
80.2986
80.1297
79.0902
80.5129
80.4872
78.774
79.8893
78.9819
80.2558
80.0624
79.5263
78.6774
80.209
80.3694
79.7728
79.2567
80.5585
79.9825
80.0487
78.6153
78.7542
79.5796
79.1029
80.268
78.7881
79.5351
79.041
79.1261
78.885
79.233
79.1189
80.5836
78.7627
79.6091
80.4965
78.6499
79.7831
79.7858
79.0319
79.439
79.2482
79.9582
79.5163
78.8573
79.7276
78.6891
79.514
79.6861
80.0716
78.9626
79.7014
80.2258
79.9423
80.2043
79.8938
80.1304
79.1394
80.3348
78.6565
79.4245
78.9678
79.1754
79.4081
79.1305
80.1845
79.3045
79.1805
79.3676
80.4904
79.6124
80.2066
79.1386
78.9705
79.1229
79.3959
80.0982
79.212
80.3099
79.1843
78.6836
78.6725
80.2857
80.3095
80.0148
79.89
79.6032
79.5452
80.4295
79.3381
79.6017
79.254
79.7059
80.177
80.062
80.2364
79.7615
78.7666
78.8169
80.5291
78.6569
79.8292
80.1357
79.1955
80.1998
78.6585
79.9914
79.6979
79.2706
79.7012
80.2822
79.3542
79.7737
79.968
79.0637
79.1885
79.258
80.0669
80.1337
79.0875
78.8049
79.1353
79.7415
79.9108
78.7124
79.2035
79.5472
79.8738
79.37
79.7641
79.8029
79.4269
78.9933
79.3386
80.0225
80.5931
79.3971
79.4138
79.691
80.0677
80.5151
79.3732
78.8219
79.6888
78.7412
79.2855
80.2773
79.3992
78.7524
79.811
79.8867
78.9574
80.3463
79.0282
80.2682
80.4587
79.6316
79.2154
79.7325
80.4017
80.3794
78.9355
79.2286
78.7727
79.6741
78.6511
78.7658
80.4712
79.4649
79.8568
79.9389
79.38
78.6301
80.1608
80.4689
78.7712
78.8463
80.1462
79.5705
78.9987
79.3572
78.8572
79.356
79.1035
79.2853
79.0242
78.9622
80.3169
79.6396
80.0948
80.1186
79.419
80.4302
78.7472
79.5918
79.5043
78.7983
79.7576
79.3755
79.6632
79.0144
78.7144
80.4433
79.0444
80.2751
80.3121
79.2157
80.5214
79.8583
80.1861
78.9201
78.6155
80.4433
79.6761
79.1191
79.1286
80.1003
79.4813
78.8456
79.1398
78.9761
80.3642
79.9589
78.8063
80.5114
78.9506
79.7106
78.7097
80.1082
80.4861
79.7729
80.5225
78.6004
79.6162
78.967
80.2755
79.3283
79.5826
80.1969
80.5866
79.1688
80.5169
78.6021
79.0121
79.593
79.1212
79.5407
79.0933
80.0025
79.7862
79.6332
80.3785
79.5504
78.992
80.5848
79.4618
79.3426
79.6954
79.5714
78.8508
79.5814
78.7443
78.7733
79.5819
79.7605
79.1403
79.2574
80.4888
80.123
78.8543
80.4754
78.6917
78.7712
80.4775
79.1038
79.7643
78.9987
80.0444
80.2576
80.4011
79.2307
79.2908
80.1796
80.181
79.6828
80.1644
79.0428
80.4254
79.2598
80.0142
78.6762
80.2412
80.1586
78.8496
79.2231
79.3191
79.3899
79.8805
79.2079
78.9128
80.1347
79.0833
79.0046
80.306
78.9608
79.5083
79.4702
79.3594
78.9528
79.1278
79.1605
79.5834
79.8186
78.7402
79.1645
78.9013
80.3046
79.6072
78.7268
78.9644
79.0214
78.803
78.6057
80.58
79.0525
79.2288
79.2991
79.8424
80.5093
79.9069
80.1552
80.044
80.3902
80.5598
79.75
78.751
79.4681
78.6202
79.5104
79.8209
79.148
80.0709
78.8044
80.3665
80.2111
79.3688
78.6679
79.9157
80.376
78.7946
80.2801
78.7975
78.9976
80.2858
78.7775
79.4501
78.9146
79.4765
78.6925
78.8238
78.7835
80.2477