82.3598
81.0729
81.9092
82.4199
82.9922
82.3688
82.4674
82.4143
81.2519
82.2816
82.3942
82.1691
81.3513
81.0098
82.2598
81.2169
82.9193
82.8679
82.654
82.1763
81.0249
82.6044
81.3385
82.9684
82.0886
81.5715
81.9714
82.2514
82.9691
82.0191
81.4199
82.3289
82.092
82.3291
81.7488
82.0842
81.6978
81.2162
81.4985
81.9497
82.4979
82.8927
81.1189
82.8492
82.9025
82.3787
81.0661
82.8218
82.2466
82.7202
81.998
82.2715
82.3246
82.3366
82.2399
81.4131
82.908
81.2113
82.6645
82.8772
82.2304
81.0844
82.2061
81.3223
82.4134
82.9549
82.4065
81.1113
81.1712
82.905
82.061
82.669
82.7977
82.1799
82.5182
82.7001
81.5586
82.5844
82.5219
82.8052
82.3046
81.5199
82.0767
81.6291
82.8565
81.3166
82.0422
82.7645
81.5279
81.7067
82.6417
82.7583
81.7911
81.8479
81.0806
81.2046
81.8028
82.4872
81.3158
81.9739
82.3922
82.3768
81.6429
82.1898
81.5567
81.1612
81.8899
82.1152
82.7456
81.4118
81.9204
82.0501
81.9317
82.9971
82.6792
81.7882
81.3137
81.7215
81.5528
81.8416
82.4282
81.1945
81.5998
81.2193
82.0424
81.6805
81.4239
82.8451
81.1676
81.7397
81.8191
82.5598
81.1165
82.462
81.7496
81.6732
82.6232
82.6395
82.7885
82.3688
81.0513
81.7089
81.4189
81.9831
81.706
81.0981
82.7713
82.0197
81.8196
81.3241
82.8612
81.2478
81.5186
81.4611
81.4671
82.5609
82.1415
81.8909
82.4061
82.3092
82.6306
81.2251
81.8689
82.7472
82.6871
82.6185
81.4204
82.3103
82.258
81.2089
81.6791
82.3094
81.9178
82.0979
81.2924
82.6238
82.196
81.0638
81.6434
81.0156
81.3878
81.5046
81.2634
81.9064
81.9657
81.7304
81.4673
81.1072
82.6214
82.8734
82.4164
82.252
81.0985
81.2853
81.9992
82.7856
82.9038
82.4196
82.0959
82.1618
82.6285
82.7749
81.4712
81.5462
81.8729
81.7637
81.17
81.0689
81.8274
81.8134
81.0845
82.2152
82.3181
81.3478
81.1216
81.2838
82.0783
81.5889
81.391
81.6997
81.4623
82.8074
82.9517
81.5608
81.0927
81.9509
81.3464
82.9965
81.3705
82.4423
82.1583
82.999
82.2172
82.6295
81.5452
81.09
81.3932
81.7152
81.1589
82.2206
82.5287
81.2434
81.4358
81.8467
81.5913
81.5574
82.1305
82.6696
82.1464
82.5215
81.3692
82.6087
82.3288
81.3209
81.1695
82.4215
82.2718
81.5159
82.418
82.6423
82.9581
81.5763
82.6413
82.1753
81.2058
81.1865
82.2654
81.599
81.9017
82.4243
82.8196
81.4304
82.6677
81.2554
82.2771
81.259
81.8128
81.4076
82.9286
82.9592
82.929
81.2978
82.5679
82.2578
81.6187
82.7374
81.6793
82.8905
81.2533
81.0973
82.5328
81.2114
81.6736
82.1741
82.3867
81.8794
82.3606
81.652
82.4784
81.2623
81.0763
82.298
81.6927
82.7441
82.5533
82.9698
81.0031
81.3662
81.3773
82.9317
81.3253
81.3063
81.2295
82.8932
82.5642
81.8482
82.6306
81.2435
81.7387
82.8839
81.3408
81.2715
81.0953
82.0144
82.4456
82.4819
82.8938
81.8062
81.134
82.3722
82.0685
81.2103
81.6702
82.7612
82.9544
81.2235
82.731
82.9575
81.5897
81.1083
82.8891
81.915
81.4146
81.1186
81.8083
82.9787
81.9668
81.4389
81.2222
82.7055
81.3228
81.563
82.977
81.418
82.5774
82.4227
82.8999
82.4712
81.2289
81.0339
81.8434
82.2974
81.2443
82.5136
82.0586
81.1987
82.7371
81.7896
81.1562
81.3268
81.8978
81.0453
82.2418
82.3124
81.1639
81.05
82.2912
82.1307
81.4889
82.5134
81.8362
81.8117
81.0764
81.8132
82.2297
82.6538
81.2359
82.1296
82.1251
81.4648
82.1636
82.9685
82.7622
82.4078
82.4821
81.8208
82.6065
82.2192
82.6104
82.7626
82.546
81.5083
82.8079
81.7878
82.8207
82.9718
81.8378
82.1118
82.1025
82.3267
81.6252
82.9387
81.1384
81.7016
81.7519
82.3681
81.3554
81.9878
81.4977
82.4805
82.4526
82.6613
82.449
82.2148
82.0691
81.9311
81.0356
81.6756
81.1503
82.646
81.4382
82.6963
81.1543
81.2462
81.4841
82.975
81.218
82.3219
82.0868
82.3205
81.6486
82.712
82.2592
81.7871
81.4136
81.011
81.1552
81.769
81.9988
81.6529
81.2495
81.4514
81.3142
82.6985
82.6662
82.3834
81.6296
82.7018
81.059
81.7799
82.3478
81.4972
81.4762
82.5022
81.7434
81.9603
82.4771
81.9614
81.2822
81.5639
81.2819
81.9308
81.2759
82.541
82.7179
81.6895
82.5521
82.8731
82.4586
81.5509
81.526
82.7081
82.0023
81.8402
82.4066
81.6685
81.2236
81.0363
81.3703
81.2826
81.8162
82.7181
81.7798
82.2924
82.2203
82.5232
81.2527
81.6974
81.4846
81.5349
82.2614
81.7665
82.4658
82.5373
81.3075
82.1837
81.2268
82.8595
82.0567
82.6854
81.4104
82.5827
82.3935
82.4127
81.4229
81.8001
81.0812
81.6465
81.8364
81.4515
81.9291
82.6526
81.1697
82.709
81.945
82.39
82.2322
82.1977
81.0874
82.7168
82.7326
82.3488
81.4833
82.1984
81.886
81.7908
81.3821
82.1129
81.6503
82.4388
81.7983
82.0608
82.0215
81.1918
81.4735
82.4445
81.9919
81.5547
81.091
82.8283
82.0063
82.0201
82.4808
82.176
81.7291
81.4258
81.5659
82.9613
82.6235
81.6534
82.6782
82.3562
81.0021
81.1615
81.5546
81.8882
81.9522
81.9367
81.001
82.6026
81.3755
81.7993
81.6633
82.397
81.991
82.1368
81.8415
82.9829
82.6916
81.9325
82.8112
81.6978
82.9526
82.292
82.8738
81.6817
82.7178
81.4397
81.6431
82.3414
82.0931
81.3213
81.6975
82.0952
81.4827
82.2521
82.9834
82.435
81.1888
82.9844
82.0375
81.5643
81.7837
82.7008
82.9613
82.7747
81.8376
81.8027
82.7576
81.5292
82.7352
82.5688
82.227
82.6878
81.8608
82.1008
81.3696
81.5787
82.5406
82.0127
82.9201
81.6337
82.3339
81.6176
82.7289
82.8166
82.8697
82.7123
82.2516
81.0585
82.6967
81.2891
81.6228
81.4804
82.9899
81.5841
81.2551
81.8275
82.3869
81.0127
82.3567
82.1221
82.5815
81.5837
81.8099
81.4424
82.6846
82.1795
82.0211
82.2251
81.1921
81.9411
82.8588
82.526
82.5587
82.5877
82.3427
82.4285
82.2999
81.5942
82.487
81.9966
81.8833
81.1098
82.4769
81.8732
81.6939
82.732
82.7008
81.0808
82.7447
82.0575
82.2029
82.3262
82.6412
81.0127
82.7686
82.3258
82.1922
81.7897
81.5509
82.3843
82.7308
81.4097
81.9104
82.2896
82.9973
81.253
81.718
82.2972
81.8473
81.205
81.2938
82.7306
81.3148
82.7708
81.6039
82.0087
82.5028
81.3046
82.0895
82.2475
82.3621
81.2923
81.5737
82.0034
81.3051
81.3424
81.3291
82.4973
82.1321
81.88
81.8816
81.8629
82.2897
82.792
81.1525
82.287
81.045
81.8705
81.5843
81.8923
82.0755
81.8781
81.6229
82.3903
81.6488
82.2268
81.399
81.1516
82.5314
82.4885
82.3991
81.8936
82.7808
82.9728
82.8969
81.0859
81.3152
81.2261
82.5832
82.4473
82.1061
81.4649
81.3102
81.3958
81.2569
81.4626
82.6828
81.3019
82.3331
81.2671
82.1943
81.4086
82.1452
82.8172
82.7989
82.794
82.044
81.1979
82.9456
81.5755
82.6864
82.3447
82.469
82.4672
82.3175
82.366
82.5532
82.6327
82.592
82.1364
82.0799
81.6981
82.6013
82.3901
82.0939
82.8582
82.8527
81.7767
81.1601
82.1859
82.0438
82.3544
82.5945
81.189
82.1716
82.3933
82.983
81.2156
82.5912
82.9286
81.7911
82.2776
82.2733
81.2601
81.7448
81.5908
82.6261
81.298
81.2234
82.2181
82.4344
82.3034
82.9162
82.0356
81.6935
82.0102
81.8938
81.5462
82.7869
82.0539
82.7321
81.8307
81.4083
82.3265
82.0197
82.5799
81.7199
82.0027
82.7956
81.3111
81.9313
81.5866
82.5887
81.2045
81.8468
81.3335
81.7953
81.4729
81.6314
82.0187
82.691
81.0658
81.3221
82.6072
82.1014
82.0156
81.6174
82.9952
82.5619
81.4043
82.0491
82.2939
82.235
82.4575
81.6205
81.2548
82.0374
82.3404
82.2575
81.8329
82.6514
81.1888
82.4196
82.2401
81.3933
81.2663
82.5736
82.1886
81.7392
81.205
81.2074
81.4302
81.2708
81.5295
81.0374
82.3722
82.5451
81.6547
82.3674
82.107
82.059
81.4165
81.4009
81.2941
82.874
82.0214
81.5489
81.9114
81.3618
82.8064
82.7443
81.0132
82.9951
82.1639
82.2533
81.3885
82.4302
81.8269
82.5771
81.1694
82.0319
82.7845
81.5996
82.3027
81.314
81.6369
81.6748
82.8591
82.2917
81.0422
81.9661
81.3507
81.4588
82.367
81.6448
81.3328
81.3884
82.1936
82.2441
81.7502
82
81.9884
81.7635
81.9951
81.1523
81.0168
82.3836
82.5825
81.8437
81.9606
82.752
82.8756
81.7451
81.3515
82.1782
82.0591
81.9885
82.8531
81.9181
81.2801
82.8953
82.8842
81.6308
81.3541
82.2512
82.2756
81.6869
82.6396
81.4693
82.931
81.3899
82.4693
81.9194
82.1533
81.4644
82.0717
82.1701
82.8479
81.6543
81.0138
81.8086
81.4062
82.8894
82.5537
81.7578
82.0676
81.6127
82.7462
81.9207
82.5309
81.0264
81.816
82.4151
81.6572
82.1701
81.6663
82.9328
82.857
81.306
81.4021
82.788
81.6958
82.8713
81.7074
82.8491
81.3357
82.7791
82.0192
81.1837
81.4334
82.033
81.9923
81.8396
81.9224
81.5459
82.5974
82.99
82.1587
82.3436
81.9107
81.6896
82.37
82.7267
81.1047
81.0272
81.8968
81.771
82.9601