84.449
82.5241
83.0746
84.1179
82.4093
83.4686
84.2694
83.368
83.1627
83.4505
83.8603
82.7908
83.0426
83.3033
83.3393
82.127
82.61
82.6301
83.3904
82.8025
82.1053
83.7547
84.3377
82.4341
82.0648
83.9496
83.0511
83.8598
83.361
84.3731
82.3594
83.31
82.3972
83.434
82.9279
82.8065
82.4026
82.6973
84.1744
83.5653
84.1478
83.5347
84.3561
82.6904
82.338
83.1954
82.8174
82.9481
83.8255
84.2077
83.7506
83.9308
83.4625
83.5883
84.3649
83.5273
83.038
82.916
82.8871
84.3989
82.789
83.2465
83.2089
83.1862
82.1805
84.1369
83.9927
82.583
82.3341
83.6672
84.1483
84.4819
82.7019
84.0044
82.6723
83.0399
82.6998
83.4897
83.988
82.0253
83.1974
83.2386
83.9561
82.1599
82.3269
83.821
83.6872
83.3649
82.237
82.0743
83.2638
83.026
83.3207
84.4728
84.2122
83.5012
84.1096
83.705
84.0842
84.4438
82.8721
83.7325
84.4257
83.574
83.2369
82.598
82.1139
83.9366
84.0877
84.1019
83.962
82.785
82.8405
83.4181
82.9449
83.1674
82.7391
82.1321
82.0323
82.9761
82.2063
83.2962
84.0021
83.527
83.269
83.7143
82.5282
82.8786
82.9193
82.1124
82.8224
83.7914
83.8449
82.7481
82.8654
82.5818
83.346
82.9794
82.0184
82.9337
82.5813
83.9804
83.7187
83.4218
82.8985
82.1637
82.0893
83.6375
82.2957
82.1216
82.1136
82.502
83.4178
84.1157
84.0291
82.1868
83.33
82.0573
83.0654
84.2493
82.1697
83.8878
83.5407
84.0146
82.1358
84.4062
82.0964
83.4819
82.8855
82.1148
84.4156
83.4669
84.0952
83.6343
82.3887
82.4936
83.7979
82.478
84.1312
84.0937
82.5996
84.2448
82.0957
84.0174
83.8604
84.1247
84.2042
82.6904
84.182
82.7695
82.4397
84.3517
82.1573
83.9804
83.8663
82.2931
83.8865
83.9627
83.775
82.2721
84.0775
83.6905
83.7389
83.6727
82.8248
84.1276
84.1663
82.1227
82.1056
83.7975
84.2164
82.7051
83.5422
84.3121
82.2225
82.9027
83.9368
84.4267
83.5931
83.6188
82.6962
84.0328
83.4705
82.8535
83.5131
82.8368
83.1466
82.8997
82.2995
82.4216
83.1717
84.377
84.1121
82.4107
83.5497
82.4369
82.0383
83.216
82.5597
82.1439
82.5135
82.2761
82.849
84.0557
82.0881
83.0715
82.4584
84.0249
82.9982
84.0515
83.1437
83.6944
83.5842
82.1143
82.0479
82.5974
82.9511
83.1945
83.497
83.2506
83.6161
82.1688
83.1277
83.2282
82.5794
82.1773
83.6651
82.6177
83.3933
84.2247
82.7616
83.9068
82.0008
83.6106
83.4625
82.0889
82.1821
83.9209
84.1138
83.1803
83.4724
82.7576
82.3747
82.5566
82.8718
82.4226
83.1539
83.823
83.6171
82.1509
82.5736
82.7332
82.3197
83.7013
83.9614
82.8991
83.8786
83.1265
83.5168
82.7719
82.8512
84.2784
82.1787
82.852
83.389
83.6413
82.941
83.5712
83.0621
82.5548
82.2515
82.0345
83.3124
82.6262
82.5911
84.1842
83.0488
83.745
83.5072
82.1659
83.8959
84.0808
82.8991
84.2156
83.2821
82.3605
82.6147
82.6607
83.487
84.1316
83.4326
84.3382
83.91
83.6113
82.6902
82.799
82.7526
83.6312
84.3702
83.8147
84.186
82.1217
83.8492
82.9984
82.7478
84.4403
82.6826
83.7966
83.6852
84.1898
83.9625
83.0812
83.7706
82.3616
82.7968
82.5527
82.7221
83.4115
83.2133
84.209
83.043
82.1459
84.0472
82.453
83.7572
82.2375
83.2521
82.0098
83.8687
83.1223
83.8245
83.5547
83.2439
83.1738
82.0531
83.9917
83.114
82.7357
83.2883
82.2993
82.4256
82.7508
83.3804
84.1962
83.1124
84.1772
82.2489
83.8345
83.0887
83.4622
83.5435
84.1317
83.6081
83.0908
82.0848
82.8654
83.3283
83.3368
82.8752
82.697
84.4591
82.1997
84.2517
83.203
83.3735
84.3048
82.6947
84.4875
82.5405
83.9831
82.2868
82.9661
82.2339
83.6672
82.6623
83.3463
83.3444
82.9112
82.6808
84.4331
84.3734
84.2243
84.0648
83.4816
82.8151
84.1496
84.347
84.1433
82.9864
82.7222
82.3403
82.9455
82.9219
82.092
84.1485
84.2954
84.3968
82.3432
84.2829
82.4373
84.3263
82.0697
83.4034
82.0603
83.737
84.0658
83.4066
82.5814
82.477
84.0874
82.5146
82.3504
83.8117
82.0794
83.832
82.1268
84.229
83.6789
84.2701
82.7154
84.4011
82.1104
83.6609
82.823
82.2024
83.3094
82.6184
82.0992
83.6527
82.4013
82.5365
83.479
82.4711
83.9399
83.5393
84.2081
83.5056
82.4459
82.2895
83.9826
82.0333
82.804
84.333
83.845
82.8835
83.6649
83.9718
82.6125
82.8438
83.7419
83.3279
82.7449
83.8523
82.4888
83.5679
84.0547
83.7982
84.1863
84.1539
82.9509
82.0876
82.1903
84.4299
82.5587
84.1302
83.4692
82.2668
83.1358
83.9151
82.5563
82.6184
83.9483
83.3603
82.4514
83.2933
84.2438
84.1163
82.7651
82.3562
82.4602
82.007
83.6841
83.2051
83.8593
84.1729
82.273
83.414
83.4712
84.4593
83.0678
84.4221
82.047
83.2582
84.352
82.6057
82.8884
83.3212
82.8724
84.0242
82.7363
83.4287
82.1426
82.1847
82.289
82.594
83.478
82.0327
82.2104
84.2431
82.3889
82.6705
84.25
84.073
83.8756
83.6093
83.7459
84.1487
82.5233
82.7171
84.108
83.5911
82.6392
84.1549
82.3493
82.4912
82.2606
83.2377
83.8124
83.1331
82.7619
82.0488
82.0617
82.9045
82.2334
82.3507
83.4986
83.7114
82.3834
83.7089
83.4545
82.7724
84.3794
83.2045
82.3454
83.7551
82.3138
84.0913
83.4037
82.8371
82.3084
83.0117
84.4283
82.9476
82.6667
82.2776
83.4387
82.9273
83.5153
82.7512
84.0603
84.2772
82.7999
84.1221
82.6817
83.0334
84.4728
84.1802
82.2448
82.3563
83.3892
83.6993
83.1286
83.2686
82.4038
83.474
82.5237
82.7176
83.0654
83.9274
83.5548
83.3738
82.4391
83.483
84.3213
83.1058
83.7606
83.2601
84.0331
82.7759
84.0113
83.5935
82.553
82.3112
83.2155
83.2347
83.3446
83.1884
82.9149
83.5893
83.5446
84.3041
82.7886
82.1732
83.0727
83.1924
83.6473
83.5964
83.91
82.2127
83.0238
82.9648
83.5864
83.463
84.4479
83.4078
82.0688
83.7085
82.1679
84.1019
84.4844
84.1791
83.1953
82.5374
84.4903
84.4109
83.7721
83.3349
83.0992
82.187
82.4242
82.1438
84.4911
83.2128
82.3171
83.0638
84.4053
83.9644
82.1602
83.8153
84.177
83.184
82.2801
83.2635
82.147
82.228
82.1712
82.2157
83.9365
82.3391
84.3176
83.9208
82.0182
83.0129
84.4582
82.0085
82.9238
83.7303
83.3434
84.0231
83.9174
83.7676
84.1669
83.9085
82.4805
84.484
82.4723
82.3857
83.9484
82.6326
84.2011
83.6254
83.8166
84.4812
82.3889
83.9636
82.2092
82.5601
84.1793
84.1457
82.8992
83.9969
83.5665
82.9174
82.5099
83.5247
82.9259
83.4337
82.755
84.2693
82.9568
82.1724
83.537
82.6237
84.0809
84.0175
82.6077
82.0532
84.4032
82.0561
82.6858
84.1043
83.6815
82.0024
84.0855
84.0703
83.9659
84.2947
82.1304
83.6452
83.9403
83.0296
83.1422
83.0068
83.947
83.652
82.0315
82.3729
82.5857
82.7866
82.1422
83.5425
82.9589
83.6792
84.1662
82.5398
83.1967
82.2738
82.593
83.0999
82.3299
83.2788
82.7042
84.0114
83.2812
82.2897
83.5817
82.7471
82.0844
83.7121
84.3923
84.0247
82.2417
83.0345
82.5315
84.1887
82.1865
82.5631
82.0616
82.7722
83.3496
82.2039
84.3147
84.3085
83.8831
83.9809
82.3484
82.5798
84.2547
82.9414
83.6797
82.0846
84.2202
84.3839
84.096
83.0014
82.1736
83.1778
83.7485
82.2579
82.3899
83.6409
84.2826
82.6316
82.1754
82.3141
82.3204
82.3619
82.8772
82.382
83.1341
84.2268
82.5859
82.9488
84.0354
84.4689
82.4297
84.3837
82.5487
82.1844
82.8251
84.2284
82.269
82.5453
84.1123
84.3651
83.5467
84.2859
83.0428
82.7952
82.0438
83.4327
84.4361
84.3264
84.0644
82.1114
82.1405
84.3847
82.4733
83.0177
82.2667
83.6074
82.7445
82.8525
82.0562
82.2798
82.8215
82.4858
82.1635
83.3702
82.6702
82.9887
83.0986
82.9393
83.534
82.711
82.8043
82.5807
82.4968
83.8471
83.3759
82.5406
82.7798
83.3119
82.367
82.3442
83.4234
82.5075
82.2289
83.8966
83.5251
82.4956
83.004
84.2696
83.3481
83.0602
82.0494
84.1696
83.546
82.213
83.0399
84.2162
83.2016
84.1385
82.6555
82.2356
82.3495
83.4598
82.8163
82.8463
82.807
84.1921
83.3869
83.5868
83.0041
83.7539
83.931
84.4274
84.2613
84.1599
83.8241
83.2864
82.1555
82.3281
83.056
83.5036
83.3883
83.1055
83.1733
82.4343
83.3184
84.2131
82.1505
82.0201
83.8516
82.806
82.2556
84.2011
84.2658
83.0719
82.5474
82.5728
82.7641
83.9343
84.1596
83.7681
83.1881
83.5906
83.6956
82.9495
83.2505
83.0197
84.2359
83.406
83.3477
82.7919
82.4096
82.236
83.8974
83.5828
82.6702
82.7158
83.296
82.8207
82.7359
82.6476
83.6268
82.9915
82.3487
83.3926
84.0634
82.896
83.9654
82.3275
82.3303
83.625
84.0956
83.5185
82.7156
83.2912
84.4679
83.966
84.3109
84.2038
82.872
83.1586
82.4958
83.2816
83.3946
84.3932
82.3644
84.0648
82.609
83.6604
82.3855
83.3449
84.308
84.0123
84.3364
82.1566
82.9049
83.8998
83.0527
82.3703
84.2273
83.383
83.9953
83.8229
82.4015
82.2108
82.6141