86.2821
86.4563
85.742
85.3372
86.0872
86.5109
85.2603
86.2969
85.9869
87.1275
86.8356
86.5283
85.2747
85.6764
85.6311
86.2491
86.5038
85.8264
85.5783
86.5472
85.5695
86.8968
86.5604
85.8239
85.6636
85.7784
86.4578
86.3109
85.541
85.4055
86.8375
86.8231
86.8618
85.3795
87.1603
85.749
86.8904
85.2206
87.0459
85.6773
85.1481
86.6814
85.0055
85.4229
85.1579
85.6366
86.672
86.6616
86.463
85.0502
86.0089
87.0325
86.947
85.3693
85.6564
85.4106
86.1477
87.1142
86.7215
86.6887
85.3197
86.359
86.3118
87.1815
86.7385
86.2721
85.7305
86.4288
86.4927
85.5764
87.1061
86.6409
85.0578
87.1116
87.0638
85.2157
85.5482
86.5357
86.8773
87.0112
86.5859
85.6862
86.8437
86.3329
86.0555
85.3001
86.7435
85.0032
85.2143
86.265
86.6919
85.534
85.4239
85.8038
85.5155
87.1624
87.0759
86.2461
86.3913
86.3686
86.8224
86.2974
85.8095
86.8802
86.209
85.6733
87.0959
86.7572
85.009
86.7732
86.5684
86.5949
85.2594
86.212
85.7279
86.315
86.5121
85.2713
86.3182
86.7264
86.5363
85.8101
85.0604
86.9603
86.6139
85.5759
86.9227
86.4897
86.822
86.1139
85.6584
86.4444
85.2113
86.4679
86.1247
86.4202
87.1411
86.0206
85.9774
87.1501
85.5938
85.3458
86.545
85.8533
86.5578
85.0729
87.1682
85.8699
85.3442
86.2864
85.3963
86.8805
87.0965
85.4566
86.6408
86.5104
86.0325
86.3635
85.8001
85.6545
85.2774
86.4585
87.0989
85.4887
85.7263
86.0236
86.9089
85.6674
87.0442
85.6863
85.6176
85.438
86.0321
87.1626
86.2913
85.3899
85.0355
86.2596
86.2598
85.3797
85.346
86.6561
85.0603
85.2425
87.1127
86.701
86.7528
85.9452
85.8645
85.3529
86.5997
86.1419
86.8113
86.4986
86.6306
85.3377
85.3222
86.3395
86.0051
85.1664
87.0258
86.6227
85.6045
85.8579
86.5853
86.8958
86.2478
86.6208
85.9553
85.3077
87.0005
86.3013
86.9637
87.0607
86.5438
86.8764
86.5618
86.0966
85.6216
85.2263
86.4495
85.0214
86.3682
86.0608
86.52
85.7988
86.3985
86.8422
87.1382
85.2036
87.0086
86.9641
86.8263
85.4131
85.622
86.2116
85.1089
86.8698
85.6324
86.0642
87.1775
85.4328
85.1655
86.9412
85.2936
86.7092
86.6176
86.8554
85.6058
85.0393
87.0817
87.0553
85.0606
86.2499
85.9161
86.5806
87.0486
85.1146
86.2228
86.9868
85.3182
86.0315
86.7509
87.1445
86.4445
85.1729
86.1561
86.5534
87.0427
86.7884
85.4176
87.0202
85.0213
85.5831
86.7614
85.3148
85.0923
86.1791
87.1702
85.6981
86.2184
87.0519
85.5533
86.279
86.1018
86.4694
85.6596
85.9504
86.584
86.8825
85.7372
86.9021
85.7139
85.2881
86.8466
87.1585
85.461
85.8027
86.5119
85.3037
85.3911
86.9294
85.1239
85.4123
85.3125
86.8854
85.7272
85.4048
85.8645
85.6974
86.1028
87.0828
85.5493
86.6562
86.1618
86.6511
85.9256
86.8215
85.4014
85.3095
86.5039
86.1386
85.0117
85.0179
86.4268
86.8583
87.1763
86.8878
85.4609
86.4882
87.1915
85.852
86.2176
85.1154
86.2643
86.5301
87.0008
86.9915
86.9349
85.6653
85.4889
85.8377
85.5481
86.0381
85.2939
86.71
85.4892
86.2194
86.3315
85.8906
86.529
85.6354
87.0293
86.5406
85.6533
86.2561
86.1989
85.6296
85.9438
86.6598
87.1178
85.9353
85.3118
86.1354
86.0507
86.5761
85.4655
85.8516
86.3675
85.2004
86.5168
86.8564
86.0381
87.065
85.6945
86.332
86.5749
86.1837
85.3514
85.7064
87.0744
86.8804
86.3418
86.9037
86.221
86.995
85.9597
85.2199
85.4246
86.9035
86.8797
85.3424
85.6389
87.1915
86.4778
86.6896
86.5676
86.9433
85.3412
85.7351
87.1437
86.858
85.3915
85.9818
86.723
86.0861
85.1137
86.0979
85.0698
85.4652
86.8043
87.1442
85.1456
85.946
86.8479
86.3666
85.7411
85.6076
86.5865
86.1657
85.3112
86.2662
86.5081
85.95
86.2578
85.7859
85.4396
85.6254
85.5292
85.7808
86.3605
85.4729
85.4388
86.752
86.4547
87.1618
85.6381
86.5684
86.0596
85.7079
87.0336
85.6639
85.6521
87.1791
86.61
85.2999
86.3457
85.151
85.9076
85.7322
86.3167
86.2187
86.9984
85.6248
87.1687
86.0562
86.4107
85.4084
86.6815
86.9399
86.1892
85.842
85.2128
86.628
85.394
86.6674
86.5897
86.0321
86.0358
85.4494
86.74
85.8694
86.1133
85.192
85.8485
85.5232
85.492
87.1942
85.6743
86.3996
85.7264
86.991
85.4183
85.5249
85.4159
85.387
86.5811
86.8266
85.7954
86.0626
86.5665
86.9846
86.9046
86.7793
86.4125
85.0987
86.2467
85.8023
86.1308
85.0825
86.2516
85.6707
85.9519
85.1649
85.8628
86.8004
85.6882
86.3548
86.7946
86.3624
85.5544
85.3211
86.1535
85.9726
85.8459
86.5693
86.3597
85.227
86.1959
87.1551
86.2896
85.5624
86.9397
85.9943
85.1416
86.1522
86.0929
86.3883
86.9545
85.0237
86.4709
86.0061
85.6945
85.2228
86.171
86.5573
87.0232
86.8592
85.7121
86.6179
86.0216
86.2664
86.9389
87.1751
85.0391
85.5849
86.5444
86.3988
85.8119
85.5404
86.3538
87.1015
86.1027
86.0935
85.8957
86.2444
85.0457
86.9887
85.4327
87.0001
87.0124
86.9036
85.8063
85.5069
87.1264
86.9773
87.0641
86.9496
86.6365
85.5762
86.3674
85.4581
86.8426
86.1064
85.4332
86.8817
86.6912
86.9777
86.0804
85.3031
85.318
85.2343
85.2045
86.4208
86.3277
86.1003
85.4652
86.3734
85.889
85.8979
86.1736
85.7014
85.6014
86.9798
86.2082
85.5278
86.7571
86.0723
85.2774
86.1936
86.6485
86.6448
86.6517
86.2911
85.5512
87.0849
85.9728
85.0424
86.8626
87.0532
85.3455
87.1807
85.0875
85.55
86.4014
86.4152
86.6503
86.8666
85.5886
85.3393
85.5645
86.7622
86.0406
86.1659
86.542
85.0489
86.6937
86.0991
86.1212
86.9711
85.0926
85.5697
86.416
86.7443
86.8608
86.9672
86.6292
85.6337
87.0096
86.2919
85.4869
85.1551
86.2725
85.5744
85.7051
85.474
86.9896
85.1555
85.1406
85.3782
85.4948
85.705
87.1404
86.5354
86.871
86.4824
86.5843
86.3647
85.3815
85.5055
86.1358
85.4741
86.0752
85.3518
85.0184
85.7361
85.119
86.6477
86.3697
87.1286
85.7395
86.8566
85.0836
87.0121
85.231
85.7888
85.286
85.0206
85.9443
85.4266
85.3988
86.439
86.1316
85.3393
85.7744
85.8026
86.8217
85.1587
87.1673
85.0032
85.6642
86.1031
85.4773
86.7394
86.4549
85.4957
85.2754
86.5739
87.1434
86.6451
86.5024
85.683
86.3018
86.5861
85.495
86.5327
85.1749
85.781
86.5533
86.1191
86.2076
86.9522
85.3582
85.1393
85.0914
86.1326
85.9419
86.9131
86.2913
85.9092
86.9163
86.9555
87.0123
85.1936
86.4949
86.2672
85.6893
86.7703
85.6411
85.6328
86.2155
87.1436
86.3157
85.3172
86.5297
86.8107
86.8499
86.7045
85.3918
86.2033
85.6237
86.5994
85.9555
85.9818
86.7387
86.0469
87.1144
85.4806
85.76
86.2057
86.3898
85.4763
85.9612
86.2021
85.6698
85.256
85.2693
86.3592
87.0263
85.9104
86.9919
86.0418
85.854
86.1077
86.359
85.1837
85.7184
86.0089
86.8882
86.1102
85.0122
85.3119
85.5096
85.9677
86.2937
85.0483
87.0146
86.2081
85.5289
85.5746
85.2138
86.9186
86.0508
86.175
85.9207
86.7207
86.431
86.19
85.8799
86.2574
87.1005
85.6718
85.0992
85.7545
86.7794
86.4582
85.9382
85.2978
85.2671
85.6264
86.408
85.2794
85.9383
86.9176
86.2471
85.032
86.9659
86.0616
86.2401
85.2948
86.6362
86.454
85.0134
85.487
85.429
85.9341
85.0077
86.86
87.1242
85.8875
85.9174
87.0246
86.5593
86.0166
85.5791
86.1387
85.2748
86.5173
86.4365
85.5419
87.1437
85.6445
85.8213
85.882
85.3621
87.0683
85.914
85.128
85.93
87.1541
85.4228
85.3661
86.4081
85.4362
85.8531
86.8371
86.3704
85.8608
86.4971
86.2945
86.7484
85.2145
86.1192
86.1077
86.2311
86.6983
85.0464
86.5058
86.0156
86.4829
87.0477
85.9593
87.1275
85.669
86.8412
85.2896
85.5373
85.5552
85.4176
86.4673
85.5093
85.8404
86.8334
86.9174
86.2766
85.4866
86.5545
85.447
86.3474
85.8516
86.7415
85.8958
86.0661
85.6607
87.0034
85.0971
85.159
87.0498
86.603
86.1746
86.3327
86.4507
87.1339
86.2602
87.1197
86.7752
86.5498
85.457
85.1304
86.9674
86.9243
85.6397
85.6078
86.5577
85.3572
86.8844
87.0443
86.9117
85.1314
86.1917
85.5632
86.873
87.0875
86.6293
85.3337
86.8909
86.7264
85.4927
86.7407
86.1294
86.6674
85.8734
85.3801
86.6013
87.1336
85.2998
86.1765
86.4833
85.7568
86.3069
86.2507
85.4811
86.9466
86.8585
87.0388
85.1038
86.5429
86.8832
87.0154
86.6743
85.8749
85.3787
86.3472
85.7624
87.008
86.6809
85.4533
86.5344
87.1736
87.1939
85.4638
86.641
85.8673
85.8439
86.0423
85.8009
86.1436
85.0187
85.0842
86.9004
86.3256
86.3349
85.1815
86.0722
85.9934
85.0203
86.1759
85.3363
86.9035
85.9913
87.0105
85.5784
86.37
86.1578
86.3407
86.178
85.6387
86.794
85.5124
85.6124
86.7879
85.9763
85.0533
85.4552
86.8201
86.0956
86.2561
85.7638
86.1143
86.3403
85.4642
85.2399
85.4752
85.6457
86.3121
86.4686
85.666
85.288
86.8048
85.3694