87.0702
88.2066
86.9265
88.5159
86.7869
86.8304
86.5812
87.9867
86.569
86.69
88.677
87.9458
87.1688
88.7609
86.6288
88.3546
87.1471
87.1551
87.1232
86.8104
86.5293
86.5893
88.3974
87.284
88.5969
88.2237
87.9529
87.3493
86.7415
87.5832
87.6328
87.3118
86.9898
88.0593
87.0277
87.2766
88.3897
87.1089
88.7634
88.4587
87.2989
88.6404
87.6045
87.9676
88.6013
87.7333
87.5222
86.9484
88.3884
88.1454
87.2588
88.4177
88.2347
86.8561
86.9017
88.0316
88.5799
88.3546
86.5809
86.5214
87.1378
87.7136
87.3331
87.6275
86.9729
87.8608
88.4042
86.5627
88.4697
88.3675
88.5214
86.9685
88.2079
87.3259
88.4361
88.0093
88.5592
87.1583
88.4577
88.1477
86.5038
86.9165
87.7653
88.2385
87.2726
88.167
87.4701
87.0525
87.7216
87.5509
87.0739
88.3594
88.7646
87.907
87.1869
86.9375
86.9678
86.7911
87.0002
86.6375
88.6587
86.7216
87.106
88.0666
87.5475
86.7422
87.2759
87.3068
87.4005
86.9336
86.6544
87.4043
87.3501
87.9198
86.8428
88.1227
87.2868
87.8129
88.6753
88.5084
86.5638
86.9492
88.0678
86.5284
88.3562
88.7547
86.9659
86.5241
86.7458
87.4661
86.6616
86.6045
87.6877
87.2676
88.1711
88.7352
87.5098
86.647
87.242
88.4103
87.0806
87.3964
87.0146
87.9307
86.5162
87.3574
87.2535
87.3029
88.6703
87.1287
87.0113
88.7341
87.5779
88.5791
88.7625
87.1341
88.5338
86.9284
87.1582
88.7796
87.8945
87.3197
86.5841
86.7822
88.0874
88.2552
86.7173
86.7972
88.4022
87.4593
88.7075
86.6828
88.3557
86.9222
88.1135
88.3718
87.7796
86.5669
86.8748
87.6498
87.1956
87.3861
87.5839
88.2735
87.1652
87.5464
86.6077
86.899
87.9748
87.2658
86.8786
87.0693
88.0856
86.9627
87.3514
87.3729
88.7178
87.5687
87.6701
88.32
88.528
87.5777
88.5028
88.0837
87.9998
87.8162
87.6556
86.9794
87.8831
88.0303
88.1292
88.5788
86.6164
86.9131
88.0523
87.2816
87.9595
88.16
87.6806
87.1343
86.6258
88.0592
87.7035
88.2114
88.5218
88.5549
86.7843
88.4397
87.3237
87.9545
87.9597
87.0517
86.7321
87.6624
88.6355
88.2319
86.6786
87.491
88.7113
88.0618
86.7214
88.0405
87.8406
86.8378
88.4536
87.0929
87.6194
87.6131
88.7529
86.5
88.2474
86.5787
88.0592
87.1509
88.29
87.781
86.9058
88.5744
87.4207
87.7295
87.7288
86.5803
88.2812
87.9609
87.7428
88.1167
87.3928
87.9214
86.8077
87.3041
87.1832
87.0291
86.5446
88.5237
87.3669
88.4982
86.8166
88.4863
87.3113
86.7694
88.4864
86.7587
86.8481
87.7456
87.4096
88.6382
86.7266
87.8155
88.4125
87.6473
86.745
87.3414
87.7276
88.5262
86.5023
86.6704
87.8429
87.3951
88.0918
88.1507
88.1993
88.7749
88.6798
88.2439
88.4986
87.2467
87.9421
86.5152
86.933
88.7535
86.7847
86.6194
86.7122
87.1328
87.8649
87.6218
86.9709
88.0915
86.6372
86.5835
86.9388
86.8822
87.4248
88.1665
86.6085
87.4271
88.3368
87.9514
88.3223
87.6286
87.3021
87.7216
87.6035
87.1819
87.1655
87.3021
87.9286
88.6076
87.3173
88.3616
88.5611
87.602
88.481
88.7733
88.2348
87.546
87.595
88.7057
86.8375
87.7323
88.7892
87.2763
88.1145
87.414
86.6427
88.223
88.3411
88.4796
87.3744
87.8634
87.3082
88.1765
86.785
88.4117
86.5584
87.4504
86.9139
87.987
87.2581
87.7312
87.5486
87.0191
86.5332
87.2296
86.9924
88.268
88.2756
88.0874
88.1737
88.6131
87.0197
88.1628
87.0894
88.6342
86.7768
87.2321
88.0572
88.6179
86.9117
86.6317
87.6813
87.7199
88.3082
87.9663
87.3316
88.3666
86.6167
87.7455
87.5536
87.3748
86.6767
88.6023
87.8939
86.7099
87.0319
88.3863
88.4778
86.5075
87.6737
87.8515
88.6206
88.1934
87.2143
86.9099
88.0277
87.4911
87.6421
87.2849
87.309
88.0538
87.4166
88.4904
86.9737
86.9248
87.6566
87.8053
88.7914
87.7734
86.7507
87.5451
88.6481
86.9274
87.3473
87.7421
87.1373
87.8793
87.3284
86.8151
87.8868
88.5021
88.1666
87.7074
87.8955
86.5809
88.1173
87.1232
87.572
86.9594
87.9081
88.3811
88.5131
86.5247
88.0714
86.6868
86.9494
86.9281
87.992
86.9408
88.2015
88.2428
87.9859
88.0496
88.6701
86.5332
86.9917
87.0074
87.9125
87.82
87.3225
86.9993
87.5221
86.6891
88.2066
86.6176
86.77
87.5239
87.2408
87.8421
87.9833
88.6489
87.4231
87.6964
88.6735
86.6946
87.8832
86.823
87.1227
87.0753
87.2638
86.5242
86.518
88.7497
88.0738
88.6882
88.7829
88.5654
86.8956
87.8954
87.5854
87.7181
88.3947
88.6075
87.9072
87.8013
88.7252
88.1772
86.5253
87.166
87.2193
88.0086
87.0149
88.1424
86.905
86.8884
88.337
88.2883
87.2114
86.6597
86.5635
87.9752
86.6838
86.5816
87.9248
88.2576
88.7697
87.9078
88.023
86.8653
87.0032
86.8085
88.0834
86.5979
86.616
87.1905
87.8992
86.5412
86.5677
87.9245
87.2072
87.287
87.1331
87.722
86.6294
87.5381
88.1104
88.4664
87.0264
86.5218
88.6261
87.0899
87.9969
86.5099
87.1715
87.1218
88.2675
87.1412
88.5295
87.4906
87.5065
86.7327
87.799
86.7899
86.8306
87.9151
87.4804
88.2297
87.9563
87.5481
87.3542
88.6634
88.3351
87.9873
87.5854
88.4645
86.7254
86.8958
88.1309
87.2518
86.9176
87.9569
87.8417
88.4146
87.9669
88.5132
86.7363
87.4344
86.8544
88.7659
88.4249
87.8609
86.6986
87.424
88.1508
87.0291
86.539
86.8312
88.7589
87.9953
87.8794
87.3131
87.8587
87.4145
86.5004
86.6441
87.079
86.7257
87.04
88.7099
87.4775
87.4576
87.8668
86.5192
87.0722
87.0337
88.5324
87.3085
87.9681
86.5867
87.2744
87.593
87.9476
87.4729
88.517
87.2984
88.0021
88.556
87.6296
87.9609
87.7513
86.709
88.774
86.81
87.6235
88.7743
86.9542
88.2025
86.7001
87.4941
88.1123
87.6776
88.4517
87.1792
87.6968
86.7239
87.7128
87.4292
87.5324
86.8809
87.5159
88.3067
87.9739
86.6636
86.9797
87.6909
87.462
88.4817
87.4469
88.5916
87.6426
88.6982
86.5006
87.6166
86.7082
87.6241
87.5909
87.1624
87.0266
87.791
88.1565
88.6389
86.6686
87.8082
87.018
87.8654
88.0321
88.2309
88.7946
86.7645
88.6118
87.5105
88.5712
87.7856
87.674
86.7509
86.6765
88.636
88.7326
87.6234
88.4276
87.5752
87.5215
88.4282
88.6918
87.7297
87.2523
87.4828
88.3921
87.7788
88.7738
87.7486
87.6177
86.6424
86.7568
88.1358
88.0078
88.2889
87.5666
88.0023
88.5534
87.3784
86.7128
88.3245
88.664
87.8868
88.5754
86.5405
87.7228
88.508
87.6639
87.3504
87.2832
88.6854
86.9786
87.1751
87.6151
87.7309
88.1578
87.2072
86.7097
88.1316
88.4558
87.8275
88.274
88.7126
87.1632
87.4817
88.2015
88.2299
86.6841
87.9549
86.8083
86.8969
87.4794
86.6723
88.2836
87.2548
86.7128
87.2064
86.9628
87.8767
88.0569
87.7461
87.7621
88.5355
88.4211
86.5772
87.4664
87.7789
87.2844
87.6761
87.1105
86.9403
86.7036
86.5845
86.8529
87.3668
87.5663
88.5544
86.7967
87.7503
87.7092
87.1049
88.1472
88.6886
87.2772
87.6308
87.1435
87.49
88.3373
87.6063
86.5666
87.5941
86.5523
87.8287
87.3296
88.4735
87.9059
88.296
87.4524
88.6903
87.1721
88.0629
86.8306
87.3756
88.1474
87.1834
88.2424
86.9137
86.9378
88.5391
88.164
88.1471
86.844
87.5112
88.0357
87.6212
88.642
88.6792
88.6112
88.1792
87.4855
88.6778
86.9733
87.5378
87.7065
87.8029
87.2113
86.8124
87.2989
88.1637
86.7027
87.9709
87.4266
87.0332
86.5466
86.774
87.7167
88.289
87.1877
88.1545
88.028
86.5517
87.5016
88.372
87.5629
86.7373
87.1932
87.4048
86.6165
87.0044
86.7841
87.6019
86.8821
87.2574
88.6397
88.0886
88.5603
87.051
88.401
87.0592
88.7147
88.6037
88.5302
87.3412
86.8369
88.5767
87.6152
88.0536
88.0657
88.3029
87.4081
87.2937
88.3547
88.4097
86.8657
87.1175
88.647
87.5589
88.0224
88.7635
88.0633
88.3064
87.5654
88.4454
86.7639
87.4052
87.7341
86.5242
87.9561
87.3351
87.0834
87.8708
87.1387
86.8136
88.712
87.4757
86.5903
87.5273
86.7293
88.156
87.0302
87.6374
86.6497
86.5849
87.2472
87.0154
87.2024
87.0942
88.0743
88.7248
87.0577
87.3376
88.2312
88.1231
86.9831
88.4951
86.7283
88.2171
88.5193
88.1844
86.7522
86.8027
87.2552
87.391
87.1163
87.1672
88.3666
87.2066
88.1945
88.5959
86.5625
88.7247
87.4333
86.7122
86.5096
88.1805
87.2276
87.212
88.7747
86.5019
87.1368
87.0324
87.3396
86.568
88.6556
87.8226
88.563
86.5838
87.2398
88.2823
88.2683
87.492
88.585
86.7235
88.3829
86.9013
87.3907
87.9496
87.6079
86.7852
87.7455
87.6704
86.71
88.6788
87.8826
86.7196
88.0593
88.6102
87.4316
88.0341
88.6121
88.0684
88.5665
87.1517
88.1363
88.422
88.4743
87.8993
88.5059
86.9141
87.3816
87.9741
87.9061
87.1667
88.1976
87.4891
87.568
86.7883
86.6387
88.6758
87.0736
87.8841
87.5462
87.2835
87.763
86.6288
87.5031
87.0223
88.739
88.4347
88.5563
88.5512
87.703
88.3228
86.9029
87.0394
87.9449
86.5772
88.4387
87.6507