This file contains any messages produced by compilers while
running configure, to aid debugging if configure makes a mistake.

It was created by MPL configure 0.1, which was
generated by GNU Autoconf 2.69.  Invocation command line was

  $ /home/timndus/msc_project/mpich/mpich-3.2.1/src/pm/hydra/mpl/configure --disable-option-checking --prefix=/home/timndus/msc_project/mpich/mpich-install --disable-versioning CC=gcc CFLAGS=   -O2  LDFLAGS= LIBS= CPPFLAGS=  -I/home/timndus/msc_project/mpich/tmp/src/mpl/include -I/home/timndus/msc_project/mpich/mpich-3.2.1/src/mpl/include -I/home/timndus/msc_project/mpich/mpich-3.2.1/src/openpa/src -I/home/timndus/msc_project/mpich/tmp/src/openpa/src -D_REENTRANT -I/home/timndus/msc_project/mpich/tmp/src/mpi/romio/include MPLLIBNAME=mpl --cache-file=/dev/null --srcdir=/home/timndus/msc_project/mpich/mpich-3.2.1/src/pm/hydra/mpl

## --------- ##
## Platform. ##
## --------- ##

hostname = green_server
uname -m = x86_64
uname -r = 4.15.0-24-generic
uname -s = Linux
uname -v = #26-Ubuntu SMP Wed Jun 13 08:44:47 UTC 2018

/usr/bin/uname -p = unknown
/bin/uname -X     = unknown

/bin/arch              = unknown
/usr/bin/arch -k       = unknown
/usr/convex/getsysinfo = unknown
/usr/bin/hostinfo      = unknown
/bin/machine           = unknown
/usr/bin/oslevel       = unknown
/bin/universe          = unknown

PATH: /home/timndus/msc_project/mpich/mpich-install/bin
PATH: /usr/local/sbin
PATH: /usr/local/bin
PATH: /usr/sbin
PATH: /usr/bin
PATH: /sbin
PATH: /bin
PATH: /usr/games
PATH: /usr/local/games
PATH: /snap/bin


## ----------- ##
## Core tests. ##
## ----------- ##

configure:2293: checking for a BSD-compatible install
configure:2361: result: /usr/bin/install -c
configure:2372: checking whether build environment is sane
configure:2427: result: yes
configure:2578: checking for a thread-safe mkdir -p
configure:2617: result: mkdir -p
configure:2624: checking for gawk
configure:2640: found /usr/bin/gawk
configure:2651: result: gawk
configure:2662: checking whether make sets $(MAKE)
configure:2684: result: yes
configure:2713: checking whether make supports nested variables
configure:2730: result: yes
configure:2869: checking for style of include used by make
configure:2897: result: GNU
configure:3041: checking for C compiler version
configure:3050: gcc --version >&5
gcc (Ubuntu 7.3.0-16ubuntu3) 7.3.0
Copyright (C) 2017 Free Software Foundation, Inc.
This is free software; see the source for copying conditions.  There is NO
warranty; not even for MERCHANTABILITY or FITNESS FOR A PARTICULAR PURPOSE.

configure:3061: $? = 0
configure:3050: gcc -v >&5
Using built-in specs.
COLLECT_GCC=gcc
COLLECT_LTO_WRAPPER=/usr/lib/gcc/x86_64-linux-gnu/7/lto-wrapper
OFFLOAD_TARGET_NAMES=nvptx-none
OFFLOAD_TARGET_DEFAULT=1
Target: x86_64-linux-gnu
Configured with: ../src/configure -v --with-pkgversion='Ubuntu 7.3.0-16ubuntu3' --with-bugurl=file:///usr/share/doc/gcc-7/README.Bugs --enable-languages=c,ada,c++,go,brig,d,fortran,objc,obj-c++ --prefix=/usr --with-gcc-major-version-only --with-as=/usr/bin/x86_64-linux-gnu-as --with-ld=/usr/bin/x86_64-linux-gnu-ld --program-suffix=-7 --program-prefix=x86_64-linux-gnu- --enable-shared --enable-linker-build-id --libexecdir=/usr/lib --without-included-gettext --enable-threads=posix --libdir=/usr/lib --enable-nls --with-sysroot=/ --enable-clocale=gnu --enable-libstdcxx-debug --enable-libstdcxx-time=yes --with-default-libstdcxx-abi=new --enable-gnu-unique-object --disable-vtable-verify --enable-libmpx --enable-plugin --enable-default-pie --with-system-zlib --with-target-system-zlib --enable-objc-gc=auto --enable-multiarch --disable-werror --with-arch-32=i686 --with-abi=m64 --with-multilib-list=m32,m64,mx32 --enable-multilib --with-tune=generic --enable-offload-targets=nvptx-none --without-cuda-driver --enable-checking=release --build=x86_64-linux-gnu --host=x86_64-linux-gnu --target=x86_64-linux-gnu
Thread model: posix
gcc version 7.3.0 (Ubuntu 7.3.0-16ubuntu3) 
configure:3061: $? = 0
configure:3050: gcc -V >&5
gcc: error: unrecognized command line option '-V'
gcc: fatal error: no input files
compilation terminated.
configure:3061: $? = 1
configure:3050: gcc -qversion >&5
gcc: error: unrecognized command line option '-qversion'; did you mean '--version'?
gcc: fatal error: no input files
compilation terminated.
configure:3061: $? = 1
configure:3081: checking whether the C compiler works
configure:3103: gcc    -O2    -I/home/timndus/msc_project/mpich/tmp/src/mpl/include -I/home/timndus/msc_project/mpich/mpich-3.2.1/src/mpl/include -I/home/timndus/msc_project/mpich/mpich-3.2.1/src/openpa/src -I/home/timndus/msc_project/mpich/tmp/src/openpa/src -D_REENTRANT -I/home/timndus/msc_project/mpich/tmp/src/mpi/romio/include  conftest.c  >&5
configure:3107: $? = 0
configure:3155: result: yes
configure:3158: checking for C compiler default output file name
configure:3160: result: a.out
configure:3166: checking for suffix of executables
configure:3173: gcc -o conftest    -O2    -I/home/timndus/msc_project/mpich/tmp/src/mpl/include -I/home/timndus/msc_project/mpich/mpich-3.2.1/src/mpl/include -I/home/timndus/msc_project/mpich/mpich-3.2.1/src/openpa/src -I/home/timndus/msc_project/mpich/tmp/src/openpa/src -D_REENTRANT -I/home/timndus/msc_project/mpich/tmp/src/mpi/romio/include  conftest.c  >&5
configure:3177: $? = 0
configure:3199: result: 
configure:3221: checking whether we are cross compiling
configure:3229: gcc -o conftest    -O2    -I/home/timndus/msc_project/mpich/tmp/src/mpl/include -I/home/timndus/msc_project/mpich/mpich-3.2.1/src/mpl/include -I/home/timndus/msc_project/mpich/mpich-3.2.1/src/openpa/src -I/home/timndus/msc_project/mpich/tmp/src/openpa/src -D_REENTRANT -I/home/timndus/msc_project/mpich/tmp/src/mpi/romio/include  conftest.c  >&5
configure:3233: $? = 0
configure:3240: ./conftest
configure:3244: $? = 0
configure:3259: result: no
configure:3264: checking for suffix of object files
configure:3286: gcc -c    -O2    -I/home/timndus/msc_project/mpich/tmp/src/mpl/include -I/home/timndus/msc_project/mpich/mpich-3.2.1/src/mpl/include -I/home/timndus/msc_project/mpich/mpich-3.2.1/src/openpa/src -I/home/timndus/msc_project/mpich/tmp/src/openpa/src -D_REENTRANT -I/home/timndus/msc_project/mpich/tmp/src/mpi/romio/include conftest.c >&5
configure:3290: $? = 0
configure:3311: result: o
configure:3315: checking whether we are using the GNU C compiler
configure:3334: gcc -c    -O2    -I/home/timndus/msc_project/mpich/tmp/src/mpl/include -I/home/timndus/msc_project/mpich/mpich-3.2.1/src/mpl/include -I/home/timndus/msc_project/mpich/mpich-3.2.1/src/openpa/src -I/home/timndus/msc_project/mpich/tmp/src/openpa/src -D_REENTRANT -I/home/timndus/msc_project/mpich/tmp/src/mpi/romio/include conftest.c >&5
configure:3334: $? = 0
configure:3343: result: yes
configure:3352: checking whether gcc accepts -g
configure:3372: gcc -c -g   -I/home/timndus/msc_project/mpich/tmp/src/mpl/include -I/home/timndus/msc_project/mpich/mpich-3.2.1/src/mpl/include -I/home/timndus/msc_project/mpich/mpich-3.2.1/src/openpa/src -I/home/timndus/msc_project/mpich/tmp/src/openpa/src -D_REENTRANT -I/home/timndus/msc_project/mpich/tmp/src/mpi/romio/include conftest.c >&5
configure:3372: $? = 0
configure:3413: result: yes
configure:3430: checking for gcc option to accept ISO C89
configure:3493: gcc  -c    -O2    -I/home/timndus/msc_project/mpich/tmp/src/mpl/include -I/home/timndus/msc_project/mpich/mpich-3.2.1/src/mpl/include -I/home/timndus/msc_project/mpich/mpich-3.2.1/src/openpa/src -I/home/timndus/msc_project/mpich/tmp/src/openpa/src -D_REENTRANT -I/home/timndus/msc_project/mpich/tmp/src/mpi/romio/include conftest.c >&5
configure:3493: $? = 0
configure:3506: result: none needed
configure:3531: checking whether gcc understands -c and -o together
configure:3553: gcc -c conftest.c -o conftest2.o
configure:3556: $? = 0
configure:3553: gcc -c conftest.c -o conftest2.o
configure:3556: $? = 0
configure:3568: result: yes
configure:3587: checking dependency style of gcc
configure:3698: result: gcc3
configure:3824: checking the archiver (ar) interface
configure:3840: gcc -c    -O2    -I/home/timndus/msc_project/mpich/tmp/src/mpl/include -I/home/timndus/msc_project/mpich/mpich-3.2.1/src/mpl/include -I/home/timndus/msc_project/mpich/mpich-3.2.1/src/openpa/src -I/home/timndus/msc_project/mpich/tmp/src/openpa/src -D_REENTRANT -I/home/timndus/msc_project/mpich/tmp/src/mpi/romio/include conftest.c >&5
configure:3840: $? = 0
configure:3842: ar cru libconftest.a conftest.o >&5
ar: `u' modifier ignored since `D' is the default (see `U')
configure:3845: $? = 0
configure:3873: result: ar
configure:3933: checking build system type
configure:3947: result: x86_64-pc-linux-gnu
configure:3967: checking host system type
configure:3980: result: x86_64-pc-linux-gnu
configure:4021: checking how to print strings
configure:4048: result: printf
configure:4069: checking for a sed that does not truncate output
configure:4133: result: /bin/sed
configure:4151: checking for grep that handles long lines and -e
configure:4209: result: /bin/grep
configure:4214: checking for egrep
configure:4276: result: /bin/grep -E
configure:4281: checking for fgrep
configure:4343: result: /bin/grep -F
configure:4378: checking for ld used by gcc
configure:4445: result: /usr/bin/x86_64-linux-gnu-ld -m elf_x86_64 -m elf_x86_64
configure:4452: checking if the linker (/usr/bin/x86_64-linux-gnu-ld -m elf_x86_64 -m elf_x86_64) is GNU ld
configure:4467: result: yes
configure:4479: checking for BSD- or MS-compatible name lister (nm)
configure:4533: result: /usr/bin/nm -B
configure:4663: checking the name lister (/usr/bin/nm -B) interface
configure:4670: gcc -c    -O2    -I/home/timndus/msc_project/mpich/tmp/src/mpl/include -I/home/timndus/msc_project/mpich/mpich-3.2.1/src/mpl/include -I/home/timndus/msc_project/mpich/mpich-3.2.1/src/openpa/src -I/home/timndus/msc_project/mpich/tmp/src/openpa/src -D_REENTRANT -I/home/timndus/msc_project/mpich/tmp/src/mpi/romio/include conftest.c >&5
configure:4673: /usr/bin/nm -B "conftest.o"
configure:4676: output
0000000000000000 B some_variable
configure:4683: result: BSD nm
configure:4686: checking whether ln -s works
configure:4690: result: yes
configure:4698: checking the maximum length of command line arguments
configure:4829: result: 1572864
configure:4877: checking how to convert x86_64-pc-linux-gnu file names to x86_64-pc-linux-gnu format
configure:4917: result: func_convert_file_noop
configure:4924: checking how to convert x86_64-pc-linux-gnu file names to toolchain format
configure:4944: result: func_convert_file_noop
configure:4951: checking for /usr/bin/x86_64-linux-gnu-ld -m elf_x86_64 -m elf_x86_64 option to reload object files
configure:4958: result: -r
configure:5032: checking for objdump
configure:5048: found /usr/bin/objdump
configure:5059: result: objdump
configure:5091: checking how to recognize dependent libraries
configure:5291: result: pass_all
configure:5376: checking for dlltool
configure:5406: result: no
configure:5436: checking how to associate runtime and link libraries
configure:5463: result: printf %s\n
configure:5587: checking for archiver @FILE support
configure:5604: gcc -c    -O2    -I/home/timndus/msc_project/mpich/tmp/src/mpl/include -I/home/timndus/msc_project/mpich/mpich-3.2.1/src/mpl/include -I/home/timndus/msc_project/mpich/mpich-3.2.1/src/openpa/src -I/home/timndus/msc_project/mpich/tmp/src/openpa/src -D_REENTRANT -I/home/timndus/msc_project/mpich/tmp/src/mpi/romio/include conftest.c >&5
configure:5604: $? = 0
configure:5607: ar cr libconftest.a @conftest.lst >&5
configure:5610: $? = 0
configure:5615: ar cr libconftest.a @conftest.lst >&5
ar: conftest.o: No such file or directory
configure:5618: $? = 1
configure:5630: result: @
configure:5688: checking for strip
configure:5704: found /usr/bin/strip
configure:5715: result: strip
configure:5787: checking for ranlib
configure:5814: result: ranlib
configure:5916: checking command to parse /usr/bin/nm -B output from gcc object
configure:6069: gcc -c    -O2    -I/home/timndus/msc_project/mpich/tmp/src/mpl/include -I/home/timndus/msc_project/mpich/mpich-3.2.1/src/mpl/include -I/home/timndus/msc_project/mpich/mpich-3.2.1/src/openpa/src -I/home/timndus/msc_project/mpich/tmp/src/openpa/src -D_REENTRANT -I/home/timndus/msc_project/mpich/tmp/src/mpi/romio/include conftest.c >&5
configure:6072: $? = 0
configure:6076: /usr/bin/nm -B conftest.o \| sed -n -e 's/^.*[ ]\([ABCDGIRSTW][ABCDGIRSTW]*\)[ ][ ]*\([_A-Za-z][_A-Za-z0-9]*\)$/\1 \2 \2/p' | sed '/ __gnu_lto/d' \> conftest.nm
configure:6079: $? = 0
configure:6145: gcc -o conftest    -O2    -I/home/timndus/msc_project/mpich/tmp/src/mpl/include -I/home/timndus/msc_project/mpich/mpich-3.2.1/src/mpl/include -I/home/timndus/msc_project/mpich/mpich-3.2.1/src/openpa/src -I/home/timndus/msc_project/mpich/tmp/src/openpa/src -D_REENTRANT -I/home/timndus/msc_project/mpich/tmp/src/mpi/romio/include  conftest.c conftstm.o >&5
configure:6148: $? = 0
configure:6186: result: ok
configure:6233: checking for sysroot
configure:6263: result: no
configure:6270: checking for a working dd
configure:6308: result: /bin/dd
configure:6312: checking how to truncate binary pipes
configure:6327: result: /bin/dd bs=4096 count=1
configure:6463: gcc -c    -O2    -I/home/timndus/msc_project/mpich/tmp/src/mpl/include -I/home/timndus/msc_project/mpich/mpich-3.2.1/src/mpl/include -I/home/timndus/msc_project/mpich/mpich-3.2.1/src/openpa/src -I/home/timndus/msc_project/mpich/tmp/src/openpa/src -D_REENTRANT -I/home/timndus/msc_project/mpich/tmp/src/mpi/romio/include conftest.c >&5
configure:6466: $? = 0
configure:6656: checking for mt
configure:6672: found /bin/mt
configure:6683: result: mt
configure:6706: checking if mt is a manifest tool
configure:6712: mt '-?'
configure:6720: result: no
configure:7397: checking how to run the C preprocessor
configure:7428: gcc -E   -I/home/timndus/msc_project/mpich/tmp/src/mpl/include -I/home/timndus/msc_project/mpich/mpich-3.2.1/src/mpl/include -I/home/timndus/msc_project/mpich/mpich-3.2.1/src/openpa/src -I/home/timndus/msc_project/mpich/tmp/src/openpa/src -D_REENTRANT -I/home/timndus/msc_project/mpich/tmp/src/mpi/romio/include conftest.c
configure:7428: $? = 0
configure:7442: gcc -E   -I/home/timndus/msc_project/mpich/tmp/src/mpl/include -I/home/timndus/msc_project/mpich/mpich-3.2.1/src/mpl/include -I/home/timndus/msc_project/mpich/mpich-3.2.1/src/openpa/src -I/home/timndus/msc_project/mpich/tmp/src/openpa/src -D_REENTRANT -I/home/timndus/msc_project/mpich/tmp/src/mpi/romio/include conftest.c
conftest.c:11:10: fatal error: ac_nonexistent.h: No such file or directory
 #include <ac_nonexistent.h>
          ^~~~~~~~~~~~~~~~~~
compilation terminated.
configure:7442: $? = 1
configure: failed program was:
| /* confdefs.h */
| #define PACKAGE_NAME "MPL"
| #define PACKAGE_TARNAME "mpl"
| #define PACKAGE_VERSION "0.1"
| #define PACKAGE_STRING "MPL 0.1"
| #define PACKAGE_BUGREPORT ""
| #define PACKAGE_URL ""
| #define PACKAGE "mpl"
| #define VERSION "0.1"
| /* end confdefs.h.  */
| #include <ac_nonexistent.h>
configure:7467: result: gcc -E
configure:7487: gcc -E   -I/home/timndus/msc_project/mpich/tmp/src/mpl/include -I/home/timndus/msc_project/mpich/mpich-3.2.1/src/mpl/include -I/home/timndus/msc_project/mpich/mpich-3.2.1/src/openpa/src -I/home/timndus/msc_project/mpich/tmp/src/openpa/src -D_REENTRANT -I/home/timndus/msc_project/mpich/tmp/src/mpi/romio/include conftest.c
configure:7487: $? = 0
configure:7501: gcc -E   -I/home/timndus/msc_project/mpich/tmp/src/mpl/include -I/home/timndus/msc_project/mpich/mpich-3.2.1/src/mpl/include -I/home/timndus/msc_project/mpich/mpich-3.2.1/src/openpa/src -I/home/timndus/msc_project/mpich/tmp/src/openpa/src -D_REENTRANT -I/home/timndus/msc_project/mpich/tmp/src/mpi/romio/include conftest.c
conftest.c:11:10: fatal error: ac_nonexistent.h: No such file or directory
 #include <ac_nonexistent.h>
          ^~~~~~~~~~~~~~~~~~
compilation terminated.
configure:7501: $? = 1
configure: failed program was:
| /* confdefs.h */
| #define PACKAGE_NAME "MPL"
| #define PACKAGE_TARNAME "mpl"
| #define PACKAGE_VERSION "0.1"
| #define PACKAGE_STRING "MPL 0.1"
| #define PACKAGE_BUGREPORT ""
| #define PACKAGE_URL ""
| #define PACKAGE "mpl"
| #define VERSION "0.1"
| /* end confdefs.h.  */
| #include <ac_nonexistent.h>
configure:7530: checking for ANSI C header files
configure:7550: gcc -c    -O2    -I/home/timndus/msc_project/mpich/tmp/src/mpl/include -I/home/timndus/msc_project/mpich/mpich-3.2.1/src/mpl/include -I/home/timndus/msc_project/mpich/mpich-3.2.1/src/openpa/src -I/home/timndus/msc_project/mpich/tmp/src/openpa/src -D_REENTRANT -I/home/timndus/msc_project/mpich/tmp/src/mpi/romio/include conftest.c >&5
configure:7550: $? = 0
configure:7623: gcc -o conftest    -O2    -I/home/timndus/msc_project/mpich/tmp/src/mpl/include -I/home/timndus/msc_project/mpich/mpich-3.2.1/src/mpl/include -I/home/timndus/msc_project/mpich/mpich-3.2.1/src/openpa/src -I/home/timndus/msc_project/mpich/tmp/src/openpa/src -D_REENTRANT -I/home/timndus/msc_project/mpich/tmp/src/mpi/romio/include  conftest.c  >&5
configure:7623: $? = 0
configure:7623: ./conftest
configure:7623: $? = 0
configure:7634: result: yes
configure:7647: checking for sys/types.h
configure:7647: gcc -c    -O2    -I/home/timndus/msc_project/mpich/tmp/src/mpl/include -I/home/timndus/msc_project/mpich/mpich-3.2.1/src/mpl/include -I/home/timndus/msc_project/mpich/mpich-3.2.1/src/openpa/src -I/home/timndus/msc_project/mpich/tmp/src/openpa/src -D_REENTRANT -I/home/timndus/msc_project/mpich/tmp/src/mpi/romio/include conftest.c >&5
configure:7647: $? = 0
configure:7647: result: yes
configure:7647: checking for sys/stat.h
configure:7647: gcc -c    -O2    -I/home/timndus/msc_project/mpich/tmp/src/mpl/include -I/home/timndus/msc_project/mpich/mpich-3.2.1/src/mpl/include -I/home/timndus/msc_project/mpich/mpich-3.2.1/src/openpa/src -I/home/timndus/msc_project/mpich/tmp/src/openpa/src -D_REENTRANT -I/home/timndus/msc_project/mpich/tmp/src/mpi/romio/include conftest.c >&5
configure:7647: $? = 0
configure:7647: result: yes
configure:7647: checking for stdlib.h
configure:7647: gcc -c    -O2    -I/home/timndus/msc_project/mpich/tmp/src/mpl/include -I/home/timndus/msc_project/mpich/mpich-3.2.1/src/mpl/include -I/home/timndus/msc_project/mpich/mpich-3.2.1/src/openpa/src -I/home/timndus/msc_project/mpich/tmp/src/openpa/src -D_REENTRANT -I/home/timndus/msc_project/mpich/tmp/src/mpi/romio/include conftest.c >&5
configure:7647: $? = 0
configure:7647: result: yes
configure:7647: checking for string.h
configure:7647: gcc -c    -O2    -I/home/timndus/msc_project/mpich/tmp/src/mpl/include -I/home/timndus/msc_project/mpich/mpich-3.2.1/src/mpl/include -I/home/timndus/msc_project/mpich/mpich-3.2.1/src/openpa/src -I/home/timndus/msc_project/mpich/tmp/src/openpa/src -D_REENTRANT -I/home/timndus/msc_project/mpich/tmp/src/mpi/romio/include conftest.c >&5
configure:7647: $? = 0
configure:7647: result: yes
configure:7647: checking for memory.h
configure:7647: gcc -c    -O2    -I/home/timndus/msc_project/mpich/tmp/src/mpl/include -I/home/timndus/msc_project/mpich/mpich-3.2.1/src/mpl/include -I/home/timndus/msc_project/mpich/mpich-3.2.1/src/openpa/src -I/home/timndus/msc_project/mpich/tmp/src/openpa/src -D_REENTRANT -I/home/timndus/msc_project/mpich/tmp/src/mpi/romio/include conftest.c >&5
configure:7647: $? = 0
configure:7647: result: yes
configure:7647: checking for strings.h
configure:7647: gcc -c    -O2    -I/home/timndus/msc_project/mpich/tmp/src/mpl/include -I/home/timndus/msc_project/mpich/mpich-3.2.1/src/mpl/include -I/home/timndus/msc_project/mpich/mpich-3.2.1/src/openpa/src -I/home/timndus/msc_project/mpich/tmp/src/openpa/src -D_REENTRANT -I/home/timndus/msc_project/mpich/tmp/src/mpi/romio/include conftest.c >&5
configure:7647: $? = 0
configure:7647: result: yes
configure:7647: checking for inttypes.h
configure:7647: gcc -c    -O2    -I/home/timndus/msc_project/mpich/tmp/src/mpl/include -I/home/timndus/msc_project/mpich/mpich-3.2.1/src/mpl/include -I/home/timndus/msc_project/mpich/mpich-3.2.1/src/openpa/src -I/home/timndus/msc_project/mpich/tmp/src/openpa/src -D_REENTRANT -I/home/timndus/msc_project/mpich/tmp/src/mpi/romio/include conftest.c >&5
configure:7647: $? = 0
configure:7647: result: yes
configure:7647: checking for stdint.h
configure:7647: gcc -c    -O2    -I/home/timndus/msc_project/mpich/tmp/src/mpl/include -I/home/timndus/msc_project/mpich/mpich-3.2.1/src/mpl/include -I/home/timndus/msc_project/mpich/mpich-3.2.1/src/openpa/src -I/home/timndus/msc_project/mpich/tmp/src/openpa/src -D_REENTRANT -I/home/timndus/msc_project/mpich/tmp/src/mpi/romio/include conftest.c >&5
configure:7647: $? = 0
configure:7647: result: yes
configure:7647: checking for unistd.h
configure:7647: gcc -c    -O2    -I/home/timndus/msc_project/mpich/tmp/src/mpl/include -I/home/timndus/msc_project/mpich/mpich-3.2.1/src/mpl/include -I/home/timndus/msc_project/mpich/mpich-3.2.1/src/openpa/src -I/home/timndus/msc_project/mpich/tmp/src/openpa/src -D_REENTRANT -I/home/timndus/msc_project/mpich/tmp/src/mpi/romio/include conftest.c >&5
configure:7647: $? = 0
configure:7647: result: yes
configure:7661: checking for dlfcn.h
configure:7661: gcc -c    -O2    -I/home/timndus/msc_project/mpich/tmp/src/mpl/include -I/home/timndus/msc_project/mpich/mpich-3.2.1/src/mpl/include -I/home/timndus/msc_project/mpich/mpich-3.2.1/src/openpa/src -I/home/timndus/msc_project/mpich/tmp/src/openpa/src -D_REENTRANT -I/home/timndus/msc_project/mpich/tmp/src/mpi/romio/include conftest.c >&5
configure:7661: $? = 0
configure:7661: result: yes
configure:7917: checking for objdir
configure:7932: result: .libs
configure:8196: checking if gcc supports -fno-rtti -fno-exceptions
configure:8214: gcc -c    -O2    -I/home/timndus/msc_project/mpich/tmp/src/mpl/include -I/home/timndus/msc_project/mpich/mpich-3.2.1/src/mpl/include -I/home/timndus/msc_project/mpich/mpich-3.2.1/src/openpa/src -I/home/timndus/msc_project/mpich/tmp/src/openpa/src -D_REENTRANT -I/home/timndus/msc_project/mpich/tmp/src/mpi/romio/include -fno-rtti -fno-exceptions conftest.c >&5
cc1: warning: command line option '-fno-rtti' is valid for C++/ObjC++ but not for C
configure:8218: $? = 0
configure:8231: result: no
configure:8589: checking for gcc option to produce PIC
configure:8596: result: -fPIC -DPIC
configure:8604: checking if gcc PIC flag -fPIC -DPIC works
configure:8622: gcc -c    -O2    -I/home/timndus/msc_project/mpich/tmp/src/mpl/include -I/home/timndus/msc_project/mpich/mpich-3.2.1/src/mpl/include -I/home/timndus/msc_project/mpich/mpich-3.2.1/src/openpa/src -I/home/timndus/msc_project/mpich/tmp/src/openpa/src -D_REENTRANT -I/home/timndus/msc_project/mpich/tmp/src/mpi/romio/include -fPIC -DPIC -DPIC conftest.c >&5
configure:8626: $? = 0
configure:8639: result: yes
configure:8668: checking if gcc static flag -static works
configure:8696: result: yes
configure:8711: checking if gcc supports -c -o file.o
configure:8732: gcc -c    -O2    -I/home/timndus/msc_project/mpich/tmp/src/mpl/include -I/home/timndus/msc_project/mpich/mpich-3.2.1/src/mpl/include -I/home/timndus/msc_project/mpich/mpich-3.2.1/src/openpa/src -I/home/timndus/msc_project/mpich/tmp/src/openpa/src -D_REENTRANT -I/home/timndus/msc_project/mpich/tmp/src/mpi/romio/include -o out/conftest2.o conftest.c >&5
configure:8736: $? = 0
configure:8758: result: yes
configure:8766: checking if gcc supports -c -o file.o
configure:8813: result: yes
configure:8846: checking whether the gcc linker (/usr/bin/x86_64-linux-gnu-ld -m elf_x86_64 -m elf_x86_64 -m elf_x86_64) supports shared libraries
configure:10109: result: yes
configure:10146: checking whether -lc should be explicitly linked in
configure:10154: gcc -c    -O2    -I/home/timndus/msc_project/mpich/tmp/src/mpl/include -I/home/timndus/msc_project/mpich/mpich-3.2.1/src/mpl/include -I/home/timndus/msc_project/mpich/mpich-3.2.1/src/openpa/src -I/home/timndus/msc_project/mpich/tmp/src/openpa/src -D_REENTRANT -I/home/timndus/msc_project/mpich/tmp/src/mpi/romio/include conftest.c >&5
configure:10157: $? = 0
configure:10172: gcc -shared  -fPIC -DPIC conftest.o  -v -Wl,-soname -Wl,conftest -o conftest 2\>\&1 \| /bin/grep  -lc  \>/dev/null 2\>\&1
configure:10175: $? = 0
configure:10189: result: no
configure:10349: checking dynamic linker characteristics
configure:10930: gcc -o conftest    -O2    -I/home/timndus/msc_project/mpich/tmp/src/mpl/include -I/home/timndus/msc_project/mpich/mpich-3.2.1/src/mpl/include -I/home/timndus/msc_project/mpich/mpich-3.2.1/src/openpa/src -I/home/timndus/msc_project/mpich/tmp/src/openpa/src -D_REENTRANT -I/home/timndus/msc_project/mpich/tmp/src/mpi/romio/include  -Wl,-rpath -Wl,/foo conftest.c  >&5
configure:10930: $? = 0
configure:11179: result: GNU/Linux ld.so
configure:11301: checking how to hardcode library paths into programs
configure:11326: result: immediate
configure:11874: checking whether stripping libraries is possible
configure:11879: result: yes
configure:11914: checking if libtool supports shared libraries
configure:11916: result: yes
configure:11919: checking whether to build shared libraries
configure:11944: result: yes
configure:11947: checking whether to build static libraries
configure:11951: result: yes
configure:12025: checking whether make supports nested variables
configure:12042: result: yes
configure:12054: checking for an ANSI C-conforming const
configure:12120: gcc -c    -O2    -I/home/timndus/msc_project/mpich/tmp/src/mpl/include -I/home/timndus/msc_project/mpich/mpich-3.2.1/src/mpl/include -I/home/timndus/msc_project/mpich/mpich-3.2.1/src/openpa/src -I/home/timndus/msc_project/mpich/tmp/src/openpa/src -D_REENTRANT -I/home/timndus/msc_project/mpich/tmp/src/mpi/romio/include conftest.c >&5
configure:12120: $? = 0
configure:12127: result: yes
configure:12135: checking for C/C++ restrict keyword
configure:12160: gcc -c    -O2    -I/home/timndus/msc_project/mpich/tmp/src/mpl/include -I/home/timndus/msc_project/mpich/mpich-3.2.1/src/mpl/include -I/home/timndus/msc_project/mpich/mpich-3.2.1/src/openpa/src -I/home/timndus/msc_project/mpich/tmp/src/openpa/src -D_REENTRANT -I/home/timndus/msc_project/mpich/tmp/src/mpi/romio/include conftest.c >&5
configure:12160: $? = 0
configure:12168: result: __restrict
configure:12181: checking for inline
configure:12197: gcc -c    -O2    -I/home/timndus/msc_project/mpich/tmp/src/mpl/include -I/home/timndus/msc_project/mpich/mpich-3.2.1/src/mpl/include -I/home/timndus/msc_project/mpich/mpich-3.2.1/src/openpa/src -I/home/timndus/msc_project/mpich/tmp/src/openpa/src -D_REENTRANT -I/home/timndus/msc_project/mpich/tmp/src/mpi/romio/include conftest.c >&5
configure:12197: $? = 0
configure:12205: result: inline
configure:12225: checking for variable argument list macro functionality
configure:12241: gcc -o conftest    -O2    -I/home/timndus/msc_project/mpich/tmp/src/mpl/include -I/home/timndus/msc_project/mpich/mpich-3.2.1/src/mpl/include -I/home/timndus/msc_project/mpich/mpich-3.2.1/src/openpa/src -I/home/timndus/msc_project/mpich/tmp/src/openpa/src -D_REENTRANT -I/home/timndus/msc_project/mpich/tmp/src/mpi/romio/include  conftest.c  >&5
configure:12241: $? = 0
configure:12245: result: yes
configure:12274: checking for gcov
configure:12290: found /usr/bin/gcov
configure:12301: result: gcov
configure:12422: checking whether the compiler supports __typeof(variable)
configure:12438: gcc -c    -O2    -I/home/timndus/msc_project/mpich/tmp/src/mpl/include -I/home/timndus/msc_project/mpich/mpich-3.2.1/src/mpl/include -I/home/timndus/msc_project/mpich/mpich-3.2.1/src/openpa/src -I/home/timndus/msc_project/mpich/tmp/src/openpa/src -D_REENTRANT -I/home/timndus/msc_project/mpich/tmp/src/mpi/romio/include conftest.c >&5
configure:12438: $? = 0
configure:12446: result: yes
configure:12457: checking stdio.h usability
configure:12457: gcc -c    -O2    -I/home/timndus/msc_project/mpich/tmp/src/mpl/include -I/home/timndus/msc_project/mpich/mpich-3.2.1/src/mpl/include -I/home/timndus/msc_project/mpich/mpich-3.2.1/src/openpa/src -I/home/timndus/msc_project/mpich/tmp/src/openpa/src -D_REENTRANT -I/home/timndus/msc_project/mpich/tmp/src/mpi/romio/include conftest.c >&5
configure:12457: $? = 0
configure:12457: result: yes
configure:12457: checking stdio.h presence
configure:12457: gcc -E   -I/home/timndus/msc_project/mpich/tmp/src/mpl/include -I/home/timndus/msc_project/mpich/mpich-3.2.1/src/mpl/include -I/home/timndus/msc_project/mpich/mpich-3.2.1/src/openpa/src -I/home/timndus/msc_project/mpich/tmp/src/openpa/src -D_REENTRANT -I/home/timndus/msc_project/mpich/tmp/src/mpi/romio/include conftest.c
configure:12457: $? = 0
configure:12457: result: yes
configure:12457: checking for stdio.h
configure:12457: result: yes
configure:12457: checking for stdlib.h
configure:12457: result: yes
configure:12457: checking for string.h
configure:12457: result: yes
configure:12457: checking stdarg.h usability
configure:12457: gcc -c    -O2    -I/home/timndus/msc_project/mpich/tmp/src/mpl/include -I/home/timndus/msc_project/mpich/mpich-3.2.1/src/mpl/include -I/home/timndus/msc_project/mpich/mpich-3.2.1/src/openpa/src -I/home/timndus/msc_project/mpich/tmp/src/openpa/src -D_REENTRANT -I/home/timndus/msc_project/mpich/tmp/src/mpi/romio/include conftest.c >&5
configure:12457: $? = 0
configure:12457: result: yes
configure:12457: checking stdarg.h presence
configure:12457: gcc -E   -I/home/timndus/msc_project/mpich/tmp/src/mpl/include -I/home/timndus/msc_project/mpich/mpich-3.2.1/src/mpl/include -I/home/timndus/msc_project/mpich/mpich-3.2.1/src/openpa/src -I/home/timndus/msc_project/mpich/tmp/src/openpa/src -D_REENTRANT -I/home/timndus/msc_project/mpich/tmp/src/mpi/romio/include conftest.c
configure:12457: $? = 0
configure:12457: result: yes
configure:12457: checking for stdarg.h
configure:12457: result: yes
configure:12457: checking ctype.h usability
configure:12457: gcc -c    -O2    -I/home/timndus/msc_project/mpich/tmp/src/mpl/include -I/home/timndus/msc_project/mpich/mpich-3.2.1/src/mpl/include -I/home/timndus/msc_project/mpich/mpich-3.2.1/src/openpa/src -I/home/timndus/msc_project/mpich/tmp/src/openpa/src -D_REENTRANT -I/home/timndus/msc_project/mpich/tmp/src/mpi/romio/include conftest.c >&5
configure:12457: $? = 0
configure:12457: result: yes
configure:12457: checking ctype.h presence
configure:12457: gcc -E   -I/home/timndus/msc_project/mpich/tmp/src/mpl/include -I/home/timndus/msc_project/mpich/mpich-3.2.1/src/mpl/include -I/home/timndus/msc_project/mpich/mpich-3.2.1/src/openpa/src -I/home/timndus/msc_project/mpich/tmp/src/openpa/src -D_REENTRANT -I/home/timndus/msc_project/mpich/tmp/src/mpi/romio/include conftest.c
configure:12457: $? = 0
configure:12457: result: yes
configure:12457: checking for ctype.h
configure:12457: result: yes
configure:12457: checking search.h usability
configure:12457: gcc -c    -O2    -I/home/timndus/msc_project/mpich/tmp/src/mpl/include -I/home/timndus/msc_project/mpich/mpich-3.2.1/src/mpl/include -I/home/timndus/msc_project/mpich/mpich-3.2.1/src/openpa/src -I/home/timndus/msc_project/mpich/tmp/src/openpa/src -D_REENTRANT -I/home/timndus/msc_project/mpich/tmp/src/mpi/romio/include conftest.c >&5
configure:12457: $? = 0
configure:12457: result: yes
configure:12457: checking search.h presence
configure:12457: gcc -E   -I/home/timndus/msc_project/mpich/tmp/src/mpl/include -I/home/timndus/msc_project/mpich/mpich-3.2.1/src/mpl/include -I/home/timndus/msc_project/mpich/mpich-3.2.1/src/openpa/src -I/home/timndus/msc_project/mpich/tmp/src/openpa/src -D_REENTRANT -I/home/timndus/msc_project/mpich/tmp/src/mpi/romio/include conftest.c
configure:12457: $? = 0
configure:12457: result: yes
configure:12457: checking for search.h
configure:12457: result: yes
configure:12457: checking for sys/types.h
configure:12457: result: yes
configure:12457: checking sys/uio.h usability
configure:12457: gcc -c    -O2    -I/home/timndus/msc_project/mpich/tmp/src/mpl/include -I/home/timndus/msc_project/mpich/mpich-3.2.1/src/mpl/include -I/home/timndus/msc_project/mpich/mpich-3.2.1/src/openpa/src -I/home/timndus/msc_project/mpich/tmp/src/openpa/src -D_REENTRANT -I/home/timndus/msc_project/mpich/tmp/src/mpi/romio/include conftest.c >&5
configure:12457: $? = 0
configure:12457: result: yes
configure:12457: checking sys/uio.h presence
configure:12457: gcc -E   -I/home/timndus/msc_project/mpich/tmp/src/mpl/include -I/home/timndus/msc_project/mpich/mpich-3.2.1/src/mpl/include -I/home/timndus/msc_project/mpich/mpich-3.2.1/src/openpa/src -I/home/timndus/msc_project/mpich/tmp/src/openpa/src -D_REENTRANT -I/home/timndus/msc_project/mpich/tmp/src/mpi/romio/include conftest.c
configure:12457: $? = 0
configure:12457: result: yes
configure:12457: checking for sys/uio.h
configure:12457: result: yes
configure:12472: checking for inttypes.h
configure:12472: result: yes
configure:12472: checking for stdint.h
configure:12472: result: yes
configure:12514: checking valgrind.h usability
configure:12514: gcc -c    -O2    -I/home/timndus/msc_project/mpich/tmp/src/mpl/include -I/home/timndus/msc_project/mpich/mpich-3.2.1/src/mpl/include -I/home/timndus/msc_project/mpich/mpich-3.2.1/src/openpa/src -I/home/timndus/msc_project/mpich/tmp/src/openpa/src -D_REENTRANT -I/home/timndus/msc_project/mpich/tmp/src/mpi/romio/include conftest.c >&5
conftest.c:69:10: fatal error: valgrind.h: No such file or directory
 #include <valgrind.h>
          ^~~~~~~~~~~~
compilation terminated.
configure:12514: $? = 1
configure: failed program was:
| /* confdefs.h */
| #define PACKAGE_NAME "MPL"
| #define PACKAGE_TARNAME "mpl"
| #define PACKAGE_VERSION "0.1"
| #define PACKAGE_STRING "MPL 0.1"
| #define PACKAGE_BUGREPORT ""
| #define PACKAGE_URL ""
| #define PACKAGE "mpl"
| #define VERSION "0.1"
| #define STDC_HEADERS 1
| #define HAVE_SYS_TYPES_H 1
| #define HAVE_SYS_STAT_H 1
| #define HAVE_STDLIB_H 1
| #define HAVE_STRING_H 1
| #define HAVE_MEMORY_H 1
| #define HAVE_STRINGS_H 1
| #define HAVE_INTTYPES_H 1
| #define HAVE_STDINT_H 1
| #define HAVE_UNISTD_H 1
| #define HAVE_DLFCN_H 1
| #define LT_OBJDIR ".libs/"
| #define restrict __restrict
| #define HAVE_MACRO_VA_ARGS 1
| #define HAVE___TYPEOF 1
| #define HAVE_STDIO_H 1
| #define HAVE_STDLIB_H 1
| #define HAVE_STRING_H 1
| #define HAVE_STDARG_H 1
| #define HAVE_CTYPE_H 1
| #define HAVE_SEARCH_H 1
| #define HAVE_SYS_TYPES_H 1
| #define HAVE_SYS_UIO_H 1
| #define HAVE_INTTYPES_H 1
| #define HAVE_STDINT_H 1
| /* end confdefs.h.  */
| #include <stdio.h>
| #ifdef HAVE_SYS_TYPES_H
| # include <sys/types.h>
| #endif
| #ifdef HAVE_SYS_STAT_H
| # include <sys/stat.h>
| #endif
| #ifdef STDC_HEADERS
| # include <stdlib.h>
| # include <stddef.h>
| #else
| # ifdef HAVE_STDLIB_H
| #  include <stdlib.h>
| # endif
| #endif
| #ifdef HAVE_STRING_H
| # if !defined STDC_HEADERS && defined HAVE_MEMORY_H
| #  include <memory.h>
| # endif
| # include <string.h>
| #endif
| #ifdef HAVE_STRINGS_H
| # include <strings.h>
| #endif
| #ifdef HAVE_INTTYPES_H
| # include <inttypes.h>
| #endif
| #ifdef HAVE_STDINT_H
| # include <stdint.h>
| #endif
| #ifdef HAVE_UNISTD_H
| # include <unistd.h>
| #endif
| #include <valgrind.h>
configure:12514: result: no
configure:12514: checking valgrind.h presence
configure:12514: gcc -E   -I/home/timndus/msc_project/mpich/tmp/src/mpl/include -I/home/timndus/msc_project/mpich/mpich-3.2.1/src/mpl/include -I/home/timndus/msc_project/mpich/mpich-3.2.1/src/openpa/src -I/home/timndus/msc_project/mpich/tmp/src/openpa/src -D_REENTRANT -I/home/timndus/msc_project/mpich/tmp/src/mpi/romio/include conftest.c
conftest.c:36:10: fatal error: valgrind.h: No such file or directory
 #include <valgrind.h>
          ^~~~~~~~~~~~
compilation terminated.
configure:12514: $? = 1
configure: failed program was:
| /* confdefs.h */
| #define PACKAGE_NAME "MPL"
| #define PACKAGE_TARNAME "mpl"
| #define PACKAGE_VERSION "0.1"
| #define PACKAGE_STRING "MPL 0.1"
| #define PACKAGE_BUGREPORT ""
| #define PACKAGE_URL ""
| #define PACKAGE "mpl"
| #define VERSION "0.1"
| #define STDC_HEADERS 1
| #define HAVE_SYS_TYPES_H 1
| #define HAVE_SYS_STAT_H 1
| #define HAVE_STDLIB_H 1
| #define HAVE_STRING_H 1
| #define HAVE_MEMORY_H 1
| #define HAVE_STRINGS_H 1
| #define HAVE_INTTYPES_H 1
| #define HAVE_STDINT_H 1
| #define HAVE_UNISTD_H 1
| #define HAVE_DLFCN_H 1
| #define LT_OBJDIR ".libs/"
| #define restrict __restrict
| #define HAVE_MACRO_VA_ARGS 1
| #define HAVE___TYPEOF 1
| #define HAVE_STDIO_H 1
| #define HAVE_STDLIB_H 1
| #define HAVE_STRING_H 1
| #define HAVE_STDARG_H 1
| #define HAVE_CTYPE_H 1
| #define HAVE_SEARCH_H 1
| #define HAVE_SYS_TYPES_H 1
| #define HAVE_SYS_UIO_H 1
| #define HAVE_INTTYPES_H 1
| #define HAVE_STDINT_H 1
| /* end confdefs.h.  */
| #include <valgrind.h>
configure:12514: result: no
configure:12514: checking for valgrind.h
configure:12514: result: no
configure:12514: checking memcheck.h usability
configure:12514: gcc -c    -O2    -I/home/timndus/msc_project/mpich/tmp/src/mpl/include -I/home/timndus/msc_project/mpich/mpich-3.2.1/src/mpl/include -I/home/timndus/msc_project/mpich/mpich-3.2.1/src/openpa/src -I/home/timndus/msc_project/mpich/tmp/src/openpa/src -D_REENTRANT -I/home/timndus/msc_project/mpich/tmp/src/mpi/romio/include conftest.c >&5
conftest.c:69:10: fatal error: memcheck.h: No such file or directory
 #include <memcheck.h>
          ^~~~~~~~~~~~
compilation terminated.
configure:12514: $? = 1
configure: failed program was:
| /* confdefs.h */
| #define PACKAGE_NAME "MPL"
| #define PACKAGE_TARNAME "mpl"
| #define PACKAGE_VERSION "0.1"
| #define PACKAGE_STRING "MPL 0.1"
| #define PACKAGE_BUGREPORT ""
| #define PACKAGE_URL ""
| #define PACKAGE "mpl"
| #define VERSION "0.1"
| #define STDC_HEADERS 1
| #define HAVE_SYS_TYPES_H 1
| #define HAVE_SYS_STAT_H 1
| #define HAVE_STDLIB_H 1
| #define HAVE_STRING_H 1
| #define HAVE_MEMORY_H 1
| #define HAVE_STRINGS_H 1
| #define HAVE_INTTYPES_H 1
| #define HAVE_STDINT_H 1
| #define HAVE_UNISTD_H 1
| #define HAVE_DLFCN_H 1
| #define LT_OBJDIR ".libs/"
| #define restrict __restrict
| #define HAVE_MACRO_VA_ARGS 1
| #define HAVE___TYPEOF 1
| #define HAVE_STDIO_H 1
| #define HAVE_STDLIB_H 1
| #define HAVE_STRING_H 1
| #define HAVE_STDARG_H 1
| #define HAVE_CTYPE_H 1
| #define HAVE_SEARCH_H 1
| #define HAVE_SYS_TYPES_H 1
| #define HAVE_SYS_UIO_H 1
| #define HAVE_INTTYPES_H 1
| #define HAVE_STDINT_H 1
| /* end confdefs.h.  */
| #include <stdio.h>
| #ifdef HAVE_SYS_TYPES_H
| # include <sys/types.h>
| #endif
| #ifdef HAVE_SYS_STAT_H
| # include <sys/stat.h>
| #endif
| #ifdef STDC_HEADERS
| # include <stdlib.h>
| # include <stddef.h>
| #else
| # ifdef HAVE_STDLIB_H
| #  include <stdlib.h>
| # endif
| #endif
| #ifdef HAVE_STRING_H
| # if !defined STDC_HEADERS && defined HAVE_MEMORY_H
| #  include <memory.h>
| # endif
| # include <string.h>
| #endif
| #ifdef HAVE_STRINGS_H
| # include <strings.h>
| #endif
| #ifdef HAVE_INTTYPES_H
| # include <inttypes.h>
| #endif
| #ifdef HAVE_STDINT_H
| # include <stdint.h>
| #endif
| #ifdef HAVE_UNISTD_H
| # include <unistd.h>
| #endif
| #include <memcheck.h>
configure:12514: result: no
configure:12514: checking memcheck.h presence
configure:12514: gcc -E   -I/home/timndus/msc_project/mpich/tmp/src/mpl/include -I/home/timndus/msc_project/mpich/mpich-3.2.1/src/mpl/include -I/home/timndus/msc_project/mpich/mpich-3.2.1/src/openpa/src -I/home/timndus/msc_project/mpich/tmp/src/openpa/src -D_REENTRANT -I/home/timndus/msc_project/mpich/tmp/src/mpi/romio/include conftest.c
conftest.c:36:10: fatal error: memcheck.h: No such file or directory
 #include <memcheck.h>
          ^~~~~~~~~~~~
compilation terminated.
configure:12514: $? = 1
configure: failed program was:
| /* confdefs.h */
| #define PACKAGE_NAME "MPL"
| #define PACKAGE_TARNAME "mpl"
| #define PACKAGE_VERSION "0.1"
| #define PACKAGE_STRING "MPL 0.1"
| #define PACKAGE_BUGREPORT ""
| #define PACKAGE_URL ""
| #define PACKAGE "mpl"
| #define VERSION "0.1"
| #define STDC_HEADERS 1
| #define HAVE_SYS_TYPES_H 1
| #define HAVE_SYS_STAT_H 1
| #define HAVE_STDLIB_H 1
| #define HAVE_STRING_H 1
| #define HAVE_MEMORY_H 1
| #define HAVE_STRINGS_H 1
| #define HAVE_INTTYPES_H 1
| #define HAVE_STDINT_H 1
| #define HAVE_UNISTD_H 1
| #define HAVE_DLFCN_H 1
| #define LT_OBJDIR ".libs/"
| #define restrict __restrict
| #define HAVE_MACRO_VA_ARGS 1
| #define HAVE___TYPEOF 1
| #define HAVE_STDIO_H 1
| #define HAVE_STDLIB_H 1
| #define HAVE_STRING_H 1
| #define HAVE_STDARG_H 1
| #define HAVE_CTYPE_H 1
| #define HAVE_SEARCH_H 1
| #define HAVE_SYS_TYPES_H 1
| #define HAVE_SYS_UIO_H 1
| #define HAVE_INTTYPES_H 1
| #define HAVE_STDINT_H 1
| /* end confdefs.h.  */
| #include <memcheck.h>
configure:12514: result: no
configure:12514: checking for memcheck.h
configure:12514: result: no
configure:12514: checking valgrind/valgrind.h usability
configure:12514: gcc -c    -O2    -I/home/timndus/msc_project/mpich/tmp/src/mpl/include -I/home/timndus/msc_project/mpich/mpich-3.2.1/src/mpl/include -I/home/timndus/msc_project/mpich/mpich-3.2.1/src/openpa/src -I/home/timndus/msc_project/mpich/tmp/src/openpa/src -D_REENTRANT -I/home/timndus/msc_project/mpich/tmp/src/mpi/romio/include conftest.c >&5
conftest.c:69:10: fatal error: valgrind/valgrind.h: No such file or directory
 #include <valgrind/valgrind.h>
          ^~~~~~~~~~~~~~~~~~~~~
compilation terminated.
configure:12514: $? = 1
configure: failed program was:
| /* confdefs.h */
| #define PACKAGE_NAME "MPL"
| #define PACKAGE_TARNAME "mpl"
| #define PACKAGE_VERSION "0.1"
| #define PACKAGE_STRING "MPL 0.1"
| #define PACKAGE_BUGREPORT ""
| #define PACKAGE_URL ""
| #define PACKAGE "mpl"
| #define VERSION "0.1"
| #define STDC_HEADERS 1
| #define HAVE_SYS_TYPES_H 1
| #define HAVE_SYS_STAT_H 1
| #define HAVE_STDLIB_H 1
| #define HAVE_STRING_H 1
| #define HAVE_MEMORY_H 1
| #define HAVE_STRINGS_H 1
| #define HAVE_INTTYPES_H 1
| #define HAVE_STDINT_H 1
| #define HAVE_UNISTD_H 1
| #define HAVE_DLFCN_H 1
| #define LT_OBJDIR ".libs/"
| #define restrict __restrict
| #define HAVE_MACRO_VA_ARGS 1
| #define HAVE___TYPEOF 1
| #define HAVE_STDIO_H 1
| #define HAVE_STDLIB_H 1
| #define HAVE_STRING_H 1
| #define HAVE_STDARG_H 1
| #define HAVE_CTYPE_H 1
| #define HAVE_SEARCH_H 1
| #define HAVE_SYS_TYPES_H 1
| #define HAVE_SYS_UIO_H 1
| #define HAVE_INTTYPES_H 1
| #define HAVE_STDINT_H 1
| /* end confdefs.h.  */
| #include <stdio.h>
| #ifdef HAVE_SYS_TYPES_H
| # include <sys/types.h>
| #endif
| #ifdef HAVE_SYS_STAT_H
| # include <sys/stat.h>
| #endif
| #ifdef STDC_HEADERS
| # include <stdlib.h>
| # include <stddef.h>
| #else
| # ifdef HAVE_STDLIB_H
| #  include <stdlib.h>
| # endif
| #endif
| #ifdef HAVE_STRING_H
| # if !defined STDC_HEADERS && defined HAVE_MEMORY_H
| #  include <memory.h>
| # endif
| # include <string.h>
| #endif
| #ifdef HAVE_STRINGS_H
| # include <strings.h>
| #endif
| #ifdef HAVE_INTTYPES_H
| # include <inttypes.h>
| #endif
| #ifdef HAVE_STDINT_H
| # include <stdint.h>
| #endif
| #ifdef HAVE_UNISTD_H
| # include <unistd.h>
| #endif
| #include <valgrind/valgrind.h>
configure:12514: result: no
configure:12514: checking valgrind/valgrind.h presence
configure:12514: gcc -E   -I/home/timndus/msc_project/mpich/tmp/src/mpl/include -I/home/timndus/msc_project/mpich/mpich-3.2.1/src/mpl/include -I/home/timndus/msc_project/mpich/mpich-3.2.1/src/openpa/src -I/home/timndus/msc_project/mpich/tmp/src/openpa/src -D_REENTRANT -I/home/timndus/msc_project/mpich/tmp/src/mpi/romio/include conftest.c
conftest.c:36:10: fatal error: valgrind/valgrind.h: No such file or directory
 #include <valgrind/valgrind.h>
          ^~~~~~~~~~~~~~~~~~~~~
compilation terminated.
configure:12514: $? = 1
configure: failed program was:
| /* confdefs.h */
| #define PACKAGE_NAME "MPL"
| #define PACKAGE_TARNAME "mpl"
| #define PACKAGE_VERSION "0.1"
| #define PACKAGE_STRING "MPL 0.1"
| #define PACKAGE_BUGREPORT ""
| #define PACKAGE_URL ""
| #define PACKAGE "mpl"
| #define VERSION "0.1"
| #define STDC_HEADERS 1
| #define HAVE_SYS_TYPES_H 1
| #define HAVE_SYS_STAT_H 1
| #define HAVE_STDLIB_H 1
| #define HAVE_STRING_H 1
| #define HAVE_MEMORY_H 1
| #define HAVE_STRINGS_H 1
| #define HAVE_INTTYPES_H 1
| #define HAVE_STDINT_H 1
| #define HAVE_UNISTD_H 1
| #define HAVE_DLFCN_H 1
| #define LT_OBJDIR ".libs/"
| #define restrict __restrict
| #define HAVE_MACRO_VA_ARGS 1
| #define HAVE___TYPEOF 1
| #define HAVE_STDIO_H 1
| #define HAVE_STDLIB_H 1
| #define HAVE_STRING_H 1
| #define HAVE_STDARG_H 1
| #define HAVE_CTYPE_H 1
| #define HAVE_SEARCH_H 1
| #define HAVE_SYS_TYPES_H 1
| #define HAVE_SYS_UIO_H 1
| #define HAVE_INTTYPES_H 1
| #define HAVE_STDINT_H 1
| /* end confdefs.h.  */
| #include <valgrind/valgrind.h>
configure:12514: result: no
configure:12514: checking for valgrind/valgrind.h
configure:12514: result: no
configure:12514: checking valgrind/memcheck.h usability
configure:12514: gcc -c    -O2    -I/home/timndus/msc_project/mpich/tmp/src/mpl/include -I/home/timndus/msc_project/mpich/mpich-3.2.1/src/mpl/include -I/home/timndus/msc_project/mpich/mpich-3.2.1/src/openpa/src -I/home/timndus/msc_project/mpich/tmp/src/openpa/src -D_REENTRANT -I/home/timndus/msc_project/mpich/tmp/src/mpi/romio/include conftest.c >&5
conftest.c:69:10: fatal error: valgrind/memcheck.h: No such file or directory
 #include <valgrind/memcheck.h>
          ^~~~~~~~~~~~~~~~~~~~~
compilation terminated.
configure:12514: $? = 1
configure: failed program was:
| /* confdefs.h */
| #define PACKAGE_NAME "MPL"
| #define PACKAGE_TARNAME "mpl"
| #define PACKAGE_VERSION "0.1"
| #define PACKAGE_STRING "MPL 0.1"
| #define PACKAGE_BUGREPORT ""
| #define PACKAGE_URL ""
| #define PACKAGE "mpl"
| #define VERSION "0.1"
| #define STDC_HEADERS 1
| #define HAVE_SYS_TYPES_H 1
| #define HAVE_SYS_STAT_H 1
| #define HAVE_STDLIB_H 1
| #define HAVE_STRING_H 1
| #define HAVE_MEMORY_H 1
| #define HAVE_STRINGS_H 1
| #define HAVE_INTTYPES_H 1
| #define HAVE_STDINT_H 1
| #define HAVE_UNISTD_H 1
| #define HAVE_DLFCN_H 1
| #define LT_OBJDIR ".libs/"
| #define restrict __restrict
| #define HAVE_MACRO_VA_ARGS 1
| #define HAVE___TYPEOF 1
| #define HAVE_STDIO_H 1
| #define HAVE_STDLIB_H 1
| #define HAVE_STRING_H 1
| #define HAVE_STDARG_H 1
| #define HAVE_CTYPE_H 1
| #define HAVE_SEARCH_H 1
| #define HAVE_SYS_TYPES_H 1
| #define HAVE_SYS_UIO_H 1
| #define HAVE_INTTYPES_H 1
| #define HAVE_STDINT_H 1
| /* end confdefs.h.  */
| #include <stdio.h>
| #ifdef HAVE_SYS_TYPES_H
| # include <sys/types.h>
| #endif
| #ifdef HAVE_SYS_STAT_H
| # include <sys/stat.h>
| #endif
| #ifdef STDC_HEADERS
| # include <stdlib.h>
| # include <stddef.h>
| #else
| # ifdef HAVE_STDLIB_H
| #  include <stdlib.h>
| # endif
| #endif
| #ifdef HAVE_STRING_H
| # if !defined STDC_HEADERS && defined HAVE_MEMORY_H
| #  include <memory.h>
| # endif
| # include <string.h>
| #endif
| #ifdef HAVE_STRINGS_H
| # include <strings.h>
| #endif
| #ifdef HAVE_INTTYPES_H
| # include <inttypes.h>
| #endif
| #ifdef HAVE_STDINT_H
| # include <stdint.h>
| #endif
| #ifdef HAVE_UNISTD_H
| # include <unistd.h>
| #endif
| #include <valgrind/memcheck.h>
configure:12514: result: no
configure:12514: checking valgrind/memcheck.h presence
configure:12514: gcc -E   -I/home/timndus/msc_project/mpich/tmp/src/mpl/include -I/home/timndus/msc_project/mpich/mpich-3.2.1/src/mpl/include -I/home/timndus/msc_project/mpich/mpich-3.2.1/src/openpa/src -I/home/timndus/msc_project/mpich/tmp/src/openpa/src -D_REENTRANT -I/home/timndus/msc_project/mpich/tmp/src/mpi/romio/include conftest.c
conftest.c:36:10: fatal error: valgrind/memcheck.h: No such file or directory
 #include <valgrind/memcheck.h>
          ^~~~~~~~~~~~~~~~~~~~~
compilation terminated.
configure:12514: $? = 1
configure: failed program was:
| /* confdefs.h */
| #define PACKAGE_NAME "MPL"
| #define PACKAGE_TARNAME "mpl"
| #define PACKAGE_VERSION "0.1"
| #define PACKAGE_STRING "MPL 0.1"
| #define PACKAGE_BUGREPORT ""
| #define PACKAGE_URL ""
| #define PACKAGE "mpl"
| #define VERSION "0.1"
| #define STDC_HEADERS 1
| #define HAVE_SYS_TYPES_H 1
| #define HAVE_SYS_STAT_H 1
| #define HAVE_STDLIB_H 1
| #define HAVE_STRING_H 1
| #define HAVE_MEMORY_H 1
| #define HAVE_STRINGS_H 1
| #define HAVE_INTTYPES_H 1
| #define HAVE_STDINT_H 1
| #define HAVE_UNISTD_H 1
| #define HAVE_DLFCN_H 1
| #define LT_OBJDIR ".libs/"
| #define restrict __restrict
| #define HAVE_MACRO_VA_ARGS 1
| #define HAVE___TYPEOF 1
| #define HAVE_STDIO_H 1
| #define HAVE_STDLIB_H 1
| #define HAVE_STRING_H 1
| #define HAVE_STDARG_H 1
| #define HAVE_CTYPE_H 1
| #define HAVE_SEARCH_H 1
| #define HAVE_SYS_TYPES_H 1
| #define HAVE_SYS_UIO_H 1
| #define HAVE_INTTYPES_H 1
| #define HAVE_STDINT_H 1
| /* end confdefs.h.  */
| #include <valgrind/memcheck.h>
configure:12514: result: no
configure:12514: checking for valgrind/memcheck.h
configure:12514: result: no
configure:12530: checking helgrind.h usability
configure:12530: gcc -c    -O2    -I/home/timndus/msc_project/mpich/tmp/src/mpl/include -I/home/timndus/msc_project/mpich/mpich-3.2.1/src/mpl/include -I/home/timndus/msc_project/mpich/mpich-3.2.1/src/openpa/src -I/home/timndus/msc_project/mpich/tmp/src/openpa/src -D_REENTRANT -I/home/timndus/msc_project/mpich/tmp/src/mpi/romio/include conftest.c >&5
conftest.c:69:10: fatal error: helgrind.h: No such file or directory
 #include <helgrind.h>
          ^~~~~~~~~~~~
compilation terminated.
configure:12530: $? = 1
configure: failed program was:
| /* confdefs.h */
| #define PACKAGE_NAME "MPL"
| #define PACKAGE_TARNAME "mpl"
| #define PACKAGE_VERSION "0.1"
| #define PACKAGE_STRING "MPL 0.1"
| #define PACKAGE_BUGREPORT ""
| #define PACKAGE_URL ""
| #define PACKAGE "mpl"
| #define VERSION "0.1"
| #define STDC_HEADERS 1
| #define HAVE_SYS_TYPES_H 1
| #define HAVE_SYS_STAT_H 1
| #define HAVE_STDLIB_H 1
| #define HAVE_STRING_H 1
| #define HAVE_MEMORY_H 1
| #define HAVE_STRINGS_H 1
| #define HAVE_INTTYPES_H 1
| #define HAVE_STDINT_H 1
| #define HAVE_UNISTD_H 1
| #define HAVE_DLFCN_H 1
| #define LT_OBJDIR ".libs/"
| #define restrict __restrict
| #define HAVE_MACRO_VA_ARGS 1
| #define HAVE___TYPEOF 1
| #define HAVE_STDIO_H 1
| #define HAVE_STDLIB_H 1
| #define HAVE_STRING_H 1
| #define HAVE_STDARG_H 1
| #define HAVE_CTYPE_H 1
| #define HAVE_SEARCH_H 1
| #define HAVE_SYS_TYPES_H 1
| #define HAVE_SYS_UIO_H 1
| #define HAVE_INTTYPES_H 1
| #define HAVE_STDINT_H 1
| /* end confdefs.h.  */
| #include <stdio.h>
| #ifdef HAVE_SYS_TYPES_H
| # include <sys/types.h>
| #endif
| #ifdef HAVE_SYS_STAT_H
| # include <sys/stat.h>
| #endif
| #ifdef STDC_HEADERS
| # include <stdlib.h>
| # include <stddef.h>
| #else
| # ifdef HAVE_STDLIB_H
| #  include <stdlib.h>
| # endif
| #endif
| #ifdef HAVE_STRING_H
| # if !defined STDC_HEADERS && defined HAVE_MEMORY_H
| #  include <memory.h>
| # endif
| # include <string.h>
| #endif
| #ifdef HAVE_STRINGS_H
| # include <strings.h>
| #endif
| #ifdef HAVE_INTTYPES_H
| # include <inttypes.h>
| #endif
| #ifdef HAVE_STDINT_H
| # include <stdint.h>
| #endif
| #ifdef HAVE_UNISTD_H
| # include <unistd.h>
| #endif
| #include <helgrind.h>
configure:12530: result: no
configure:12530: checking helgrind.h presence
configure:12530: gcc -E   -I/home/timndus/msc_project/mpich/tmp/src/mpl/include -I/home/timndus/msc_project/mpich/mpich-3.2.1/src/mpl/include -I/home/timndus/msc_project/mpich/mpich-3.2.1/src/openpa/src -I/home/timndus/msc_project/mpich/tmp/src/openpa/src -D_REENTRANT -I/home/timndus/msc_project/mpich/tmp/src/mpi/romio/include conftest.c
conftest.c:36:10: fatal error: helgrind.h: No such file or directory
 #include <helgrind.h>
          ^~~~~~~~~~~~
compilation terminated.
configure:12530: $? = 1
configure: failed program was:
| /* confdefs.h */
| #define PACKAGE_NAME "MPL"
| #define PACKAGE_TARNAME "mpl"
| #define PACKAGE_VERSION "0.1"
| #define PACKAGE_STRING "MPL 0.1"
| #define PACKAGE_BUGREPORT ""
| #define PACKAGE_URL ""
| #define PACKAGE "mpl"
| #define VERSION "0.1"
| #define STDC_HEADERS 1
| #define HAVE_SYS_TYPES_H 1
| #define HAVE_SYS_STAT_H 1
| #define HAVE_STDLIB_H 1
| #define HAVE_STRING_H 1
| #define HAVE_MEMORY_H 1
| #define HAVE_STRINGS_H 1
| #define HAVE_INTTYPES_H 1
| #define HAVE_STDINT_H 1
| #define HAVE_UNISTD_H 1
| #define HAVE_DLFCN_H 1
| #define LT_OBJDIR ".libs/"
| #define restrict __restrict
| #define HAVE_MACRO_VA_ARGS 1
| #define HAVE___TYPEOF 1
| #define HAVE_STDIO_H 1
| #define HAVE_STDLIB_H 1
| #define HAVE_STRING_H 1
| #define HAVE_STDARG_H 1
| #define HAVE_CTYPE_H 1
| #define HAVE_SEARCH_H 1
| #define HAVE_SYS_TYPES_H 1
| #define HAVE_SYS_UIO_H 1
| #define HAVE_INTTYPES_H 1
| #define HAVE_STDINT_H 1
| /* end confdefs.h.  */
| #include <helgrind.h>
configure:12530: result: no
configure:12530: checking for helgrind.h
configure:12530: result: no
configure:12530: checking valgrind/helgrind.h usability
configure:12530: gcc -c    -O2    -I/home/timndus/msc_project/mpich/tmp/src/mpl/include -I/home/timndus/msc_project/mpich/mpich-3.2.1/src/mpl/include -I/home/timndus/msc_project/mpich/mpich-3.2.1/src/openpa/src -I/home/timndus/msc_project/mpich/tmp/src/openpa/src -D_REENTRANT -I/home/timndus/msc_project/mpich/tmp/src/mpi/romio/include conftest.c >&5
conftest.c:69:10: fatal error: valgrind/helgrind.h: No such file or directory
 #include <valgrind/helgrind.h>
          ^~~~~~~~~~~~~~~~~~~~~
compilation terminated.
configure:12530: $? = 1
configure: failed program was:
| /* confdefs.h */
| #define PACKAGE_NAME "MPL"
| #define PACKAGE_TARNAME "mpl"
| #define PACKAGE_VERSION "0.1"
| #define PACKAGE_STRING "MPL 0.1"
| #define PACKAGE_BUGREPORT ""
| #define PACKAGE_URL ""
| #define PACKAGE "mpl"
| #define VERSION "0.1"
| #define STDC_HEADERS 1
| #define HAVE_SYS_TYPES_H 1
| #define HAVE_SYS_STAT_H 1
| #define HAVE_STDLIB_H 1
| #define HAVE_STRING_H 1
| #define HAVE_MEMORY_H 1
| #define HAVE_STRINGS_H 1
| #define HAVE_INTTYPES_H 1
| #define HAVE_STDINT_H 1
| #define HAVE_UNISTD_H 1
| #define HAVE_DLFCN_H 1
| #define LT_OBJDIR ".libs/"
| #define restrict __restrict
| #define HAVE_MACRO_VA_ARGS 1
| #define HAVE___TYPEOF 1
| #define HAVE_STDIO_H 1
| #define HAVE_STDLIB_H 1
| #define HAVE_STRING_H 1
| #define HAVE_STDARG_H 1
| #define HAVE_CTYPE_H 1
| #define HAVE_SEARCH_H 1
| #define HAVE_SYS_TYPES_H 1
| #define HAVE_SYS_UIO_H 1
| #define HAVE_INTTYPES_H 1
| #define HAVE_STDINT_H 1
| /* end confdefs.h.  */
| #include <stdio.h>
| #ifdef HAVE_SYS_TYPES_H
| # include <sys/types.h>
| #endif
| #ifdef HAVE_SYS_STAT_H
| # include <sys/stat.h>
| #endif
| #ifdef STDC_HEADERS
| # include <stdlib.h>
| # include <stddef.h>
| #else
| # ifdef HAVE_STDLIB_H
| #  include <stdlib.h>
| # endif
| #endif
| #ifdef HAVE_STRING_H
| # if !defined STDC_HEADERS && defined HAVE_MEMORY_H
| #  include <memory.h>
| # endif
| # include <string.h>
| #endif
| #ifdef HAVE_STRINGS_H
| # include <strings.h>
| #endif
| #ifdef HAVE_INTTYPES_H
| # include <inttypes.h>
| #endif
| #ifdef HAVE_STDINT_H
| # include <stdint.h>
| #endif
| #ifdef HAVE_UNISTD_H
| # include <unistd.h>
| #endif
| #include <valgrind/helgrind.h>
configure:12530: result: no
configure:12530: checking valgrind/helgrind.h presence
configure:12530: gcc -E   -I/home/timndus/msc_project/mpich/tmp/src/mpl/include -I/home/timndus/msc_project/mpich/mpich-3.2.1/src/mpl/include -I/home/timndus/msc_project/mpich/mpich-3.2.1/src/openpa/src -I/home/timndus/msc_project/mpich/tmp/src/openpa/src -D_REENTRANT -I/home/timndus/msc_project/mpich/tmp/src/mpi/romio/include conftest.c
conftest.c:36:10: fatal error: valgrind/helgrind.h: No such file or directory
 #include <valgrind/helgrind.h>
          ^~~~~~~~~~~~~~~~~~~~~
compilation terminated.
configure:12530: $? = 1
configure: failed program was:
| /* confdefs.h */
| #define PACKAGE_NAME "MPL"
| #define PACKAGE_TARNAME "mpl"
| #define PACKAGE_VERSION "0.1"
| #define PACKAGE_STRING "MPL 0.1"
| #define PACKAGE_BUGREPORT ""
| #define PACKAGE_URL ""
| #define PACKAGE "mpl"
| #define VERSION "0.1"
| #define STDC_HEADERS 1
| #define HAVE_SYS_TYPES_H 1
| #define HAVE_SYS_STAT_H 1
| #define HAVE_STDLIB_H 1
| #define HAVE_STRING_H 1
| #define HAVE_MEMORY_H 1
| #define HAVE_STRINGS_H 1
| #define HAVE_INTTYPES_H 1
| #define HAVE_STDINT_H 1
| #define HAVE_UNISTD_H 1
| #define HAVE_DLFCN_H 1
| #define LT_OBJDIR ".libs/"
| #define restrict __restrict
| #define HAVE_MACRO_VA_ARGS 1
| #define HAVE___TYPEOF 1
| #define HAVE_STDIO_H 1
| #define HAVE_STDLIB_H 1
| #define HAVE_STRING_H 1
| #define HAVE_STDARG_H 1
| #define HAVE_CTYPE_H 1
| #define HAVE_SEARCH_H 1
| #define HAVE_SYS_TYPES_H 1
| #define HAVE_SYS_UIO_H 1
| #define HAVE_INTTYPES_H 1
| #define HAVE_STDINT_H 1
| /* end confdefs.h.  */
| #include <valgrind/helgrind.h>
configure:12530: result: no
configure:12530: checking for valgrind/helgrind.h
configure:12530: result: no
configure:12543: checking drd.h usability
configure:12543: gcc -c    -O2    -I/home/timndus/msc_project/mpich/tmp/src/mpl/include -I/home/timndus/msc_project/mpich/mpich-3.2.1/src/mpl/include -I/home/timndus/msc_project/mpich/mpich-3.2.1/src/openpa/src -I/home/timndus/msc_project/mpich/tmp/src/openpa/src -D_REENTRANT -I/home/timndus/msc_project/mpich/tmp/src/mpi/romio/include conftest.c >&5
conftest.c:69:10: fatal error: drd.h: No such file or directory
 #include <drd.h>
          ^~~~~~~
compilation terminated.
configure:12543: $? = 1
configure: failed program was:
| /* confdefs.h */
| #define PACKAGE_NAME "MPL"
| #define PACKAGE_TARNAME "mpl"
| #define PACKAGE_VERSION "0.1"
| #define PACKAGE_STRING "MPL 0.1"
| #define PACKAGE_BUGREPORT ""
| #define PACKAGE_URL ""
| #define PACKAGE "mpl"
| #define VERSION "0.1"
| #define STDC_HEADERS 1
| #define HAVE_SYS_TYPES_H 1
| #define HAVE_SYS_STAT_H 1
| #define HAVE_STDLIB_H 1
| #define HAVE_STRING_H 1
| #define HAVE_MEMORY_H 1
| #define HAVE_STRINGS_H 1
| #define HAVE_INTTYPES_H 1
| #define HAVE_STDINT_H 1
| #define HAVE_UNISTD_H 1
| #define HAVE_DLFCN_H 1
| #define LT_OBJDIR ".libs/"
| #define restrict __restrict
| #define HAVE_MACRO_VA_ARGS 1
| #define HAVE___TYPEOF 1
| #define HAVE_STDIO_H 1
| #define HAVE_STDLIB_H 1
| #define HAVE_STRING_H 1
| #define HAVE_STDARG_H 1
| #define HAVE_CTYPE_H 1
| #define HAVE_SEARCH_H 1
| #define HAVE_SYS_TYPES_H 1
| #define HAVE_SYS_UIO_H 1
| #define HAVE_INTTYPES_H 1
| #define HAVE_STDINT_H 1
| /* end confdefs.h.  */
| #include <stdio.h>
| #ifdef HAVE_SYS_TYPES_H
| # include <sys/types.h>
| #endif
| #ifdef HAVE_SYS_STAT_H
| # include <sys/stat.h>
| #endif
| #ifdef STDC_HEADERS
| # include <stdlib.h>
| # include <stddef.h>
| #else
| # ifdef HAVE_STDLIB_H
| #  include <stdlib.h>
| # endif
| #endif
| #ifdef HAVE_STRING_H
| # if !defined STDC_HEADERS && defined HAVE_MEMORY_H
| #  include <memory.h>
| # endif
| # include <string.h>
| #endif
| #ifdef HAVE_STRINGS_H
| # include <strings.h>
| #endif
| #ifdef HAVE_INTTYPES_H
| # include <inttypes.h>
| #endif
| #ifdef HAVE_STDINT_H
| # include <stdint.h>
| #endif
| #ifdef HAVE_UNISTD_H
| # include <unistd.h>
| #endif
| #include <drd.h>
configure:12543: result: no
configure:12543: checking drd.h presence
configure:12543: gcc -E   -I/home/timndus/msc_project/mpich/tmp/src/mpl/include -I/home/timndus/msc_project/mpich/mpich-3.2.1/src/mpl/include -I/home/timndus/msc_project/mpich/mpich-3.2.1/src/openpa/src -I/home/timndus/msc_project/mpich/tmp/src/openpa/src -D_REENTRANT -I/home/timndus/msc_project/mpich/tmp/src/mpi/romio/include conftest.c
conftest.c:36:10: fatal error: drd.h: No such file or directory
 #include <drd.h>
          ^~~~~~~
compilation terminated.
configure:12543: $? = 1
configure: failed program was:
| /* confdefs.h */
| #define PACKAGE_NAME "MPL"
| #define PACKAGE_TARNAME "mpl"
| #define PACKAGE_VERSION "0.1"
| #define PACKAGE_STRING "MPL 0.1"
| #define PACKAGE_BUGREPORT ""
| #define PACKAGE_URL ""
| #define PACKAGE "mpl"
| #define VERSION "0.1"
| #define STDC_HEADERS 1
| #define HAVE_SYS_TYPES_H 1
| #define HAVE_SYS_STAT_H 1
| #define HAVE_STDLIB_H 1
| #define HAVE_STRING_H 1
| #define HAVE_MEMORY_H 1
| #define HAVE_STRINGS_H 1
| #define HAVE_INTTYPES_H 1
| #define HAVE_STDINT_H 1
| #define HAVE_UNISTD_H 1
| #define HAVE_DLFCN_H 1
| #define LT_OBJDIR ".libs/"
| #define restrict __restrict
| #define HAVE_MACRO_VA_ARGS 1
| #define HAVE___TYPEOF 1
| #define HAVE_STDIO_H 1
| #define HAVE_STDLIB_H 1
| #define HAVE_STRING_H 1
| #define HAVE_STDARG_H 1
| #define HAVE_CTYPE_H 1
| #define HAVE_SEARCH_H 1
| #define HAVE_SYS_TYPES_H 1
| #define HAVE_SYS_UIO_H 1
| #define HAVE_INTTYPES_H 1
| #define HAVE_STDINT_H 1
| /* end confdefs.h.  */
| #include <drd.h>
configure:12543: result: no
configure:12543: checking for drd.h
configure:12543: result: no
configure:12543: checking valgrind/drd.h usability
configure:12543: gcc -c    -O2    -I/home/timndus/msc_project/mpich/tmp/src/mpl/include -I/home/timndus/msc_project/mpich/mpich-3.2.1/src/mpl/include -I/home/timndus/msc_project/mpich/mpich-3.2.1/src/openpa/src -I/home/timndus/msc_project/mpich/tmp/src/openpa/src -D_REENTRANT -I/home/timndus/msc_project/mpich/tmp/src/mpi/romio/include conftest.c >&5
conftest.c:69:10: fatal error: valgrind/drd.h: No such file or directory
 #include <valgrind/drd.h>
          ^~~~~~~~~~~~~~~~
compilation terminated.
configure:12543: $? = 1
configure: failed program was:
| /* confdefs.h */
| #define PACKAGE_NAME "MPL"
| #define PACKAGE_TARNAME "mpl"
| #define PACKAGE_VERSION "0.1"
| #define PACKAGE_STRING "MPL 0.1"
| #define PACKAGE_BUGREPORT ""
| #define PACKAGE_URL ""
| #define PACKAGE "mpl"
| #define VERSION "0.1"
| #define STDC_HEADERS 1
| #define HAVE_SYS_TYPES_H 1
| #define HAVE_SYS_STAT_H 1
| #define HAVE_STDLIB_H 1
| #define HAVE_STRING_H 1
| #define HAVE_MEMORY_H 1
| #define HAVE_STRINGS_H 1
| #define HAVE_INTTYPES_H 1
| #define HAVE_STDINT_H 1
| #define HAVE_UNISTD_H 1
| #define HAVE_DLFCN_H 1
| #define LT_OBJDIR ".libs/"
| #define restrict __restrict
| #define HAVE_MACRO_VA_ARGS 1
| #define HAVE___TYPEOF 1
| #define HAVE_STDIO_H 1
| #define HAVE_STDLIB_H 1
| #define HAVE_STRING_H 1
| #define HAVE_STDARG_H 1
| #define HAVE_CTYPE_H 1
| #define HAVE_SEARCH_H 1
| #define HAVE_SYS_TYPES_H 1
| #define HAVE_SYS_UIO_H 1
| #define HAVE_INTTYPES_H 1
| #define HAVE_STDINT_H 1
| /* end confdefs.h.  */
| #include <stdio.h>
| #ifdef HAVE_SYS_TYPES_H
| # include <sys/types.h>
| #endif
| #ifdef HAVE_SYS_STAT_H
| # include <sys/stat.h>
| #endif
| #ifdef STDC_HEADERS
| # include <stdlib.h>
| # include <stddef.h>
| #else
| # ifdef HAVE_STDLIB_H
| #  include <stdlib.h>
| # endif
| #endif
| #ifdef HAVE_STRING_H
| # if !defined STDC_HEADERS && defined HAVE_MEMORY_H
| #  include <memory.h>
| # endif
| # include <string.h>
| #endif
| #ifdef HAVE_STRINGS_H
| # include <strings.h>
| #endif
| #ifdef HAVE_INTTYPES_H
| # include <inttypes.h>
| #endif
| #ifdef HAVE_STDINT_H
| # include <stdint.h>
| #endif
| #ifdef HAVE_UNISTD_H
| # include <unistd.h>
| #endif
| #include <valgrind/drd.h>
configure:12543: result: no
configure:12543: checking valgrind/drd.h presence
configure:12543: gcc -E   -I/home/timndus/msc_project/mpich/tmp/src/mpl/include -I/home/timndus/msc_project/mpich/mpich-3.2.1/src/mpl/include -I/home/timndus/msc_project/mpich/mpich-3.2.1/src/openpa/src -I/home/timndus/msc_project/mpich/tmp/src/openpa/src -D_REENTRANT -I/home/timndus/msc_project/mpich/tmp/src/mpi/romio/include conftest.c
conftest.c:36:10: fatal error: valgrind/drd.h: No such file or directory
 #include <valgrind/drd.h>
          ^~~~~~~~~~~~~~~~
compilation terminated.
configure:12543: $? = 1
configure: failed program was:
| /* confdefs.h */
| #define PACKAGE_NAME "MPL"
| #define PACKAGE_TARNAME "mpl"
| #define PACKAGE_VERSION "0.1"
| #define PACKAGE_STRING "MPL 0.1"
| #define PACKAGE_BUGREPORT ""
| #define PACKAGE_URL ""
| #define PACKAGE "mpl"
| #define VERSION "0.1"
| #define STDC_HEADERS 1
| #define HAVE_SYS_TYPES_H 1
| #define HAVE_SYS_STAT_H 1
| #define HAVE_STDLIB_H 1
| #define HAVE_STRING_H 1
| #define HAVE_MEMORY_H 1
| #define HAVE_STRINGS_H 1
| #define HAVE_INTTYPES_H 1
| #define HAVE_STDINT_H 1
| #define HAVE_UNISTD_H 1
| #define HAVE_DLFCN_H 1
| #define LT_OBJDIR ".libs/"
| #define restrict __restrict
| #define HAVE_MACRO_VA_ARGS 1
| #define HAVE___TYPEOF 1
| #define HAVE_STDIO_H 1
| #define HAVE_STDLIB_H 1
| #define HAVE_STRING_H 1
| #define HAVE_STDARG_H 1
| #define HAVE_CTYPE_H 1
| #define HAVE_SEARCH_H 1
| #define HAVE_SYS_TYPES_H 1
| #define HAVE_SYS_UIO_H 1
| #define HAVE_INTTYPES_H 1
| #define HAVE_STDINT_H 1
| /* end confdefs.h.  */
| #include <valgrind/drd.h>
configure:12543: result: no
configure:12543: checking for valgrind/drd.h
configure:12543: result: no
configure:12558: checking whether the valgrind headers are broken or too old
configure:12610: gcc -o conftest    -O2    -I/home/timndus/msc_project/mpich/tmp/src/mpl/include -I/home/timndus/msc_project/mpich/mpich-3.2.1/src/mpl/include -I/home/timndus/msc_project/mpich/mpich-3.2.1/src/openpa/src -I/home/timndus/msc_project/mpich/tmp/src/openpa/src -D_REENTRANT -I/home/timndus/msc_project/mpich/tmp/src/mpi/romio/include  conftest.c  >&5
conftest.c:44:4: error: #error unexpected valgrind header error
 #  error unexpected valgrind header error
    ^~~~~
conftest.c: In function 'main':
conftest.c:67:2: error: #error missing essential valgrind client macros
 #error missing essential valgrind client macros
  ^~~~~
conftest.c:69:5: warning: implicit declaration of function 'VALGRIND_CREATE_BLOCK' [-Wimplicit-function-declaration]
     VALGRIND_CREATE_BLOCK(&foo,sizeof(foo),"description");
     ^~~~~~~~~~~~~~~~~~~~~
conftest.c:70:9: error: 'RUNNING_ON_VALGRIND' undeclared (first use in this function)
     if (RUNNING_ON_VALGRIND) ++foo;
         ^~~~~~~~~~~~~~~~~~~
conftest.c:70:9: note: each undeclared identifier is reported only once for each function it appears in
conftest.c:71:5: warning: implicit declaration of function 'VALGRIND_PRINTF_BACKTRACE' [-Wimplicit-function-declaration]
     VALGRIND_PRINTF_BACKTRACE("testing: %s","valgrind support");
     ^~~~~~~~~~~~~~~~~~~~~~~~~
conftest.c:72:5: warning: implicit declaration of function 'VALGRIND_CREATE_MEMPOOL' [-Wimplicit-function-declaration]
     VALGRIND_CREATE_MEMPOOL(&mempool_obj,0,0);
     ^~~~~~~~~~~~~~~~~~~~~~~
conftest.c:73:5: warning: implicit declaration of function 'VALGRIND_MEMPOOL_ALLOC' [-Wimplicit-function-declaration]
     VALGRIND_MEMPOOL_ALLOC(&mempool_obj,&foo,sizeof(foo));
     ^~~~~~~~~~~~~~~~~~~~~~
conftest.c:74:5: warning: implicit declaration of function 'VALGRIND_MEMPOOL_FREE' [-Wimplicit-function-declaration]
     VALGRIND_MEMPOOL_FREE(&mempool_obj,&foo);
     ^~~~~~~~~~~~~~~~~~~~~
conftest.c:75:5: warning: implicit declaration of function 'VALGRIND_DESTROY_MEMPOOL' [-Wimplicit-function-declaration]
     VALGRIND_DESTROY_MEMPOOL(&mempool_obj);
     ^~~~~~~~~~~~~~~~~~~~~~~~
configure:12610: $? = 1
configure: failed program was:
| /* confdefs.h */
| #define PACKAGE_NAME "MPL"
| #define PACKAGE_TARNAME "mpl"
| #define PACKAGE_VERSION "0.1"
| #define PACKAGE_STRING "MPL 0.1"
| #define PACKAGE_BUGREPORT ""
| #define PACKAGE_URL ""
| #define PACKAGE "mpl"
| #define VERSION "0.1"
| #define STDC_HEADERS 1
| #define HAVE_SYS_TYPES_H 1
| #define HAVE_SYS_STAT_H 1
| #define HAVE_STDLIB_H 1
| #define HAVE_STRING_H 1
| #define HAVE_MEMORY_H 1
| #define HAVE_STRINGS_H 1
| #define HAVE_INTTYPES_H 1
| #define HAVE_STDINT_H 1
| #define HAVE_UNISTD_H 1
| #define HAVE_DLFCN_H 1
| #define LT_OBJDIR ".libs/"
| #define restrict __restrict
| #define HAVE_MACRO_VA_ARGS 1
| #define HAVE___TYPEOF 1
| #define HAVE_STDIO_H 1
| #define HAVE_STDLIB_H 1
| #define HAVE_STRING_H 1
| #define HAVE_STDARG_H 1
| #define HAVE_CTYPE_H 1
| #define HAVE_SEARCH_H 1
| #define HAVE_SYS_TYPES_H 1
| #define HAVE_SYS_UIO_H 1
| #define HAVE_INTTYPES_H 1
| #define HAVE_STDINT_H 1
| /* end confdefs.h.  */
| 
| #if defined(HAVE_VALGRIND_H) && defined(HAVE_MEMCHECK_H)
| #  include <valgrind.h>
| #  include <memcheck.h>
| #elif defined(HAVE_VALGRIND_VALGRIND_H) && defined(HAVE_VALGRIND_MEMCHECK_H)
| #  include <valgrind/valgrind.h>
| #  include <valgrind/memcheck.h>
| #else
| #  error unexpected valgrind header error
| #endif
| int foo = 10;
| char mempool_obj;
| 
| int
| main ()
| {
| 
| #if defined(VALGRIND_MAKE_MEM_DEFINED)
|     VALGRIND_MAKE_MEM_NOACCESS(&foo,sizeof(foo));
|     VALGRIND_MAKE_MEM_UNDEFINED(&foo,sizeof(foo));
|     VALGRIND_MAKE_MEM_DEFINED(&foo,sizeof(foo));
|     VALGRIND_CHECK_MEM_IS_DEFINED(&foo,sizeof(foo));
|     VALGRIND_CHECK_MEM_IS_ADDRESSABLE(&foo,sizeof(foo));
| #elif defined(VALGRIND_MAKE_READABLE)
| /* older (pre-3.2.0), but still supported style */
|     VALGRIND_MAKE_READABLE(&foo,sizeof(foo));
|     VALGRIND_MAKE_NOACCESS(&foo,sizeof(foo));
|     VALGRIND_MAKE_UNDEFINED(&foo,sizeof(foo));
|     VALGRIND_CHECK_READABLE(&foo,sizeof(foo));
|     VALGRIND_CHECK_WRITEABLE(&foo,sizeof(foo));
| #else
| #error missing essential valgrind client macros
| #endif
|     VALGRIND_CREATE_BLOCK(&foo,sizeof(foo),"description");
|     if (RUNNING_ON_VALGRIND) ++foo;
|     VALGRIND_PRINTF_BACKTRACE("testing: %s","valgrind support");
|     VALGRIND_CREATE_MEMPOOL(&mempool_obj,0,0);
|     VALGRIND_MEMPOOL_ALLOC(&mempool_obj,&foo,sizeof(foo));
|     VALGRIND_MEMPOOL_FREE(&mempool_obj,&foo);
|     VALGRIND_DESTROY_MEMPOOL(&mempool_obj);
| 
|   ;
|   return 0;
| }
configure:12618: result: yes
configure:12651: checking for strdup
configure:12651: gcc -o conftest    -O2    -I/home/timndus/msc_project/mpich/tmp/src/mpl/include -I/home/timndus/msc_project/mpich/mpich-3.2.1/src/mpl/include -I/home/timndus/msc_project/mpich/mpich-3.2.1/src/openpa/src -I/home/timndus/msc_project/mpich/tmp/src/openpa/src -D_REENTRANT -I/home/timndus/msc_project/mpich/tmp/src/mpi/romio/include  conftest.c  >&5
conftest.c:60:6: warning: conflicting types for built-in function 'strdup' [-Wbuiltin-declaration-mismatch]
 char strdup ();
      ^~~~~~
configure:12651: $? = 0
configure:12651: result: yes
configure:12662: checking whether strdup needs a declaration
configure:12680: gcc -c    -O2    -I/home/timndus/msc_project/mpich/tmp/src/mpl/include -I/home/timndus/msc_project/mpich/mpich-3.2.1/src/mpl/include -I/home/timndus/msc_project/mpich/mpich-3.2.1/src/openpa/src -I/home/timndus/msc_project/mpich/tmp/src/openpa/src -D_REENTRANT -I/home/timndus/msc_project/mpich/tmp/src/mpi/romio/include conftest.c >&5
configure:12680: $? = 0
configure:12687: result: no
configure:12703: checking for snprintf
configure:12703: gcc -o conftest    -O2    -I/home/timndus/msc_project/mpich/tmp/src/mpl/include -I/home/timndus/msc_project/mpich/mpich-3.2.1/src/mpl/include -I/home/timndus/msc_project/mpich/mpich-3.2.1/src/openpa/src -I/home/timndus/msc_project/mpich/tmp/src/openpa/src -D_REENTRANT -I/home/timndus/msc_project/mpich/tmp/src/mpi/romio/include  conftest.c  >&5
conftest.c:61:6: warning: conflicting types for built-in function 'snprintf' [-Wbuiltin-declaration-mismatch]
 char snprintf ();
      ^~~~~~~~
configure:12703: $? = 0
configure:12703: result: yes
configure:12714: checking whether snprintf needs a declaration
configure:12732: gcc -c    -O2    -I/home/timndus/msc_project/mpich/tmp/src/mpl/include -I/home/timndus/msc_project/mpich/mpich-3.2.1/src/mpl/include -I/home/timndus/msc_project/mpich/mpich-3.2.1/src/openpa/src -I/home/timndus/msc_project/mpich/tmp/src/openpa/src -D_REENTRANT -I/home/timndus/msc_project/mpich/tmp/src/mpi/romio/include conftest.c >&5
configure:12732: $? = 0
configure:12739: result: no
configure:12755: checking for strncmp
configure:12755: gcc -o conftest    -O2    -I/home/timndus/msc_project/mpich/tmp/src/mpl/include -I/home/timndus/msc_project/mpich/mpich-3.2.1/src/mpl/include -I/home/timndus/msc_project/mpich/mpich-3.2.1/src/openpa/src -I/home/timndus/msc_project/mpich/tmp/src/openpa/src -D_REENTRANT -I/home/timndus/msc_project/mpich/tmp/src/mpi/romio/include  conftest.c  >&5
conftest.c:62:6: warning: conflicting types for built-in function 'strncmp' [-Wbuiltin-declaration-mismatch]
 char strncmp ();
      ^~~~~~~
configure:12755: $? = 0
configure:12755: result: yes
configure:12766: checking whether strncmp needs a declaration
configure:12784: gcc -c    -O2    -I/home/timndus/msc_project/mpich/tmp/src/mpl/include -I/home/timndus/msc_project/mpich/mpich-3.2.1/src/mpl/include -I/home/timndus/msc_project/mpich/mpich-3.2.1/src/openpa/src -I/home/timndus/msc_project/mpich/tmp/src/openpa/src -D_REENTRANT -I/home/timndus/msc_project/mpich/tmp/src/mpi/romio/include conftest.c >&5
configure:12784: $? = 0
configure:12791: result: no
configure:12807: checking for putenv
configure:12807: gcc -o conftest    -O2    -I/home/timndus/msc_project/mpich/tmp/src/mpl/include -I/home/timndus/msc_project/mpich/mpich-3.2.1/src/mpl/include -I/home/timndus/msc_project/mpich/mpich-3.2.1/src/openpa/src -I/home/timndus/msc_project/mpich/tmp/src/openpa/src -D_REENTRANT -I/home/timndus/msc_project/mpich/tmp/src/mpi/romio/include  conftest.c  >&5
configure:12807: $? = 0
configure:12807: result: yes
configure:12818: checking whether putenv needs a declaration
configure:12836: gcc -c    -O2    -I/home/timndus/msc_project/mpich/tmp/src/mpl/include -I/home/timndus/msc_project/mpich/mpich-3.2.1/src/mpl/include -I/home/timndus/msc_project/mpich/mpich-3.2.1/src/openpa/src -I/home/timndus/msc_project/mpich/tmp/src/openpa/src -D_REENTRANT -I/home/timndus/msc_project/mpich/tmp/src/mpi/romio/include conftest.c >&5
configure:12836: $? = 0
configure:12843: result: no
configure:12859: checking for strerror
configure:12859: gcc -o conftest    -O2    -I/home/timndus/msc_project/mpich/tmp/src/mpl/include -I/home/timndus/msc_project/mpich/mpich-3.2.1/src/mpl/include -I/home/timndus/msc_project/mpich/mpich-3.2.1/src/openpa/src -I/home/timndus/msc_project/mpich/tmp/src/openpa/src -D_REENTRANT -I/home/timndus/msc_project/mpich/tmp/src/mpi/romio/include  conftest.c  >&5
configure:12859: $? = 0
configure:12859: result: yes
configure:12870: checking whether strerror needs a declaration
configure:12888: gcc -c    -O2    -I/home/timndus/msc_project/mpich/tmp/src/mpl/include -I/home/timndus/msc_project/mpich/mpich-3.2.1/src/mpl/include -I/home/timndus/msc_project/mpich/mpich-3.2.1/src/openpa/src -I/home/timndus/msc_project/mpich/tmp/src/openpa/src -D_REENTRANT -I/home/timndus/msc_project/mpich/tmp/src/mpi/romio/include conftest.c >&5
configure:12888: $? = 0
configure:12895: result: no
configure:12912: checking whether __attribute__ allowed
configure:12929: gcc -c    -O2    -I/home/timndus/msc_project/mpich/tmp/src/mpl/include -I/home/timndus/msc_project/mpich/mpich-3.2.1/src/mpl/include -I/home/timndus/msc_project/mpich/mpich-3.2.1/src/openpa/src -I/home/timndus/msc_project/mpich/tmp/src/openpa/src -D_REENTRANT -I/home/timndus/msc_project/mpich/tmp/src/mpi/romio/include conftest.c >&5
configure:12929: $? = 0
configure:12936: result: yes
configure:12938: checking whether __attribute__((format)) allowed
configure:12955: gcc -c    -O2    -I/home/timndus/msc_project/mpich/tmp/src/mpl/include -I/home/timndus/msc_project/mpich/mpich-3.2.1/src/mpl/include -I/home/timndus/msc_project/mpich/mpich-3.2.1/src/openpa/src -I/home/timndus/msc_project/mpich/tmp/src/openpa/src -D_REENTRANT -I/home/timndus/msc_project/mpich/tmp/src/mpi/romio/include conftest.c >&5
configure:12955: $? = 0
configure:12962: result: yes
configure:13083: checking that generated files are newer than configure
configure:13089: result: done
configure:13120: creating ./config.status

## ---------------------- ##
## Running config.status. ##
## ---------------------- ##

This file was extended by MPL config.status 0.1, which was
generated by GNU Autoconf 2.69.  Invocation command line was

  CONFIG_FILES    = 
  CONFIG_HEADERS  = 
  CONFIG_LINKS    = 
  CONFIG_COMMANDS = 
  $ ./config.status 

on green_server

config.status:1118: creating Makefile
config.status:1118: creating localdefs
config.status:1118: creating include/config.h
config.status:1332: executing depfiles commands
config.status:1332: executing libtool commands
config.status:1332: executing include/mplconfig.h commands
config.status:2005: creating include/mplconfig.h - prefix MPL for include/config.h defines

## ---------------- ##
## Cache variables. ##
## ---------------- ##

ac_cv_build=x86_64-pc-linux-gnu
ac_cv_c_compiler_gnu=yes
ac_cv_c_const=yes
ac_cv_c_inline=inline
ac_cv_c_restrict=__restrict
ac_cv_env_CC_set=set
ac_cv_env_CC_value=gcc
ac_cv_env_CFLAGS_set=set
ac_cv_env_CFLAGS_value='   -O2 '
ac_cv_env_CPPFLAGS_set=set
ac_cv_env_CPPFLAGS_value='  -I/home/timndus/msc_project/mpich/tmp/src/mpl/include -I/home/timndus/msc_project/mpich/mpich-3.2.1/src/mpl/include -I/home/timndus/msc_project/mpich/mpich-3.2.1/src/openpa/src -I/home/timndus/msc_project/mpich/tmp/src/openpa/src -D_REENTRANT -I/home/timndus/msc_project/mpich/tmp/src/mpi/romio/include'
ac_cv_env_CPP_set=
ac_cv_env_CPP_value=
ac_cv_env_FROM_MPICH_set=set
ac_cv_env_FROM_MPICH_value=yes
ac_cv_env_GCOV_set=
ac_cv_env_GCOV_value=
ac_cv_env_LDFLAGS_set=set
ac_cv_env_LDFLAGS_value=
ac_cv_env_LIBS_set=set
ac_cv_env_LIBS_value=
ac_cv_env_LT_SYS_LIBRARY_PATH_set=
ac_cv_env_LT_SYS_LIBRARY_PATH_value=
ac_cv_env_MPLLIBNAME_set=set
ac_cv_env_MPLLIBNAME_value=mpl
ac_cv_env_build_alias_set=
ac_cv_env_build_alias_value=
ac_cv_env_host_alias_set=
ac_cv_env_host_alias_value=
ac_cv_env_target_alias_set=
ac_cv_env_target_alias_value=
ac_cv_func_putenv=yes
ac_cv_func_snprintf=yes
ac_cv_func_strdup=yes
ac_cv_func_strerror=yes
ac_cv_func_strncmp=yes
ac_cv_header_ctype_h=yes
ac_cv_header_dlfcn_h=yes
ac_cv_header_drd_h=no
ac_cv_header_helgrind_h=no
ac_cv_header_inttypes_h=yes
ac_cv_header_memcheck_h=no
ac_cv_header_memory_h=yes
ac_cv_header_search_h=yes
ac_cv_header_stdarg_h=yes
ac_cv_header_stdc=yes
ac_cv_header_stdint_h=yes
ac_cv_header_stdio_h=yes
ac_cv_header_stdlib_h=yes
ac_cv_header_string_h=yes
ac_cv_header_strings_h=yes
ac_cv_header_sys_stat_h=yes
ac_cv_header_sys_types_h=yes
ac_cv_header_sys_uio_h=yes
ac_cv_header_unistd_h=yes
ac_cv_header_valgrind_drd_h=no
ac_cv_header_valgrind_h=no
ac_cv_header_valgrind_helgrind_h=no
ac_cv_header_valgrind_memcheck_h=no
ac_cv_header_valgrind_valgrind_h=no
ac_cv_host=x86_64-pc-linux-gnu
ac_cv_objext=o
ac_cv_path_EGREP='/bin/grep -E'
ac_cv_path_FGREP='/bin/grep -F'
ac_cv_path_GREP=/bin/grep
ac_cv_path_SED=/bin/sed
ac_cv_path_install='/usr/bin/install -c'
ac_cv_path_lt_DD=/bin/dd
ac_cv_prog_AWK=gawk
ac_cv_prog_CPP='gcc -E'
ac_cv_prog_GCOV=gcov
ac_cv_prog_ac_ct_MANIFEST_TOOL=mt
ac_cv_prog_ac_ct_OBJDUMP=objdump
ac_cv_prog_ac_ct_RANLIB=ranlib
ac_cv_prog_ac_ct_STRIP=strip
ac_cv_prog_cc_c89=
ac_cv_prog_cc_g=yes
ac_cv_prog_make_make_set=yes
am_cv_CC_dependencies_compiler_type=gcc3
am_cv_ar_interface=ar
am_cv_make_support_nested_variables=yes
am_cv_prog_cc_c_o=yes
lt_cv_ar_at_file=@
lt_cv_archive_cmds_need_lc=no
lt_cv_deplibs_check_method=pass_all
lt_cv_file_magic_cmd='$MAGIC_CMD'
lt_cv_file_magic_test_file=
lt_cv_ld_reload_flag=-r
lt_cv_nm_interface='BSD nm'
lt_cv_objdir=.libs
lt_cv_path_LD='/usr/bin/x86_64-linux-gnu-ld -m elf_x86_64 -m elf_x86_64'
lt_cv_path_NM='/usr/bin/nm -B'
lt_cv_path_mainfest_tool=no
lt_cv_prog_compiler_c_o=yes
lt_cv_prog_compiler_pic='-fPIC -DPIC'
lt_cv_prog_compiler_pic_works=yes
lt_cv_prog_compiler_rtti_exceptions=no
lt_cv_prog_compiler_static_works=yes
lt_cv_prog_gnu_ld=yes
lt_cv_sharedlib_from_linklib_cmd='printf %s\n'
lt_cv_shlibpath_overrides_runpath=yes
lt_cv_sys_global_symbol_pipe='sed -n -e '\''s/^.*[	 ]\([ABCDGIRSTW][ABCDGIRSTW]*\)[	 ][	 ]*\([_A-Za-z][_A-Za-z0-9]*\)$/\1 \2 \2/p'\'' | sed '\''/ __gnu_lto/d'\'''
lt_cv_sys_global_symbol_to_c_name_address='sed -n -e '\''s/^: \(.*\) .*$/  {"\1", (void *) 0},/p'\'' -e '\''s/^[ABCDGIRSTW][ABCDGIRSTW]* .* \(.*\)$/  {"\1", (void *) \&\1},/p'\'''
lt_cv_sys_global_symbol_to_c_name_address_lib_prefix='sed -n -e '\''s/^: \(.*\) .*$/  {"\1", (void *) 0},/p'\'' -e '\''s/^[ABCDGIRSTW][ABCDGIRSTW]* .* \(lib.*\)$/  {"\1", (void *) \&\1},/p'\'' -e '\''s/^[ABCDGIRSTW][ABCDGIRSTW]* .* \(.*\)$/  {"lib\1", (void *) \&\1},/p'\'''
lt_cv_sys_global_symbol_to_cdecl='sed -n -e '\''s/^T .* \(.*\)$/extern int \1();/p'\'' -e '\''s/^[ABCDGIRSTW][ABCDGIRSTW]* .* \(.*\)$/extern char \1;/p'\'''
lt_cv_sys_global_symbol_to_import=
lt_cv_sys_max_cmd_len=1572864
lt_cv_to_host_file_cmd=func_convert_file_noop
lt_cv_to_tool_file_cmd=func_convert_file_noop
lt_cv_truncate_bin='/bin/dd bs=4096 count=1'
pac_cv_func_decl_putenv=no
pac_cv_func_decl_snprintf=no
pac_cv_func_decl_strdup=no
pac_cv_func_decl_strerror=no
pac_cv_func_decl_strncmp=no
pac_cv_gnu_attr_format=yes
pac_cv_gnu_attr_pure=yes
pac_cv_have___typeof=yes
pac_cv_have_broken_valgrind=yes

## ----------------- ##
## Output variables. ##
## ----------------- ##

ACLOCAL='${SHELL} /home/timndus/msc_project/mpich/mpich-3.2.1/src/pm/hydra/mpl/confdb/missing aclocal-1.15'
AMDEPBACKSLASH='\'
AMDEP_FALSE='#'
AMDEP_TRUE=''
AMTAR='$${TAR-tar}'
AM_BACKSLASH='\'
AM_DEFAULT_V='$(AM_DEFAULT_VERBOSITY)'
AM_DEFAULT_VERBOSITY='0'
AM_V='$(V)'
AR='ar'
AUTOCONF='${SHELL} /home/timndus/msc_project/mpich/mpich-3.2.1/src/pm/hydra/mpl/confdb/missing autoconf'
AUTOHEADER='${SHELL} /home/timndus/msc_project/mpich/mpich-3.2.1/src/pm/hydra/mpl/confdb/missing autoheader'
AUTOMAKE='${SHELL} /home/timndus/msc_project/mpich/mpich-3.2.1/src/pm/hydra/mpl/confdb/missing automake-1.15'
AWK='gawk'
BUILD_COVERAGE_FALSE=''
BUILD_COVERAGE_TRUE='#'
CC='gcc'
CCDEPMODE='depmode=gcc3'
CFLAGS='   -O2 '
CPP='gcc -E'
CPPFLAGS='  -I/home/timndus/msc_project/mpich/tmp/src/mpl/include -I/home/timndus/msc_project/mpich/mpich-3.2.1/src/mpl/include -I/home/timndus/msc_project/mpich/mpich-3.2.1/src/openpa/src -I/home/timndus/msc_project/mpich/tmp/src/openpa/src -D_REENTRANT -I/home/timndus/msc_project/mpich/tmp/src/mpi/romio/include'
CYGPATH_W='echo'
DEFS='-DHAVE_CONFIG_H'
DEPDIR='.deps'
DLLTOOL='false'
DSYMUTIL=''
DUMPBIN=''
ECHO_C=''
ECHO_N='-n'
ECHO_T=''
EGREP='/bin/grep -E'
EXEEXT=''
FGREP='/bin/grep -F'
FROM_MPICH='yes'
GCOV='gcov'
GREP='/bin/grep'
INSTALL_DATA='${INSTALL} -m 644'
INSTALL_PROGRAM='${INSTALL}'
INSTALL_SCRIPT='${INSTALL}'
INSTALL_STRIP_PROGRAM='$(install_sh) -c -s'
LD='/usr/bin/x86_64-linux-gnu-ld -m elf_x86_64 -m elf_x86_64 -m elf_x86_64'
LDFLAGS=''
LIBOBJS=''
LIBS=''
LIBTOOL='$(SHELL) $(top_builddir)/libtool'
LIPO=''
LN_S='ln -s'
LTLIBOBJS=''
LT_SYS_LIBRARY_PATH=''
MAKEINFO='${SHELL} /home/timndus/msc_project/mpich/mpich-3.2.1/src/pm/hydra/mpl/confdb/missing makeinfo'
MANIFEST_TOOL=':'
MKDIR_P='mkdir -p'
MPLLIBNAME='mpl'
MPL_EMBEDDED_MODE_FALSE='#'
MPL_EMBEDDED_MODE_TRUE=''
NM='/usr/bin/nm -B'
NMEDIT=''
OBJDUMP='objdump'
OBJEXT='o'
OTOOL64=''
OTOOL=''
PACKAGE='mpl'
PACKAGE_BUGREPORT=''
PACKAGE_NAME='MPL'
PACKAGE_STRING='MPL 0.1'
PACKAGE_TARNAME='mpl'
PACKAGE_URL=''
PACKAGE_VERSION='0.1'
PATH_SEPARATOR=':'
RANLIB='ranlib'
SED='/bin/sed'
SET_MAKE=''
SHELL='/bin/bash'
STRIP='strip'
VERSION='0.1'
ac_ct_AR=''
ac_ct_CC=''
ac_ct_DUMPBIN=''
am__EXEEXT_FALSE=''
am__EXEEXT_TRUE='#'
am__fastdepCC_FALSE='#'
am__fastdepCC_TRUE=''
am__include='include'
am__isrc=' -I$(srcdir)'
am__leading_dot='.'
am__nodep='_no'
am__quote=''
am__tar='$${TAR-tar} chof - "$$tardir"'
am__untar='$${TAR-tar} xf -'
bindir='${exec_prefix}/bin'
build='x86_64-pc-linux-gnu'
build_alias=''
build_cpu='x86_64'
build_os='linux-gnu'
build_vendor='pc'
datadir='${datarootdir}'
datarootdir='${prefix}/share'
docdir='${datarootdir}/doc/${PACKAGE_TARNAME}'
dvidir='${docdir}'
exec_prefix='${prefix}'
host='x86_64-pc-linux-gnu'
host_alias=''
host_cpu='x86_64'
host_os='linux-gnu'
host_vendor='pc'
htmldir='${docdir}'
includedir='${prefix}/include'
infodir='${datarootdir}/info'
install_sh='${SHELL} /home/timndus/msc_project/mpich/mpich-3.2.1/src/pm/hydra/mpl/confdb/install-sh'
libdir='${exec_prefix}/lib'
libexecdir='${exec_prefix}/libexec'
libmpl_so_version='1:0'
libmpl_so_versionflags='-avoid-version'
localedir='${datarootdir}/locale'
localstatedir='${prefix}/var'
mandir='${datarootdir}/man'
mkdir_p='$(MKDIR_P)'
oldincludedir='/usr/include'
pdfdir='${docdir}'
prefix='/home/timndus/msc_project/mpich/mpich-install'
program_transform_name='s,x,x,'
psdir='${docdir}'
runstatedir='${localstatedir}/run'
sbindir='${exec_prefix}/sbin'
sharedstatedir='${prefix}/com'
sysconfdir='${prefix}/etc'
target_alias=''

## ----------- ##
## confdefs.h. ##
## ----------- ##

/* confdefs.h */
#define PACKAGE_NAME "MPL"
#define PACKAGE_TARNAME "mpl"
#define PACKAGE_VERSION "0.1"
#define PACKAGE_STRING "MPL 0.1"
#define PACKAGE_BUGREPORT ""
#define PACKAGE_URL ""
#define PACKAGE "mpl"
#define VERSION "0.1"
#define STDC_HEADERS 1
#define HAVE_SYS_TYPES_H 1
#define HAVE_SYS_STAT_H 1
#define HAVE_STDLIB_H 1
#define HAVE_STRING_H 1
#define HAVE_MEMORY_H 1
#define HAVE_STRINGS_H 1
#define HAVE_INTTYPES_H 1
#define HAVE_STDINT_H 1
#define HAVE_UNISTD_H 1
#define HAVE_DLFCN_H 1
#define LT_OBJDIR ".libs/"
#define restrict __restrict
#define HAVE_MACRO_VA_ARGS 1
#define HAVE___TYPEOF 1
#define HAVE_STDIO_H 1
#define HAVE_STDLIB_H 1
#define HAVE_STRING_H 1
#define HAVE_STDARG_H 1
#define HAVE_CTYPE_H 1
#define HAVE_SEARCH_H 1
#define HAVE_SYS_TYPES_H 1
#define HAVE_SYS_UIO_H 1
#define HAVE_INTTYPES_H 1
#define HAVE_STDINT_H 1
#define HAVE_BROKEN_VALGRIND 1
#define HAVE_STRDUP 1
#define HAVE_SNPRINTF 1
#define HAVE_STRNCMP 1
#define HAVE_PUTENV 1
#define HAVE_STRERROR 1
#define HAVE_GCC_ATTRIBUTE 1

configure: exit 0
