5.417291
5.398326
5.437753
5.435860
5.423640
5.421977
5.403194
5.468467
5.439065
5.415674
5.503134
5.442361
5.425150
5.453301
5.469902
5.448021
5.435052
5.427439
5.442407
5.425592
5.406596
5.441781
5.441979
5.422037
5.470847
5.454643
5.469719
5.440484
5.464302
5.464042
5.449028
5.451531
5.416330
5.436105
5.427240
5.421976
5.401042
5.457786
5.406398
5.391749
5.424219
5.402125
5.405863
5.399531
5.416330
5.407175
5.410349
5.413966
5.440880
5.410868
5.381298
5.390514
5.399745
5.382656
5.369886
5.385555
5.359495
5.418314
5.355222
5.411067
5.409083
5.403514
5.401653
5.417475
5.427515
5.397808
5.402797
5.397594
5.410563
5.399562
5.422006
5.424264
5.426172
5.466682
5.421442
5.429407
5.457436
5.419184
5.419794
5.398082
5.424600
5.429209
5.370694
5.351011
5.328872
5.346113
5.391567
5.369366
5.384319
5.368131
5.383419
5.389110
5.375378
5.403315
5.405558
5.387478
5.383862
5.402950
5.421534
5.392147
5.385143
5.365796
5.356992
5.355848
5.370373
5.398037
5.363233
5.362073
5.341261
5.386226
5.357999
5.346693
5.373883
5.376202
5.367597
5.362150
5.359358
5.373227
5.359403
5.375989
5.377575
5.381145
5.371335
5.385601
5.390881
5.369092
5.367459
5.371228
5.374280
5.360029
5.362669
5.411341
5.380276
5.353574
5.349501
5.382885
5.369443
5.377438
5.333785
5.383617
5.360257
5.378171
5.381908
5.347593
5.378674
5.405940
5.365033
5.388714
5.365308
5.386608
5.376583
5.377896
5.370221
5.376172
5.422937
5.409480
5.360197
5.367581
5.407237
5.359342
5.410472
5.356931
5.367077
5.360273
5.376324
5.395061
5.384518
5.366666
5.336837
5.360380
5.351102
5.384533
5.419673
5.372204
5.360288
5.361966
5.362607
5.387325
5.374325
5.368268
5.417154
5.387630
5.366391
5.366605
5.340391
5.375531
5.363660
5.351301
5.361417
5.405924
5.353056
5.375867
5.443993
5.384304
5.314606
5.366010
5.358640
5.406336
5.363461
5.380627
5.372952
5.365018
5.365873
5.415049
5.378902
5.406016
5.359830
5.377575
5.354277
5.356642
5.354048
5.385815
5.348188
5.348738
5.393963
5.405207
5.377835
5.366254
5.372204
5.363904
5.366819
5.350934
5.384227
5.388912
5.465843
5.359464
5.354581
5.352094
5.334929
5.392390
5.366513
5.358351
5.354123
5.394115
5.364911
5.354841
5.373090
5.375714
5.352750
5.355985
5.369687
5.346312
5.390590
5.385387
5.364561
5.368375
5.372540
5.372036
5.391902
5.346754
5.395870
5.399272
5.359403
5.378872
5.373380
5.346434
5.368268
5.389446
5.358930
5.348189
5.384716
5.416483
5.381923
5.370892
5.393642
5.364103
5.365812
5.359800
5.400645
5.372387
5.374311
5.369580
5.373730
5.374524
5.364072
5.381451
5.404185
5.335204
5.383144
5.398478
5.389842
5.388195
5.364651
5.382916
5.385585
5.384456
5.371701
5.379864
5.370419
5.373609
5.395351
5.392406
5.388744
5.392177
5.379864
5.363675
5.378750
5.394832
5.377636
5.363370
5.348570
5.367795
5.389462
5.373624
5.378918
5.383434
5.406459
5.387966
5.381466
5.348508
5.436777
5.376630
5.389507
5.392818
5.378612
5.372326
5.365842
5.363081
5.361676
5.380017
5.368085
5.385052
5.388653
5.370999
5.381389
5.363965
5.373578
5.368634
5.378292
5.384045
5.360196
5.368145
5.386486
5.362867
5.357344
5.403728
5.404017
5.376965
5.363263
5.385937
5.376995
5.356931
5.382214
5.389995
5.375790
5.361982
5.352552
5.366696
5.352933
5.370846
5.356138
5.379467
5.363141
5.396159
5.359495
5.394527
5.408503
5.366605
5.380459
5.362898
5.353254
5.389691
5.352568
5.376446
5.397502
5.365064
5.348158
5.364728
5.340498
5.352842
5.352644
5.418009
5.349958
5.341764
5.371243
5.361630
5.385280
5.378567
5.405024
5.386730
5.368954
5.361890
5.373944
5.362851
5.349073
5.366483
5.365796
5.396953
5.369992
5.357663
5.365949
5.382138
5.365628
5.381389
5.354719
5.368191
5.363141
5.353346
5.354139
5.348250
5.365201
5.360150
5.391796
5.356855
5.365552
5.386990
5.367917
5.359372
5.360761
5.363203
5.355222
5.388973
5.354032
5.351622
5.352720
5.356810
5.354032
5.379941
5.357679
5.370130
5.365567
5.358564
5.361341
5.356413
5.357755
5.370877
5.343916
5.353010
5.338820
5.352842
5.373333
5.366513
5.362272
5.365095
5.353300
5.356916
5.360410
5.347166
5.360379
5.353437
5.382518
5.366757
5.372266
5.357511
5.378445
5.354825
5.370099
5.407924
5.350843
5.413203
5.407664
5.368329
5.369199
5.356000
5.363263
5.342344
5.398510
5.378582
5.364682
5.370862
5.355757
5.391521
5.357404
5.372815
5.360395
5.364697
5.355283
5.386425
5.354978
5.399959
5.379300
5.352888
5.356107
5.379971
5.365293
5.380642
5.349440
5.340849
5.399837
5.369900
5.366009
5.350905
5.372601
5.348723
5.354749
5.364286
5.367139
5.359845
5.362150
5.358548
5.365598
5.368649
5.373349
5.395045
5.388378
5.362607
5.426508
5.358259
5.367414
5.435907
5.379529
5.375470
5.398494
5.382824
5.388256
5.413889
5.382123
5.409220
5.381146
5.394085
5.403438
5.359373
5.390850
5.381222
5.390896
5.362042
5.387890
5.378186
5.361570
5.355787
5.376294
5.375378
5.357206
5.394221
5.339033
5.360441
5.430078
5.374523
5.400859
5.396679
5.413629
5.412516
5.394313
5.380505
5.385280
5.387737
5.357374
5.369809
5.360914
5.364774
5.367429
5.352522
5.377591
5.363949
5.424051
5.360105
5.375439
5.379422
5.392558
5.378918
5.379360
5.386761
5.387554
5.377163
5.366665
5.376278
5.383099
5.367200
5.362439
5.403773
5.346281
5.381024
5.406962
5.386334
5.366071
5.379315
5.381329
5.358747
5.398891
5.391429
5.364743
5.377773
5.358533
5.358197
5.350004
5.371869
5.367733
5.375775
5.392864
5.385449
5.395473
5.362409
5.401516
5.382381
5.408656
5.366376
5.386745
5.408412
5.413233
5.369259
5.446145
5.363416
5.349760
5.386913
5.399577
5.370542
5.326888
5.299424
5.351332
5.362729
5.337401
5.355040
5.360151
5.330748
5.402751
5.386043
5.367062
5.373212
5.393687
5.356947
5.381893
5.378857
5.339064
5.364895
5.374936
5.365735
5.390102
5.402888
5.379711
5.359632
5.385998
5.441796
5.395671
5.379803
5.359265
5.350752
5.371045
5.394969
5.357893
5.378338
5.371914
5.376720
5.346709
5.403453
5.384747
5.367429
5.362302
5.396572
5.392971
5.383526
5.353803
5.370556
5.401973
5.365262
5.433908
5.372433
5.368421
5.396389
5.358640
5.385281
5.407267
5.371640
5.384197
5.367490
5.379574
5.387371
5.363248
5.380566
5.367856
5.357221
5.376233
5.369367
5.351530
5.393124
5.373837
5.421137
5.354367
