7.294422
7.280949
7.307423
7.269338
7.320071
7.285161
7.316699
7.324053
7.281454
7.376465
7.299458
7.355561
7.301930
7.311542
7.326999
7.341891
7.290745
7.290944
7.305134
7.319415
7.289662
7.319460
7.338930
7.302829
7.295949
7.319064
7.327029
7.308598
7.348787
7.306690
7.286992
7.319537
7.289784
7.290837
7.291417
7.301457
7.292317
7.295888
7.275930
7.320712
7.339281
7.282766
7.290730
7.265585
7.311099
7.263235
7.294407
7.260840
7.282841
7.304768
7.302616
7.282537
7.308170
7.290425
7.244453
7.239646
7.311176
7.246238
7.223672
7.267798
7.163829
7.152661
7.191156
7.188715
7.238472
7.246436
7.334933
7.282353
7.259466
7.249579
7.244330
7.233284
7.285771
7.263815
7.238563
7.230553
7.247473
7.233756
7.205148
7.232277
7.264929
7.224434
7.293125
7.225563
7.253501
7.257666
7.219918
7.213784
7.252524
7.222222
7.270726
7.237861
7.263907
7.252081
7.224663
7.270544
7.207483
7.266073
7.250083
7.214440
7.231422
7.241554
7.285634
7.236244
7.195932
7.264716
7.248069
7.270468
7.220772
7.261496
7.253776
7.247122
7.238090
7.238929
7.247824
7.258200
7.250236
7.246695
7.265768
7.187647
7.240760
7.231346
7.244239
7.235283
7.236014
7.248541
7.250892
7.273428
7.250556
7.236152
7.248862
7.268072
7.263464
7.283589
7.220421
7.223839
7.283697
7.244605
7.245551
7.205468
7.218422
7.259238
7.253775
7.281041
7.193400
7.144040
7.222481
7.214730
7.236641
7.254019
7.243812
7.253012
7.251364
7.270971
7.270773
7.235358
7.247932
7.237358
7.290990
7.287526
7.255179
7.234169
7.243476
7.233055
7.219536
7.199091
7.224770
7.225731
7.237830
7.253363
7.247474
7.210717
7.252936
7.232125
7.310612
7.232444
7.256263
7.244285
7.215218
7.237099
7.248877
7.263877
7.256827
7.219475
7.283559
7.238456
7.263541
7.247290
7.245170
7.253211
7.213998
7.242514
7.256521
7.256232
7.248191
7.262747
7.256904
7.249106
7.237251
7.238242
7.240074
7.248557
7.256705
7.256277
7.241294
7.238457
7.252738
7.213784
7.258994
7.278981
7.262091
7.227806
7.315754
7.235542
7.246528
7.276570
7.237251
7.235480
7.274846
7.235725
7.243583
7.245567
7.253699
7.247062
7.238105
7.263434
7.246223
7.240455
7.285023
7.257330
7.268957
7.233268
7.251944
7.238106
7.273046
7.256918
7.238304
7.239433
7.256766
7.254614
7.290395
7.262564
7.237113
7.219094
7.253683
7.235008
7.234138
7.227059
7.241844
7.204080
7.253165
7.163402
7.239921
7.303150
7.251410
7.282949
7.200250
7.268942
7.227303
7.283558
7.274542
7.243903
7.252509
7.246985
7.239250
7.239616
7.240516
7.280644
7.238944
7.249289
7.256171
7.229423
7.270117
7.303089
7.262396
7.277425
7.243842
7.216957
7.236244
7.246589
7.233619
7.270788
7.260275
7.246756
7.228951
7.267141
7.254034
7.243064
7.244178
7.243415
7.265234
7.288610
7.280339
7.244270
7.256537
7.245185
7.258169
7.245170
7.236701
7.225319
7.222481
7.232948
7.210305
7.258261
7.246710
7.231025
7.214441
7.268179
7.279439
7.252723
7.227761
7.279119
7.303653
7.236793
7.238335
7.209618
7.248267
7.251395
7.246223
7.226768
7.245078
7.222222
7.203576
7.234946
7.237785
7.225411
7.272939
7.254248
7.267705
7.203638
7.304004
7.235282
7.252036
7.235908
7.258932
7.237068
7.230400
7.216789
7.222039
7.236457
7.230736
7.228996
7.258368
7.250877
7.233833
7.236808
7.310276
7.210824
7.243614
7.290334
7.243872
7.255118
7.250784
7.234810
7.234459
7.240272
7.254096
7.241950
7.231392
7.238746
7.267553
7.237373
7.255942
7.272695
7.239723
7.222756
7.246207
7.237602
7.226921
7.245047
7.257666
7.243141
7.242606
7.253760
7.263082
7.220665
7.267965
7.281500
7.285115
7.245017
7.264624
7.268866
7.240211
7.263250
7.274267
7.291936
7.285207
7.232445
7.245108
7.244575
7.231803
7.232765
7.240394
7.243476
7.263952
7.275594
7.259177
7.242896
7.286717
7.249107
7.264441
7.245475
7.275564
7.204583
7.248741
7.222054
7.261099
7.264411
7.231117
7.272939
7.251670
7.297825
7.314380
7.273946
7.243843
7.241325
7.195932
7.259482
7.217568
7.267889
7.261023
7.256049
7.270925
7.264929
7.275808
7.244499
7.234992
7.236976
7.245323
7.241188
7.284215
7.257224
7.234489
7.261343
7.203210
7.233726
7.237831
7.263098
7.323321
7.229317
7.226417
7.256430
7.296879
7.180933
7.174128
7.248496
7.174571
7.157757
7.234917
7.270666
7.278142
7.231147
7.299076
7.308765
7.234383
7.355714
7.260748
7.265493
7.244819
7.210183
7.261420
7.283330
7.305835
7.251898
7.241691
7.213448
7.257285
7.250830
7.264379
7.246360
7.247886
7.196344
7.237449
7.248450
7.249412
7.241889
7.240547
7.237983
7.227059
7.304676
7.232307
7.222938
7.260077
7.281560
7.239967
7.260489
7.215187
7.235221
7.248709
7.276769
7.255545
7.268759
7.256644
7.258352
7.237480
7.257376
7.222893
7.285772
7.257864
7.259512
7.267843
7.232002
7.242774
7.294469
7.233421
7.263205
7.252143
7.240241
7.239555
7.252753
7.263144
7.293217
7.298267
7.197046
7.230370
7.300496
7.285726
7.251318
7.255041
7.237739
7.242088
7.266470
7.222512
7.221855
7.272207
7.245887
7.225990
7.277700
7.237724
7.253791
7.280919
7.228768
7.247642
7.258155
7.248893
7.250922
7.268392
7.208093
7.291416
7.256034
7.272604
7.290013
7.247550
7.304004
7.266164
7.263372
7.235084
7.254141
7.231529
7.213600
7.302265
7.278447
7.280644
7.262304
7.262075
