7.885213
7.868444
7.903019
7.881306
7.873662
7.869527
7.934130
7.916338
7.860540
7.971069
7.901050
7.954316
7.943116
7.901905
7.902363
7.931277
7.873174
7.918367
7.946595
7.892124
7.903201
7.876134
7.891941
7.864477
7.885563
7.874867
7.884968
7.837943
7.900897
7.865576
7.876988
7.888997
7.869969
7.850241
7.832969
7.817696
7.901019
7.841421
7.760799
7.833732
7.821801
7.823753
7.793221
7.763301
7.785349
7.779520
7.788889
7.811227
7.810036
7.813362
7.795587
7.782892
7.780954
7.804925
7.774882
7.798242
7.725095
7.681167
7.716474
7.789773
7.776346
7.772181
7.832633
7.797647
7.787118
7.856070
7.850897
7.784418
7.818886
7.819984
7.767528
7.801995
7.786676
7.764659
7.835608
7.861029
7.810570
7.790323
7.795618
7.805779
7.764659
7.788004
7.823448
7.829932
7.764308
7.818504
7.688338
7.791879
7.785151
7.794961
7.798058
7.760554
7.791894
7.803445
7.822777
7.791223
7.795007
7.786661
7.768656
7.777048
7.795388
7.802392
7.784067
7.820686
7.809700
7.798989
7.752376
7.779276
7.841239
7.793160
7.779321
7.824394
7.808998
7.788949
7.810632
7.788873
7.852270
7.778498
7.770595
7.814675
7.787042
7.808739
7.763194
7.797708
7.797585
7.792672
7.824715
7.789102
7.794870
7.812691
7.803078
7.784616
7.839240
7.808006
7.836586
7.815208
7.807534
7.792245
7.773280
7.757579
7.829338
7.796151
7.813347
7.813347
7.682708
7.793374
7.792917
7.779474
7.800699
7.768336
7.808815
7.809121
7.804162
7.811044
7.787210
7.807411
7.785807
7.824058
7.773127
7.796152
7.790155
7.794290
7.825645
7.759273
7.790003
7.801232
7.782786
7.799783
7.816475
7.767131
7.826256
7.825736
7.796334
7.787698
7.784556
7.778452
7.813012
7.783472
7.789926
7.785990
7.778513
7.778223
7.810097
7.803673
7.815926
7.785456
7.787790
7.793512
7.773692
7.850561
7.817558
7.801797
7.850806
7.814674
7.804894
7.814247
7.815498
7.815315
7.815422
7.803765
7.808663
7.802208
7.813286
7.806618
7.811852
7.804528
7.818306
7.810921
7.806862
7.780680
7.798822
7.815758
7.823220
7.835502
7.810875
7.778497
7.863851
7.779429
7.780756
7.787149
7.804315
7.824028
7.786982
7.795510
7.819221
7.807869
7.824760
7.806558
7.925554
7.783579
7.796716
7.799066
7.859457
7.798730
7.807427
7.795388
7.772700
7.814843
7.789331
7.798089
7.791558
7.824623
7.815880
7.833640
7.792596
7.800118
7.793649
7.765941
7.852026
7.868886
7.771387
7.778193
7.810723
7.726789
7.833243
7.850561
7.860007
7.805001
7.774515
7.823539
7.778543
7.806389
7.787821
7.751431
7.783975
7.792199
7.821526
7.796563
7.851065
7.823860
7.806878
7.762386
7.785517
7.820793
7.759136
7.793771
7.791574
7.780603
7.845831
7.799889
7.830268
7.830513
7.794366
7.829353
7.797159
7.823356
7.861944
7.808952
7.776423
7.804482
7.814751
7.807809
7.818992
7.826225
7.814446
7.806893
7.799676
7.814232
7.815941
7.791559
7.819801
7.830268
7.781595
7.833381
7.794625
7.819222
7.792902
7.813027
7.804345
7.785883
7.824791
7.805733
7.815911
7.839774
7.866490
7.820182
7.836921
7.793817
7.768305
7.717924
7.808648
7.798928
7.826637
7.818566
7.826927
7.784997
7.788980
7.795541
7.814446
7.790628
7.757945
7.777353
7.842887
7.794259
7.785319
7.810860
7.767101
7.812523
7.856451
7.831169
7.825568
7.810662
7.788614
7.838279
7.777079
7.796457
7.802758
7.805947
7.806176
7.797555
7.804101
7.776636
7.795297
7.831809
7.760311
7.795831
7.796609
7.750622
7.747188
7.753597
7.766399
7.753993
7.772852
7.738812
7.758266
7.770304
7.703871
7.808785
7.794885
7.795571
7.803276
7.769648
7.792977
7.806557
7.813088
7.821053
7.790536
7.746395
7.819206
7.780115
7.777888
7.782343
7.842841
7.837866
7.800287
7.789347
7.763011
7.773997
7.789362
7.793909
7.767131
7.735699
7.740856
7.754909
7.751140
7.766017
7.751782
7.770426
7.742535
7.740200
7.769755
7.769572
7.824562
7.802727
7.817666
7.814904
7.910358
7.791742
7.801308
7.798348
7.858190
7.853582
7.782617
7.807015
7.795846
7.812890
7.846137
7.813942
7.823783
7.824852
7.790841
7.785364
7.838263
7.888813
7.846716
7.857123
7.976577
7.878865
7.851157
7.808037
7.781794
7.810509
7.801217
7.835700
7.803308
7.830741
7.832161
7.835273
7.801416
7.809258
7.812309
7.807641
7.813530
7.830863
7.799706
7.832710
7.845679
7.826988
7.771036
7.824394
7.786890
7.791864
7.814415
7.815849
7.806161
7.806450
7.806923
7.802559
7.849036
7.820579
7.779520
7.768915
7.827812
7.800363
7.808114
7.798929
7.815086
7.795953
7.797540
7.817879
7.846442
7.830390
7.801400
7.834693
7.766597
7.840247
7.830283
7.837333
7.749584
7.749065
7.792062
7.763621
7.790094
7.811653
7.820137
7.782556
7.785150
7.797067
7.858648
7.815758
7.786554
7.834693
7.797769
7.814812
7.812325
7.796030
7.805657
7.823815
7.793817
7.800683
7.803964
7.837455
7.772120
7.777155
7.790811
7.756984
7.798928
7.793329
7.765376
7.809914
7.824272
7.771540
7.789118
7.792444
7.795251
7.788614
7.789835
7.746227
7.857015
7.845190
7.778681
7.825889
7.801660
7.796915
7.781931
7.777628
7.763240
7.770060
7.796700
7.752498
7.718793
7.807992
