1.146059
1.149583
2.485757
4.354480
5.004701
5.028106
5.033111
5.044646
5.032394
5.015961
5.013092
5.000977
5.019531
5.015106
5.032669
5.016388
5.030150
5.015503
5.035598
5.013199
5.020599
4.985399
5.023071
4.987290
5.014618
5.051191
4.995271
5.000916
4.956713
4.978685
4.964038
4.997681
5.018189
4.971484
4.970385
4.979113
4.978304
4.961154
4.986467
4.962405
4.960879
4.980059
4.974642
5.018372
4.966967
4.999131
5.010636
4.986238
5.014694
4.972658
4.973284
4.956440
4.997865
4.986436
4.933751
4.952457
4.895575
4.942448
4.984590
4.998521
4.963290
4.966555
4.988726
4.980944
4.973025
4.963626
4.996369
4.988603
4.966173
4.974413
5.007478
4.998094
4.980211
4.970492
5.005906
4.978761
4.972948
4.966052
4.995347
4.981066
4.985704
4.959307
4.990144
4.980379
4.952121
4.982485
4.980883
4.964236
4.986879
4.983598
4.971179
5.005860
5.004410
4.976289
4.973177
4.954547
4.973223
4.963259
4.971484
4.984713
4.996919
4.989564
4.984560
5.002426
4.970431
4.979449
4.973299
4.974474
4.963763
4.961444
4.992143
4.962237
4.950123
5.009171
4.964969
4.971362
4.961917
4.997224
4.987794
4.966006
4.984377
4.988527
4.972674
4.975145
4.986879
4.974612
4.972521
5.024566
5.008347
4.966250
4.986222
4.957690
4.982149
4.955951
4.952839
4.967120
4.962390
4.955355
4.987352
4.962695
4.996522
4.987703
5.018479
4.996538
4.928120
4.974627
4.979906
4.960437
4.954975
4.972826
4.954044
4.973528
4.953922
4.991639
4.952808
4.956577
4.970293
4.967013
4.979509
4.961169
4.986605
4.986390
4.970019
4.984423
4.976900
4.985811
4.968768
5.037505
4.978243
4.986940
4.973055
4.979448
5.000611
4.942600
4.975787
4.994553
4.993272
4.943943
4.961032
5.012635
4.969683
4.975389
4.953098
4.992601
5.027053
4.990618
4.964556
4.945926
4.954135
5.009705
4.976778
4.988557
4.972765
4.984071
4.939000
4.948826
4.964755
4.995072
4.957203
4.987154
4.980806
4.969958
4.963031
4.959507
4.975481
4.964495
4.975817
4.988908
4.975238
4.974062
4.990205
4.988619
4.973589
4.963946
4.998994
4.973956
4.945622
4.979830
4.961886
4.990815
4.965686
4.966921
5.028488
4.967044
4.969729
4.955020
5.023696
4.970538
4.956394
4.967547
4.960055
4.970751
4.947910
4.976701
4.986070
4.960300
4.985429
4.988207
4.976717
4.973360
4.974001
4.974581
4.972781
4.979265
4.985842
4.964602
4.979769
4.958057
4.983294
4.991487
4.964694
4.992433
4.974733
5.017379
4.977602
4.976152
5.000871
4.966708
4.975420
4.979204
4.975207
4.992571
4.999985
4.979601
4.969836
4.979967
4.970080
4.971621
4.969272
4.967425
4.969012
4.962558
5.002183
4.969301
4.984178
4.980456
4.965808
4.956302
5.012467
4.990891
4.980501
4.990281
4.973528
4.968875
4.975710
4.967120
4.969500
4.967059
4.972018
4.969500
4.980791
4.955722
4.950229
4.993944
4.950245
4.994477
4.978899
4.986788
4.995820
4.972735
4.975023
4.981737
4.986879
4.982500
4.961749
4.980120
4.965884
4.977953
4.958530
4.971987
4.948749
4.974673
4.969806
4.966769
4.956363
4.969576
4.953464
4.971361
4.968172
4.974504
5.008805
4.983523
4.943607
4.961658
4.947193
4.947529
4.985628
4.962725
4.959796
4.956119
4.980974
4.961535
4.972414
4.961001
4.966235
4.978732
4.960696
4.962192
4.979860
4.982225
5.014251
5.011444
4.951068
4.971453
4.987413
4.985613
4.976961
4.974551
4.949634
4.981615
5.014114
4.975176
4.978349
4.962390
4.981249
4.998307
4.954486
4.986589
4.958118
4.956699
5.006196
4.971209
4.961993
4.962237
4.980135
4.963825
4.970980
4.965243
4.948215
4.964923
4.956561
4.958133
4.969714
4.984987
4.997544
4.957614
4.970034
4.988450
4.950046
4.994599
4.980791
4.980409
4.988222
5.003114
4.938953
5.009277
4.970064
4.945896
4.983309
4.972307
4.987154
5.006531
4.985903
4.991517
4.959857
4.977938
4.979616
4.995179
4.971331
4.963840
4.984834
4.957904
4.969439
4.956942
4.990175
4.984545
4.942692
4.974520
4.986711
4.973879
4.976198
4.957736
5.022430
4.983461
4.974627
5.000871
4.968432
4.945515
4.958087
4.964862
4.980165
4.965884
4.954395
4.963016
4.967211
4.986574
5.000611
4.978883
4.959796
4.978273
4.978883
4.983675
4.969455
4.976244
4.975969
4.960773
4.968584
4.951435
4.957034
4.955875
4.957080
4.961596
4.958972
4.975496
4.977801
4.973375
4.989885
4.957400
4.990419
4.981432
4.961688
4.995149
4.972338
4.969088
5.022201
4.980730
4.947788
4.966570
4.970324
4.971514
4.964770
4.975100
4.958377
4.953083
4.967806
4.959918
4.971193
4.965030
4.978197
4.965670
4.972109
4.936513
5.003388
4.981752
4.983140
4.989793
4.974077
4.959185
5.007568
4.976580
4.932789
4.974200
4.981660
4.982744
4.994051
4.990098
4.958530
4.959689
4.986543
4.958774
4.971026
4.971209
4.966723
4.963687
4.970766
4.970598
4.981188
4.966220
4.975451
4.969790
4.978578
4.956195
4.975908
4.938343
4.969301
4.970659
4.968600
4.996461
4.968340
4.973086
4.993455
4.977495
5.006944
4.970675
4.992845
4.969928
4.964480
4.976443
4.965686
4.955600
4.949573
4.978014
4.986101
4.980745
4.963901
4.989290
4.948658
5.070203
4.989442
5.022033
4.985582
4.996827
4.990983
4.991838
4.964083
5.000962
4.965472
4.993944
4.946903
5.009201
4.973025
4.955371
4.977465
4.961764
4.973620
4.965167
4.983690
4.971362
4.974353
4.967578
4.972720
4.990572
4.956317
4.958545
5.007736
4.943959
4.957919
4.967044
4.959888
4.940281
4.970568
4.962421
4.936283
5.008286
4.993852
4.951480
4.996431
4.937413
4.977312
4.994386
4.983660
5.044524
4.979540
5.003053
4.978502
4.975359
4.970431
4.957309
4.997041
4.986635
4.946384
5.084485
4.976687
4.934071
4.959475
4.992677
4.974230
4.968478
4.986406
4.981310
4.947711
4.970828
4.968051
4.986803
4.962512
4.973406
4.958102
4.981051
4.964969
4.960483
4.973864
5.008179
4.957217
4.978045
4.945407
4.999986
4.984117
4.988161
4.976076
4.952899
4.952045
4.999238
4.978868
5.006287
5.030807
4.972735
4.969440
4.987978
4.955417
4.953281
4.949985
4.971377
4.990144
4.982606
4.992311
4.991243
5.045393
4.990968
4.944446
5.001328
5.015595
4.999711
4.968569
4.963290
4.946980
5.012802
4.953799
4.960894
4.961277
4.975497
5.004425
4.965227
4.972414
5.000626
4.983400
4.975054
4.983339
4.999452
4.954517
4.970309
4.991213
4.965823
4.956607
4.978518
4.960376
5.003876
4.977480
4.983080
4.973528
4.966555
4.963870
4.971011
4.980058
4.972567
4.971956
4.961215
4.984041
4.972887
4.982255
5.023498
5.053281
5.009964
4.967319
4.961123
4.946811
5.028808
4.978243
4.985658
4.977892
4.985429
4.968295
4.960086
5.003724
4.974596
4.993333
4.998932
4.972491
4.979006
4.973147
4.981249
4.995133
4.959247
4.987321
4.995820
4.967974
4.994202
4.941700
4.974749
4.958575
4.968493
4.994325
4.953922
4.966907
4.976870
4.989824
5.013489
4.987154
4.954319
4.924718
3.100609
2.726315
2.685927
2.894885
2.765376
2.759089
2.894992
2.718091
3.476185
5.017120
4.744902
3.107795
2.557180
2.542379
1.562388
1.134448
1.133349
1.134203
1.139238
1.132418
1.135744
1.133272
1.134905
1.133364
1.138323
1.133745
1.137561
1.131854
