9.060109
9.071721
9.082599
9.069248
9.055028
9.114290
9.094028
9.065480
9.114565
9.103884
9.096881
9.104784
9.098239
9.095202
9.112017
9.132127
9.108614
9.101596
9.053487
9.151641
9.110628
9.050069
9.081837
9.079502
9.083438
9.059483
9.042532
9.064336
9.069630
9.097155
9.070850
9.065938
9.029318
9.032019
9.048085
8.944484
9.104403
9.079334
9.021567
9.039785
9.038534
9.018317
9.013725
9.019492
9.023810
9.034643
9.015296
8.987557
9.000953
9.027350
8.901868
8.906674
8.845917
8.939174
9.015494
8.964975
9.059483
8.990426
9.013145
9.028250
9.011741
9.031195
9.010429
9.056859
8.944316
9.042303
8.997246
8.983727
8.985086
9.016105
9.005775
9.025550
8.997337
9.010063
9.007926
9.002815
8.987953
9.000358
9.132447
9.019553
9.000495
8.942958
8.939036
8.998452
9.003716
8.973519
9.048299
8.995232
9.009788
8.992302
8.997887
8.990807
9.013617
8.983056
9.003426
9.005180
8.990746
9.000404
8.951503
8.988687
9.000069
9.023795
9.034368
9.032660
8.974207
9.029410
8.999001
8.998207
8.988045
8.995903
8.994271
9.014121
8.997307
9.054540
8.978677
8.995170
9.053701
8.984002
9.037649
9.018790
8.994179
9.038244
8.988579
8.978494
8.991570
9.063435
8.992501
9.004265
8.968484
8.979806
8.898343
8.930370
8.986657
9.012885
9.017753
8.952052
8.934901
8.999855
9.034261
9.024238
8.996483
8.995492
8.995003
9.003288
9.025427
8.987603
8.984140
9.019340
8.964380
9.017295
8.999626
9.010749
9.024680
8.981332
9.034033
8.989068
9.021552
9.062154
8.987557
8.988991
9.024268
9.006294
9.053487
9.011237
9.015846
9.007133
8.974709
9.017050
8.996056
9.016410
8.995705
9.011970
9.013572
9.016364
9.007484
9.001518
8.998344
9.011420
9.010154
9.027381
9.016883
9.041982
9.021094
9.009681
8.996483
9.002434
9.000847
9.000038
9.002983
8.965097
8.995552
9.003548
9.021567
9.016669
8.999153
8.971643
9.042852
8.977578
9.025428
8.997032
8.968897
8.978113
8.995278
9.015662
8.995309
9.012825
9.000908
8.970880
9.003075
9.098956
8.979836
9.016715
8.998680
9.024161
9.008720
8.962992
9.045568
8.977456
9.037496
9.045202
9.046896
8.971215
9.031759
9.007484
9.010139
8.972039
9.009803
8.995537
8.936001
8.988473
8.980767
8.947795
8.920758
9.025747
9.081608
8.983040
8.937404
8.994576
8.947032
9.005027
8.975076
9.062931
8.994973
9.003715
9.004264
9.017188
9.012260
9.001945
9.001152
9.060872
8.989144
8.971490
9.084354
9.009254
9.039312
8.997352
8.998467
9.049688
9.024375
8.975213
8.985986
8.959955
8.962244
8.986443
9.036383
8.978585
9.030463
9.012809
9.002113
9.029639
8.975564
8.961375
9.014335
9.005073
8.966501
8.998665
9.040502
8.988946
9.005089
8.989831
9.005927
8.981347
9.011894
9.001655
8.985788
8.998665
9.005149
9.000450
8.990486
8.980386
8.993233
9.006447
8.873641
9.016166
9.027732
9.039617
8.988961
9.003197
8.969080
8.990197
9.009986
8.984185
9.012214
8.981866
8.974695
9.022574
8.983880
9.016975
9.008262
8.994988
9.001594
8.975351
9.018928
8.997597
8.986779
9.001152
8.975808
9.020927
8.993126
8.981347
8.983315
8.979181
9.049580
9.007957
9.045354
9.018470
9.042257
8.987358
9.048711
9.006736
8.981698
9.001747
9.018684
8.977136
9.005852
8.977762
9.038152
9.078922
9.021415
8.996590
8.998085
9.022102
8.991814
9.013191
8.962168
9.006965
9.010536
9.035345
9.002265
9.023398
9.054478
8.992516
9.007820
8.995049
8.962091
9.004860
8.976755
8.962320
9.052113
9.049276
8.999566
8.996651
8.976037
8.957530
8.960977
8.972665
9.022666
8.976114
9.054113
8.971689
8.997368
9.003731
8.967035
8.978403
9.064870
8.934612
8.944728
9.102359
8.983545
8.855179
8.920407
8.928112
9.012718
9.025763
8.996132
8.986016
8.954279
8.973001
9.024222
9.025840
8.982842
8.987969
8.969736
8.973047
8.997703
9.008155
9.056309
9.005561
8.979715
8.956309
8.994987
9.029303
8.998451
8.995919
8.968332
8.956278
9.015525
8.998436
9.036215
8.984704
8.968805
8.984231
8.998680
8.938518
9.031119
9.006401
8.991189
8.958841
9.041937
8.942973
9.022422
9.056646
9.017523
8.998604
8.977411
8.989083
9.023276
9.032187
8.996285
8.987145
8.973993
9.000999
8.969476
9.016990
9.013191
9.015297
8.983621
9.028250
8.998726
9.013099
9.067173
9.027273
9.120591
8.973428
8.999611
9.039755
9.061833
9.043310
8.952449
9.015174
9.008705
8.961756
8.995384
9.043554
9.020240
9.016105
8.957407
8.986673
9.028952
9.029227
8.987008
9.045187
9.014319
9.025092
8.992531
9.002769
8.994866
9.020972
8.952296
9.008674
8.990227
8.981728
8.992546
9.007774
8.990045
9.008385
9.009696
8.988945
8.985070
9.026068
9.030234
8.993401
8.997933
8.995797
8.991402
9.027884
8.997017
8.989907
8.996468
9.015403
9.043051
9.020819
8.980188
9.023612
9.025458
