10.462029
10.410106
10.499350
10.521231
10.469231
10.492164
10.491721
10.438349
10.481956
10.466714
10.474434
10.443460
10.445734
10.471702
10.378232
10.435922
10.434198
10.452462
10.476692
10.402264
10.427729
10.424586
10.475258
10.469948
10.407100
10.466621
10.436731
10.391583
10.477378
10.411784
10.278216
10.210181
10.286257
10.399792
10.401760
10.352736
10.400189
10.416408
10.471245
10.385220
10.393902
10.473915
10.416316
10.470909
10.385144
10.390790
10.395565
10.403896
10.447122
10.358717
10.511465
10.381024
10.388409
10.204657
10.396161
10.392040
10.406078
10.398235
10.405406
10.391736
10.373762
10.418040
10.393079
10.347533
10.410274
10.433283
10.394421
10.399624
10.349531
10.465919
10.421076
10.418788
10.377042
10.463433
10.366469
10.341049
10.357436
10.402767
10.327194
10.431894
10.413249
10.363493
10.437174
10.409176
10.384442
10.347579
10.361296
10.467446
10.465096
10.403530
10.381834
10.392911
10.431315
10.397473
10.480094
10.449975
10.344268
10.406810
10.412242
10.312776
10.386563
10.404583
10.449395
10.300797
10.321824
10.455865
10.329407
10.364042
10.402981
10.432062
10.381924
10.475502
10.369001
10.415279
10.395519
10.382993
10.383023
10.368970
10.361036
10.416789
10.326477
10.273959
10.387875
10.434382
10.372847
10.380017
10.387082
10.389829
10.401791
10.385723
10.372724
10.395992
10.402172
10.383984
10.363570
10.375913
10.416636
10.449487
10.441843
10.388074
10.365263
10.394558
10.393109
10.395245
10.393933
10.390424
10.410686
10.384473
10.388821
10.405697
10.400188
10.416545
10.378736
10.378629
10.426829
10.387860
10.455437
10.309068
10.382245
10.423976
10.415386
10.435724
10.413997
10.381390
10.411693
10.410305
10.441492
10.392636
10.429621
10.399243
10.431711
10.420085
10.420070
10.410961
10.385708
10.417582
10.396100
10.421107
10.418208
10.421031
10.435465
10.415706
10.401989
10.423914
10.406978
10.388730
10.501334
10.413555
10.375090
10.398495
10.440195
10.355178
10.363158
10.357450
10.371137
10.405346
10.362837
10.384290
10.394359
10.378065
10.389691
10.411998
10.402812
10.370664
10.388653
10.408764
10.309037
10.472222
10.381544
10.423808
10.413783
10.399609
10.377133
10.406536
10.389859
10.344039
10.357192
10.353270
10.458764
10.428995
10.367933
10.369077
10.453576
10.303391
10.405056
10.386563
10.415416
10.376966
10.414470
10.419124
10.383924
10.412685
10.432551
10.425563
10.439432
10.373319
10.348144
10.362242
10.352019
10.391079
10.445443
10.375730
10.446894
10.416468
10.440957
10.399914
10.387036
10.383634
10.364149
10.369367
10.373121
10.421672
10.429087
10.385358
10.363295
10.396221
10.395581
10.412090
10.327103
10.430887
10.379483
10.400875
10.386426
10.377866
10.392208
10.410503
10.379026
10.452005
10.369459
10.405925
10.410610
10.374707
10.439402
10.380109
10.356489
10.395153
10.417385
10.380521
10.411479
10.417811
10.383344
10.423411
10.391690
10.398388
10.387296
10.413417
10.438517
10.446848
10.412120
10.454202
10.394833
10.401348
10.395840
10.395092
10.424555
10.403546
10.388806
10.403072
10.423045
10.359785
10.422847
10.390210
10.439158
10.385419
10.241688
10.401394
10.394604
10.370542
10.409236
10.407176
10.369611
10.417109
10.387280
10.331177
10.434656
10.397305
10.365842
10.490592
10.381009
10.394497
10.400768
10.390271
10.452813
10.438044
10.396115
10.359130
10.366606
10.402675
10.385526
10.435907
10.434778
10.393810
10.373380
10.447778
10.421169
10.394116
10.479713
10.395718
10.460366
10.392239
10.385266
10.424815
10.426340
10.426387
10.482582
10.312455
10.401653
10.413921
10.525869
10.440790
10.358656
10.372816
10.407787
10.418040
10.472024
10.381848
10.416392
10.458566
10.377011
10.445748
10.406947
10.431192
10.416484
10.365782
10.382291
10.441431
10.443842
10.438700
10.404827
10.415172
10.377759
10.283129
10.409297
10.394131
10.323364
10.459069
10.480873
10.343902
10.460320
10.435557
10.420848
10.440485
10.396374
10.401593
10.412395
10.421962
10.407742
10.442590
10.394237
10.392025
10.426783
10.391689
10.447564
10.365523
10.412272
10.431894
10.370939
10.439707
10.350920
10.418254
10.429743
10.390164
10.329422
10.437342
10.404888
10.384381
10.410473
10.370893
10.431010
10.375044
10.387616
10.427669
10.356962
10.436350
10.423000
10.269184
10.242924
10.397457
10.270465
10.374494
10.390271
10.447076
10.376890
10.371153
10.424479
10.380628
10.410229
10.387707
10.402050
10.370939
10.471473
10.376005
10.334823
10.461236
10.424083
10.410289
10.359053
10.458291
10.442270
10.418727
10.414180
10.418346
10.476341
10.363966
10.385159
10.409450
10.410656
10.334762
10.327057
10.406398
10.340438
10.432016
10.357252
10.420360
10.394589
10.398419
10.367109
10.437448
10.426371
10.427943
