11.171557
11.202698
11.096365
11.171374
11.156269
11.191712
11.151767
11.211639
11.199677
11.128101
11.171556
11.180299
11.199815
11.189607
11.193528
11.211213
11.189866
11.206574
11.179278
11.159839
11.163241
11.153903
11.166079
11.176759
11.223662
11.182985
11.234862
11.171709
11.147968
11.078148
10.922988
10.969845
11.180818
11.159610
11.160494
11.177920
11.247175
11.169054
11.193879
11.174517
11.181917
11.231444
11.165805
11.180711
11.151096
11.157169
11.216537
11.156802
11.207459
11.146625
11.170488
11.180360
11.148289
11.163012
11.151523
11.136250
11.198396
11.192307
11.195573
11.142841
11.117879
11.244093
11.268567
11.175432
11.101294
11.212310
11.184755
11.205399
11.207977
11.116612
11.203339
11.195344
11.160556
11.205566
11.119466
11.208329
11.179644
11.127293
11.114187
11.128774
11.154376
11.193345
11.188264
11.198289
11.144550
11.146046
11.089744
11.165576
11.153384
11.120107
10.939925
11.103171
11.064064
11.146885
11.104742
11.091635
11.143208
11.098440
11.126149
11.166353
11.092428
11.106909
11.148884
11.191666
11.125218
11.161837
11.134129
11.070717
11.152698
11.139393
11.129338
11.058221
11.102377
11.140842
11.071083
11.133350
11.079245
11.108114
11.067940
11.157946
11.114004
11.083427
11.045800
11.129139
11.071983
11.163409
11.099798
11.094641
11.041406
10.972501
11.103460
11.082236
11.143863
11.128819
11.174944
11.145130
11.154361
11.120228
11.192720
11.210633
11.197511
11.106328
11.169543
11.138142
11.169023
11.139118
11.153918
11.169329
11.123113
11.178271
11.165835
11.132191
11.163759
11.112462
11.126683
11.167193
11.156131
11.047082
11.146488
11.200989
11.148655
11.185045
11.149799
11.151340
11.089987
11.173205
11.151111
11.130924
11.061089
11.104757
11.137654
11.100225
11.043176
11.113347
11.178010
11.085608
11.056130
11.108312
11.077247
11.103918
11.123844
11.096411
11.141666
11.143100
11.108343
11.105139
11.105581
11.097250
11.097220
11.134922
11.176653
11.089667
11.137379
11.110586
11.102255
11.132084
11.132344
11.118795
11.076194
11.101706
11.116094
11.110296
11.148212
11.140125
11.098776
11.112600
11.114263
11.113195
11.148959
11.083518
11.121816
11.079154
11.045479
11.138386
11.046746
11.064659
11.064293
11.077796
11.082344
11.074729
11.129673
11.064339
11.132405
11.032358
11.110250
11.078391
11.076469
11.071999
11.065666
11.108220
11.126302
11.040231
11.131611
11.098532
11.117666
11.110418
11.079567
11.120641
11.081992
11.076407
11.120656
11.115712
11.105673
11.097204
11.128056
11.082313
11.118657
11.110372
11.103078
11.110647
11.011195
11.047631
11.102926
11.083762
11.080802
11.145282
11.157337
11.085944
11.095129
11.086188
11.135563
11.129658
11.130985
11.108602
11.111501
11.130085
11.125829
11.118688
11.117879
11.083518
11.094428
11.115865
11.129033
11.127263
11.152103
11.099203
11.096213
11.094855
11.149768
11.101583
11.149463
10.978040
11.145267
11.128559
11.133854
11.142551
11.153064
11.113729
11.118779
11.117802
11.131200
11.099157
11.132496
11.102515
11.192064
11.138386
11.073753
11.130864
11.136936
11.126942
11.161166
11.121953
11.165652
11.139621
11.151386
11.110158
11.174181
11.160938
11.199571
11.121633
11.198045
11.086295
10.976636
11.147022
11.116796
11.127613
11.096548
11.109549
11.185762
11.063926
11.183137
11.193650
11.160494
11.139347
11.111624
11.167147
11.108938
11.136127
11.128651
11.140202
11.091727
11.133640
11.114950
11.121480
11.136921
11.149875
11.045770
11.140751
11.129521
11.184449
11.043100
11.093085
11.125264
11.061836
11.082328
11.066399
11.081824
11.087638
11.107274
11.038126
11.175875
11.086036
11.117315
11.204407
10.972516
10.979138
11.095099
11.017359
11.015590
11.077125
11.058816
11.106618
11.126179
11.067573
11.100089
11.133335
11.151523
11.132649
11.077475
11.081382
11.122639
11.094808
11.025141
11.148700
11.084754
11.030054
11.170076
11.075568
11.064521
11.103033
11.084464
11.150913
11.063530
11.047982
11.012888
11.091315
11.085974
11.127842
11.088568
11.079353
11.066017
11.135563
11.069938
11.084067
11.104162
11.078971
11.140126
11.107260
11.093528
11.124638
11.117970
11.122884
11.118063
11.145267
11.154803
11.097265
11.145619
11.192109
11.103628
11.100592
11.195618
11.120046
11.198548
11.066597
11.096076
11.136052
11.132938
11.127156
11.074516
11.152118
11.076469
11.088584
11.130314
11.175447
11.051354
11.080710
11.122365
11.169360
11.082068
11.109182
11.131917
11.110448
11.107046
11.069237
11.215042
11.089164
11.127018
11.079521
11.126149
11.026346
11.131673
11.056161
11.096640
11.095404
11.157458
