12.884374
12.728361
12.852592
12.844429
12.866217
12.893391
12.941835
12.947115
12.895650
12.862448
12.942766
12.899739
12.890233
12.904149
12.954789
12.885458
13.041898
12.878332
12.859504
12.859656
12.845710
12.925250
12.911533
12.866720
12.924563
12.898320
12.916035
12.873144
12.921588
12.866202
12.962251
12.867392
12.942461
12.848228
12.780589
12.871679
12.942156
12.915714
12.859900
12.909657
12.913608
12.911838
12.905202
12.889913
12.853232
12.870398
12.943041
12.911625
12.822518
12.845496
12.919223
12.928317
12.924137
12.664339
12.705565
12.708541
12.830269
12.852958
12.880651
12.892384
12.860571
12.897969
12.771053
12.802728
12.788340
12.808176
12.935092
12.889363
12.887166
12.823708
12.800287
12.738386
12.829170
12.877905
12.773922
12.786220
12.790476
12.799417
12.755673
12.797998
12.728650
12.682510
12.792582
12.798105
12.825707
12.781306
12.856208
12.831734
12.808924
12.831933
12.782694
12.809823
12.750790
12.765819
12.787348
12.831490
12.794687
12.877874
12.839622
12.816873
12.685547
12.833076
12.815225
12.808663
12.846351
12.789668
12.809991
12.700393
12.725066
12.786219
12.816460
12.768871
12.812524
12.819055
12.743696
12.737821
12.749691
12.789896
12.803248
12.762661
12.749158
12.782847
12.849281
12.799020
12.795160
12.777598
12.731748
12.758526
12.797465
12.755658
12.823387
12.813638
12.795923
12.800867
12.789408
12.784724
12.787272
12.783488
12.800790
12.847922
12.803521
12.829445
12.783382
12.817651
12.773356
12.756970
12.794016
12.783015
12.792414
12.798792
12.783900
12.858756
12.810693
12.797220
12.791575
12.792521
12.792109
12.815576
12.772960
12.810143
12.784601
12.763378
12.784678
12.859869
12.788294
12.786815
12.811334
12.756664
12.819711
12.815698
12.792215
12.805948
12.745374
12.760952
12.802911
12.752834
12.808175
12.863394
12.788386
12.728346
12.763012
12.721205
12.778377
12.849570
12.814492
12.746778
12.818383
12.803614
12.812601
12.813913
12.763500
12.807336
12.783717
12.797846
12.758068
12.827477
12.792063
12.737027
12.809870
12.835961
12.807397
12.726499
12.779704
12.766094
12.675965
12.791056
12.802012
12.748852
12.812554
12.801355
12.787745
12.822045
12.771098
12.803201
12.838707
12.817437
12.807977
12.775355
12.806482
12.777995
12.778606
12.753003
12.800028
12.683594
12.793086
12.782130
12.783473
12.871038
12.750531
12.771022
12.797403
12.769954
12.752499
12.819100
12.809716
12.717558
12.824761
12.827294
12.827019
12.783183
12.755093
12.778788
12.785899
12.833610
12.772243
12.827995
12.858969
12.844688
12.814400
12.716811
12.786021
12.877081
12.812830
12.851874
12.831521
12.827309
12.806573
12.793086
12.811303
12.791117
12.761089
12.853294
12.794306
12.816399
12.820961
12.788325
12.810616
12.830758
12.668519
12.755612
12.849495
12.773372
12.757947
12.816980
12.801950
12.855734
12.806451
12.695297
12.807947
12.816033
12.743833
12.819588
12.820671
12.824258
12.819802
12.791224
12.851783
12.852500
12.822029
12.794078
12.795100
12.815499
12.809244
12.781230
12.721861
12.803690
12.768917
12.802652
12.831536
12.782222
12.811227
12.812890
12.802057
12.778941
12.820336
12.808602
12.773876
12.789286
12.834862
12.802423
12.781047
12.820412
12.788035
12.829522
12.922549
12.836845
12.805704
12.784128
12.826379
12.764126
12.800562
12.879430
12.851737
12.767025
12.906956
12.767849
12.793238
12.803216
12.775737
12.792795
12.764842
12.865927
12.746335
12.757366
12.800928
12.801050
12.797128
12.804284
12.810204
12.747250
12.871084
12.786662
12.807596
12.884908
12.873831
12.881749
12.708449
12.605412
12.783061
12.712828
12.721861
12.753262
12.826973
12.774486
12.930865
12.759030
12.738035
12.922839
12.820427
12.873968
12.734342
12.818490
12.801782
12.777675
12.845375
12.730619
12.808557
12.826485
12.859747
12.830132
12.835441
12.807718
12.756603
12.844565
12.746640
12.814706
12.875158
12.794825
12.812737
12.769771
12.791178
12.807840
12.825478
12.847556
12.792643
12.775355
12.824883
12.808756
12.773449
12.852164
12.769573
12.813897
12.831413
12.813394
12.796702
12.780406
12.787791
12.772426
12.831245
12.728299
12.695358
12.865241
12.765560
12.829018
12.790232
12.812753
12.801233
12.820122
12.744473
12.824181
12.834938
12.823205
12.712096
12.799173
12.871268
12.796564
12.782130
12.778407
12.841423
12.840004
12.826928
12.786418
