13.726662
13.908491
13.830981
13.761892
13.765691
13.813770
13.814410
13.805529
13.732032
13.773305
13.792988
13.750815
13.793308
13.756567
13.782338
13.767186
13.794285
13.851991
13.843812
13.726066
13.815799
13.785984
13.826586
13.800784
13.787403
13.826998
13.860596
13.834917
13.852936
13.832720
13.829027
13.854111
13.848786
13.793247
13.847428
13.821123
13.724022
13.464102
13.547609
13.754584
13.775288
13.839571
13.815524
13.892318
13.802494
13.780660
13.860733
13.793735
13.833223
13.848268
13.829348
13.818514
13.815905
13.833055
13.806842
13.832063
13.802799
13.781285
13.829424
13.817828
13.799000
13.859040
13.772618
13.810962
13.796742
13.731987
13.886687
13.805118
13.795749
13.888625
13.837068
13.842622
13.879669
13.863083
13.822573
13.589980
13.800220
13.824877
13.901915
13.820239
13.798160
13.754401
13.826998
13.825564
13.817355
13.799885
13.872451
13.820437
13.811572
13.681193
13.739188
13.786808
13.889419
13.877486
13.856034
13.799701
13.787129
13.692255
13.757147
13.837587
13.749045
13.909483
13.810565
13.808932
13.879501
13.864090
13.892332
13.838838
13.840120
13.786320
13.831453
13.850083
13.737388
13.797046
13.787601
13.845552
13.727485
13.883605
13.892577
13.930035
13.541796
13.829881
13.836046
13.837465
13.809711
13.786976
13.809711
13.825442
13.840135
13.799687
13.871170
13.823244
13.823260
13.820620
13.807834
13.838610
13.806293
13.821734
13.866379
13.842866
13.825152
13.873321
13.733054
13.912183
13.851625
13.847078
13.849473
13.838502
13.889739
13.849564
13.895689
13.818590
13.819461
13.782964
13.796283
13.863327
13.856507
13.822176
13.840089
13.793278
13.819659
13.848894
13.831606
13.859528
13.837404
13.902571
13.890944
13.865310
13.860733
13.862244
13.842317
13.844682
13.823992
13.788975
13.866196
13.817446
13.842668
13.813754
13.793812
13.863266
13.760763
13.681742
13.812090
13.788853
13.815921
13.831713
13.806247
13.801228
13.751624
13.806537
13.821597
13.797336
13.789524
13.753897
13.782627
13.833132
13.831606
13.800281
13.849946
13.831484
13.837388
13.808979
13.813205
13.845918
13.708657
13.868988
13.863739
13.843187
13.744773
13.810824
13.844591
13.826143
13.928600
13.811893
13.802188
13.815906
13.884505
13.767400
13.857178
13.788502
13.858734
13.832980
13.259477
13.852158
13.778264
13.891341
13.823535
13.862733
13.881164
13.653759
13.860382
13.831956
13.879898
13.829836
13.816317
13.704675
13.796406
13.750403
13.811496
13.865204
13.806476
13.832307
13.797855
13.812350
13.850938
13.845720
13.789036
13.778859
13.812946
13.831041
13.899031
13.840333
13.806827
13.810779
13.843065
13.893355
13.825259
13.789295
13.823305
13.869430
13.831911
13.840486
13.799427
13.904249
13.767965
13.828996
13.866700
13.857728
13.738517
13.787388
13.814517
13.847138
13.854294
13.850801
13.812182
13.827151
13.850678
13.824679
13.842790
13.853440
13.810168
13.801853
13.860749
13.826647
13.767583
13.914045
13.859849
13.836595
13.834093
13.833742
13.816409
13.812747
13.878875
13.785649
13.780323
13.812823
13.833025
13.698267
13.785984
13.838426
13.816577
13.832170
13.784367
13.869675
13.864044
13.796802
13.798390
13.791004
13.824557
13.861130
13.870208
13.694360
13.902861
13.875518
13.911863
13.758582
13.913328
13.891371
13.899733
13.760138
13.904112
13.861069
13.738243
13.834978
13.815066
13.827257
13.819445
13.822146
13.788563
13.773321
13.833925
13.887374
13.858033
13.861313
13.873809
13.859345
13.912840
13.876251
13.831804
13.893889
13.869735
13.833299
14.008888
13.808627
13.838549
13.970545
13.924481
13.691888
13.863755
13.873718
13.870407
13.888793
13.742179
13.717842
14.052008
13.847505
13.866303
13.799031
13.847688
13.785405
13.811161
13.717522
13.812045
13.845979
13.713493
13.976770
13.756918
13.538714
13.774678
13.700356
13.741309
13.847489
13.795536
13.773930
13.782536
13.848725
13.884414
13.807453
13.803470
13.857483
13.851777
13.840058
13.725639
13.835879
13.784626
13.859528
13.787526
13.863922
13.802006
13.788426
13.822924
13.785435
13.733665
13.652142
13.759939
13.790577
13.856995
13.909056
13.833421
13.818758
13.851167
13.809497
13.728492
13.802738
13.748603
13.833132
13.812732
13.818026
13.850679
13.751517
13.842515
