15.953262
15.876651
15.761010
15.968244
15.837163
15.847447
15.858921
15.998776
15.888537
15.830770
15.913103
15.884112
15.989651
15.872913
15.964827
15.909440
15.869327
15.852986
15.874530
15.918076
15.922883
15.922409
15.893129
15.856221
15.975476
15.911973
15.871646
15.823233
15.991925
15.912187
15.941192
15.897005
15.581653
15.906373
15.937195
15.926667
15.891940
15.958754
15.942093
15.911729
15.926377
15.888903
15.858235
15.895235
15.840001
15.771691
15.872088
15.990262
15.911058
15.912660
15.696469
15.594393
15.598254
15.962141
15.950011
15.976484
15.914613
15.870471
15.845525
15.870273
15.908922
15.892641
15.900957
15.939422
15.968352
15.874118
15.868167
15.951873
15.766931
15.927994
15.925064
15.928757
15.669005
15.956740
15.827886
15.862949
15.992673
15.875369
16.000378
15.949874
15.930359
15.918976
15.981519
15.933869
15.782005
15.887545
16.008190
15.865055
15.941070
15.894167
15.944427
15.914063
15.851200
15.922456
15.930329
15.874073
15.927598
15.813239
15.976987
15.913621
15.940368
15.879352
15.896898
15.988187
15.885333
15.917771
15.939849
15.925446
15.879870
15.896013
15.955260
15.881717
15.925903
15.926514
15.916185
15.834340
15.846746
15.896959
15.927170
15.857304
15.856419
15.944121
15.896029
15.922562
15.918870
15.936645
15.838704
15.831105
15.900347
15.831304
15.861942
15.857106
15.879122
15.940292
15.908586
15.828817
15.871387
15.854969
15.877643
15.863300
15.879825
15.904847
15.980070
15.857395
15.935730
15.903474
15.893862
15.863804
15.876727
15.826711
15.883517
15.934020
15.928727
15.793693
15.914308
15.822027
15.771981
15.936981
15.690977
15.874972
15.872409
15.851567
15.888811
15.789543
15.793037
15.890658
15.829016
15.764810
15.796104
15.681257
15.761773
15.794120
15.703793
15.802726
15.761881
15.963881
15.811057
15.794197
15.763849
15.878482
15.774849
15.802696
15.789634
15.735453
15.769128
15.789451
15.852421
15.925324
15.642303
15.746362
15.765008
15.779839
15.820486
15.733378
15.773492
15.827169
15.817038
15.776437
15.781822
15.779137
15.818518
15.790352
15.722271
15.805473
15.872059
15.757333
15.779046
15.822271
15.683546
15.791573
15.778069
15.833852
15.725871
15.815954
15.784324
15.766808
15.843007
15.731898
15.754831
15.827948
15.759485
15.786217
15.779869
15.748972
15.808829
15.815817
15.864887
15.876407
15.787728
15.672712
15.784981
15.696759
15.761850
15.708981
15.803062
15.764673
15.803672
15.839742
15.847905
15.778756
15.850468
15.779000
15.750238
15.787987
15.772897
15.816839
15.796409
15.809867
15.771767
15.773247
15.786873
15.894594
15.797248
15.803656
15.771981
15.543645
15.845555
15.829671
15.693692
15.816061
15.647384
15.847813
15.758463
15.806571
15.788673
15.779656
15.863025
15.751062
15.755212
15.827078
15.831106
15.808448
15.726192
15.674345
15.783394
15.760873
15.797172
15.807807
15.835713
15.864567
15.758356
15.732554
15.782479
15.796943
15.796882
15.766549
15.768853
15.748362
15.752359
15.779565
15.783440
15.734171
15.755747
15.747431
15.797935
15.746729
15.750650
15.783394
15.900453
15.799461
15.814779
15.798301
15.887271
15.836324
15.817831
15.977324
15.656707
15.822149
15.886019
15.833807
15.783638
15.823019
15.888659
15.809638
15.862964
15.621521
15.723140
15.799491
15.721309
15.922547
15.888064
15.659209
15.761956
15.718029
15.620728
15.754358
15.740915
15.958846
15.649063
15.789787
15.894243
15.498588
15.556615
15.576083
15.686719
15.754175
15.682981
15.693707
15.774300
15.564121
15.653274
15.832265
15.862248
15.702175
15.697064
15.767144
15.677275
15.856953
15.737727
15.726573
15.712017
15.650756
15.787666
15.760278
15.824393
15.752512
15.757623
15.791984
15.831808
15.820227
15.824224
15.781135
15.762536
15.694486
15.828024
15.790489
15.779274
15.828954
15.787544
15.813422
15.788200
15.737986
15.790412
15.852818
15.788521
15.674863
15.779122
15.678511
15.710033
15.735346
15.784080
15.763101
15.820456
15.780617
15.779045
15.781563
15.730739
15.839330
15.825720
