0.819761
0.811155
0.793883
0.794248
0.792723
0.819150
0.805785
0.797545
0.809385
0.816831
0.802610
0.816892
0.805723
0.803465
0.802611
0.811582
0.792723
0.799864
0.797178
0.815854
0.817991
0.809751
0.813108
0.807554
0.814085
0.802915
0.808957
0.803587
0.817869
0.806273
0.813596
0.806272
0.809324
0.813597
0.795103
0.801145
0.820738
0.826231
0.810911
0.818907
0.807554
0.821958
0.818174
0.811948
0.804868
0.815183
0.811216
0.811094
0.820066
0.827452
0.821409
0.811033
0.815305
0.801451
0.808225
0.816709
0.817014
0.810545
0.830686
0.815489
0.813719
0.823301
0.810483
0.805784
0.816831
0.816038
0.815489
0.816710
0.806638
0.817320
0.814634
0.818357
0.832762
0.814573
0.816099
0.811399
0.804746
0.826841
0.804075
0.818663
0.816526
0.809874
0.816343
0.815061
0.809324
0.817075
0.790403
0.827635
0.815916
0.819334
0.795591
0.803221
0.805418
0.810972
0.806090
0.810545
0.810484
0.798338
0.774352
0.781614
0.803098
0.824033
0.795774
0.805235
0.809385
0.814023
0.822996
0.822020
0.813535
0.819212
0.807371
0.810545
0.801024
0.807493
0.809263
0.816648
0.808531
0.811704
0.812681
0.812437
0.811887
0.818479
0.815061
0.827635
0.817686
0.805540
