0.882810
0.888975
0.850767
0.868345
0.872312
0.851987
0.876158
0.866941
0.870725
0.844358
0.868284
0.862302
0.866636
0.870847
0.855589
0.869810
0.889341
0.869748
0.866453
0.883665
0.871031
0.883421
0.855772
0.871763
0.866880
0.867186
0.877317
0.868223
0.868772
0.866941
0.867307
0.881223
0.883116
0.895017
0.870542
0.885496
0.872862
0.872008
0.901121
0.892026
0.876768
0.885862
0.888975
0.867185
0.866636
0.897947
0.877927
0.877500
0.891905
0.874143
0.878904
0.890379
0.878355
0.875730
0.887449
0.875669
0.874449
0.862363
0.861265
0.877134
0.880003
0.895872
0.880979
0.855955
0.872129
0.876523
0.879881
0.885496
0.875608
0.869565
0.865660
0.900083
0.879209
0.888487
0.870176
0.861203
0.871152
0.879331
0.881345
0.885374
0.879941
0.880369
0.861021
0.872495
0.827025
0.874388
0.871884
0.854063
0.870176
0.861021
0.871335
0.866330
0.854612
0.864866
0.873655
0.878965
0.888426
0.878782
0.882872
