0.593260
0.593871
0.593077
0.594237
0.592894
0.593504
0.592100
0.592894
0.594053
0.593993
0.594176
0.593138
0.594359
0.594847
0.593627
0.594237
0.593810
0.594970
0.592955
0.592894
0.593443
0.595763
0.593748
0.594054
0.594115
0.594298
0.592833
0.593382
0.593382
0.592772
0.594176
0.594298
0.592345
0.592833
0.593016
0.595884
0.593138
0.594908
0.593443
0.593565
0.593016
0.594420
0.592894
0.594420
0.594054
0.594602
0.593932
0.593871
0.592894
0.593809
0.593687
0.594542
0.594908
0.593993
0.593077
0.593870
0.594176
0.594237
0.593077
0.594176
0.593871
0.593382
0.593627
0.593261
0.593749
0.593931
0.593748
0.593626
0.593321
0.593932
0.594054
0.593382
0.593260
0.593382
0.594175
0.592650
0.593260
0.594236
0.592894
0.594847
0.593199
0.593992
0.593138
0.593626
0.593504
0.593077
0.593139
0.593565
0.593016
0.593016
0.593260
0.592833
0.593870
0.593260
0.593993
0.593688
0.593261
0.593565
0.593138
0.592955
0.593321
0.594542
0.593688
0.593932
0.592833
0.593687
0.594359
0.593993
0.594542
0.593993
0.593566
0.593322
0.594847
0.595274
0.593626
0.594359
0.594053
0.593688
0.594054
0.593138
