This file contains any messages produced by compilers while
running configure, to aid debugging if configure makes a mistake.

It was created by OpenPA configure 1.0.3, which was
generated by GNU Autoconf 2.69.  Invocation command line was

  $ /home/timndus/msc_project/mpich/mpich-3.2.1/src/openpa/configure --disable-option-checking --prefix=/home/timndus/msc_project/mpich/mpich-install --disable-versioning --with-atomic-primitives=auto_allow_emulation --cache-file=/dev/null --srcdir=/home/timndus/msc_project/mpich/mpich-3.2.1/src/openpa

## --------- ##
## Platform. ##
## --------- ##

hostname = green_server
uname -m = x86_64
uname -r = 4.15.0-24-generic
uname -s = Linux
uname -v = #26-Ubuntu SMP Wed Jun 13 08:44:47 UTC 2018

/usr/bin/uname -p = unknown
/bin/uname -X     = unknown

/bin/arch              = unknown
/usr/bin/arch -k       = unknown
/usr/convex/getsysinfo = unknown
/usr/bin/hostinfo      = unknown
/bin/machine           = unknown
/usr/bin/oslevel       = unknown
/bin/universe          = unknown

PATH: /home/timndus/msc_project/mpich/mpich-install/bin
PATH: /usr/local/sbin
PATH: /usr/local/bin
PATH: /usr/sbin
PATH: /usr/bin
PATH: /sbin
PATH: /bin
PATH: /usr/games
PATH: /usr/local/games
PATH: /snap/bin


## ----------- ##
## Core tests. ##
## ----------- ##

configure:2489: checking for a BSD-compatible install
configure:2557: result: /usr/bin/install -c
configure:2568: checking whether build environment is sane
configure:2623: result: yes
configure:2774: checking for a thread-safe mkdir -p
configure:2813: result: /bin/mkdir -p
configure:2820: checking for gawk
configure:2836: found /usr/bin/gawk
configure:2847: result: gawk
configure:2858: checking whether make sets $(MAKE)
configure:2880: result: yes
configure:2909: checking whether make supports nested variables
configure:2926: result: yes
configure:3067: checking for style of include used by make
configure:3095: result: GNU
configure:3166: checking for gcc
configure:3193: result: gcc
configure:3422: checking for C compiler version
configure:3431: gcc --version >&5
gcc (Ubuntu 7.3.0-16ubuntu3) 7.3.0
Copyright (C) 2017 Free Software Foundation, Inc.
This is free software; see the source for copying conditions.  There is NO
warranty; not even for MERCHANTABILITY or FITNESS FOR A PARTICULAR PURPOSE.

configure:3442: $? = 0
configure:3431: gcc -v >&5
Using built-in specs.
COLLECT_GCC=gcc
COLLECT_LTO_WRAPPER=/usr/lib/gcc/x86_64-linux-gnu/7/lto-wrapper
OFFLOAD_TARGET_NAMES=nvptx-none
OFFLOAD_TARGET_DEFAULT=1
Target: x86_64-linux-gnu
Configured with: ../src/configure -v --with-pkgversion='Ubuntu 7.3.0-16ubuntu3' --with-bugurl=file:///usr/share/doc/gcc-7/README.Bugs --enable-languages=c,ada,c++,go,brig,d,fortran,objc,obj-c++ --prefix=/usr --with-gcc-major-version-only --with-as=/usr/bin/x86_64-linux-gnu-as --with-ld=/usr/bin/x86_64-linux-gnu-ld --program-suffix=-7 --program-prefix=x86_64-linux-gnu- --enable-shared --enable-linker-build-id --libexecdir=/usr/lib --without-included-gettext --enable-threads=posix --libdir=/usr/lib --enable-nls --with-sysroot=/ --enable-clocale=gnu --enable-libstdcxx-debug --enable-libstdcxx-time=yes --with-default-libstdcxx-abi=new --enable-gnu-unique-object --disable-vtable-verify --enable-libmpx --enable-plugin --enable-default-pie --with-system-zlib --with-target-system-zlib --enable-objc-gc=auto --enable-multiarch --disable-werror --with-arch-32=i686 --with-abi=m64 --with-multilib-list=m32,m64,mx32 --enable-multilib --with-tune=generic --enable-offload-targets=nvptx-none --without-cuda-driver --enable-checking=release --build=x86_64-linux-gnu --host=x86_64-linux-gnu --target=x86_64-linux-gnu
Thread model: posix
gcc version 7.3.0 (Ubuntu 7.3.0-16ubuntu3) 
configure:3442: $? = 0
configure:3431: gcc -V >&5
gcc: error: unrecognized command line option '-V'
gcc: fatal error: no input files
compilation terminated.
configure:3442: $? = 1
configure:3431: gcc -qversion >&5
gcc: error: unrecognized command line option '-qversion'; did you mean '--version'?
gcc: fatal error: no input files
compilation terminated.
configure:3442: $? = 1
configure:3462: checking whether the C compiler works
configure:3484: gcc      -I/home/timndus/msc_project/mpich/tmp/src/mpl/include -I/home/timndus/msc_project/mpich/mpich-3.2.1/src/mpl/include -I/home/timndus/msc_project/mpich/mpich-3.2.1/src/openpa/src -I/home/timndus/msc_project/mpich/tmp/src/openpa/src  conftest.c  >&5
configure:3488: $? = 0
configure:3536: result: yes
configure:3539: checking for C compiler default output file name
configure:3541: result: a.out
configure:3547: checking for suffix of executables
configure:3554: gcc -o conftest      -I/home/timndus/msc_project/mpich/tmp/src/mpl/include -I/home/timndus/msc_project/mpich/mpich-3.2.1/src/mpl/include -I/home/timndus/msc_project/mpich/mpich-3.2.1/src/openpa/src -I/home/timndus/msc_project/mpich/tmp/src/openpa/src  conftest.c  >&5
configure:3558: $? = 0
configure:3580: result: 
configure:3602: checking whether we are cross compiling
configure:3610: gcc -o conftest      -I/home/timndus/msc_project/mpich/tmp/src/mpl/include -I/home/timndus/msc_project/mpich/mpich-3.2.1/src/mpl/include -I/home/timndus/msc_project/mpich/mpich-3.2.1/src/openpa/src -I/home/timndus/msc_project/mpich/tmp/src/openpa/src  conftest.c  >&5
configure:3614: $? = 0
configure:3621: ./conftest
configure:3625: $? = 0
configure:3640: result: no
configure:3645: checking for suffix of object files
configure:3667: gcc -c      -I/home/timndus/msc_project/mpich/tmp/src/mpl/include -I/home/timndus/msc_project/mpich/mpich-3.2.1/src/mpl/include -I/home/timndus/msc_project/mpich/mpich-3.2.1/src/openpa/src -I/home/timndus/msc_project/mpich/tmp/src/openpa/src conftest.c >&5
configure:3671: $? = 0
configure:3692: result: o
configure:3696: checking whether we are using the GNU C compiler
configure:3715: gcc -c      -I/home/timndus/msc_project/mpich/tmp/src/mpl/include -I/home/timndus/msc_project/mpich/mpich-3.2.1/src/mpl/include -I/home/timndus/msc_project/mpich/mpich-3.2.1/src/openpa/src -I/home/timndus/msc_project/mpich/tmp/src/openpa/src conftest.c >&5
configure:3715: $? = 0
configure:3724: result: yes
configure:3733: checking whether gcc accepts -g
configure:3753: gcc -c -g   -I/home/timndus/msc_project/mpich/tmp/src/mpl/include -I/home/timndus/msc_project/mpich/mpich-3.2.1/src/mpl/include -I/home/timndus/msc_project/mpich/mpich-3.2.1/src/openpa/src -I/home/timndus/msc_project/mpich/tmp/src/openpa/src conftest.c >&5
configure:3753: $? = 0
configure:3794: result: yes
configure:3811: checking for gcc option to accept ISO C89
configure:3874: gcc  -c      -I/home/timndus/msc_project/mpich/tmp/src/mpl/include -I/home/timndus/msc_project/mpich/mpich-3.2.1/src/mpl/include -I/home/timndus/msc_project/mpich/mpich-3.2.1/src/openpa/src -I/home/timndus/msc_project/mpich/tmp/src/openpa/src conftest.c >&5
configure:3874: $? = 0
configure:3887: result: none needed
configure:3912: checking whether gcc understands -c and -o together
configure:3934: gcc -c conftest.c -o conftest2.o
configure:3937: $? = 0
configure:3934: gcc -c conftest.c -o conftest2.o
configure:3937: $? = 0
configure:3949: result: yes
configure:3968: checking dependency style of gcc
configure:4079: result: gcc3
configure:4197: checking the archiver (ar) interface
configure:4213: gcc -c      -I/home/timndus/msc_project/mpich/tmp/src/mpl/include -I/home/timndus/msc_project/mpich/mpich-3.2.1/src/mpl/include -I/home/timndus/msc_project/mpich/mpich-3.2.1/src/openpa/src -I/home/timndus/msc_project/mpich/tmp/src/openpa/src conftest.c >&5
configure:4213: $? = 0
configure:4215: ar cru libconftest.a conftest.o >&5
ar: `u' modifier ignored since `D' is the default (see `U')
configure:4218: $? = 0
configure:4246: result: ar
configure:4300: checking build system type
configure:4314: result: x86_64-pc-linux-gnu
configure:4334: checking host system type
configure:4347: result: x86_64-pc-linux-gnu
configure:4388: checking how to print strings
configure:4415: result: printf
configure:4436: checking for a sed that does not truncate output
configure:4500: result: /bin/sed
configure:4518: checking for grep that handles long lines and -e
configure:4576: result: /bin/grep
configure:4581: checking for egrep
configure:4643: result: /bin/grep -E
configure:4648: checking for fgrep
configure:4710: result: /bin/grep -F
configure:4745: checking for ld used by gcc
configure:4812: result: /usr/bin/x86_64-linux-gnu-ld
configure:4819: checking if the linker (/usr/bin/x86_64-linux-gnu-ld) is GNU ld
configure:4834: result: yes
configure:4846: checking for BSD- or MS-compatible name lister (nm)
configure:4900: result: /usr/bin/nm -B
configure:5030: checking the name lister (/usr/bin/nm -B) interface
configure:5037: gcc -c      -I/home/timndus/msc_project/mpich/tmp/src/mpl/include -I/home/timndus/msc_project/mpich/mpich-3.2.1/src/mpl/include -I/home/timndus/msc_project/mpich/mpich-3.2.1/src/openpa/src -I/home/timndus/msc_project/mpich/tmp/src/openpa/src conftest.c >&5
configure:5040: /usr/bin/nm -B "conftest.o"
configure:5043: output
0000000000000000 B some_variable
configure:5050: result: BSD nm
configure:5053: checking whether ln -s works
configure:5057: result: yes
configure:5065: checking the maximum length of command line arguments
configure:5196: result: 1572864
configure:5244: checking how to convert x86_64-pc-linux-gnu file names to x86_64-pc-linux-gnu format
configure:5284: result: func_convert_file_noop
configure:5291: checking how to convert x86_64-pc-linux-gnu file names to toolchain format
configure:5311: result: func_convert_file_noop
configure:5318: checking for /usr/bin/x86_64-linux-gnu-ld option to reload object files
configure:5325: result: -r
configure:5399: checking for objdump
configure:5415: found /usr/bin/objdump
configure:5426: result: objdump
configure:5458: checking how to recognize dependent libraries
configure:5658: result: pass_all
configure:5743: checking for dlltool
configure:5773: result: no
configure:5803: checking how to associate runtime and link libraries
configure:5830: result: printf %s\n
configure:5954: checking for archiver @FILE support
configure:5971: gcc -c      -I/home/timndus/msc_project/mpich/tmp/src/mpl/include -I/home/timndus/msc_project/mpich/mpich-3.2.1/src/mpl/include -I/home/timndus/msc_project/mpich/mpich-3.2.1/src/openpa/src -I/home/timndus/msc_project/mpich/tmp/src/openpa/src conftest.c >&5
configure:5971: $? = 0
configure:5974: ar cru libconftest.a @conftest.lst >&5
ar: `u' modifier ignored since `D' is the default (see `U')
configure:5977: $? = 0
configure:5982: ar cru libconftest.a @conftest.lst >&5
ar: `u' modifier ignored since `D' is the default (see `U')
ar: conftest.o: No such file or directory
configure:5985: $? = 1
configure:5997: result: @
configure:6055: checking for strip
configure:6071: found /usr/bin/strip
configure:6082: result: strip
configure:6154: checking for ranlib
configure:6181: result: ranlib
configure:6283: checking command to parse /usr/bin/nm -B output from gcc object
configure:6436: gcc -c      -I/home/timndus/msc_project/mpich/tmp/src/mpl/include -I/home/timndus/msc_project/mpich/mpich-3.2.1/src/mpl/include -I/home/timndus/msc_project/mpich/mpich-3.2.1/src/openpa/src -I/home/timndus/msc_project/mpich/tmp/src/openpa/src conftest.c >&5
configure:6439: $? = 0
configure:6443: /usr/bin/nm -B conftest.o \| sed -n -e 's/^.*[ ]\([ABCDGIRSTW][ABCDGIRSTW]*\)[ ][ ]*\([_A-Za-z][_A-Za-z0-9]*\)$/\1 \2 \2/p' | sed '/ __gnu_lto/d' \> conftest.nm
configure:6446: $? = 0
configure:6512: gcc -o conftest      -I/home/timndus/msc_project/mpich/tmp/src/mpl/include -I/home/timndus/msc_project/mpich/mpich-3.2.1/src/mpl/include -I/home/timndus/msc_project/mpich/mpich-3.2.1/src/openpa/src -I/home/timndus/msc_project/mpich/tmp/src/openpa/src  conftest.c conftstm.o >&5
configure:6515: $? = 0
configure:6553: result: ok
configure:6600: checking for sysroot
configure:6630: result: no
configure:6637: checking for a working dd
configure:6675: result: /bin/dd
configure:6679: checking how to truncate binary pipes
configure:6694: result: /bin/dd bs=4096 count=1
configure:6830: gcc -c      -I/home/timndus/msc_project/mpich/tmp/src/mpl/include -I/home/timndus/msc_project/mpich/mpich-3.2.1/src/mpl/include -I/home/timndus/msc_project/mpich/mpich-3.2.1/src/openpa/src -I/home/timndus/msc_project/mpich/tmp/src/openpa/src conftest.c >&5
configure:6833: $? = 0
configure:7023: checking for mt
configure:7039: found /bin/mt
configure:7050: result: mt
configure:7073: checking if mt is a manifest tool
configure:7079: mt '-?'
configure:7087: result: no
configure:7764: checking how to run the C preprocessor
configure:7795: gcc -E   -I/home/timndus/msc_project/mpich/tmp/src/mpl/include -I/home/timndus/msc_project/mpich/mpich-3.2.1/src/mpl/include -I/home/timndus/msc_project/mpich/mpich-3.2.1/src/openpa/src -I/home/timndus/msc_project/mpich/tmp/src/openpa/src conftest.c
configure:7795: $? = 0
configure:7809: gcc -E   -I/home/timndus/msc_project/mpich/tmp/src/mpl/include -I/home/timndus/msc_project/mpich/mpich-3.2.1/src/mpl/include -I/home/timndus/msc_project/mpich/mpich-3.2.1/src/openpa/src -I/home/timndus/msc_project/mpich/tmp/src/openpa/src conftest.c
conftest.c:11:10: fatal error: ac_nonexistent.h: No such file or directory
 #include <ac_nonexistent.h>
          ^~~~~~~~~~~~~~~~~~
compilation terminated.
configure:7809: $? = 1
configure: failed program was:
| /* confdefs.h */
| #define PACKAGE_NAME "OpenPA"
| #define PACKAGE_TARNAME "openpa"
| #define PACKAGE_VERSION "1.0.3"
| #define PACKAGE_STRING "OpenPA 1.0.3"
| #define PACKAGE_BUGREPORT "https://trac.mcs.anl.gov/projects/openpa/newticket"
| #define PACKAGE_URL ""
| #define PACKAGE "openpa"
| #define VERSION "1.0.3"
| /* end confdefs.h.  */
| #include <ac_nonexistent.h>
configure:7834: result: gcc -E
configure:7854: gcc -E   -I/home/timndus/msc_project/mpich/tmp/src/mpl/include -I/home/timndus/msc_project/mpich/mpich-3.2.1/src/mpl/include -I/home/timndus/msc_project/mpich/mpich-3.2.1/src/openpa/src -I/home/timndus/msc_project/mpich/tmp/src/openpa/src conftest.c
configure:7854: $? = 0
configure:7868: gcc -E   -I/home/timndus/msc_project/mpich/tmp/src/mpl/include -I/home/timndus/msc_project/mpich/mpich-3.2.1/src/mpl/include -I/home/timndus/msc_project/mpich/mpich-3.2.1/src/openpa/src -I/home/timndus/msc_project/mpich/tmp/src/openpa/src conftest.c
conftest.c:11:10: fatal error: ac_nonexistent.h: No such file or directory
 #include <ac_nonexistent.h>
          ^~~~~~~~~~~~~~~~~~
compilation terminated.
configure:7868: $? = 1
configure: failed program was:
| /* confdefs.h */
| #define PACKAGE_NAME "OpenPA"
| #define PACKAGE_TARNAME "openpa"
| #define PACKAGE_VERSION "1.0.3"
| #define PACKAGE_STRING "OpenPA 1.0.3"
| #define PACKAGE_BUGREPORT "https://trac.mcs.anl.gov/projects/openpa/newticket"
| #define PACKAGE_URL ""
| #define PACKAGE "openpa"
| #define VERSION "1.0.3"
| /* end confdefs.h.  */
| #include <ac_nonexistent.h>
configure:7897: checking for ANSI C header files
configure:7917: gcc -c      -I/home/timndus/msc_project/mpich/tmp/src/mpl/include -I/home/timndus/msc_project/mpich/mpich-3.2.1/src/mpl/include -I/home/timndus/msc_project/mpich/mpich-3.2.1/src/openpa/src -I/home/timndus/msc_project/mpich/tmp/src/openpa/src conftest.c >&5
configure:7917: $? = 0
configure:7990: gcc -o conftest      -I/home/timndus/msc_project/mpich/tmp/src/mpl/include -I/home/timndus/msc_project/mpich/mpich-3.2.1/src/mpl/include -I/home/timndus/msc_project/mpich/mpich-3.2.1/src/openpa/src -I/home/timndus/msc_project/mpich/tmp/src/openpa/src  conftest.c  >&5
configure:7990: $? = 0
configure:7990: ./conftest
configure:7990: $? = 0
configure:8001: result: yes
configure:8014: checking for sys/types.h
configure:8014: gcc -c      -I/home/timndus/msc_project/mpich/tmp/src/mpl/include -I/home/timndus/msc_project/mpich/mpich-3.2.1/src/mpl/include -I/home/timndus/msc_project/mpich/mpich-3.2.1/src/openpa/src -I/home/timndus/msc_project/mpich/tmp/src/openpa/src conftest.c >&5
configure:8014: $? = 0
configure:8014: result: yes
configure:8014: checking for sys/stat.h
configure:8014: gcc -c      -I/home/timndus/msc_project/mpich/tmp/src/mpl/include -I/home/timndus/msc_project/mpich/mpich-3.2.1/src/mpl/include -I/home/timndus/msc_project/mpich/mpich-3.2.1/src/openpa/src -I/home/timndus/msc_project/mpich/tmp/src/openpa/src conftest.c >&5
configure:8014: $? = 0
configure:8014: result: yes
configure:8014: checking for stdlib.h
configure:8014: gcc -c      -I/home/timndus/msc_project/mpich/tmp/src/mpl/include -I/home/timndus/msc_project/mpich/mpich-3.2.1/src/mpl/include -I/home/timndus/msc_project/mpich/mpich-3.2.1/src/openpa/src -I/home/timndus/msc_project/mpich/tmp/src/openpa/src conftest.c >&5
configure:8014: $? = 0
configure:8014: result: yes
configure:8014: checking for string.h
configure:8014: gcc -c      -I/home/timndus/msc_project/mpich/tmp/src/mpl/include -I/home/timndus/msc_project/mpich/mpich-3.2.1/src/mpl/include -I/home/timndus/msc_project/mpich/mpich-3.2.1/src/openpa/src -I/home/timndus/msc_project/mpich/tmp/src/openpa/src conftest.c >&5
configure:8014: $? = 0
configure:8014: result: yes
configure:8014: checking for memory.h
configure:8014: gcc -c      -I/home/timndus/msc_project/mpich/tmp/src/mpl/include -I/home/timndus/msc_project/mpich/mpich-3.2.1/src/mpl/include -I/home/timndus/msc_project/mpich/mpich-3.2.1/src/openpa/src -I/home/timndus/msc_project/mpich/tmp/src/openpa/src conftest.c >&5
configure:8014: $? = 0
configure:8014: result: yes
configure:8014: checking for strings.h
configure:8014: gcc -c      -I/home/timndus/msc_project/mpich/tmp/src/mpl/include -I/home/timndus/msc_project/mpich/mpich-3.2.1/src/mpl/include -I/home/timndus/msc_project/mpich/mpich-3.2.1/src/openpa/src -I/home/timndus/msc_project/mpich/tmp/src/openpa/src conftest.c >&5
configure:8014: $? = 0
configure:8014: result: yes
configure:8014: checking for inttypes.h
configure:8014: gcc -c      -I/home/timndus/msc_project/mpich/tmp/src/mpl/include -I/home/timndus/msc_project/mpich/mpich-3.2.1/src/mpl/include -I/home/timndus/msc_project/mpich/mpich-3.2.1/src/openpa/src -I/home/timndus/msc_project/mpich/tmp/src/openpa/src conftest.c >&5
configure:8014: $? = 0
configure:8014: result: yes
configure:8014: checking for stdint.h
configure:8014: gcc -c      -I/home/timndus/msc_project/mpich/tmp/src/mpl/include -I/home/timndus/msc_project/mpich/mpich-3.2.1/src/mpl/include -I/home/timndus/msc_project/mpich/mpich-3.2.1/src/openpa/src -I/home/timndus/msc_project/mpich/tmp/src/openpa/src conftest.c >&5
configure:8014: $? = 0
configure:8014: result: yes
configure:8014: checking for unistd.h
configure:8014: gcc -c      -I/home/timndus/msc_project/mpich/tmp/src/mpl/include -I/home/timndus/msc_project/mpich/mpich-3.2.1/src/mpl/include -I/home/timndus/msc_project/mpich/mpich-3.2.1/src/openpa/src -I/home/timndus/msc_project/mpich/tmp/src/openpa/src conftest.c >&5
configure:8014: $? = 0
configure:8014: result: yes
configure:8028: checking for dlfcn.h
configure:8028: gcc -c      -I/home/timndus/msc_project/mpich/tmp/src/mpl/include -I/home/timndus/msc_project/mpich/mpich-3.2.1/src/mpl/include -I/home/timndus/msc_project/mpich/mpich-3.2.1/src/openpa/src -I/home/timndus/msc_project/mpich/tmp/src/openpa/src conftest.c >&5
configure:8028: $? = 0
configure:8028: result: yes
configure:8284: checking for objdir
configure:8299: result: .libs
configure:8563: checking if gcc supports -fno-rtti -fno-exceptions
configure:8581: gcc -c      -I/home/timndus/msc_project/mpich/tmp/src/mpl/include -I/home/timndus/msc_project/mpich/mpich-3.2.1/src/mpl/include -I/home/timndus/msc_project/mpich/mpich-3.2.1/src/openpa/src -I/home/timndus/msc_project/mpich/tmp/src/openpa/src -fno-rtti -fno-exceptions conftest.c >&5
cc1: warning: command line option '-fno-rtti' is valid for C++/ObjC++ but not for C
configure:8585: $? = 0
configure:8598: result: no
configure:8956: checking for gcc option to produce PIC
configure:8963: result: -fPIC -DPIC
configure:8971: checking if gcc PIC flag -fPIC -DPIC works
configure:8989: gcc -c      -I/home/timndus/msc_project/mpich/tmp/src/mpl/include -I/home/timndus/msc_project/mpich/mpich-3.2.1/src/mpl/include -I/home/timndus/msc_project/mpich/mpich-3.2.1/src/openpa/src -I/home/timndus/msc_project/mpich/tmp/src/openpa/src -fPIC -DPIC -DPIC conftest.c >&5
configure:8993: $? = 0
configure:9006: result: yes
configure:9035: checking if gcc static flag -static works
configure:9063: result: yes
configure:9078: checking if gcc supports -c -o file.o
configure:9099: gcc -c      -I/home/timndus/msc_project/mpich/tmp/src/mpl/include -I/home/timndus/msc_project/mpich/mpich-3.2.1/src/mpl/include -I/home/timndus/msc_project/mpich/mpich-3.2.1/src/openpa/src -I/home/timndus/msc_project/mpich/tmp/src/openpa/src -o out/conftest2.o conftest.c >&5
configure:9103: $? = 0
configure:9125: result: yes
configure:9133: checking if gcc supports -c -o file.o
configure:9180: result: yes
configure:9213: checking whether the gcc linker (/usr/bin/x86_64-linux-gnu-ld -m elf_x86_64) supports shared libraries
configure:10476: result: yes
configure:10513: checking whether -lc should be explicitly linked in
configure:10521: gcc -c      -I/home/timndus/msc_project/mpich/tmp/src/mpl/include -I/home/timndus/msc_project/mpich/mpich-3.2.1/src/mpl/include -I/home/timndus/msc_project/mpich/mpich-3.2.1/src/openpa/src -I/home/timndus/msc_project/mpich/tmp/src/openpa/src conftest.c >&5
configure:10524: $? = 0
configure:10539: gcc -shared  -fPIC -DPIC conftest.o  -v -Wl,-soname -Wl,conftest -o conftest 2\>\&1 \| /bin/grep  -lc  \>/dev/null 2\>\&1
configure:10542: $? = 0
configure:10556: result: no
configure:10716: checking dynamic linker characteristics
configure:11297: gcc -o conftest      -I/home/timndus/msc_project/mpich/tmp/src/mpl/include -I/home/timndus/msc_project/mpich/mpich-3.2.1/src/mpl/include -I/home/timndus/msc_project/mpich/mpich-3.2.1/src/openpa/src -I/home/timndus/msc_project/mpich/tmp/src/openpa/src  -Wl,-rpath -Wl,/foo conftest.c  >&5
configure:11297: $? = 0
configure:11546: result: GNU/Linux ld.so
configure:11668: checking how to hardcode library paths into programs
configure:11693: result: immediate
configure:12241: checking whether stripping libraries is possible
configure:12246: result: yes
configure:12281: checking if libtool supports shared libraries
configure:12283: result: yes
configure:12286: checking whether to build shared libraries
configure:12311: result: yes
configure:12314: checking whether to build static libraries
configure:12318: result: yes
configure:12397: checking whether make supports nested variables
configure:12414: result: yes
configure:12483: checking for gcc
configure:12510: result: gcc
configure:12739: checking for C compiler version
configure:12748: gcc --version >&5
gcc (Ubuntu 7.3.0-16ubuntu3) 7.3.0
Copyright (C) 2017 Free Software Foundation, Inc.
This is free software; see the source for copying conditions.  There is NO
warranty; not even for MERCHANTABILITY or FITNESS FOR A PARTICULAR PURPOSE.

configure:12759: $? = 0
configure:12748: gcc -v >&5
Using built-in specs.
COLLECT_GCC=gcc
COLLECT_LTO_WRAPPER=/usr/lib/gcc/x86_64-linux-gnu/7/lto-wrapper
OFFLOAD_TARGET_NAMES=nvptx-none
OFFLOAD_TARGET_DEFAULT=1
Target: x86_64-linux-gnu
Configured with: ../src/configure -v --with-pkgversion='Ubuntu 7.3.0-16ubuntu3' --with-bugurl=file:///usr/share/doc/gcc-7/README.Bugs --enable-languages=c,ada,c++,go,brig,d,fortran,objc,obj-c++ --prefix=/usr --with-gcc-major-version-only --with-as=/usr/bin/x86_64-linux-gnu-as --with-ld=/usr/bin/x86_64-linux-gnu-ld --program-suffix=-7 --program-prefix=x86_64-linux-gnu- --enable-shared --enable-linker-build-id --libexecdir=/usr/lib --without-included-gettext --enable-threads=posix --libdir=/usr/lib --enable-nls --with-sysroot=/ --enable-clocale=gnu --enable-libstdcxx-debug --enable-libstdcxx-time=yes --with-default-libstdcxx-abi=new --enable-gnu-unique-object --disable-vtable-verify --enable-libmpx --enable-plugin --enable-default-pie --with-system-zlib --with-target-system-zlib --enable-objc-gc=auto --enable-multiarch --disable-werror --with-arch-32=i686 --with-abi=m64 --with-multilib-list=m32,m64,mx32 --enable-multilib --with-tune=generic --enable-offload-targets=nvptx-none --without-cuda-driver --enable-checking=release --build=x86_64-linux-gnu --host=x86_64-linux-gnu --target=x86_64-linux-gnu
Thread model: posix
gcc version 7.3.0 (Ubuntu 7.3.0-16ubuntu3) 
configure:12759: $? = 0
configure:12748: gcc -V >&5
gcc: error: unrecognized command line option '-V'
gcc: fatal error: no input files
compilation terminated.
configure:12759: $? = 1
configure:12748: gcc -qversion >&5
gcc: error: unrecognized command line option '-qversion'; did you mean '--version'?
gcc: fatal error: no input files
compilation terminated.
configure:12759: $? = 1
configure:12763: checking whether we are using the GNU C compiler
configure:12791: result: yes
configure:12800: checking whether gcc accepts -g
configure:12861: result: yes
configure:12878: checking for gcc option to accept ISO C89
configure:12954: result: none needed
configure:12979: checking whether gcc understands -c and -o together
configure:13016: result: yes
configure:13035: checking dependency style of gcc
configure:13146: result: gcc3
configure:13164: checking whether to enable assertions
configure:13182: result: yes
configure:13189: checking pthread.h usability
configure:13189: gcc -c      -I/home/timndus/msc_project/mpich/tmp/src/mpl/include -I/home/timndus/msc_project/mpich/mpich-3.2.1/src/mpl/include -I/home/timndus/msc_project/mpich/mpich-3.2.1/src/openpa/src -I/home/timndus/msc_project/mpich/tmp/src/openpa/src conftest.c >&5
configure:13189: $? = 0
configure:13189: result: yes
configure:13189: checking pthread.h presence
configure:13189: gcc -E   -I/home/timndus/msc_project/mpich/tmp/src/mpl/include -I/home/timndus/msc_project/mpich/mpich-3.2.1/src/mpl/include -I/home/timndus/msc_project/mpich/mpich-3.2.1/src/openpa/src -I/home/timndus/msc_project/mpich/tmp/src/openpa/src conftest.c
configure:13189: $? = 0
configure:13189: result: yes
configure:13189: checking for pthread.h
configure:13189: result: yes
configure:13189: checking atomic.h usability
configure:13189: gcc -c      -I/home/timndus/msc_project/mpich/tmp/src/mpl/include -I/home/timndus/msc_project/mpich/mpich-3.2.1/src/mpl/include -I/home/timndus/msc_project/mpich/mpich-3.2.1/src/openpa/src -I/home/timndus/msc_project/mpich/tmp/src/openpa/src conftest.c >&5
conftest.c:57:10: fatal error: atomic.h: No such file or directory
 #include <atomic.h>
          ^~~~~~~~~~
compilation terminated.
configure:13189: $? = 1
configure: failed program was:
| /* confdefs.h */
| #define PACKAGE_NAME "OpenPA"
| #define PACKAGE_TARNAME "openpa"
| #define PACKAGE_VERSION "1.0.3"
| #define PACKAGE_STRING "OpenPA 1.0.3"
| #define PACKAGE_BUGREPORT "https://trac.mcs.anl.gov/projects/openpa/newticket"
| #define PACKAGE_URL ""
| #define PACKAGE "openpa"
| #define VERSION "1.0.3"
| #define STDC_HEADERS 1
| #define HAVE_SYS_TYPES_H 1
| #define HAVE_SYS_STAT_H 1
| #define HAVE_STDLIB_H 1
| #define HAVE_STRING_H 1
| #define HAVE_MEMORY_H 1
| #define HAVE_STRINGS_H 1
| #define HAVE_INTTYPES_H 1
| #define HAVE_STDINT_H 1
| #define HAVE_UNISTD_H 1
| #define HAVE_DLFCN_H 1
| #define LT_OBJDIR ".libs/"
| #define HAVE_PTHREAD_H 1
| /* end confdefs.h.  */
| #include <stdio.h>
| #ifdef HAVE_SYS_TYPES_H
| # include <sys/types.h>
| #endif
| #ifdef HAVE_SYS_STAT_H
| # include <sys/stat.h>
| #endif
| #ifdef STDC_HEADERS
| # include <stdlib.h>
| # include <stddef.h>
| #else
| # ifdef HAVE_STDLIB_H
| #  include <stdlib.h>
| # endif
| #endif
| #ifdef HAVE_STRING_H
| # if !defined STDC_HEADERS && defined HAVE_MEMORY_H
| #  include <memory.h>
| # endif
| # include <string.h>
| #endif
| #ifdef HAVE_STRINGS_H
| # include <strings.h>
| #endif
| #ifdef HAVE_INTTYPES_H
| # include <inttypes.h>
| #endif
| #ifdef HAVE_STDINT_H
| # include <stdint.h>
| #endif
| #ifdef HAVE_UNISTD_H
| # include <unistd.h>
| #endif
| #include <atomic.h>
configure:13189: result: no
configure:13189: checking atomic.h presence
configure:13189: gcc -E   -I/home/timndus/msc_project/mpich/tmp/src/mpl/include -I/home/timndus/msc_project/mpich/mpich-3.2.1/src/mpl/include -I/home/timndus/msc_project/mpich/mpich-3.2.1/src/openpa/src -I/home/timndus/msc_project/mpich/tmp/src/openpa/src conftest.c
conftest.c:24:10: fatal error: atomic.h: No such file or directory
 #include <atomic.h>
          ^~~~~~~~~~
compilation terminated.
configure:13189: $? = 1
configure: failed program was:
| /* confdefs.h */
| #define PACKAGE_NAME "OpenPA"
| #define PACKAGE_TARNAME "openpa"
| #define PACKAGE_VERSION "1.0.3"
| #define PACKAGE_STRING "OpenPA 1.0.3"
| #define PACKAGE_BUGREPORT "https://trac.mcs.anl.gov/projects/openpa/newticket"
| #define PACKAGE_URL ""
| #define PACKAGE "openpa"
| #define VERSION "1.0.3"
| #define STDC_HEADERS 1
| #define HAVE_SYS_TYPES_H 1
| #define HAVE_SYS_STAT_H 1
| #define HAVE_STDLIB_H 1
| #define HAVE_STRING_H 1
| #define HAVE_MEMORY_H 1
| #define HAVE_STRINGS_H 1
| #define HAVE_INTTYPES_H 1
| #define HAVE_STDINT_H 1
| #define HAVE_UNISTD_H 1
| #define HAVE_DLFCN_H 1
| #define LT_OBJDIR ".libs/"
| #define HAVE_PTHREAD_H 1
| /* end confdefs.h.  */
| #include <atomic.h>
configure:13189: result: no
configure:13189: checking for atomic.h
configure:13189: result: no
configure:13189: checking intrin.h usability
configure:13189: gcc -c      -I/home/timndus/msc_project/mpich/tmp/src/mpl/include -I/home/timndus/msc_project/mpich/mpich-3.2.1/src/mpl/include -I/home/timndus/msc_project/mpich/mpich-3.2.1/src/openpa/src -I/home/timndus/msc_project/mpich/tmp/src/openpa/src conftest.c >&5
conftest.c:57:10: fatal error: intrin.h: No such file or directory
 #include <intrin.h>
          ^~~~~~~~~~
compilation terminated.
configure:13189: $? = 1
configure: failed program was:
| /* confdefs.h */
| #define PACKAGE_NAME "OpenPA"
| #define PACKAGE_TARNAME "openpa"
| #define PACKAGE_VERSION "1.0.3"
| #define PACKAGE_STRING "OpenPA 1.0.3"
| #define PACKAGE_BUGREPORT "https://trac.mcs.anl.gov/projects/openpa/newticket"
| #define PACKAGE_URL ""
| #define PACKAGE "openpa"
| #define VERSION "1.0.3"
| #define STDC_HEADERS 1
| #define HAVE_SYS_TYPES_H 1
| #define HAVE_SYS_STAT_H 1
| #define HAVE_STDLIB_H 1
| #define HAVE_STRING_H 1
| #define HAVE_MEMORY_H 1
| #define HAVE_STRINGS_H 1
| #define HAVE_INTTYPES_H 1
| #define HAVE_STDINT_H 1
| #define HAVE_UNISTD_H 1
| #define HAVE_DLFCN_H 1
| #define LT_OBJDIR ".libs/"
| #define HAVE_PTHREAD_H 1
| /* end confdefs.h.  */
| #include <stdio.h>
| #ifdef HAVE_SYS_TYPES_H
| # include <sys/types.h>
| #endif
| #ifdef HAVE_SYS_STAT_H
| # include <sys/stat.h>
| #endif
| #ifdef STDC_HEADERS
| # include <stdlib.h>
| # include <stddef.h>
| #else
| # ifdef HAVE_STDLIB_H
| #  include <stdlib.h>
| # endif
| #endif
| #ifdef HAVE_STRING_H
| # if !defined STDC_HEADERS && defined HAVE_MEMORY_H
| #  include <memory.h>
| # endif
| # include <string.h>
| #endif
| #ifdef HAVE_STRINGS_H
| # include <strings.h>
| #endif
| #ifdef HAVE_INTTYPES_H
| # include <inttypes.h>
| #endif
| #ifdef HAVE_STDINT_H
| # include <stdint.h>
| #endif
| #ifdef HAVE_UNISTD_H
| # include <unistd.h>
| #endif
| #include <intrin.h>
configure:13189: result: no
configure:13189: checking intrin.h presence
configure:13189: gcc -E   -I/home/timndus/msc_project/mpich/tmp/src/mpl/include -I/home/timndus/msc_project/mpich/mpich-3.2.1/src/mpl/include -I/home/timndus/msc_project/mpich/mpich-3.2.1/src/openpa/src -I/home/timndus/msc_project/mpich/tmp/src/openpa/src conftest.c
conftest.c:24:10: fatal error: intrin.h: No such file or directory
 #include <intrin.h>
          ^~~~~~~~~~
compilation terminated.
configure:13189: $? = 1
configure: failed program was:
| /* confdefs.h */
| #define PACKAGE_NAME "OpenPA"
| #define PACKAGE_TARNAME "openpa"
| #define PACKAGE_VERSION "1.0.3"
| #define PACKAGE_STRING "OpenPA 1.0.3"
| #define PACKAGE_BUGREPORT "https://trac.mcs.anl.gov/projects/openpa/newticket"
| #define PACKAGE_URL ""
| #define PACKAGE "openpa"
| #define VERSION "1.0.3"
| #define STDC_HEADERS 1
| #define HAVE_SYS_TYPES_H 1
| #define HAVE_SYS_STAT_H 1
| #define HAVE_STDLIB_H 1
| #define HAVE_STRING_H 1
| #define HAVE_MEMORY_H 1
| #define HAVE_STRINGS_H 1
| #define HAVE_INTTYPES_H 1
| #define HAVE_STDINT_H 1
| #define HAVE_UNISTD_H 1
| #define HAVE_DLFCN_H 1
| #define LT_OBJDIR ".libs/"
| #define HAVE_PTHREAD_H 1
| /* end confdefs.h.  */
| #include <intrin.h>
configure:13189: result: no
configure:13189: checking for intrin.h
configure:13189: result: no
configure:13189: checking for inttypes.h
configure:13189: result: yes
configure:13189: checking for stdint.h
configure:13189: result: yes
configure:13189: checking stddef.h usability
configure:13189: gcc -c      -I/home/timndus/msc_project/mpich/tmp/src/mpl/include -I/home/timndus/msc_project/mpich/mpich-3.2.1/src/mpl/include -I/home/timndus/msc_project/mpich/mpich-3.2.1/src/openpa/src -I/home/timndus/msc_project/mpich/tmp/src/openpa/src conftest.c >&5
configure:13189: $? = 0
configure:13189: result: yes
configure:13189: checking stddef.h presence
configure:13189: gcc -E   -I/home/timndus/msc_project/mpich/tmp/src/mpl/include -I/home/timndus/msc_project/mpich/mpich-3.2.1/src/mpl/include -I/home/timndus/msc_project/mpich/mpich-3.2.1/src/openpa/src -I/home/timndus/msc_project/mpich/tmp/src/openpa/src conftest.c
configure:13189: $? = 0
configure:13189: result: yes
configure:13189: checking for stddef.h
configure:13189: result: yes
configure:13200: checking for C/C++ restrict keyword
configure:13225: gcc -c      -I/home/timndus/msc_project/mpich/tmp/src/mpl/include -I/home/timndus/msc_project/mpich/mpich-3.2.1/src/mpl/include -I/home/timndus/msc_project/mpich/mpich-3.2.1/src/openpa/src -I/home/timndus/msc_project/mpich/tmp/src/openpa/src conftest.c >&5
configure:13225: $? = 0
configure:13233: result: __restrict
configure:13246: checking for inline
configure:13262: gcc -c      -I/home/timndus/msc_project/mpich/tmp/src/mpl/include -I/home/timndus/msc_project/mpich/mpich-3.2.1/src/mpl/include -I/home/timndus/msc_project/mpich/mpich-3.2.1/src/openpa/src -I/home/timndus/msc_project/mpich/tmp/src/openpa/src conftest.c >&5
configure:13262: $? = 0
configure:13270: result: inline
configure:13291: checking for an ANSI C-conforming const
configure:13357: gcc -c      -I/home/timndus/msc_project/mpich/tmp/src/mpl/include -I/home/timndus/msc_project/mpich/mpich-3.2.1/src/mpl/include -I/home/timndus/msc_project/mpich/mpich-3.2.1/src/openpa/src -I/home/timndus/msc_project/mpich/tmp/src/openpa/src conftest.c >&5
configure:13357: $? = 0
configure:13364: result: yes
configure:13373: checking for pthread_create in -lpthread
configure:13398: gcc -o conftest      -I/home/timndus/msc_project/mpich/tmp/src/mpl/include -I/home/timndus/msc_project/mpich/mpich-3.2.1/src/mpl/include -I/home/timndus/msc_project/mpich/mpich-3.2.1/src/openpa/src -I/home/timndus/msc_project/mpich/tmp/src/openpa/src  conftest.c -lpthread   >&5
configure:13398: $? = 0
configure:13407: result: yes
configure:13421: checking for pthread_yield
configure:13421: gcc -o conftest      -I/home/timndus/msc_project/mpich/tmp/src/mpl/include -I/home/timndus/msc_project/mpich/mpich-3.2.1/src/mpl/include -I/home/timndus/msc_project/mpich/mpich-3.2.1/src/openpa/src -I/home/timndus/msc_project/mpich/tmp/src/openpa/src  conftest.c -lpthread  >&5
configure:13421: $? = 0
configure:13421: result: yes
configure:13451: checking if 100 threads can be run at once
configure:13489: gcc -o conftest      -I/home/timndus/msc_project/mpich/tmp/src/mpl/include -I/home/timndus/msc_project/mpich/mpich-3.2.1/src/mpl/include -I/home/timndus/msc_project/mpich/mpich-3.2.1/src/openpa/src -I/home/timndus/msc_project/mpich/tmp/src/openpa/src  conftest.c -lpthread  >&5
configure:13489: $? = 0
configure:13489: ./conftest
configure:13489: $? = 0
configure:13490: result: yes
configure:13564: checking size of void *
configure:13569: gcc -o conftest      -I/home/timndus/msc_project/mpich/tmp/src/mpl/include -I/home/timndus/msc_project/mpich/mpich-3.2.1/src/mpl/include -I/home/timndus/msc_project/mpich/mpich-3.2.1/src/openpa/src -I/home/timndus/msc_project/mpich/tmp/src/openpa/src  conftest.c -lpthread  >&5
configure:13569: $? = 0
configure:13569: ./conftest
configure:13569: $? = 0
configure:13583: result: 8
configure:13597: checking size of int
configure:13602: gcc -o conftest      -I/home/timndus/msc_project/mpich/tmp/src/mpl/include -I/home/timndus/msc_project/mpich/mpich-3.2.1/src/mpl/include -I/home/timndus/msc_project/mpich/mpich-3.2.1/src/openpa/src -I/home/timndus/msc_project/mpich/tmp/src/openpa/src  conftest.c -lpthread  >&5
configure:13602: $? = 0
configure:13602: ./conftest
configure:13602: $? = 0
configure:13616: result: 4
configure:13628: checking whether __attribute__ allowed
configure:13645: gcc -c      -I/home/timndus/msc_project/mpich/tmp/src/mpl/include -I/home/timndus/msc_project/mpich/mpich-3.2.1/src/mpl/include -I/home/timndus/msc_project/mpich/mpich-3.2.1/src/openpa/src -I/home/timndus/msc_project/mpich/tmp/src/openpa/src conftest.c >&5
configure:13645: $? = 0
configure:13652: result: yes
configure:13654: checking whether __attribute__((format)) allowed
configure:13671: gcc -c      -I/home/timndus/msc_project/mpich/tmp/src/mpl/include -I/home/timndus/msc_project/mpich/mpich-3.2.1/src/mpl/include -I/home/timndus/msc_project/mpich/mpich-3.2.1/src/openpa/src -I/home/timndus/msc_project/mpich/tmp/src/openpa/src conftest.c >&5
configure:13671: $? = 0
configure:13678: result: yes
configure:13687: checking if compiler rejects bogus asm statements
configure:13702: gcc -o conftest      -I/home/timndus/msc_project/mpich/tmp/src/mpl/include -I/home/timndus/msc_project/mpich/mpich-3.2.1/src/mpl/include -I/home/timndus/msc_project/mpich/mpich-3.2.1/src/openpa/src -I/home/timndus/msc_project/mpich/tmp/src/openpa/src  conftest.c -lpthread  >&5
conftest.c: Assembler messages:
conftest.c:39: Error: no such instruction: `illegal_asm_stmt'
configure:13702: $? = 1
configure: failed program was:
| /* confdefs.h */
| #define PACKAGE_NAME "OpenPA"
| #define PACKAGE_TARNAME "openpa"
| #define PACKAGE_VERSION "1.0.3"
| #define PACKAGE_STRING "OpenPA 1.0.3"
| #define PACKAGE_BUGREPORT "https://trac.mcs.anl.gov/projects/openpa/newticket"
| #define PACKAGE_URL ""
| #define PACKAGE "openpa"
| #define VERSION "1.0.3"
| #define STDC_HEADERS 1
| #define HAVE_SYS_TYPES_H 1
| #define HAVE_SYS_STAT_H 1
| #define HAVE_STDLIB_H 1
| #define HAVE_STRING_H 1
| #define HAVE_MEMORY_H 1
| #define HAVE_STRINGS_H 1
| #define HAVE_INTTYPES_H 1
| #define HAVE_STDINT_H 1
| #define HAVE_UNISTD_H 1
| #define HAVE_DLFCN_H 1
| #define LT_OBJDIR ".libs/"
| #define HAVE_PTHREAD_H 1
| #define HAVE_INTTYPES_H 1
| #define HAVE_STDINT_H 1
| #define HAVE_STDDEF_H 1
| #define restrict __restrict
| #define HAVE_LIBPTHREAD 1
| #define HAVE_PTHREAD_YIELD 1
| #define MAX_NTHREADS 100
| #define SIZEOF_VOID_P 8
| #define SIZEOF_INT 4
| #define HAVE_GCC_ATTRIBUTE 1
| /* end confdefs.h.  */
| 
| int
| main ()
| {
| 
|     __asm__ __volatile__ ("ILLEGAL_ASM_STMT");
| 
|   ;
|   return 0;
| }
configure:13709: result: yes
configure:13764: checking for support for gcc x86/x86_64 primitives
configure:13891: gcc -o conftest    -I/home/timndus/msc_project/mpich/mpich-3.2.1/src/openpa/src   -I/home/timndus/msc_project/mpich/tmp/src/mpl/include -I/home/timndus/msc_project/mpich/mpich-3.2.1/src/mpl/include -I/home/timndus/msc_project/mpich/mpich-3.2.1/src/openpa/src -I/home/timndus/msc_project/mpich/tmp/src/openpa/src  conftest.c -lpthread  >&5
configure:13891: $? = 0
configure:13891: ./conftest
configure:13891: $? = 0
configure:13897: result: yes
configure:13919: checking for support for gcc x86 primitives for pre-Pentium 4
configure:14046: gcc -o conftest    -I/home/timndus/msc_project/mpich/mpich-3.2.1/src/openpa/src   -I/home/timndus/msc_project/mpich/tmp/src/mpl/include -I/home/timndus/msc_project/mpich/mpich-3.2.1/src/mpl/include -I/home/timndus/msc_project/mpich/mpich-3.2.1/src/openpa/src -I/home/timndus/msc_project/mpich/tmp/src/openpa/src  conftest.c -lpthread  >&5
configure:14046: $? = 0
configure:14046: ./conftest
configure:14046: $? = 0
configure:14052: result: yes
configure:14073: checking for support for gcc ia64 primitives
configure:14129: gcc -o conftest    -I/home/timndus/msc_project/mpich/mpich-3.2.1/src/openpa/src   -I/home/timndus/msc_project/mpich/tmp/src/mpl/include -I/home/timndus/msc_project/mpich/mpich-3.2.1/src/mpl/include -I/home/timndus/msc_project/mpich/mpich-3.2.1/src/openpa/src -I/home/timndus/msc_project/mpich/tmp/src/openpa/src  conftest.c -lpthread  >&5
/home/timndus/msc_project/mpich/mpich-3.2.1/src/openpa/src/primitives/opa_gcc_ia64.h: Assembler messages:
/home/timndus/msc_project/mpich/mpich-3.2.1/src/openpa/src/primitives/opa_gcc_ia64.h:108: Error: no such instruction: `fetchadd4.rel %eax=[%rax],$-1'
/home/timndus/msc_project/mpich/mpich-3.2.1/src/openpa/src/primitives/opa_gcc_ia64.h:126: Error: no such instruction: `zxt4 (%rsi)=(%rsi)'
/home/timndus/msc_project/mpich/mpich-3.2.1/src/openpa/src/primitives/opa_gcc_ia64.h:126: Error: invalid character '=' in operand 1
/home/timndus/msc_project/mpich/mpich-3.2.1/src/openpa/src/primitives/opa_gcc_ia64.h:126: Error: no such instruction: `cmpxchg4.rel %eax=[%rdx],%ecx,ar.ccv'
/home/timndus/msc_project/mpich/mpich-3.2.1/src/openpa/src/primitives/opa_gcc_ia64.h:156: Error: no such instruction: `fetchadd4.rel %eax=[%rax],$-16'
/home/timndus/msc_project/mpich/mpich-3.2.1/src/openpa/src/primitives/opa_gcc_ia64.h:157: Error: no such instruction: `fetchadd4.rel %eax=[%rax],$-8'
/home/timndus/msc_project/mpich/mpich-3.2.1/src/openpa/src/primitives/opa_gcc_ia64.h:158: Error: no such instruction: `fetchadd4.rel %eax=[%rax],$-4'
/home/timndus/msc_project/mpich/mpich-3.2.1/src/openpa/src/primitives/opa_gcc_ia64.h:159: Error: no such instruction: `fetchadd4.rel %eax=[%rax],$-1'
/home/timndus/msc_project/mpich/mpich-3.2.1/src/openpa/src/primitives/opa_gcc_ia64.h:160: Error: no such instruction: `fetchadd4.rel %eax=[%rax],$1'
/home/timndus/msc_project/mpich/mpich-3.2.1/src/openpa/src/primitives/opa_gcc_ia64.h:161: Error: no such instruction: `fetchadd4.rel %eax=[%rax],$4'
/home/timndus/msc_project/mpich/mpich-3.2.1/src/openpa/src/primitives/opa_gcc_ia64.h:162: Error: no such instruction: `fetchadd4.rel %eax=[%rax],$8'
/home/timndus/msc_project/mpich/mpich-3.2.1/src/openpa/src/primitives/opa_gcc_ia64.h:163: Error: no such instruction: `fetchadd4.rel %eax=[%rax],$16'
/home/timndus/msc_project/mpich/mpich-3.2.1/src/openpa/src/primitives/opa_gcc_ia64.h:202: Error: no such instruction: `xchg8 %eax=[%rdx],%eax'
conftest.c:77: Error: no such instruction: `mf'
conftest.c:78: Error: no such instruction: `mf'
conftest.c:79: Error: no such instruction: `mf'
configure:14129: $? = 1
configure: failed program was:
| /* confdefs.h */
| #define PACKAGE_NAME "OpenPA"
| #define PACKAGE_TARNAME "openpa"
| #define PACKAGE_VERSION "1.0.3"
| #define PACKAGE_STRING "OpenPA 1.0.3"
| #define PACKAGE_BUGREPORT "https://trac.mcs.anl.gov/projects/openpa/newticket"
| #define PACKAGE_URL ""
| #define PACKAGE "openpa"
| #define VERSION "1.0.3"
| #define STDC_HEADERS 1
| #define HAVE_SYS_TYPES_H 1
| #define HAVE_SYS_STAT_H 1
| #define HAVE_STDLIB_H 1
| #define HAVE_STRING_H 1
| #define HAVE_MEMORY_H 1
| #define HAVE_STRINGS_H 1
| #define HAVE_INTTYPES_H 1
| #define HAVE_STDINT_H 1
| #define HAVE_UNISTD_H 1
| #define HAVE_DLFCN_H 1
| #define LT_OBJDIR ".libs/"
| #define HAVE_PTHREAD_H 1
| #define HAVE_INTTYPES_H 1
| #define HAVE_STDINT_H 1
| #define HAVE_STDDEF_H 1
| #define restrict __restrict
| #define HAVE_LIBPTHREAD 1
| #define HAVE_PTHREAD_YIELD 1
| #define MAX_NTHREADS 100
| #define SIZEOF_VOID_P 8
| #define SIZEOF_INT 4
| #define HAVE_GCC_ATTRIBUTE 1
| #define HAVE_GCC_X86_32_64 1
| #define HAVE_GCC_X86_32_64_P3 1
| /* end confdefs.h.  */
| 
| #define OPA_SIZEOF_INT SIZEOF_INT
| #define OPA_SIZEOF_VOID_P SIZEOF_VOID_P
| #ifndef _opa_inline
| #define _opa_inline inline
| #endif
| #ifndef _opa_restrict
| #define _opa_restrict restrict
| #endif
| #ifndef _opa_const
| #define _opa_const const
| #endif
| #ifdef HAVE_GCC_ATTRIBUTE
| #define OPA_HAVE_GCC_ATTRIBUTE 1
| #endif
| #include "opa_util.h" /* for OPA_ATTRIBUTE and friends */
| #include "primitives/opa_gcc_ia64.h"
| 
| int
| main ()
| {
| 
|     OPA_int_t a, b;
|     int c;
| 
|     OPA_store_int(&a, 0);
|     OPA_store_int(&b, 1);
|     c = OPA_load_int(&a);
| 
|     OPA_add_int(&a, 10);
|     OPA_incr_int(&a);
|     OPA_decr_int(&a);
| 
|     c = OPA_decr_and_test_int(&a);
|     c = OPA_fetch_and_add_int(&a, 10);
|     c = OPA_fetch_and_incr_int(&a);
|     c = OPA_fetch_and_decr_int(&a);
| 
|     c = OPA_cas_int(&a, 10, 11);
|     c = OPA_swap_int(&a, OPA_load_int(&b));
| 
|     OPA_write_barrier();
|     OPA_read_barrier();
|     OPA_read_write_barrier();
| 
|   ;
|   return 0;
| }
| 
configure:14138: result: no
configure:14153: checking for support for gcc PowerPC atomics
configure:14209: gcc -o conftest    -I/home/timndus/msc_project/mpich/mpich-3.2.1/src/openpa/src   -I/home/timndus/msc_project/mpich/tmp/src/mpl/include -I/home/timndus/msc_project/mpich/mpich-3.2.1/src/mpl/include -I/home/timndus/msc_project/mpich/mpich-3.2.1/src/openpa/src -I/home/timndus/msc_project/mpich/tmp/src/openpa/src  conftest.c -lpthread  >&5
/home/timndus/msc_project/mpich/mpich-3.2.1/src/openpa/src/primitives/opa_gcc_ppc.h: Assembler messages:
/home/timndus/msc_project/mpich/mpich-3.2.1/src/openpa/src/primitives/opa_gcc_ppc.h:98: Error: no such instruction: `lwarx %eax,0,%rax'
/home/timndus/msc_project/mpich/mpich-3.2.1/src/openpa/src/primitives/opa_gcc_ppc.h:110: Error: no such instruction: `stwcx. %ecx,0,%rdx'
/home/timndus/msc_project/mpich/mpich-3.2.1/src/openpa/src/primitives/opa_gcc_ppc.h:111: Error: no such instruction: `beq 1f'
/home/timndus/msc_project/mpich/mpich-3.2.1/src/openpa/src/primitives/opa_gcc_ppc.h:112: Error: no such instruction: `li %eax,0'
conftest.c:77: Error: no such instruction: `eieio'
conftest.c:78: Error: no such instruction: `lwsync'
conftest.c:79: Error: no such instruction: `sync'
configure:14209: $? = 1
configure: failed program was:
| /* confdefs.h */
| #define PACKAGE_NAME "OpenPA"
| #define PACKAGE_TARNAME "openpa"
| #define PACKAGE_VERSION "1.0.3"
| #define PACKAGE_STRING "OpenPA 1.0.3"
| #define PACKAGE_BUGREPORT "https://trac.mcs.anl.gov/projects/openpa/newticket"
| #define PACKAGE_URL ""
| #define PACKAGE "openpa"
| #define VERSION "1.0.3"
| #define STDC_HEADERS 1
| #define HAVE_SYS_TYPES_H 1
| #define HAVE_SYS_STAT_H 1
| #define HAVE_STDLIB_H 1
| #define HAVE_STRING_H 1
| #define HAVE_MEMORY_H 1
| #define HAVE_STRINGS_H 1
| #define HAVE_INTTYPES_H 1
| #define HAVE_STDINT_H 1
| #define HAVE_UNISTD_H 1
| #define HAVE_DLFCN_H 1
| #define LT_OBJDIR ".libs/"
| #define HAVE_PTHREAD_H 1
| #define HAVE_INTTYPES_H 1
| #define HAVE_STDINT_H 1
| #define HAVE_STDDEF_H 1
| #define restrict __restrict
| #define HAVE_LIBPTHREAD 1
| #define HAVE_PTHREAD_YIELD 1
| #define MAX_NTHREADS 100
| #define SIZEOF_VOID_P 8
| #define SIZEOF_INT 4
| #define HAVE_GCC_ATTRIBUTE 1
| #define HAVE_GCC_X86_32_64 1
| #define HAVE_GCC_X86_32_64_P3 1
| /* end confdefs.h.  */
| 
| #define OPA_SIZEOF_INT SIZEOF_INT
| #define OPA_SIZEOF_VOID_P SIZEOF_VOID_P
| #ifndef _opa_inline
| #define _opa_inline inline
| #endif
| #ifndef _opa_restrict
| #define _opa_restrict restrict
| #endif
| #ifndef _opa_const
| #define _opa_const const
| #endif
| #ifdef HAVE_GCC_ATTRIBUTE
| #define OPA_HAVE_GCC_ATTRIBUTE 1
| #endif
| #include "opa_util.h" /* for OPA_ATTRIBUTE and friends */
| #include "primitives/opa_gcc_ppc.h"
| 
| int
| main ()
| {
| 
|     OPA_int_t a, b;
|     int c;
| 
|     OPA_store_int(&a, 0);
|     OPA_store_int(&b, 1);
|     c = OPA_load_int(&a);
| 
|     OPA_add_int(&a, 10);
|     OPA_incr_int(&a);
|     OPA_decr_int(&a);
| 
|     c = OPA_decr_and_test_int(&a);
|     c = OPA_fetch_and_add_int(&a, 10);
|     c = OPA_fetch_and_incr_int(&a);
|     c = OPA_fetch_and_decr_int(&a);
| 
|     c = OPA_cas_int(&a, 10, 11);
|     c = OPA_swap_int(&a, OPA_load_int(&b));
| 
|     OPA_write_barrier();
|     OPA_read_barrier();
|     OPA_read_write_barrier();
| 
|   ;
|   return 0;
| }
| 
configure:14218: result: no
configure:14233: checking for support for gcc ARM atomics
configure:14289: gcc -o conftest    -I/home/timndus/msc_project/mpich/mpich-3.2.1/src/openpa/src   -I/home/timndus/msc_project/mpich/tmp/src/mpl/include -I/home/timndus/msc_project/mpich/mpich-3.2.1/src/mpl/include -I/home/timndus/msc_project/mpich/mpich-3.2.1/src/openpa/src -I/home/timndus/msc_project/mpich/tmp/src/openpa/src  conftest.c -lpthread  >&5
/home/timndus/msc_project/mpich/mpich-3.2.1/src/openpa/src/primitives/opa_gcc_arm.h: Assembler messages:
/home/timndus/msc_project/mpich/mpich-3.2.1/src/openpa/src/primitives/opa_gcc_arm.h:89: Error: no such instruction: `ldrex %eax,[%rdx]'
/home/timndus/msc_project/mpich/mpich-3.2.1/src/openpa/src/primitives/opa_gcc_arm.h:104: Error: no such instruction: `strex %eax,%edx,[%rcx]'
conftest.c:77: Error: invalid instruction suffix for `ds'
conftest.c:78: Error: no such instruction: `dmb'
conftest.c:79: Error: invalid instruction suffix for `ds'
configure:14289: $? = 1
configure: failed program was:
| /* confdefs.h */
| #define PACKAGE_NAME "OpenPA"
| #define PACKAGE_TARNAME "openpa"
| #define PACKAGE_VERSION "1.0.3"
| #define PACKAGE_STRING "OpenPA 1.0.3"
| #define PACKAGE_BUGREPORT "https://trac.mcs.anl.gov/projects/openpa/newticket"
| #define PACKAGE_URL ""
| #define PACKAGE "openpa"
| #define VERSION "1.0.3"
| #define STDC_HEADERS 1
| #define HAVE_SYS_TYPES_H 1
| #define HAVE_SYS_STAT_H 1
| #define HAVE_STDLIB_H 1
| #define HAVE_STRING_H 1
| #define HAVE_MEMORY_H 1
| #define HAVE_STRINGS_H 1
| #define HAVE_INTTYPES_H 1
| #define HAVE_STDINT_H 1
| #define HAVE_UNISTD_H 1
| #define HAVE_DLFCN_H 1
| #define LT_OBJDIR ".libs/"
| #define HAVE_PTHREAD_H 1
| #define HAVE_INTTYPES_H 1
| #define HAVE_STDINT_H 1
| #define HAVE_STDDEF_H 1
| #define restrict __restrict
| #define HAVE_LIBPTHREAD 1
| #define HAVE_PTHREAD_YIELD 1
| #define MAX_NTHREADS 100
| #define SIZEOF_VOID_P 8
| #define SIZEOF_INT 4
| #define HAVE_GCC_ATTRIBUTE 1
| #define HAVE_GCC_X86_32_64 1
| #define HAVE_GCC_X86_32_64_P3 1
| /* end confdefs.h.  */
| 
| #define OPA_SIZEOF_INT SIZEOF_INT
| #define OPA_SIZEOF_VOID_P SIZEOF_VOID_P
| #ifndef _opa_inline
| #define _opa_inline inline
| #endif
| #ifndef _opa_restrict
| #define _opa_restrict restrict
| #endif
| #ifndef _opa_const
| #define _opa_const const
| #endif
| #ifdef HAVE_GCC_ATTRIBUTE
| #define OPA_HAVE_GCC_ATTRIBUTE 1
| #endif
| #include "opa_util.h" /* for OPA_ATTRIBUTE and friends */
| #include "primitives/opa_gcc_arm.h"
| 
| int
| main ()
| {
| 
|     OPA_int_t a, b;
|     int c;
| 
|     OPA_store_int(&a, 0);
|     OPA_store_int(&b, 1);
|     c = OPA_load_int(&a);
| 
|     OPA_add_int(&a, 10);
|     OPA_incr_int(&a);
|     OPA_decr_int(&a);
| 
|     c = OPA_decr_and_test_int(&a);
|     c = OPA_fetch_and_add_int(&a, 10);
|     c = OPA_fetch_and_incr_int(&a);
|     c = OPA_fetch_and_decr_int(&a);
| 
|     c = OPA_cas_int(&a, 10, 11);
|     c = OPA_swap_int(&a, OPA_load_int(&b));
| 
|     OPA_write_barrier();
|     OPA_read_barrier();
|     OPA_read_write_barrier();
| 
|   ;
|   return 0;
| }
| 
configure:14298: result: no
configure:14313: checking for support for gcc SiCortex atomics
configure:14369: gcc -o conftest    -I/home/timndus/msc_project/mpich/mpich-3.2.1/src/openpa/src   -I/home/timndus/msc_project/mpich/tmp/src/mpl/include -I/home/timndus/msc_project/mpich/mpich-3.2.1/src/mpl/include -I/home/timndus/msc_project/mpich/mpich-3.2.1/src/openpa/src -I/home/timndus/msc_project/mpich/tmp/src/openpa/src  conftest.c -lpthread  >&5
/home/timndus/msc_project/mpich/mpich-3.2.1/src/openpa/src/primitives/opa_gcc_sicortex.h: Assembler messages:
/home/timndus/msc_project/mpich/mpich-3.2.1/src/openpa/src/primitives/opa_gcc_sicortex.h:137: Error: expected comma after "mips3"
/home/timndus/msc_project/mpich/mpich-3.2.1/src/openpa/src/primitives/opa_gcc_sicortex.h:138: Error: expected comma after "noreorder"
/home/timndus/msc_project/mpich/mpich-3.2.1/src/openpa/src/primitives/opa_gcc_sicortex.h:139: Error: no such instruction: `ll %rcx,(%rsi)'
/home/timndus/msc_project/mpich/mpich-3.2.1/src/openpa/src/primitives/opa_gcc_sicortex.h:140: Error: no such instruction: `addu %rdx,%rcx,%eax'
/home/timndus/msc_project/mpich/mpich-3.2.1/src/openpa/src/primitives/opa_gcc_sicortex.h:141: Error: no such instruction: `sc %rdx,(%rsi)'
/home/timndus/msc_project/mpich/mpich-3.2.1/src/openpa/src/primitives/opa_gcc_sicortex.h:142: Error: no such instruction: `beqz %rdx,1b'
/home/timndus/msc_project/mpich/mpich-3.2.1/src/openpa/src/primitives/opa_gcc_sicortex.h:144: Error: expected comma after "reorder"
/home/timndus/msc_project/mpich/mpich-3.2.1/src/openpa/src/primitives/opa_gcc_sicortex.h:145: Error: expected comma after "mips0"
/home/timndus/msc_project/mpich/mpich-3.2.1/src/openpa/src/primitives/opa_gcc_sicortex.h:221: Error: expected comma after "mips3"
/home/timndus/msc_project/mpich/mpich-3.2.1/src/openpa/src/primitives/opa_gcc_sicortex.h:222: Error: expected comma after "noreorder"
/home/timndus/msc_project/mpich/mpich-3.2.1/src/openpa/src/primitives/opa_gcc_sicortex.h:223: Error: no such instruction: `ll %rcx,(%rsi)'
/home/timndus/msc_project/mpich/mpich-3.2.1/src/openpa/src/primitives/opa_gcc_sicortex.h:224: Error: no such instruction: `move %rdx,%eax'
/home/timndus/msc_project/mpich/mpich-3.2.1/src/openpa/src/primitives/opa_gcc_sicortex.h:225: Error: no such instruction: `sc %rdx,(%rsi)'
/home/timndus/msc_project/mpich/mpich-3.2.1/src/openpa/src/primitives/opa_gcc_sicortex.h:226: Error: no such instruction: `beqz %rdx,1b'
/home/timndus/msc_project/mpich/mpich-3.2.1/src/openpa/src/primitives/opa_gcc_sicortex.h:228: Error: expected comma after "reorder"
/home/timndus/msc_project/mpich/mpich-3.2.1/src/openpa/src/primitives/opa_gcc_sicortex.h:229: Error: expected comma after "mips0"
/home/timndus/msc_project/mpich/mpich-3.2.1/src/openpa/src/primitives/opa_gcc_sicortex.h:308: Error: expected comma after "mips3"
/home/timndus/msc_project/mpich/mpich-3.2.1/src/openpa/src/primitives/opa_gcc_sicortex.h:309: Error: expected comma after "noreorder"
/home/timndus/msc_project/mpich/mpich-3.2.1/src/openpa/src/primitives/opa_gcc_sicortex.h:310: Error: no such instruction: `ll %rsi,(%rdi)'
/home/timndus/msc_project/mpich/mpich-3.2.1/src/openpa/src/primitives/opa_gcc_sicortex.h:311: Error: no such instruction: `bne %rsi,%edx,1f'
/home/timndus/msc_project/mpich/mpich-3.2.1/src/openpa/src/primitives/opa_gcc_sicortex.h:312: Error: no such instruction: `move %rcx,%eax'
/home/timndus/msc_project/mpich/mpich-3.2.1/src/openpa/src/primitives/opa_gcc_sicortex.h:313: Error: no such instruction: `sc %rcx,(%rdi)'
/home/timndus/msc_project/mpich/mpich-3.2.1/src/openpa/src/primitives/opa_gcc_sicortex.h:314: Error: no such instruction: `beqz %rcx,1b'
/home/timndus/msc_project/mpich/mpich-3.2.1/src/openpa/src/primitives/opa_gcc_sicortex.h:316: Error: expected comma after "reorder"
/home/timndus/msc_project/mpich/mpich-3.2.1/src/openpa/src/primitives/opa_gcc_sicortex.h:318: Error: expected comma after "mips0"
conftest.c:77: Error: no such instruction: `sync'
conftest.c:78: Error: no such instruction: `sync'
conftest.c:79: Error: no such instruction: `sync'
configure:14369: $? = 1
configure: failed program was:
| /* confdefs.h */
| #define PACKAGE_NAME "OpenPA"
| #define PACKAGE_TARNAME "openpa"
| #define PACKAGE_VERSION "1.0.3"
| #define PACKAGE_STRING "OpenPA 1.0.3"
| #define PACKAGE_BUGREPORT "https://trac.mcs.anl.gov/projects/openpa/newticket"
| #define PACKAGE_URL ""
| #define PACKAGE "openpa"
| #define VERSION "1.0.3"
| #define STDC_HEADERS 1
| #define HAVE_SYS_TYPES_H 1
| #define HAVE_SYS_STAT_H 1
| #define HAVE_STDLIB_H 1
| #define HAVE_STRING_H 1
| #define HAVE_MEMORY_H 1
| #define HAVE_STRINGS_H 1
| #define HAVE_INTTYPES_H 1
| #define HAVE_STDINT_H 1
| #define HAVE_UNISTD_H 1
| #define HAVE_DLFCN_H 1
| #define LT_OBJDIR ".libs/"
| #define HAVE_PTHREAD_H 1
| #define HAVE_INTTYPES_H 1
| #define HAVE_STDINT_H 1
| #define HAVE_STDDEF_H 1
| #define restrict __restrict
| #define HAVE_LIBPTHREAD 1
| #define HAVE_PTHREAD_YIELD 1
| #define MAX_NTHREADS 100
| #define SIZEOF_VOID_P 8
| #define SIZEOF_INT 4
| #define HAVE_GCC_ATTRIBUTE 1
| #define HAVE_GCC_X86_32_64 1
| #define HAVE_GCC_X86_32_64_P3 1
| /* end confdefs.h.  */
| 
| #define OPA_SIZEOF_INT SIZEOF_INT
| #define OPA_SIZEOF_VOID_P SIZEOF_VOID_P
| #ifndef _opa_inline
| #define _opa_inline inline
| #endif
| #ifndef _opa_restrict
| #define _opa_restrict restrict
| #endif
| #ifndef _opa_const
| #define _opa_const const
| #endif
| #ifdef HAVE_GCC_ATTRIBUTE
| #define OPA_HAVE_GCC_ATTRIBUTE 1
| #endif
| #include "opa_util.h" /* for OPA_ATTRIBUTE and friends */
| #include "primitives/opa_gcc_sicortex.h"
| 
| int
| main ()
| {
| 
|     OPA_int_t a, b;
|     int c;
| 
|     OPA_store_int(&a, 0);
|     OPA_store_int(&b, 1);
|     c = OPA_load_int(&a);
| 
|     OPA_add_int(&a, 10);
|     OPA_incr_int(&a);
|     OPA_decr_int(&a);
| 
|     c = OPA_decr_and_test_int(&a);
|     c = OPA_fetch_and_add_int(&a, 10);
|     c = OPA_fetch_and_incr_int(&a);
|     c = OPA_fetch_and_decr_int(&a);
| 
|     c = OPA_cas_int(&a, 10, 11);
|     c = OPA_swap_int(&a, OPA_load_int(&b));
| 
|     OPA_write_barrier();
|     OPA_read_barrier();
|     OPA_read_write_barrier();
| 
|   ;
|   return 0;
| }
| 
configure:14378: result: no
configure:14395: checking for support for gcc atomic intrinsics
configure:14451: gcc -o conftest    -I/home/timndus/msc_project/mpich/mpich-3.2.1/src/openpa/src   -I/home/timndus/msc_project/mpich/tmp/src/mpl/include -I/home/timndus/msc_project/mpich/mpich-3.2.1/src/mpl/include -I/home/timndus/msc_project/mpich/mpich-3.2.1/src/openpa/src -I/home/timndus/msc_project/mpich/tmp/src/openpa/src  conftest.c -lpthread  >&5
configure:14451: $? = 0
configure:14456: result: yes
configure:14475: checking for support for Windows NT atomic intrinsics
configure:14531: gcc -o conftest    -I/home/timndus/msc_project/mpich/mpich-3.2.1/src/openpa/src   -I/home/timndus/msc_project/mpich/tmp/src/mpl/include -I/home/timndus/msc_project/mpich/mpich-3.2.1/src/mpl/include -I/home/timndus/msc_project/mpich/mpich-3.2.1/src/openpa/src -I/home/timndus/msc_project/mpich/tmp/src/openpa/src  conftest.c -lpthread  >&5
In file included from conftest.c:53:0:
/home/timndus/msc_project/mpich/mpich-3.2.1/src/openpa/src/primitives/opa_nt_intrinsics.h:11:9: fatal error: windows.h: No such file or directory
 #include<windows.h>
         ^~~~~~~~~~~
compilation terminated.
configure:14531: $? = 1
configure: failed program was:
| /* confdefs.h */
| #define PACKAGE_NAME "OpenPA"
| #define PACKAGE_TARNAME "openpa"
| #define PACKAGE_VERSION "1.0.3"
| #define PACKAGE_STRING "OpenPA 1.0.3"
| #define PACKAGE_BUGREPORT "https://trac.mcs.anl.gov/projects/openpa/newticket"
| #define PACKAGE_URL ""
| #define PACKAGE "openpa"
| #define VERSION "1.0.3"
| #define STDC_HEADERS 1
| #define HAVE_SYS_TYPES_H 1
| #define HAVE_SYS_STAT_H 1
| #define HAVE_STDLIB_H 1
| #define HAVE_STRING_H 1
| #define HAVE_MEMORY_H 1
| #define HAVE_STRINGS_H 1
| #define HAVE_INTTYPES_H 1
| #define HAVE_STDINT_H 1
| #define HAVE_UNISTD_H 1
| #define HAVE_DLFCN_H 1
| #define LT_OBJDIR ".libs/"
| #define HAVE_PTHREAD_H 1
| #define HAVE_INTTYPES_H 1
| #define HAVE_STDINT_H 1
| #define HAVE_STDDEF_H 1
| #define restrict __restrict
| #define HAVE_LIBPTHREAD 1
| #define HAVE_PTHREAD_YIELD 1
| #define MAX_NTHREADS 100
| #define SIZEOF_VOID_P 8
| #define SIZEOF_INT 4
| #define HAVE_GCC_ATTRIBUTE 1
| #define HAVE_GCC_X86_32_64 1
| #define HAVE_GCC_X86_32_64_P3 1
| #define HAVE_GCC_INTRINSIC_ATOMICS 1
| /* end confdefs.h.  */
| 
| #define OPA_SIZEOF_INT SIZEOF_INT
| #define OPA_SIZEOF_VOID_P SIZEOF_VOID_P
| #ifndef _opa_inline
| #define _opa_inline inline
| #endif
| #ifndef _opa_restrict
| #define _opa_restrict restrict
| #endif
| #ifndef _opa_const
| #define _opa_const const
| #endif
| #ifdef HAVE_GCC_ATTRIBUTE
| #define OPA_HAVE_GCC_ATTRIBUTE 1
| #endif
| #include "opa_util.h" /* for OPA_ATTRIBUTE and friends */
| #include "primitives/opa_nt_intrinsics.h"
| 
| int
| main ()
| {
| 
|     OPA_int_t a, b;
|     int c;
| 
|     OPA_store_int(&a, 0);
|     OPA_store_int(&b, 1);
|     c = OPA_load_int(&a);
| 
|     OPA_add_int(&a, 10);
|     OPA_incr_int(&a);
|     OPA_decr_int(&a);
| 
|     c = OPA_decr_and_test_int(&a);
|     c = OPA_fetch_and_add_int(&a, 10);
|     c = OPA_fetch_and_incr_int(&a);
|     c = OPA_fetch_and_decr_int(&a);
| 
|     c = OPA_cas_int(&a, 10, 11);
|     c = OPA_swap_int(&a, OPA_load_int(&b));
| 
|     OPA_write_barrier();
|     OPA_read_barrier();
|     OPA_read_write_barrier();
| 
|   ;
|   return 0;
| }
| 
configure:14540: result: no
configure:14555: checking for support for Sun atomic operations library
configure:14611: gcc -o conftest    -I/home/timndus/msc_project/mpich/mpich-3.2.1/src/openpa/src   -I/home/timndus/msc_project/mpich/tmp/src/mpl/include -I/home/timndus/msc_project/mpich/mpich-3.2.1/src/mpl/include -I/home/timndus/msc_project/mpich/mpich-3.2.1/src/openpa/src -I/home/timndus/msc_project/mpich/tmp/src/openpa/src  conftest.c -lpthread  >&5
In file included from conftest.c:53:0:
/home/timndus/msc_project/mpich/mpich-3.2.1/src/openpa/src/primitives/opa_sun_atomic_ops.h:11:10: fatal error: atomic.h: No such file or directory
 #include <atomic.h>
          ^~~~~~~~~~
compilation terminated.
configure:14611: $? = 1
configure: failed program was:
| /* confdefs.h */
| #define PACKAGE_NAME "OpenPA"
| #define PACKAGE_TARNAME "openpa"
| #define PACKAGE_VERSION "1.0.3"
| #define PACKAGE_STRING "OpenPA 1.0.3"
| #define PACKAGE_BUGREPORT "https://trac.mcs.anl.gov/projects/openpa/newticket"
| #define PACKAGE_URL ""
| #define PACKAGE "openpa"
| #define VERSION "1.0.3"
| #define STDC_HEADERS 1
| #define HAVE_SYS_TYPES_H 1
| #define HAVE_SYS_STAT_H 1
| #define HAVE_STDLIB_H 1
| #define HAVE_STRING_H 1
| #define HAVE_MEMORY_H 1
| #define HAVE_STRINGS_H 1
| #define HAVE_INTTYPES_H 1
| #define HAVE_STDINT_H 1
| #define HAVE_UNISTD_H 1
| #define HAVE_DLFCN_H 1
| #define LT_OBJDIR ".libs/"
| #define HAVE_PTHREAD_H 1
| #define HAVE_INTTYPES_H 1
| #define HAVE_STDINT_H 1
| #define HAVE_STDDEF_H 1
| #define restrict __restrict
| #define HAVE_LIBPTHREAD 1
| #define HAVE_PTHREAD_YIELD 1
| #define MAX_NTHREADS 100
| #define SIZEOF_VOID_P 8
| #define SIZEOF_INT 4
| #define HAVE_GCC_ATTRIBUTE 1
| #define HAVE_GCC_X86_32_64 1
| #define HAVE_GCC_X86_32_64_P3 1
| #define HAVE_GCC_INTRINSIC_ATOMICS 1
| /* end confdefs.h.  */
| 
| #define OPA_SIZEOF_INT SIZEOF_INT
| #define OPA_SIZEOF_VOID_P SIZEOF_VOID_P
| #ifndef _opa_inline
| #define _opa_inline inline
| #endif
| #ifndef _opa_restrict
| #define _opa_restrict restrict
| #endif
| #ifndef _opa_const
| #define _opa_const const
| #endif
| #ifdef HAVE_GCC_ATTRIBUTE
| #define OPA_HAVE_GCC_ATTRIBUTE 1
| #endif
| #include "opa_util.h" /* for OPA_ATTRIBUTE and friends */
| #include "primitives/opa_sun_atomic_ops.h"
| 
| int
| main ()
| {
| 
|     OPA_int_t a, b;
|     int c;
| 
|     OPA_store_int(&a, 0);
|     OPA_store_int(&b, 1);
|     c = OPA_load_int(&a);
| 
|     OPA_add_int(&a, 10);
|     OPA_incr_int(&a);
|     OPA_decr_int(&a);
| 
|     c = OPA_decr_and_test_int(&a);
|     c = OPA_fetch_and_add_int(&a, 10);
|     c = OPA_fetch_and_incr_int(&a);
|     c = OPA_fetch_and_decr_int(&a);
| 
|     c = OPA_cas_int(&a, 10, 11);
|     c = OPA_swap_int(&a, OPA_load_int(&b));
| 
|     OPA_write_barrier();
|     OPA_read_barrier();
|     OPA_read_write_barrier();
| 
|   ;
|   return 0;
| }
| 
configure:14620: result: no
configure:14697: checking whether to enable strict fairness checks
configure:14713: result: no
configure:14852: checking that generated files are newer than configure
configure:14858: result: done
configure:14885: creating ./config.status

## ---------------------- ##
## Running config.status. ##
## ---------------------- ##

This file was extended by OpenPA config.status 1.0.3, which was
generated by GNU Autoconf 2.69.  Invocation command line was

  CONFIG_FILES    = 
  CONFIG_HEADERS  = 
  CONFIG_LINKS    = 
  CONFIG_COMMANDS = 
  $ ./config.status 

on green_server

config.status:1111: creating Makefile
config.status:1111: creating src/Makefile
config.status:1111: creating test/Makefile
config.status:1111: creating openpa.pc
config.status:1111: creating src/config.h
config.status:1325: executing depfiles commands
config.status:1325: executing libtool commands
config.status:1325: executing src/opa_config.h commands
config.status:1998: creating src/opa_config.h - prefix OPA for src/config.h defines

## ---------------- ##
## Cache variables. ##
## ---------------- ##

ac_cv_build=x86_64-pc-linux-gnu
ac_cv_c_compiler_gnu=yes
ac_cv_c_const=yes
ac_cv_c_inline=inline
ac_cv_c_restrict=__restrict
ac_cv_env_CC_set=set
ac_cv_env_CC_value=gcc
ac_cv_env_CFLAGS_set=set
ac_cv_env_CFLAGS_value='  '
ac_cv_env_CPPFLAGS_set=set
ac_cv_env_CPPFLAGS_value='  -I/home/timndus/msc_project/mpich/tmp/src/mpl/include -I/home/timndus/msc_project/mpich/mpich-3.2.1/src/mpl/include -I/home/timndus/msc_project/mpich/mpich-3.2.1/src/openpa/src -I/home/timndus/msc_project/mpich/tmp/src/openpa/src'
ac_cv_env_CPP_set=
ac_cv_env_CPP_value=
ac_cv_env_LDFLAGS_set=set
ac_cv_env_LDFLAGS_value=
ac_cv_env_LIBS_set=set
ac_cv_env_LIBS_value=
ac_cv_env_LT_SYS_LIBRARY_PATH_set=
ac_cv_env_LT_SYS_LIBRARY_PATH_value=
ac_cv_env_OPALIBNAME_set=set
ac_cv_env_OPALIBNAME_value=opa
ac_cv_env_build_alias_set=
ac_cv_env_build_alias_value=
ac_cv_env_host_alias_set=
ac_cv_env_host_alias_value=
ac_cv_env_target_alias_set=
ac_cv_env_target_alias_value=
ac_cv_func_pthread_yield=yes
ac_cv_header_atomic_h=no
ac_cv_header_dlfcn_h=yes
ac_cv_header_intrin_h=no
ac_cv_header_inttypes_h=yes
ac_cv_header_memory_h=yes
ac_cv_header_pthread_h=yes
ac_cv_header_stdc=yes
ac_cv_header_stddef_h=yes
ac_cv_header_stdint_h=yes
ac_cv_header_stdlib_h=yes
ac_cv_header_string_h=yes
ac_cv_header_strings_h=yes
ac_cv_header_sys_stat_h=yes
ac_cv_header_sys_types_h=yes
ac_cv_header_unistd_h=yes
ac_cv_host=x86_64-pc-linux-gnu
ac_cv_lib_pthread_pthread_create=yes
ac_cv_objext=o
ac_cv_path_EGREP='/bin/grep -E'
ac_cv_path_FGREP='/bin/grep -F'
ac_cv_path_GREP=/bin/grep
ac_cv_path_SED=/bin/sed
ac_cv_path_install='/usr/bin/install -c'
ac_cv_path_lt_DD=/bin/dd
ac_cv_path_mkdir=/bin/mkdir
ac_cv_prog_AWK=gawk
ac_cv_prog_CPP='gcc -E'
ac_cv_prog_ac_ct_CC=gcc
ac_cv_prog_ac_ct_MANIFEST_TOOL=mt
ac_cv_prog_ac_ct_OBJDUMP=objdump
ac_cv_prog_ac_ct_RANLIB=ranlib
ac_cv_prog_ac_ct_STRIP=strip
ac_cv_prog_cc_c89=
ac_cv_prog_cc_g=yes
ac_cv_prog_make_make_set=yes
ac_cv_sizeof_int=4
ac_cv_sizeof_void_p=8
am_cv_CC_dependencies_compiler_type=gcc3
am_cv_ar_interface=ar
am_cv_make_support_nested_variables=yes
am_cv_prog_cc_c_o=yes
lt_cv_ar_at_file=@
lt_cv_archive_cmds_need_lc=no
lt_cv_deplibs_check_method=pass_all
lt_cv_file_magic_cmd='$MAGIC_CMD'
lt_cv_file_magic_test_file=
lt_cv_ld_reload_flag=-r
lt_cv_nm_interface='BSD nm'
lt_cv_objdir=.libs
lt_cv_path_LD=/usr/bin/x86_64-linux-gnu-ld
lt_cv_path_NM='/usr/bin/nm -B'
lt_cv_path_mainfest_tool=no
lt_cv_prog_compiler_c_o=yes
lt_cv_prog_compiler_pic='-fPIC -DPIC'
lt_cv_prog_compiler_pic_works=yes
lt_cv_prog_compiler_rtti_exceptions=no
lt_cv_prog_compiler_static_works=yes
lt_cv_prog_gnu_ld=yes
lt_cv_sharedlib_from_linklib_cmd='printf %s\n'
lt_cv_shlibpath_overrides_runpath=yes
lt_cv_sys_global_symbol_pipe='sed -n -e '\''s/^.*[	 ]\([ABCDGIRSTW][ABCDGIRSTW]*\)[	 ][	 ]*\([_A-Za-z][_A-Za-z0-9]*\)$/\1 \2 \2/p'\'' | sed '\''/ __gnu_lto/d'\'''
lt_cv_sys_global_symbol_to_c_name_address='sed -n -e '\''s/^: \(.*\) .*$/  {"\1", (void *) 0},/p'\'' -e '\''s/^[ABCDGIRSTW][ABCDGIRSTW]* .* \(.*\)$/  {"\1", (void *) \&\1},/p'\'''
lt_cv_sys_global_symbol_to_c_name_address_lib_prefix='sed -n -e '\''s/^: \(.*\) .*$/  {"\1", (void *) 0},/p'\'' -e '\''s/^[ABCDGIRSTW][ABCDGIRSTW]* .* \(lib.*\)$/  {"\1", (void *) \&\1},/p'\'' -e '\''s/^[ABCDGIRSTW][ABCDGIRSTW]* .* \(.*\)$/  {"lib\1", (void *) \&\1},/p'\'''
lt_cv_sys_global_symbol_to_cdecl='sed -n -e '\''s/^T .* \(.*\)$/extern int \1();/p'\'' -e '\''s/^[ABCDGIRSTW][ABCDGIRSTW]* .* \(.*\)$/extern char \1;/p'\'''
lt_cv_sys_global_symbol_to_import=
lt_cv_sys_max_cmd_len=1572864
lt_cv_to_host_file_cmd=func_convert_file_noop
lt_cv_to_tool_file_cmd=func_convert_file_noop
lt_cv_truncate_bin='/bin/dd bs=4096 count=1'
pac_cv_gnu_attr_format=yes
pac_cv_gnu_attr_pure=yes

## ----------------- ##
## Output variables. ##
## ----------------- ##

ACLOCAL='${SHELL} /home/timndus/msc_project/mpich/mpich-3.2.1/src/openpa/confdb/missing aclocal-1.15'
AMDEPBACKSLASH='\'
AMDEP_FALSE='#'
AMDEP_TRUE=''
AMTAR='$${TAR-tar}'
AM_BACKSLASH='\'
AM_DEFAULT_V='$(AM_DEFAULT_VERBOSITY)'
AM_DEFAULT_VERBOSITY='0'
AM_V='$(V)'
AR='ar'
AUTOCONF='${SHELL} /home/timndus/msc_project/mpich/mpich-3.2.1/src/openpa/confdb/missing autoconf'
AUTOHEADER='${SHELL} /home/timndus/msc_project/mpich/mpich-3.2.1/src/openpa/confdb/missing autoheader'
AUTOMAKE='${SHELL} /home/timndus/msc_project/mpich/mpich-3.2.1/src/openpa/confdb/missing automake-1.15'
AWK='gawk'
CC='gcc'
CCDEPMODE='depmode=gcc3'
CFLAGS='  '
CONFIG_STATUS_DEPENDENCIES='$(top_srcdir)/VERSION'
CPP='gcc -E'
CPPFLAGS='  -I/home/timndus/msc_project/mpich/tmp/src/mpl/include -I/home/timndus/msc_project/mpich/mpich-3.2.1/src/mpl/include -I/home/timndus/msc_project/mpich/mpich-3.2.1/src/openpa/src -I/home/timndus/msc_project/mpich/tmp/src/openpa/src'
CYGPATH_W='echo'
DEFS='-DHAVE_CONFIG_H'
DEPDIR='.deps'
DLLTOOL='false'
DSYMUTIL=''
DUMPBIN=''
ECHO_C=''
ECHO_N='-n'
ECHO_T=''
EGREP='/bin/grep -E'
EXEEXT=''
FGREP='/bin/grep -F'
GREP='/bin/grep'
INSTALL_DATA='${INSTALL} -m 644'
INSTALL_PROGRAM='${INSTALL}'
INSTALL_SCRIPT='${INSTALL}'
INSTALL_STRIP_PROGRAM='$(install_sh) -c -s'
LD='/usr/bin/x86_64-linux-gnu-ld -m elf_x86_64'
LDFLAGS=''
LIBOBJS=''
LIBS='-lpthread '
LIBTOOL='$(SHELL) $(top_builddir)/libtool'
LIPO=''
LN_S='ln -s'
LTLIBOBJS=''
LT_SYS_LIBRARY_PATH=''
MAKEINFO='${SHELL} /home/timndus/msc_project/mpich/mpich-3.2.1/src/openpa/confdb/missing makeinfo'
MANIFEST_TOOL=':'
MKDIR_P='/bin/mkdir -p'
NM='/usr/bin/nm -B'
NMEDIT=''
OBJDUMP='objdump'
OBJEXT='o'
OPALIBNAME='opa'
OTOOL64=''
OTOOL=''
PACKAGE='openpa'
PACKAGE_BUGREPORT='https://trac.mcs.anl.gov/projects/openpa/newticket'
PACKAGE_NAME='OpenPA'
PACKAGE_STRING='OpenPA 1.0.3'
PACKAGE_TARNAME='openpa'
PACKAGE_URL=''
PACKAGE_VERSION='1.0.3'
PATH_SEPARATOR=':'
RANLIB='ranlib'
SED='/bin/sed'
SET_MAKE=''
SHELL='/bin/bash'
STRIP='strip'
VERSION='1.0.3'
ac_ct_AR=''
ac_ct_CC='gcc'
ac_ct_DUMPBIN=''
am__EXEEXT_FALSE=''
am__EXEEXT_TRUE='#'
am__fastdepCC_FALSE='#'
am__fastdepCC_TRUE=''
am__include='include'
am__isrc=' -I$(srcdir)'
am__leading_dot='.'
am__nodep='_no'
am__quote=''
am__tar='$${TAR-tar} chof - "$$tardir"'
am__untar='$${TAR-tar} xf -'
bindir='${exec_prefix}/bin'
build='x86_64-pc-linux-gnu'
build_alias=''
build_cpu='x86_64'
build_os='linux-gnu'
build_vendor='pc'
datadir='${datarootdir}'
datarootdir='${prefix}/share'
docdir='${datarootdir}/doc/${PACKAGE_TARNAME}'
dvidir='${docdir}'
exec_prefix='${prefix}'
external_pkg_config_libs=''
host='x86_64-pc-linux-gnu'
host_alias=''
host_cpu='x86_64'
host_os='linux-gnu'
host_vendor='pc'
htmldir='${docdir}'
includedir='${prefix}/include'
infodir='${datarootdir}/info'
install_sh='${SHELL} /home/timndus/msc_project/mpich/mpich-3.2.1/src/openpa/confdb/install-sh'
internal_pkg_config_libs=''
libdir='${exec_prefix}/lib'
libexecdir='${exec_prefix}/libexec'
libopa_so_version='1:0:0'
libopa_so_versionflags='-avoid-version'
localedir='${datarootdir}/locale'
localstatedir='${prefix}/var'
mandir='${datarootdir}/man'
mkdir_p='$(MKDIR_P)'
oldincludedir='/usr/include'
pdfdir='${docdir}'
pkgconfigdir='${exec_prefix}/lib/pkgconfig'
prefix='/home/timndus/msc_project/mpich/mpich-install'
program_transform_name='s,x,x,'
psdir='${docdir}'
runstatedir='${localstatedir}/run'
sbindir='${exec_prefix}/sbin'
sharedstatedir='${prefix}/com'
sysconfdir='${prefix}/etc'
target_alias=''

## ----------- ##
## confdefs.h. ##
## ----------- ##

/* confdefs.h */
#define PACKAGE_NAME "OpenPA"
#define PACKAGE_TARNAME "openpa"
#define PACKAGE_VERSION "1.0.3"
#define PACKAGE_STRING "OpenPA 1.0.3"
#define PACKAGE_BUGREPORT "https://trac.mcs.anl.gov/projects/openpa/newticket"
#define PACKAGE_URL ""
#define PACKAGE "openpa"
#define VERSION "1.0.3"
#define STDC_HEADERS 1
#define HAVE_SYS_TYPES_H 1
#define HAVE_SYS_STAT_H 1
#define HAVE_STDLIB_H 1
#define HAVE_STRING_H 1
#define HAVE_MEMORY_H 1
#define HAVE_STRINGS_H 1
#define HAVE_INTTYPES_H 1
#define HAVE_STDINT_H 1
#define HAVE_UNISTD_H 1
#define HAVE_DLFCN_H 1
#define LT_OBJDIR ".libs/"
#define HAVE_PTHREAD_H 1
#define HAVE_INTTYPES_H 1
#define HAVE_STDINT_H 1
#define HAVE_STDDEF_H 1
#define restrict __restrict
#define HAVE_LIBPTHREAD 1
#define HAVE_PTHREAD_YIELD 1
#define MAX_NTHREADS 100
#define SIZEOF_VOID_P 8
#define SIZEOF_INT 4
#define HAVE_GCC_ATTRIBUTE 1
#define HAVE_GCC_X86_32_64 1
#define HAVE_GCC_X86_32_64_P3 1
#define HAVE_GCC_INTRINSIC_ATOMICS 1

configure: exit 0
