5.822651
5.832569
5.842594
5.829792
5.830738
5.841541
5.817326
5.859668
5.841891
5.830646
5.850787
5.849047
5.843250
5.861788
5.838229
5.861880
5.833378
5.869982
5.861163
5.855715
5.852236
5.821309
5.841480
5.837223
5.832035
5.802815
5.860354
5.824589
5.834323
5.796026
5.874941
5.832386
5.806798
5.808904
5.837604
5.835315
5.802236
5.818089
5.865389
5.795538
5.845080
5.805318
5.822651
5.782950
5.831318
5.788549
5.849703
5.822453
5.792257
5.826694
5.801473
5.840900
5.803442
5.809971
5.825215
5.834583
5.830372
5.866563
5.833027
5.836963
5.812383
5.792318
5.802923
5.823582
5.782629
5.811497
5.814275
5.846561
5.901352
5.827121
5.836948
5.833439
5.746651
5.776053
5.764992
5.781684
5.825092
5.805028
5.845996
5.827549
5.870912
5.798650
5.833423
5.821431
5.809621
5.805989
5.785758
5.785910
5.848040
5.829899
5.856417
5.793615
5.797445
5.802099
5.726266
5.754875
5.793401
5.783392
5.797200
5.784796
5.791219
5.795599
5.794439
5.772544
5.784201
5.836841
5.785345
5.788748
5.796621
5.816930
5.808278
5.783881
5.771979
5.780462
5.791921
5.806951
5.801015
5.778738
5.823490
5.768882
5.775519
5.773033
5.788443
5.810429
5.801092
5.816471
5.812291
5.795827
5.781942
5.802923
5.795019
5.759208
5.806203
5.777564
5.808111
5.810323
5.804433
5.772117
5.764304
5.780966
5.773139
5.787146
5.780737
5.803121
5.804311
5.777899
5.828205
5.787817
5.754891
5.830647
5.768089
5.781882
5.768790
5.775748
5.785788
5.765922
5.770438
5.726877
5.808980
5.785925
5.826390
5.791296
5.844440
5.663404
5.775077
5.782660
5.829945
5.822926
5.834888
5.780676
5.768775
5.786673
5.773597
5.793295
5.779013
5.785467
5.778739
5.781317
5.775351
5.763007
5.800085
5.789679
5.770606
5.787680
5.748802
5.777473
5.772102
5.778204
5.774696
5.817143
5.799902
5.776435
5.784338
5.788503
5.778785
5.792867
5.808201
5.775886
5.780279
5.757896
5.777594
5.805974
5.757561
5.759285
5.773872
5.766898
5.757469
5.807165
5.773689
5.810628
5.787879
5.772513
5.817983
5.774909
5.790624
5.786322
5.777228
5.789145
5.814992
5.786581
5.783834
5.807912
5.786749
5.822193
5.802541
5.791342
5.804875
5.780096
5.779577
5.770423
5.778906
5.771262
5.790579
5.775260
5.815129
5.790777
5.780387
5.789343
5.811193
5.820744
5.853259
5.830478
5.850756
5.825642
5.848391
5.856340
5.820530
5.795049
5.822559
5.806249
5.776923
5.793982
5.795035
5.795065
5.778388
5.786489
5.807866
5.778479
5.771232
5.778586
5.780218
5.770317
5.787589
5.780036
5.802389
5.767478
5.794531
5.802160
5.824086
5.772025
5.814488
5.841175
5.818578
5.802510
5.788779
5.808995
5.791693
5.795141
5.785666
5.805822
5.791097
5.791617
5.805821
5.808156
5.786657
5.857607
5.797246
5.810857
5.772208
5.811971
5.810032
5.845447
5.799597
5.775886
5.772132
5.790289
5.784140
5.764823
5.779563
5.796392
5.776526
5.800314
5.777746
5.816075
5.823994
5.797933
5.796240
5.797658
5.757774
5.854693
5.813557
5.818333
5.806569
5.784781
5.795187
5.795172
5.804708
5.783850
5.782111
5.777015
5.763222
5.807667
5.784124
5.783957
5.784613
5.780218
5.766609
5.787344
5.791250
5.778174
5.784613
5.793508
5.802175
5.771797
5.787207
5.783087
5.789495
5.824680
5.797597
5.809850
5.807683
5.812489
5.775626
5.808400
5.760475
5.790579
5.806554
5.790716
5.785483
5.843020
5.809010
5.796148
5.839084
5.904068
5.781211
5.790945
5.784781
5.821415
5.766791
5.768836
5.780905
5.803304
5.821217
5.784017
5.769660
5.813832
5.760765
5.794241
5.787283
5.816349
5.859835
5.819996
5.802053
5.794500
5.801122
5.810491
5.778083
5.797186
5.789404
5.788076
5.786383
5.781393
5.785513
5.816838
5.767280
5.802464
5.763847
5.764076
5.786383
5.767921
5.798254
5.764854
5.758308
5.753303
5.792319
5.763968
5.752739
5.760643
5.804112
5.762458
5.755119
5.767402
5.781409
5.775443
5.767722
5.795568
5.760292
5.754936
5.775748
5.761406
5.786108
5.768364
5.786199
5.767814
5.760520
5.764915
5.790213
5.802205
5.782049
5.793539
5.822377
5.770637
5.804280
5.799246
5.800466
5.777946
5.777457
5.784353
5.778739
5.786871
5.799047
5.779303
5.822392
5.796407
5.772300
5.791586
5.832386
5.819035
5.843509
5.782767
5.784293
5.812901
5.768104
5.830357
5.816700
5.747857
5.780295
5.792349
5.797476
5.769279
5.761711
5.773521
5.804250
5.816121
5.803823
5.781272
5.851306
5.850024
5.851031
5.796880
5.811452
5.797079
5.781897
5.802129
5.799962
5.773490
5.768607
5.784796
5.822727
5.783163
5.766380
5.791967
5.784902
5.782874
5.750206
5.815587
5.771597
5.784369
5.789908
5.790258
5.784385
5.800772
5.790869
5.811361
5.832507
5.772483
5.803899
5.810658
5.789739
5.787634
5.761558
5.813237
5.764823
5.775962
5.772116
5.798742
5.792807
5.790167
5.812047
5.791525
5.805410
5.847689
5.808263
5.779166
5.819386
5.751397
5.793538
5.785085
5.749031
5.780340
5.881776
5.756828
5.730493
5.809072
5.885179
5.845660
5.825688
5.827625
5.791631
5.842884
5.785421
5.778219
5.775291
5.795476
5.792913
5.823902
5.788916
5.786780
5.809697
5.829746
5.803471
5.797811
5.782950
5.814396
5.820927
5.797674
5.788915
5.790533
5.796453
5.773795
5.806707
5.807912
5.785482
5.806295
5.827472
5.841297
5.827321
5.744119
5.797704
5.782507
5.805913
5.819325
5.793158
5.793799
5.821172
5.831303
5.778037
5.847232
5.840717
5.834628
5.797720
5.760917
5.806203
5.831104
5.771689
5.760764
5.786199
5.804433
5.788260
5.783148
5.810201
5.797185
5.817082
5.810567
5.803532
5.777823
5.784384
5.792623
5.789999
5.807027
5.804952
5.816471
5.811101
5.810689
5.797338
5.845157
5.829471
5.824620
5.814793
5.797125
5.807851
5.816471
5.793142
5.826329
5.799200
5.848880
5.870134
5.832249
5.809880
5.821140
5.825917
5.862993
5.841754
5.792242
5.782111
5.834232
5.798635
5.782293
5.776893
5.837696
5.809041
5.795248
5.788198
5.794301
5.802709
5.823109
5.803578
5.756188
5.793829
5.770713
5.766990
5.785270
5.815037
5.780112
5.791342
5.828022
5.816975
5.812169
5.781531
5.811193
5.848437
5.792593
5.776298
5.803472
5.805959
