6.762132
6.743227
6.786743
6.802856
6.772706
6.762818
6.789306
6.811995
6.796569
6.765870
6.789642
6.805007
6.796753
6.772797
6.788620
6.763627
6.810240
6.770036
6.814361
6.794097
6.771440
6.763612
6.768632
6.780625
6.768693
6.745623
6.770066
6.790984
6.776734
6.763475
6.811309
6.804870
6.784439
6.764802
6.838483
6.805571
6.793258
6.775559
6.769486
6.775315
6.793014
6.775849
6.773636
6.848752
6.794616
6.777024
6.782868
6.783050
6.774033
6.788879
6.778671
6.785126
6.778946
6.743929
6.774613
6.763383
6.799804
6.770417
6.751574
6.644935
6.640556
6.663108
6.730792
6.742327
6.741579
6.794280
6.756501
6.719730
6.774049
6.762697
6.743410
6.774018
6.726931
6.761613
6.782074
6.772126
6.788742
6.742358
6.727557
6.779739
6.770433
6.766328
6.742464
6.718098
6.727084
6.710987
6.742373
6.745409
6.697286
6.742892
6.711048
6.645302
6.705082
6.750383
6.740740
6.752367
6.714939
6.719821
6.723896
6.693852
6.716099
6.720188
6.743395
6.712879
6.731357
6.749284
6.736742
6.694341
6.702351
6.748461
6.702885
6.727680
6.727954
6.724506
6.683660
6.729693
6.711567
6.712864
6.738375
6.774292
6.688543
6.707737
6.730807
6.714588
6.715793
6.741229
6.671439
6.720416
6.769761
6.723575
6.729251
6.702549
6.736713
6.748247
6.706288
6.690023
6.736636
6.713886
6.733432
6.679495
6.729053
6.745531
6.749635
6.746019
6.714573
6.640236
6.776597
6.723026
6.740084
6.682866
6.740694
6.702107
6.678365
6.746691
6.712543
6.719867
6.727420
6.701528
6.700291
6.726306
6.690984
6.738558
6.665655
6.698720
6.699010
6.694982
6.695027
6.718418
6.716099
6.713490
6.738940
6.733188
6.700139
6.688970
6.719455
6.695958
6.740328
6.719700
6.708043
6.697377
6.680913
6.715763
6.700108
6.721363
6.688375
6.698094
6.711140
6.694524
6.747286
6.698979
6.709614
6.711170
6.724186
6.740282
6.725742
6.703694
6.705921
6.718311
6.692220
6.700001
6.710453
6.702549
6.742800
6.732272
6.723895
6.710300
6.687414
6.718906
6.707997
6.726825
6.707676
6.729968
6.714344
6.718738
6.702031
6.730762
6.710392
6.704015
6.729464
6.706593
6.711582
6.714680
6.706089
6.714481
6.766130
6.737079
6.711155
6.726322
6.718768
6.703709
6.710713
6.722263
6.725055
6.713596
6.714802
6.714298
6.703984
6.706608
6.699971
6.701985
6.710942
6.695440
6.706242
6.705754
6.703465
6.686529
6.745150
6.740801
6.690129
6.752260
6.705372
6.711597
6.730426
6.744371
6.763658
6.730700
6.720417
6.696370
6.706547
6.695561
6.692601
6.686330
6.731036
6.719578
6.701649
6.698445
6.700200
6.714390
6.704823
6.769562
6.696279
6.681692
6.743776
6.707127
6.718143
6.699116
6.731891
6.730121
6.693211
6.800536
6.760072
6.742830
6.673376
6.716053
6.702839
6.708439
6.683507
6.675680
6.711170
6.711155
6.685674
6.703983
6.694096
6.730212
6.643699
6.721119
6.717807
6.748507
6.759858
6.756791
6.704320
6.709981
6.706013
6.736041
6.698552
6.731540
6.703328
6.717746
6.717868
6.704808
6.707600
6.710759
6.704121
6.742769
6.696019
6.700688
6.684759
6.709965
6.722201
6.734683
6.696294
6.725238
6.714542
6.710270
6.684988
6.713749
6.708378
6.684667
6.703129
6.700734
6.704991
6.693517
6.680257
6.685796
6.727252
6.743426
6.709949
6.727954
6.681906
6.702336
6.703114
6.713611
6.719684
6.707889
6.704792
6.680044
6.732776
6.731265
6.738421
6.778656
6.740207
6.701772
6.713947
6.765306
6.775223
6.697255
6.722476
6.696919
6.720859
6.722720
6.685522
6.706562
6.742983
6.679571
6.684804
6.700673
6.716770
6.697332
6.716694
6.693410
6.748979
6.722323
6.718372
6.708592
6.659064
6.792404
6.710621
6.717732
6.691564
6.743212
6.699712
6.723194
6.711781
6.690496
6.708409
6.706486
6.707646
6.729037
6.680471
6.722446
6.760164
6.736071
6.672705
6.701726
6.740390
6.680227
6.699880
6.698339
6.703022
6.733600
6.721301
6.688420
6.710255
6.705800
6.708637
6.690145
6.695409
6.667868
6.695912
6.703816
6.698003
6.730441
6.690969
6.720722
6.658744
6.729266
6.721332
6.784821
6.711186
6.720386
6.686452
6.704304
6.736499
6.719562
6.730090
6.698415
6.703587
6.694860
6.702305
6.688131
6.692387
6.695744
6.693456
6.725925
6.681890
6.689046
6.689428
6.697316
6.696340
6.689961
6.705830
6.696004
6.715793
6.711384
6.697896
6.696935
6.709843
6.740221
6.702565
6.708454
6.692205
6.734500
6.681677
6.736498
6.681310
6.675085
6.725222
6.687948
6.745028
6.691685
6.749819
6.716770
6.699742
6.698903
6.639183
6.709950
6.730457
6.708287
6.694615
6.737353
6.731402
6.696446
6.727801
6.676688
6.733767
6.695576
6.691533
6.718005
6.744036
6.721347
6.737048
6.699986
6.721027
6.654991
6.735751
6.702336
6.759218
6.759004
6.710712
6.709370
6.675298
6.731143
6.775315
6.693135
6.671256
6.712116
6.738909
6.719577
6.748018
6.695775
6.716465
6.732775
6.705433
6.723773
6.738741
6.698231
6.753587
6.798354
6.706394
6.743335
6.765855
6.740390
6.686345
6.652213
6.679114
6.678685
6.697621
6.707997
6.778458
6.762727
6.693211
6.764558
6.740725
6.709431
6.709675
6.729449
6.702473
6.755113
6.718234
6.721896
6.708759
6.695623
6.712299
6.692403
6.696538
6.705845
6.683675
6.715458
6.786865
6.744219
6.716801
6.715930
6.715336
6.726001
6.736254
6.721607
6.704518
6.745119
6.735141
6.695348
6.722766
6.729876
6.720234
6.742816
6.703282
6.706761
6.692693
6.700231
6.699086
6.728503
6.706684
6.595515
6.734713
6.715351
6.691869
6.779069
6.736117
6.699620
6.720173
6.724582
6.699818
6.700413
6.741671
6.758791
6.708317
6.738848
6.707768
6.722476
6.714771
