8.418113
8.333416
8.377237
8.340648
8.400750
8.456594
8.434073
8.388833
8.376383
8.433905
8.456533
8.397331
8.409889
8.424430
8.432456
8.418327
8.381571
8.421989
8.445029
8.395974
8.390375
8.410331
8.409828
8.370875
8.405312
8.404839
8.404229
8.409966
8.394601
8.387261
8.417610
8.438666
8.399178
8.462209
8.386086
8.406899
8.411461
8.413078
8.349345
8.315366
8.296843
8.378076
8.410088
8.405800
8.427191
8.393441
8.419791
8.396965
8.404808
8.388711
8.396752
8.370844
8.414802
8.421226
8.394677
8.420860
8.339931
8.455693
8.424018
8.433600
8.434012
8.399285
8.406105
8.459600
8.359507
8.441016
8.405510
8.377740
8.383859
8.391976
8.410042
8.399376
8.382577
8.432181
8.435492
8.390176
8.391381
8.398324
8.384332
8.388040
8.417076
8.420310
8.392419
8.438833
8.413139
8.399346
8.384011
8.378839
8.380945
8.405480
8.394753
8.395363
8.445044
8.295515
8.375727
8.427314
8.435858
8.424797
8.401925
8.392144
8.360911
8.403985
8.443899
8.416007
8.407494
8.365000
8.392190
8.387612
8.418037
8.398476
8.360773
8.419487
8.405068
8.426444
8.414940
8.398659
8.415306
8.434363
8.413399
8.417183
8.398537
8.336834
8.395730
8.423972
8.360056
8.418418
8.409187
8.413429
8.425178
8.404243
8.381739
8.471699
8.433478
8.407219
8.415977
8.380853
8.379786
8.476414
8.425482
8.406701
8.374002
8.354502
8.394066
8.375483
8.417045
8.406013
8.426841
8.410240
8.405724
8.342815
8.391060
8.401604
8.420448
8.435584
8.397011
8.386590
8.433539
8.400322
8.396859
8.435050
8.394036
8.426993
8.393685
8.384424
8.401055
8.447622
8.406624
8.413795
8.403862
8.388955
8.441961
8.420540
8.440695
8.424247
8.389794
8.414940
8.403801
8.398415
8.389673
8.378564
8.428824
8.416541
8.425635
8.415336
8.380853
8.425299
8.396630
8.415168
8.396630
8.419914
8.406029
8.395043
8.386376
8.407158
8.391976
8.433646
8.427786
8.369257
8.322247
8.407494
8.404655
8.395257
8.391000
8.388483
8.471364
8.409584
8.413353
8.457250
8.404351
8.398034
8.430487
8.382699
8.434501
8.404122
8.383005
8.416465
8.407036
8.394052
8.387566
8.423911
8.389901
8.392144
8.417976
8.377740
8.435889
8.439520
8.415443
8.387658
8.387887
8.403008
8.393335
8.389611
8.419288
8.427557
8.439078
8.415825
8.428061
8.398827
8.402992
8.394281
8.444052
8.393945
8.427268
8.401650
8.408409
8.389336
8.412758
8.435568
8.404290
8.338268
8.409828
8.403740
8.380808
8.412864
8.442083
8.406380
8.441458
8.416847
8.368006
8.375788
8.391198
8.394540
8.366694
8.385339
8.392342
8.370478
8.363566
8.392739
8.423789
8.412971
8.364023
8.437368
8.406151
8.354396
8.451315
8.426139
8.396187
8.377420
8.420722
8.394280
8.401329
8.414558
8.400474
8.424873
8.371576
8.405129
8.399178
8.409386
8.391549
8.389932
8.456686
8.374720
8.433921
8.380945
8.407966
8.359935
8.419776
8.422843
8.381571
8.441764
8.422294
8.461095
8.434821
8.392510
8.420509
8.378321
8.415229
8.376597
8.421501
8.424308
8.424689
8.381951
8.484333
8.380975
8.395348
8.406258
8.359355
8.388528
8.402016
8.397103
8.414695
8.406044
8.396615
8.430548
8.401238
8.406471
8.481815
8.345821
8.343273
8.387215
8.402016
8.360484
8.411812
8.403343
8.392999
8.437293
8.392479
8.430899
8.400124
8.407661
8.381891
8.421409
8.360682
8.406578
8.430747
8.382775
8.372690
8.379815
8.412849
8.395745
8.410866
8.446859
8.394937
8.336727
8.416374
8.417152
8.317502
8.301893
8.376611
8.264999
8.354701
8.398598
8.386194
8.377893
8.395654
8.416435
8.407036
8.448630
8.399666
8.392983
8.348476
8.414848
8.432196
8.421333
8.419715
8.378260
8.363978
8.399133
8.387796
8.387369
8.393335
8.402001
8.371896
8.355601
8.392099
8.452139
8.473134
8.387322
8.408974
8.421547
8.457082
8.390542
8.486912
8.426292
8.401009
8.452658
8.362894
8.406639
8.390481
8.390039
8.389047
8.426139
8.374597
8.453435
8.375818
8.385293
8.409050
8.415000
8.398690
8.426170
8.353953
8.458318
8.425743
8.405067
8.344158
8.395791
8.426017
8.384439
8.397561
8.393136
8.392114
8.387261
8.404458
8.412880
8.460088
8.374643
8.395714
8.429663
8.388330
8.414406
8.376337
8.430167
8.397698
8.395440
8.377466
8.384699
8.395775
8.376505
8.433142
8.413155
8.411155
8.379846
8.417579
8.389474
8.427924
8.394432
8.381112
8.375071
8.384943
8.410194
8.373392
8.451361
8.389154
8.391488
8.454808
8.392968
8.352168
8.428122
8.439505
8.428077
8.402184
8.485553
8.433707
8.398827
8.428046
8.426490
8.394036
8.367014
8.413825
8.388162
8.386728
8.403985
8.475254
8.405678
8.478779
8.358317
8.435644
8.398354
8.367487
8.386026
8.391610
8.407952
8.442663
8.401406
8.388528
8.391457
8.401177
8.458410
8.386178
8.379617
8.405190
8.436713
8.369013
8.464147
8.393959
8.417793
8.397576
8.393212
8.402215
8.405175
8.379923
8.410881
8.499362
8.386560
8.365519
8.439245
8.436515
8.463476
8.424140
8.388909
8.470952
