4986
4988
4988
4989
4989
4989
4989
4989
4990
4990
4991
4992
4993
4993
4994
4995
4998
4998
5000
5001
5003
5005
5005
5005
5007
5007
5007
5008
5009
5009
5009
5010
5011
5013
5015
5015
5016
5016
5017
5018
5018
5019
5020
5023
5025
5026
5028
5030
5031
5032
5032
5033
5034
5034
5035
5036
5040
5040
5041
5042
5043
5043
5043
5044
5046
5047
5048
5050
5051
5053
5054
5056
5058
5060
5060
5060
5060
5060
5060
5062
5063
5064
5064
5064
5064
5066
5066
5067
5067
5068
5068
5068
5068
5069
5069
5069
5070
5070
5072
5072
5073
5073
5074
5074
5076
5077
5077
5077
5077
5077
5078
5079
5080
5080
5083
5083
5084
5087
5089
5089
5089
5092
5093
5094
5096
5098
5098
5099
5101
5101
5101
5101
5102
5104
5105
5106
5108
5108
5109
5109
5109
5109
5110
5110
5110
5110
5111
5111
5111
5111
5114
5115
5116
5116
5116
5116
5117
5117
5119
5120
5120
5120
5120
5122
5122
5122
5122
5123
5125
5126
5126
5126
5127
5128
5128
5128
5129
5130
5130
5130
5130
5131
5131
5133
5133
5133
5134
5134
5134
5135
5137
5138
5138
5138
5139
5140
5140
5141
5143
5143
5143
5143
5143
5143
5143
5145
5147
5148
5149
5149
5149
5149
5150
5152
5152
5153
5153
5153
5154
5156
5158
5158
5159
5159
5159
5159
5160
5160
5161
5162
5162
5163
5163
5164
5166
5166
5168
5169
5169
5170
5170
5170
5171
5171
5172
5173
5174
5174
5175
5176
5176
5176
5179
5179
5180
5180
5180
5182
5183
5183
5183
5184
5185
5186
5188
5189
5189
5191
5192
5193
5193
5194
5194
5194
5195
5195
5196
5197
5198
5201
5201
5201
5202
5202
5202
5203
5204
5204
5204
5204
5205
5205
5206
5206
5207
5208
5209
5209
5209
5209
5209
5210
5210
5210
5212
5213
5215
5215
5216
5217
5217
5217
5217
5219
5219
5220
5220
5221
5222
5223
5223
5223
5223
5223
5223
5223
5223
5225
5225
5225
5225
5226
5226
5227
5227
5227
5228
5229
5229
5231
5231
5231
5233
5233
5235
5235
5235
5235
5235
5236
5237
5237
5238
5238
5238
5238
5238
5238
5238
5238
5238
5240
5240
5242
5242
5242
5243
5245
5246
5246
5246
5247
5247
5247
5247
5247
5249
5249
5249
5249
5249
5249
5250
5251
5251
5252
5252
5252
5252
5252
5255
5255
5255
5255
5256
5256
5256
5257
5258
5258
5258
5258
5259
5260
5261
5262
5263
5265
5265
5265
5267
5267
5267
5267
5268
5269
5269
5269
5269
5270
5270
5271
5272
5272
5272
5273
5273
5275
5275
5275
5275
5276
5276
5279
5279
5280
5282
5282
5285
5287
5287
5288
5289
5291
5292
5293
5294
5294
5294
5294
5295
5296
5297
5297
5297
5298
5299
5299
5300
5300
5300
5300
5300
5300
5304
5304
5305
5307
5308
5308
5309
5309
5310
5310
5310
5311
5311
5312
5314
5314
5315
5315
5316
5316
5317
5319
5321
5321
5323
5323
5324
5324
5324
5324
5325
5328
5328
5329
5330
5331
5331
5332
5332
5333
5333
5333
5334
5334
5335
5337
5337
5338
5338
5338
5339
5339
5339
5340
5340
5341
5342
5342
5343
5343
5343
5343
5344
5344
5345
5345
5346
5346
5348
5349
5349
5350
5351
5352
5352
5353
5353
5353
5353
5353
5354
5356
5356
5358
5358
5359
5360
5363
5363
5363
5365
5365
5365
5365
5366
5367
5368
5368
5369
5372
5372
5373
5373
5373
5373
5373
5376
5377
5379
5380
5381
5381
5382
5383
5384
5385
5385
5386
5387
5388
5388
5391
5392
5392
5392
5395
5396
5397
5397
5398
5401
5401
5401
5401
5401
5401
5402
5403
5403
5404
5404
5407
5407
5407
5408
5409
5410
5410
5413
5414
5415
5416
5418
5419
5419
5419
5419
5419
5419
5421
5422
5424
5424
5425
5426
5426
5426
5427
5427
5427
5429
5431
5431
5431
5431
5432
5433
5434
5434
5437
5438
5440
5442
5442
5443
5446
5446
5447
5449
5450
5451
5452
5453
5455
5456
5456
5456
5457
5458
5460
5462
5462
5463
5464
5465
5466
5468
5470
5470
5470
5470
5470
5470
5471
5474
5475
5476
5477
5478
5478
5479
5480
5481
5481
5481
5482
5483
5484
5484
5485
5486
5486
5487
5488
5490
5493
5494
5494
5496
5496
5496
5498
5498
5500
5500
5500
5501
5502
5503
5503
5505
5505
5507
5509
5509
5509
5511
5511
5512
5512
5512
5513
5514
5515
5515
5517
5519
5520
5520
5520
5521
5522
5522
5524
5525
5525
5525
5525
5527
5527
5529
5529
5529
5530
5531
5532
5533
5535
5537
5540
5540
5541
5543
5543
5543
5544
5544
5544
5544
5544
5544
5544
5546
5547
5548
5549
5550
5551
5551
5551
5551
5552
5555
5555
5555
5555
5555
5557
5558
5558
5559
5560
5561
5561
5563
5564
5565
5567
5567
5567
5567
5568
5568
5568
5568
5569
5570
5571
5571
5572
5573
5573
5575
5575
5575
5575
5575
5576
5577
5577
5578
5579
5579
5580
5580
5581
5582
5584
5585
5585
5588
5589
5590
5590
5591
5591
5591
5592
5592
5593
5593
5593
5593
5593
5593
5593
5595
5596
5596
5596
5596
5598
5598
5600
5600
5600
5600
5601
5602
5603
5603
5605
5605
5605
5606
5607
5607
5609
5609
5609
5610
5612
5612
5612
5612
5614
5616
5616
5617
5617
5618
5618
5619
5621
5621
5621
5621
5623
5624
5626
5629
5629
5630
5632
5632
5632
5633
5633
5634
5635
5638
5640
5640
5641
5642
5643
5643
5644
5644
5645
5645
5645
5645
5646
5646
5647
5647
5648
5648
5649
5650
5651
5653
5655
5655
5655
5655
5655
5656
5657
5658
5658
5658
5658
5660
5662
5662
5664
5665
5666
5666
5666
5666
5667
5668
5668
5670
5670
5670
5673
5675
5676
5676
5676
5677
5678
5679
5679
5679
5682
5684
5684
5684
5684
5685
5688
5688
5689
5690
5690
5692
5692
5692
5692
5692
5693
5693
5694
5694
5695
5696
5697
5697
5698
5699
5699
5699
5700
5700
5700
5700
5701
5703
5703
5703
5703
5705
5707
5708
5708
5708
5711
5712
5713
5715
5717
5718
5720
5722
5723
5723
5724
5726
5726
5726
5726
5727
5729
5729
5729
5729
5730
5732
5733
5734
5735
5736
5738
5739
5739
5741
5741
5741
5741
5741
5742
5742
5742
5744
5744
5744
5744
5745
5745
5745
5746
5746
5746
5746
5748
5748
5748
5749
5749
5749
5750
5750
5750
5750
5750
5750
5750
5751
5751
5751
5751
5751
5753
5754
5754
5754
5755
5756
5757
5758
5759
5760
5761
5762
5763
5763
5764
5765
5766
5766
5767
5768
5769
5771
5771
5771
5772
5772
5772
5772
5773
5773
5774
5775
5777
5777
5778
5781
5783
5783
5784
5784
5785
5785
5785
5785
5788
5790
5790
5791
5791
5792
5792
5792
5792
5793
5793
5793
5795
5796
5796
5796
5796
5797
5798
5798
5798
5799
5799
5800
5800
5801
5801
5801
5802
5803
5803
5805
5806
5808
5809
5811
5812
5812
5812
5812
5813
5814
5815
5815
5815
5816
5818
5818
5818
5819
5820
5820
5821
5822
5822
5822
5823
5824
5824
5827
5829
5831
5832
5835
5836
5838
5839
5840
5841
5841
5842
5845
5846
5847
5848
5848
5849
5851
5853
5854
5856
5856
5856
5857
5860
5862
5864
5864
5865
5866
5867
5868
5868
5868
5868
5869
5869
5869
5871
5872
5873
5875
5876
5877
5878
5878
5879
5880
5881
5881
5882
5882
5884
5886
5886
5886
5888
5889
5890
5891
5891
5892
5894
5896
5896
5897
5897
5899
5899
5900
5902
5902
5902
5903
5903
5903
5903
5905
5905
5906
5906
5906
5907
5909
5909
5912
5912
5913
5915
5916
5918
5919
5919
5919
5920
5921
5921
5921
5921
5921
5923
5925
5925
5925
5925
5925
5925
5926
5926
5927
5928
5929
5930
5931
5932
5932
5933
5933
5934
5935
5935
5936
5937
5938
5939
5939
5940
5943
5943
5944
5946
5948
5949
5949
5950
5951
5952
5954
5954
5954
5956
5956
5957
5957
5958
5959
5959
5961
5961
5962
5963
5963
5963
5963
5964
5964
5964
5965
5966
5966
5966
5967
5970
5970
5971
5971
5975
5975
5975
5976
5976
5977
5978
5980
5981
5982
5982
5982
5982
5983
5985
5987
5987
5987
5988
5988
5988
5990
5991
5991
5993
5993
5994
5994
5995
5995
5997
5997
5997
5998
5998
5998
5998
5999
5999
5999
6003
6005
6005
6005
6008
6008
6010
6010
6012
6012
6014
6015
6016
6016
6017
6019
6021
6022
6024
6024
6024
6024
6026
6026
6026
6027
6028
6029
6029
6029
6032
6032
6032
6033
6033
6033
6033
6035
6037
6038
6039
6040
6040
6041
6041
6041
6041
6041
6041
6041
6041
6041
6042
6043
6045
6045
6045
6045
6046
6046
6047
6048
6049
6049
6051
6051
6052
6052
6052
6053
6053
6053
6053
6053
6053
6054
6055
6055
6056
6057
6057
6059
6061
6061
6063
6063
6064
6064
6064
6064
6064
6065
6068
6068
6069
6071
6071
6072
6072
6073
6075
6076
6076
6077
6077
6077
6079
6079
6080
6083
6084
6084
6086
6086
6088
6088
6088
6088
6088
6088
6088
6088
6088
6089
6089
6089
6091
6091
6091
6091
6091
6091
6091
6091
6092
6093
6094
6096
6096
6097
6098
6098
6098
6098
6098
6100
6101
6102
6102
6102
6102
6102
6103
6103
6104
6105
6106
6108
6110
6110
6110
6110
6110
6110
6111
6111
6114
6115
6115
6116
6119
6119
6119
6119
6120
6120
6120
6121
6121
6122
6124
6124
6124
6125
6125
6126
6126
6127
6128
6129
6130
6133
6133
6133
6135
6135
6136
6137
6138
6139
6139
6139
6139
6140
6140
6141
6142
6142
6143
6143
6144
6145
6145
6145
6147
6148
6148
6148
6150
6150
6151
6152
6154
6154
6157
6158
6158
6160
6160
6160
6160
6160
6162
6163
6164
6164
6164
6166
6168
6168
6170
6171
6172
6172
6172
6174
6175
6176
6178
6178
6179
6179
6179
6179
6180
6183
6184
6184
6185
6186
6186
6186
6189
6189
6191
6192
6192
6193
6193
6194
6194
6194
6194
6194
6195
6195
6195
6195
6197
6197
6198
6198
6198
6199
6200
6203
6203
6204
6204
6204
6204
6204
6204
6205
6206
6207
6208
6208
6209
6209
6209
6211
6211
6213
6213
6214
6214
6214
6215
6215
6216
6217
6217
6217
6218
6218
6218
6218
6219
6221
6221
6221
6221
6223
6224
6225
6226
6227
6228
6228
6229
6229
6229
6229
6230
6230
6230
6231
6233
6233
6235
6236
6236
6236
6236
6237
6237
6239
6239
6241
6242
6243
6243
6243
6244
6245
6247
6249
6250
6251
6251
6253
6254
6255
6255
6256
6257
6257
6258
6258
6258
6259
6260
6261
6261
6262
6262
6263
6264
6265
6266
6267
6267
6268
6269
6269
6269
6269
6269
6271
6271
6272
6273
6273
6275
6276
6276
6277
6277
6279
6279
6279
6281
6282
6283
6283
6283
6284
6284
6285
6285
6286
6287
6288
6288
6289
6290
6292
6292
6293
6295
6295
6295
6295
6296
6296
6296
6296
6296
6298
6300
6300
6301
6302
6303
6303
6304
6306
6307
6307
6307
6308
6308
6310
6310
6312
6312
6313
6313
6315
6315
6315
6316
6318
6318
6319
6320
6321
6322
6323
6323
6325
6326
6328
6328
6328
6329
6329
6329
6331
6331
6332
6333
6334
6335
6335
6335
6336
6336
6337
6337
6338
6339
6339
6340
6341
6342
6342
6342
6342
6342
6343
6344
6347
6350
6351
6351
6353
6355
6356
6358
6360
6360
6360
6360
6362
6362
6363
6363
6364
6364
6365
6366
6368
6368
6368
6368
6371
6373
6374
6376
6377
6378
6380
6380
6381
6383
6383
6383
6383
6383
6383
6383
6383
6383
6383
6383
6384
6385
6385
6387
6388
6388
6388
6389
6389
6392
6392
6392
6393
6393
6393
6394
6395
6397
6399
6399
6400
6400
6400
6400
6401
6401
6401
6403
6404
6404
6406
6406
6407
6408
6408
6409
6411
6412
6413
6414
6415
6416
6416
6416
6416
6416
6417
6417
6417
6418
6420
6420
6421
6421
6422
6422
6423
6424
6425
6425
6426
6426
6428
6428
6430
6430
6430
6432
6434
6435
6436
6437
6439
6439
6439
6440
6442
6443
6443
6444
6445
6447
6448
6450
6450
6450
6452
6455
6455
6455
6456
6457
6457
6458
6458
6458
6459
6460
6462
6463
6464
6465
6465
6466
6466
6466
6467
6467
6468
6468
6469
6469
6469
6470
6471
6471
6471
6472
6473
6473
6474
6474
6475
6476
6476
6477
6477
6477
6478
6478
6479
6481
6482
6482
6482
6482
6482
6483
6483
6483
6484
6485
6486
6486
6487
6488
6488
6489
6489
6490
6491
6491
6491
6492
6492
6493
6493
6494
6494
6494
6495
6496
6497
6498
6501
6502
6502
6503
6504
6504
6505
6505
6505
6505
6506
6506
6507
6509
6509
6511
6511
6511
6514
6515
6516
6518
6518
6519
6519
6519
6520
6520
6522
6523
6524
6524
6525
6526
6526
6528
6529
6530
6530
6531
6533
6535
6535
6535
6535
6535
6535
6535
6535
6535
6535
6537
6538
6538
6540
6541
6541
6541
6541
6542
6543
6543
6544
6544
6544
6544
6546
6546
6546
6546
6549
6551
6554
6556
6556
6556
6557
6558
6560
6561
6561
6561
6561
6561
6563
6564
6564
6564
6564
6564
6564
6564
6565
6567
6568
6568
6568
6569
6571
6571
6571
6571
6571
6571
6572
6574
6574
6575
6576
6578
6579
6581
6583
6584
6584
6586
6587
6587
6587
6589
6589
6589
6589
6590
6591
6591
6592
6594
6596
6598
6598
6599
6601
6601
6603
6604
6604
6604
6604
6604
6605
6606
6607
6607
6608
6609
6609
6609
6610
6611
6614
6614
6614
6614
6614
6614
6615
6616
6616
6616
6616
6616
6617
6617
6618
6618
6619
6619
6619
6620
6620
6620
6620
6621
6622
6623
6623
6624
6624
6624
6624
6626
6627
6627
6627
6627
6627
6629
6629
6630
6632
6632
6632
6633
6635
6635
6636
6636
6636
6637
6638
6638
6639
6639
6639
6640
6641
6642
6644
6644
6645
6646
6647
6648
6649
6651
6652
6653
6653
6654
6655
6655
6655
6655
6657
6658
6658
6660
6660
6660
6661
6662
6663
6664
6664
6665
6666
6666
6667
6668
6668
6669
6669
6669
6669
6670
6671
6671
6673
6675
6678
6679
6680
6680
6680
6682
6684
6685
6685
6687
6687
6687
6690
6690
6691
6692
6693
6693
6695
6696
6696
6698
6700
6700
6702
6705
6705
6705
6707
6708
6710
6712
6713
6713
6714
6714
6714
6714
6715
6715
6716
6718
6718
6719
6719
6721
6723
6723
6724
6724
6725
6727
6728
6728
6728
6728
6728
6730
6730
6733
6735
6735
6737
6738
6738
6738
6741
6742
6744
6744
6744
6746
6747
6747
6747
6747
6747
6748
6750
6751
6751
6751
6751
6751
6752
6753
6754
6756
6756
6756
6756
6757
6757
6757
6757
6758
6760
6761
6761
6762
6764
6765
6765
6765
6765
6766
6767
6768
6768
6768
6769
6769
6771
6772
6774
6774
6775
6777
6777
6778
6778
6782
6782
6782
6783
6784
6785
6785
6785
6785
6787
6788
6789
6790
6790
6790
6790
6792
6792
6792
6792
6793
6795
6796
6796
6796
6798
6799
6799
6799
6799
6800
6801
6802
6803
6803
6804
6805
6805
6805
6806
6806
6806
6807
6808
6809
6810
6811
6812
6812
6814
6816
6816
6816
6818
6818
6820
6820
6821
6822
6822
6822
6822
6822
6822
6824
6825
6827
6828
6828
6829
6829
6830
6830
6832
6834
6834
6835
6836
6836
6836
6839
6839
6840
6840
6840
6840
6840
6841
6841
6843
6843
6844
6844
6844
6848
6850
6851
6852
6853
6853
6855
6855
6855
6856
6857
6858
6858
6858
6858
6859
6860
6860
6860
6862
6864
6865
6865
6865
6867
6867
6867
6867
6867
6868
6871
6871
6871
6872
6872
6872
6872
6872
6874
6875
6875
6876
6876
6877
6879
6880
6880
6880
6880
6881
6882
6883
6885
6885
6885
6885
6886
6889
6890
6891
6893
6893
6894
6894
6894
6894
6895
6896
6897
6897
6897
6898
6898
6899
6900
6901
6901
6902
6902
6902
6903
6904
6905
6906
6907
6908
6909
6909
6909
6910
6911
6911
6911
6911
6911
6912
6913
6915
6915
6916
6917
6918
6918
6918
6918
6919
6919
6919
6920
6920
6920
6920
6921
6922
6923
6923
6924
6925
6927
6927
6929
6929
6929
6930
6931
6931
6932
6933
6934
6934
6936
6937
6937
6938
6938
6942
6942
6943
6945
6946
6946
6947
6949
6950
6950
6950
6952
6952
6954
6954
6954
6954
6954
6955
6956
6956
6956
6957
6958
6960
6961
6964
6965
6965
6966
6967
6969
6969
6969
6970
6972
6974
6976
6977
6977
6978
6978
6979
6979
6980
6982
6984
6985
6986
6987
6987
6987
6989
6989
6990
6992
6993
6993
6995
6996
6996
6996
6996
6996
6998
6998
6998
6999
6999
7000
7000
7000
7002
7002
7003
7007
7008
7009
7009
7009
7010
7010
7011
7013
7014
7014
7016
7019
7019
7020
7020
7021
7021
7021
7021
7022
7024
7024
7024
7026
7026
7026
7027
7027
7028
7030
7032
7032
7034
7034
7034
7035
7036
7038
7039
7039
7042
7042
7043
7044
7044
7045
7045
7046
7047
7048
7049
7049
7049
7050
7052
7052
7053
7053
7054
7055
7055
7055
7055
7056
7056
7057
7057
7059
7060
7060
7061
7061
7062
7063
7063
7063
7063
7063
7063
7064
7064
7065
7065
7067
7067
7068
7069
7070
7070
7071
7071
7073
7074
7075
7076
7076
7076
7078
7078
7079
7080
7080
7080
7083
7085
7086
7088
7090
7090
7090
7091
7092
7092
7092
7093
7094
7094
7096
7096
7097
7098
7098
7100
7101
7102
7102
7103
7103
7105
7106
7106
7107
7108
7108
7109
7110
7110
7111
7111
7111
7112
7113
7113
7113
7113
7113
7113
7114
7117
7118
7119
7120
7120
7120
7120
7120
7121
7124
7124
7124
7125
7126
7127
7127
7130
7131
7131
7132
7132
7133
7133
7133
7134
7136
7137
7138
7140
7140
7140
7140
7140
7141
7142
7143
7143
7144
7144
7145
7146
7147
7148
7148
7149
7149
7149
7151
7151
7151
7152
7153
7153
7153
7154
7155
7159
7160
7162
7162
7162
7162
7162
7163
7165
7166
7167
7168
7168
7168
7169
7169
7170
7170
7171
7173
7174
7175
7175
7177
7178
7178
7178
7180
7180
7180
7182
7184
7184
7185
7185
7187
7187
7187
7188
7189
7190
7191
7192
7193
7194
7195
7196
7196
7196
7196
7196
7196
7197
7197
7198
7200
7202
7204
7205
7206
7207
7208
7209
7209
7210
7211
7211
7211
7211
7212
7213
7213
7215
7215
7215
7217
7217
7217
7217
7218
7220
7220
7221
7222
7222
7223
7224
7224
7224
7226
7227
7227
7227
7228
7228
7229
7230
7230
7230
7230
7230
7230
7231
7232
7233
7235
7235
7236
7237
7237
7239
7240
7241
7243
7244
7244
7245
7246
7247
7248
7248
7250
7252
7254
7255
7256
7256
7256
7257
7257
7257
7257
7257
7258
7258
7258
7260
7261
7263
7264
7264
7265
7266
7268
7269
7269
7269
7271
7271
7272
7273
7273
7275
7276
7276
7278
7278
7278
7279
7279
7280
7282
7282
7283
7284
7284
7284
7284
7286
7286
7288
7289
7290
7290
7292
7293
7293
7293
7294
7295
7296
7296
7297
7299
7299
7299
7299
7300
7300
7300
7300
7300
7301
7302
7302
7302
7302
7305
7306
7307
7307
7307
7308
7309
7310
7310
7311
7313
7314
7314
7314
7315
7316
7316
7316
7317
7317
7319
7320
7320
7320
7322
7323
7323
7323
7323
7324
7325
7326
7327
7327
7328
7328
7330
7330
7330
7330
7331
7331
7332
7333
7333
7333
7333
7335
7336
7337
7337
7338
7340
7340
7340
7342
7343
7344
7344
7344
7345
7345
7345
7346
7348
7350
7350
7350
7351
7351
7351
7354
7354
7354
7357
7358
7359
7361
7363
7363
7364
7367
7369
7370
7370
7370
7370
7371
7371
7371
7371
7371
7372
7372
7372
7373
7374
7376
7377
7378
7378
7378
7378
7378
7379
7379
7380
7381
7382
7386
7387
7387
7388
7390
7390
7390
7391
7392
7392
7392
7393
7394
7395
7395
7396
7397
7397
7397
7397
7397
7398
7399
7400
7401
7401
7401
7402
7403
7403
7404
7404
7406
7409
7410
7411
7411
7413
7414
7415
7416
7417
7417
7418
7418
7419
7420
7421
7423
7423
7424
7424
7424
7425
7425
7427
7428
7429
7430
7432
7432
7433
7435
7436
7437
7438
7440
7440
7441
7441
7442
7443
7443
7444
7445
7448
7448
7448
7449
7454
7454
7456
7458
7458
7458
7459
7459
7459
7460
7461
7462
7463
7463
7464
7465
7467
7468
7468
7468
7469
7469
7470
7470
7470
7470
7470
7470
7470
7470
7470
7471
7471
7471
7471
7472
7473
7473
7473
7474
7474
7478
7478
7478
7478
7478
7478
7478
7480
7481
7482
7482
7482
7484
7484
7484
7484
7485
7485
7485
7485
7485
7485
7486
7488
7489
7489
7489
7490
7492
7493
7494
7495
7495
7495
7498
7499
7500
7502
7503
7503
7503
7503
7504
7507
7507
7507
7509
7510
7511
7511
7512
7513
7513
7514
7515
7515
7516
7517
7519
7521
7521
7524
7524
7524
7525
7525
7525
7525
7527
7527
7529
7529
7530
7531
7532
7533
7534
7535
7536
7536
7536
7537
7537
7537
7539
7539
7539
7540
7540
7540
7540
7540
7541
7542
7546
7547
7547
7549
7549
7549
7550
7550
7550
7550
7551
7551
7552
7552
7553
7553
7553
7553
7553
7553
7554
7554
7556
7556
7557
7558
7559
7562
7563
7564
7564
7565
7565
7565
7565
7566
7566
7566
7568
7569
7569
7570
7572
7572
7573
7573
7573
7574
7575
7575
7576
7577
7578
7578
7579
7579
7580
7582
7582
7582
7582
7582
7583
7583
7583
7583
7586
7587
7589
7589
7590
7590
7591
7592
7593
7593
7595
7595
7595
7595
7596
7596
7597
7598
7599
7600
7600
7601
7601
7601
7603
7604
7604
7604
7605
7605
7606
7606
7607
7609
7610
7610
7610
7610
7611
7611
7611
7611
7612
7614
7615
7616
7617
7618
7620
7621
7622
7624
7625
7625
7626
7628
7629
7629
7631
7631
7631
7632
7634
7634
7635
7636
7636
7637
7638
7638
7639
7640
7640
7640
7640
7640
7640
7643
7643
7643
7644
7645
7647
7647
7648
7649
7649
7651
7652
7652
7652
7653
7653
7654
7654
7654
7655
7655
7656
7656
7658
7659
7659
7659
7662
7662
7663
7665
7665
7666
7669
7669
7669
7669
7669
7671
7671
7674
7676
7678
7679
7679
7679
7680
7680
7680
7681
7682
7683
7684
7685
7686
7687
7688
7688
7690
7690
7691
7691
7691
7691
7692
7693
7695
7696
7696
7696
7697
7697
7697
7698
7700
7702
7702
7702
7704
7704
7704
7705
7707
7709
7710
7710
7711
7712
7713
7713
7714
7714
7714
7715
7716
7716
7717
7719
7720
7720
7720
7721
7722
7722
7722
7723
7724
7725
7725
7725
7728
7729
7729
7731
7732
7732
7732
7733
7735
7736
7736
7738
7739
7739
7741
7741
7741
7741
7741
7741
7743
7744
7744
7744
7744
7744
7744
7744
7744
7745
7745
7745
7746
7746
7747
7747
7747
7747
7747
7747
7749
7750
7752
7753
7756
7756
7757
7757
7758
7758
7759
7759
7761
7761
7762
7763
7764
7765
7766
7766
7767
7768
7768
7768
7768
7770
7771
7771
7771
7772
7772
7772
7774
7774
7775
7775
7775
7775
7775
7776
7776
7777
7777
7778
7779
7779
7779
7780
7781
7781
7781
7781
7782
7782
7783
7784
7784
7784
7785
7785
7786
7787
7788
7791
7792
7793
7794
7797
7797
7798
7798
7798
7800
7801
7802
7802
7802
7802
7802
7802
7802
7803
7803
7805
7805
7806
7806
7806
7807
7809
7810
7810
7811
7811
7812
7814
7814
7815
7818
7820
7821
7822
7823
7823
7823
7824
7824
7824
7826
7826
7826
7828
7828
7830
7832
7832
7832
7833
7835
7837
7838
7838
7839
7840
7840
7841
7841
7841
7841
7841
7841
7843
7844
7845
7846
7846
7846
7846
7847
7849
7849
7851
7851
7851
7851
7851
7851
7851
7851
7851
7851
7851
7851
7852
7852
7852
7853
7853
7854
7854
7855
7855
7855
7855
7856
7856
7856
7857
7857
7857
7857
7857
7858
7859
7860
7860
7860
7860
7861
7863
7864
7866
7867
7868
7868
7868
7868
7868
7868
7869
7870
7870
7871
7871
7871
7871
7872
7872
7873
7873
7873
7873
7874
7876
7877
7877
7877
7879
7880
7880
7880
7880
7880
7881
7883
7884
7886
7888
7889
7889
7890
7891
7891
7892
7894
7896
7898
7898
7898
7899
7901
7901
7901
7901
7903
7903
7904
7905
7906
7906
7906
7906
7907
7909
7909
7910
7912
7912
7913
7915
7918
7918
7919
7919
7920
7920
7921
7922
7922
7922
7923
7924
7924
7924
7926
7927
7928
7928
7928
7929
7929
7929
7929
7929
7929
7929
7930
7931
7933
7933
7934
7934
7934
7934
7934
7936
7940
7940
7940
7941
7942
7942
7943
7943
7944
7946
7946
7947
7947
7947
7948
7948
7949
7949
7950
7950
7951
7952
7953
7954
7954
7956
7956
7956
7958
7958
7959
7961
7961
7961
7962
7963
7964
7965
7966
7966
7966
7966
7968
7968
7968
7968
7969
7970
7971
7973
7973
7976
7976
7977
7978
7978
7979
7979
7980
7980
7981
7982
7982
7982
7982
7982
7983
7985
7988
7990
7990
7990
7990
7991
7991
7991
7993
7996
7997
7998
7998
7999
7999
7999
8000
8000
8002
8003
8005
8006
8006
8007
8007
8008
8009
8010
8010
8012
8012
8013
8013
8014
8016
8017
8019
8020
8021
8021
8021
8021
8021
8022
8022
8024
8025
8026
8026
8028
8029
8029
8029
8030
8031
8032
8032
8034
8035
8036
8036
8037
8037
8038
8038
8038
8038
8039
8039
8040
8041
8041
8042
8043
8045
8045
8045
8045
8046
8046
8046
8046
8047
8050
8051
8053
8053
8054
8055
8056
8057
8057
8059
8059
8059
8060
8062
8062
8062
8064
8064
8064
8065
8066
8066
8066
8069
8070
8071
8071
8072
8073
8076
8078
8078
8078
8079
8079
8079
8081
8081
8082
8082
8082
8083
8085
8086
8086
8089
8089
8091
8092
8095
8095
8096
8096
8097
8097
8097
8098
8098
8099
8099
8100
8100
8101
8101
8102
8103
8103
8106
8106
8106
8107
8108
8108
8108
8108
8108
8109
8110
8111
8111
8112
8114
8115
8116
8116
8116
8117
8118
8118
8119
8119
8120
8121
8121
8122
8122
8123
8125
8126
8126
8128
8128
8128
8130
8130
8131
8131
8131
8132
8132
8132
8132
8132
8133
8133
8133
8133
8133
8135
8136
8137
8137
8137
8139
8140
8141
8141
8141
8142
8142
8143
8144
8146
8146
8147
8147
8148
8148
8150
8151
8152
8152
8152
8152
8153
8154
8154
8154
8154
8154
8155
8157
8157
8157
8157
8157
8157
8158
8158
8159
8160
8161
8161
8161
8162
8162
8164
8165
8165
8166
8167
8168
8168
8168
8169
8170
8170
8170
8170
8172
8172
8173
8173
8173
8174
8174
8175
8175
8176
8177
8177
8178
8179
8181
8181
8181
8182
8183
8184
8184
8185
8185
8185
8186
8186
8186
8187
8188
8188
8189
8192
8193
8193
8194
8195
8197
8198
8198
8198
8198
8199
8199
8200
8200
8200
8200
8201
8202
8202
8205
8207
8207
8207
8207
8208
8208
8209
8209
8211
8212
8212
8213
8213
8214
8215
8215
8215
8215
8215
8216
8217
8218
8219
8219
8221
8222
8224
8225
8226
8226
8226
8228
8230
8230
8231
8232
8232
8234
8234
8237
8237
8239
8241
8244
8244
8244
8244
8245
8245
8245
8245
8247
8247
8248
8248
8250
8250
8251
8251
8252
8252
8253
8253
8253
8253
8255
8256
8257
8259
8259
8260
8261
8261
8262
8265
8266
8268
8269
8269
8270
8270
8270
8270
8270
8270
8271
8272
8273
8274
8274
8274
8274
8275
8275
8277
8277
8277
8278
8278
8278
8278
8280
8280
8280
8281
8283
8286
8286
8287
8288
8290
8292
8292
8292
8292
8293
8294
8295
8295
8297
8297
8299
8300
8301
8303
8304
8304
8304
8304
8304
8305
8305
8307
8307
8309
8309
8310
8311
8311
8311
8311
8312
8312
8313
8313
8313
8315
8317
8318
8318
8319
8319
8319
8319
8320
8320
8321
8323
8323
8324
8324
8326
8326
8327
8328
8329
8331
8331
8331
8332
8332
8332
8334
8334
8335
8337
8339
8339
8339
8341
8342
8344
8345
8346
8347
8348
8349
8349
8349
8351
8351
8352
8352
8353
8353
8356
8358
8358
8358
8360
8361
8362
8362
8363
8363
8363
8364
8364
8364
8365
8365
8366
8367
8368
8371
8372
8372
8372
8373
8374
8374
8375
8376
8377
8378
8379
8380
8380
8381
8381
8382
8382
8382
8384
8384
8384
8384
8384
8384
8384
8385
8385
8386
8386
8388
8389
8389
8390
8391
8391
8392
8392
8393
8393
8396
8397
8398
8398
8398
8398
8398
8400
8402
8404
8404
8405
8406
8406
8407
8407
8407
8408
8408
8408
8408
8409
8411
8411
8411
8414
8414
8415
8415
8415
8416
8417
8418
8419
8419
8422
8422
8422
8422
8422
8422
8423
8425
8425
8426
8426
8427
8428
8428
8429
8431
8431
8432
8433
8434
8434
8434
8434
8434
8434
8434
8434
8436
8438
8438
8439
8442
8443
8443
8444
8445
8446
8447
8448
8448
8448
8449
8449
8449
8450
8451
8453
8456
8457
8458
8459
8459
8460
8461
8463
8464
8465
8465
8465
8467
8468
8468
8469
8469
8470
8470
8472
8472
8472
8474
8474
8474
8475
8475
8476
8477
8477
8477
8477
8478
8478
8479
8480
8481
8482
8482
8482
8483
8483
8483
8484
8484
8484
8486
8488
8489
8490
8490
8492
8492
8495
8495
8497
8497
8497
8497
8498
8498
8499
8499
8501
8501
8501
8503
8503
8504
8504
8504
8504
8505
8505
8508
8509
8510
8510
8510
8510
8511
8511
8512
8514
8514
8514
8514
8515
8516
8516
8517
8518
8520
8522
8522
8522
8522
8524
8524
8524
8527
8529
8530
8530
8531
8531
8531
8533
8533
8533
8533
8533
8534
8534
8534
8534
8536
8537
8537
8537
8538
8539
8540
8541
8542
8545
8545
8545
8545
8546
8547
8548
8548
8548
8548
8548
8549
8549
8550
8552
8553
8553
8553
8553
8555
8555
8555
8557
8557
8557
8559
8560
8561
8561
8561
8561
8563
8564
8566
8567
8567
8567
8567
8568
8568
8568
8569
8570
8571
8571
8573
8573
8574
8575
8577
8577
8577
8578
8579
8580
8580
8581
8581
8582
8583
8585
8588
8588
8589
8590
8590
8591
8591
8591
8591
8593
8594
8595
8595
8595
8597
8597
8597
8598
8600
8601
8601
8602
8603
8604
8604
8605
8607
8607
8609
8610
8611
8611
8611
8612
8613
8613
8615
8616
8617
8618
8620
8620
8621
8622
8622
8623
8624
8626
8627
8628
8628
8628
8628
8630
8632
8632
8632
8633
8636
8636
8637
8637
8637
8637
8637
8638
8640
8640
8641
8641
8641
8641
8643
8644
8645
8646
8647
8647
8647
8647
8648
8648
8649
8650
8651
8651
8652
8652
8652
8652
8652
8652
8653
8653
8655
8656
8656
8656
8656
8656
8658
8658
8660
8661
8662
8662
8662
8662
8664
8665
8666
8667
8667
8668
8668
8669
8670
8670
8670
8670
8672
8675
8675
8676
8676
8676
8676
8677
8678
8678
8678
8678
8678
8679
8680
8681
8683
8683
8684
8684
8685
8685
8686
8688
8689
8690
8690
8690
8690
8692
8693
8694
8694
8694
8695
8696
8696
8697
8698
8698
8699
8699
8699
8699
8700
8701
8702
8703
8705
8706
8707
8708
8708
8708
8708
8708
8709
8710
8713
8713
8713
8715
8715
8715
8715
8715
8715
8715
8715
8715
8717
8718
8718
8718
8719
8720
8720
8721
8721
8721
8721
8723
8724
8727
8728
8729
8730
8731
8732
8733
8734
8734
8736
8736
8738
8739
8740
8740
8740
8740
8740
8740
8741
8742
8743
8743
8743
8744
8746
8746
8747
8747
8748
8748
8749
8749
8749
8750
8750
8751
8752
8753
8754
8754
8755
8757
8757
8757
8759
8760
8761
8762
8764
8764
8765
8765
8767
8768
8769
8770
8771
8772
8773
8773
8773
8776
8776
8776
8776
8777
8777
8778
8780
8783
8784
8784
8785
8785
8787
8787
8787
8790
8790
8790
8791
8791
8793
8794
8794
8795
8796
8798
8798
8798
8799
8799
8799
8799
8799
8799
8800
8801
8802
8802
8804
8805
8807
8807
8809
8809
8810
8810
8810
8811
8811
8811
8812
8815
8815
8816
8817
8817
8818
8819
8820
8820
8821
8821
8822
8823
8824
8825
8825
8825
8826
8826
8826
8826
8827
8827
8828
8828
8829
8830
8832
8833
8834
8834
8835
8835
8835
8835
8836
8838
8839
8839
8840
8842
8842
8843
8843
8844
8844
8845
8845
8845
8845
8847
8848
8848
8850
8851
8851
8851
8851
8851
8851
8851
8853
8854
8854
8854
8854
8855
8855
8856
8858
8859
8859
8861
8861
8861
8861
8861
8861
8861
8861
8861
8862
8862
8863
8864
8867
8868
8869
8869
8869
8870
8870
8870
8871
8873
8874
8874
8875
8877
8880
8880
8881
8881
8881
8882
8882
8883
8883
8883
8883
8883
8884
8886
8887
8887
8888
8889
8889
8889
8890
8890
8891
8892
8892
8894
8894
8894
8894
8894
8895
8896
8896
8896
8896
8898
8899
8899
8900
8901
8902
8903
8903
8903
8904
8905
8905
8906
8907
8908
8908
8910
8910
8910
8911
8911
8911
8912
8912
8912
8912
8912
8913
8913
8913
8913
8914
8914
8914
8914
8914
8914
8915
8916
8916
8917
8920
8921
8923
8923
8925
8925
8927
8930
8930
8930
8930
8930
8930
8930
8930
8930
8931
8933
8934
8934
8935
8936
8937
8938
8939
8940
8941
8941
8942
8942
8943
8944
8944
8944
8944
8945
8945
8946
8946
8946
8946
8947
8948
8948
8948
8949
8950
8950
8951
8952
8952
8953
8955
8956
8957
8959
8960
8961
8961
8964
8964
8966
8966
8966
8966
8966
8968
8969
8969
8972
8972
8973
8973
8973
8974
8975
8975
8975
8977
8977
8979
8979
8981
8981
8982
8983
8985
8985
8985
8987
8988
8989
8990
8990
8990
8991
8993
8993
8994
8995
8995
8997
8998
9000
9000
9003
9006
9007
9009
9010
9012
9016
9016
9016
9017
9017
9017
9019
9020
9021
9021
9021
9024
9025
9025
9026
9028
9029
9029
9030
9030
9031
9033
9035
9037
9037
9038
9038
9038
9038
9039
9039
9039
9041
9041
9043
9046
9046
9048
9050
9051
9053
9054
9054
9056
9056
9056
9057
9058
9059
9060
9060
9061
9061
9061
9061
9062
9063
9064
9065
9065
9066
9067
9068
9068
9068
9070
9070
9071
9072
9073
9074
9075
9076
9077
9079
9079
9079
9080
9080
9081
9082
9083
9084
9084
9084
9085
9086
9086
9090
9090
9090
9092
9093
9093
9094
9095
9097
9098
9098
9098
9098
9098
9099
9100
9100
9100
9102
9102
9103
9103
9103
9103
9103
9106
9107
9107
9109
9109
9109
9111
9111
9111
9112
9114
9115
9116
9116
9116
9117
9119
9119
9119
9120
9121
9121
9123
9124
9124
9125
9126
9126
9126
9128
9129
9131
9133
9136
9137
9137
9138
9139
9139
9139
9140
9141
9141
9141
9141
9141
9142
9143
9144
9144
9145
9145
9146
9148
9148
9148
9149
9149
9151
9152
9153
9154
9154
9157
9157
9159
9159
9159
9160
9161
9162
9163
9164
9164
9164
9165
9165
9166
9167
9168
9168
9169
9170
9170
9170
9170
9170
9170
9170
9171
9171
9171
9172
9174
9175
9176
9177
9177
9177
9178
9178
9180
9181
9182
9182
9184
9184
9184
9185
9186
9186
9186
9187
9187
9188
9188
9188
9189
9189
9190
9191
9191
9193
9194
9195
9195
9195
9195
9195
9195
9196
9196
9198
9198
9198
9198
9199
9200
9200
9201
9202
9203
9203
9203
9204
9204
9204
9206
9206
9207
9208
9208
9208
9208
9208
9208
9209
9212
9212
9215
9215
9215
9216
9217
9217
9218
9218
9219
9219
9219
9219
9220
9221
9221
9221
9222
9222
9223
9224
9224
9224
9225
9225
9225
9226
9227
9228
9228
9228
9228
9228
9228
9230
9231
9232
9233
9233
9234
9234
9234
9234
9236
9236
9236
9237
9237
9238
9238
9238
9238
9239
9239
9239
9241
9244
9244
9245
9245
9246
9247
9248
9248
9248
9249
9249
9250
9252
9253
9253
9255
9256
9256
9257
9257
9259
9259
9260
9260
9262
9263
9263
9263
9263
9264
9264
9264
9265
9266
9266
9266
9267
9267
9267
9267
9270
9272
9272
9272
9273
9275
9275
9276
9277
9277
9277
9278
9279
9280
9281
9282
9284
9284
9285
9286
9286
9286
9286
9286
9286
9286
9286
9287
9287
9287
9288
9289
9289
9289
9289
9291
9292
9294
9294
9295
9296
9296
9297
9299
9301
9301
9302
9304
9304
9305
9308
9308
9309
9309
9310
9310
9310
9311
9312
9312
9312
9312
9312
9313
9313
9315
9315
9315
9315
9315
9315
9315
9318
9318
9318
9318
9318
9319
9320
9324
9324
9324
9325
9325
9326
9327
9328
9329
9330
9331
9334
9335
9335
9335
9335
9336
9338
9338
9338
9339
9340
9340
9341
9342
9344
9346
9347
9347
9348
9349
9350
9350
9350
9350
9352
9353
9353
9354
9354
9354
9356
9356
9356
9357
9358
9358
9358
9360
9360
9361
9362
9362
9362
9363
9364
9364
9364
9366
9367
9368
9370
9371
9373
9374
9374
9375
9375
9375
9375
9375
9377
9378
9378
9379
9379
9379
9380
9382
9382
9385
9387
9389
9389
9389
9389
9389
9390
9391
9392
9394
9394
9396
9396
9397
9397
9398
9398
9401
9403
9403
9403
9404
9405
9407
9409
9410
9410
9411
9412
9413
9414
9414
9414
9414
9416
9420
9421
9421
9421
9421
9421
9422
9422
9422
9422
9422
9424
9425
9426
9426
9427
9427
9428
9428
9429
9429
9430
9431
9433
9434
9435
9435
9437
9437
9437
9437
9438
9438
9438
9440
9441
9442
9442
9443
9443
9443
9444
9446
9447
9447
9447
9447
9448
9448
9448
9448
9449
9449
9451
9452
9452
9454
9455
9456
9457
9457
9457
9457
9457
9459
9459
9461
9462
9462
9462
9464
9465
9465
9467
9467
9469
9470
9471
9471
9472
9474
9474
9476
9476
9477
9478
9478
9478
9478
9479
9479
9480
9480
9481
9483
9485
9485
9485
9485
9485
9485
9485
9486
9487
9490
9491
9492
9493
9494
9496
9496
9496
9497
9498
9499
9500
9501
9501
9502
9503
9505
9506
9506
9506
9506
9506
9506
9507
9509
9509
9509
9511
9512
9512
9513
9515
9516
9518
9518
9518
9519
9520
9520
9520
9521
9523
9523
9524
9526
9530
9530
9530
9530
9530
9531
9534
9535
9536
9536
9538
9538
9538
9538
9539
9539
9539
9540
9542
9543
9543
9545
9547
9548
9549
9550
9550
9551
9553
9554
9555
9555
9557
9558
9559
9559
9559
9560
9560
9561
9562
9563
9563
9563
9564
9564
9564
9568
9568
9569
9569
9569
9569
9570
9570
9571
9572
9574
9574
9575
9575
9576
9577
9577
9577
9577
9578
9579
9580
9580
9581
9581
9583
9584
9585
9585
9586
9587
9589
9589
9590
9590
9590
9590
9590
9591
9591
9591
9593
9594
9595
9597
9598
9599
9601
9601
9601
9601
9602
9603
9605
9605
9605
9605
9605
9607
9607
9609
9611
9611
9613
9613
9614
9616
9618
9619
9620
9621
9624
9624
9624
9624
9624
9625
9625
9625
9626
9628
9631
9631
9632
9632
9632
9634
9635
9635
9636
9636
9636
9636
9637
9639
9640
9641
9642
9642
9642
9642
9642
9643
9643
9643
9643
9643
9644
9645
9645
9645
9645
9646
9647
9647
9648
9649
9649
9649
9651
9652
9652
9653
9654
9655
9655
9655
9659
9659
9661
9662
9663
9665
9666
9667
9668
9669
9671
9671
9671
9671
9673
9673
9673
9673
9673
9673
9673
9674
9674
9674
9675
9675
9676
9677
9677
9677
9678
9679
9680
9680
9681
9681
9682
9683
9684
9686
9687
9687
9688
9688
9691
9693
9693
9693
9694
9695
9696
9697
9697
9698
9698
9698
9698
9698
9698
9698
9698
9698
9700
9701
9701
9702
9703
9703
9705
9706
9708
9709
9709
9709
9709
9709
9709
9709
9711
9711
9711
9711
9712
9713
9714
9716
9717
9718
9721
9722
9724
9725
9725
9725
9726
9726
9727
9727
9728
9728
9731
9731
9731
9732
9733
9733
9734
9734
9735
9736
9736
9736
9736
9736
9738
9739
9740
9742
9742
9742
9742
9742
9743
9743
9744
9744
9745
9745
9746
9746
9747
9747
9750
9752
9753
9753
9754
9754
9755
9755
9755
9756
9758
9758
9758
9758
9758
9759
9759
9759
9762
9762
9763
9764
9766
9767
9768
9769
9770
9770
9771
9771
9772
9772
9773
9774
9776
9778
9779
9780
9783
9783
9785
9786
9786
9787
9789
9789
9791
9792
9793
9793
9794
9794
9795
9795
9795
9796
9796
9797
9798
9799
9800
9801
9802
9802
9803
9803
9803
9803
9803
9803
9803
9803
9804
9804
9804
9805
9805
9806
9807
9807
9807
9807
9809
9809
9809
9811
9812
9812
9813
9815
9815
9815
9816
9816
9817
9819
9819
9819
9819
9819
9820
9820
9822
9823
9824
9824
9824
9825
9826
9827
9827
9827
9827
9828
9828
9828
9829
9831
9831
9832
9832
9833
9834
9834
9834
9835
9836
9836
9836
9836
9837
9837
9837
9838
9840
9841
9841
9842
9842
9842
9842
9842
9843
9844
9844
9845
9846
9848
9849
9849
9849
9849
9850
9851
9852
9852
9853
9853
9854
9854
9856
9856
9856
9857
9857
9857
9857
9858
9858
9861
9861
9861
9862
9862
9862
9863
9864
9864
9864
9866
9866
9867
9868
9868
9869
9869
9870
9872
9872
9872
9873
9875
9875
9875
9876
9877
9878
9878
9878
9879
9880
9881
9881
9882
9883
9883
9884
9885
9885
9885
9886
9887
9888
9890
9891
9892
9893
9895
9896
9896
9897
9898
9899
9900
9901
9901
9903
9904
9905
9907
9909
9909
9912
9913
9913
9914
9915
9915
9916
9917
9917
9918
9918
9918
9919
9921
9922
9922
9924
9926
9928
9928
9929
9929
9932
9932
9932
9932
9932
9933
9933
9934
9934
9934
9934
9935
9935
9936
9936
9939
9939
9939
9941
9941
9941
9943
9944
9945
9948
9948
9949
9950
9952
9953
9954
9954
9956
9956
9957
9958
9959
9960
9960
9961
9963
9965
9966
9967
9967
9968
9970
9970
9970
9972
9972
9974
9975
9976
9977
9979
9981
9981
9982
9983
9985
9986
9988
9988
9990
9990
9992
9995
9995
9997
9998
9999
9999
10000
10000
10001
10001
10003
10004
10004
10005
10006
10006
10006
10008
10009
10009
10010
10011
10012
10012
10015
10017
10017
10017
10017
10017
10017
10017
10019
10021
10023
10024
10024
10025
10025
10025
10026
10027
10027
10027
10027
10027
10027
10027
10028
10030
10031
10032
10032
10032
10032
10033
10035
10035
10036
10039
10039
10039
10040
10041
10044
10044
10046
10047
10048
10049
10049
10049
10050
10051
10053
10053
10053
10053
10055
10055
10055
10055
10056
10056
10056
10056
10056
10058
10058
10058
10058
10058
10059
10059
10060
10061
10062
10064
10064
10064
10066
10066
10067
10068
10068
10068
10069
10069
10070
10070
10070
10071
10072
10072
10073
10073
10073
10074
10074
10074
10074
10074
10075
10075
10076
10076
10077
10078
10080
10080
10081
10082
10082
10082
10082
10082
10085
10085
10086
10087
10088
10090
10092
10093
10093
10093
10093
10095
10096
10096
10096
10096
10097
10099
10099
10099
10100
10101
10101
10101
10102
10103
10104
10104
10104
10105
10105
10105
10107
10107
10109
10110
10110
10110
10111
10112
10113
10113
10113
10113
10113
10114
10115
10115
10116
10116
10116
10116
10118
10119
10120
10122
10123
10124
10124
10125
10125
10125
10125
10126
10128
10128
10130
10130
10130
10131
10131
10131
10131
10132
10133
10134
10135
10138
10139
10139
10140
10140
10141
10142
10142
10143
10143
10144
10144
10146
10147
10147
10147
10148
10149
10151
10153
10155
10156
10156
10158
10161
10164
10165
10168
10168
10168
10169
10169
10171
10172
10173
10174
10174
10177
10177
10180
10180
10180
10180
10180
10180
10181
10183
10184
10185
10187
10187
10187
10188
10190
10192
10192
10192
10192
10193
10193
10194
10195
10195
10196
10196
10198
10198
10200
10200
10201
10201
10202
10203
10203
10203
10205
10207
10209
10211
10212
10214
10215
10216
10218
10219
10219
10219
10219
10220
10220
10220
10220
10220
10221
10222
10222
10223
10223
10223
10223
10224
10225
10226
10226
10226
10227
10228
10230
10230
10230
10230
10231
10231
10232
10232
10233
10235
10236
10239
10239
10241
10242
10242
10243
10244
10244
10246
10246
10246
10247
10249
10250
10251
10252
10252
10252
10252
10254
10256
10256
10257
10257
10259
10259
10260
10260
10260
10260
10260
10261
10262
10263
10264
10264
10266
10266
10268
10269
10270
10271
10272
10273
10274
10275
10275
10275
10276
10276
10277
10277
10278
10278
10278
10278
10278
10278
10278
10278
10279
10279
10282
10282
10283
10283
10283
10285
10286
10287
10287
10287
10287
10288
10288
10288
10289
10289
10289
10289
10291
10292
10295
10298
10298
10298
10298
10298
10299
10301
10302
10303
10303
10303
10305
10305
10305
10305
10305
10306
10306
10306
10306
10307
10307
10307
10308
10311
10311
10312
10313
10313
10313
10314
10315
10316
10316
10316
10317
10319
10319
10320
10321
10323
10324
10325
10325
10326
10326
10326
10326
10327
10328
10328
10329
10329
10330
10331
10331
10331
10332
10333
10333
10333
10333
10335
10335
10336
10337
10339
10341
10341
10342
10343
10344
10344
10344
10344
10344
10344
10346
10346
10346
10346
10347
10347
10348
10349
10349
10349
10349
10349
10349
10349
10350
10350
10351
10352
10352
10354
10354
10355
10355
10355
10355
10358
10358
10359
10360
10362
10362
10362
10362
10362
10362
10362
10365
10366
10366
10368
10369
10369
10370
10371
10372
10373
10373
10373
10375
10375
10376
10376
10376
10378
10379
10379
10379
10379
10379
10382
10382
10382
10382
10382
10383
10383
10384
10385
10385
10386
10388
10389
10389
10393
10393
10394
10395
10395
10396
10397
10397
10397
10397
10398
10399
10399
10399
10401
10402
10403
10403
10404
10404
10404
10404
10405
10405
10406
10407
10408
10409
10409
10409
10409
10409
10410
10411
10412
10412
10413
10413
10414
10415
10415
10416
10416
10418
10418
10420
10420
10420
10421
10421
10421
10422
10424
10424
10424
10424
10426
10427
10428
10430
10430
10430
10430
10430
10430
10432
10434
10435
10437
10437
10439
10440
10441
10443
10443
10443
10443
10444
10444
10444
10444
10444
10446
10446
10447
10447
10447
10447
10448
10448
10450
10450
10453
10454
10454
10455
10456
10456
10457
10457
10459
10461
10461
10464
10465
10465
10466
10466
10466
10467
10469
10469
10472
10473
10473
10474
10476
10477
10479
10481
10481
10481
10481
10481
10483
10483
10484
10486
10487
10488
10488
10488
10488
10489
10490
10491
10492
10492
10493
10494
10494
10494
10494
10496
10496
10498
10500
10501
10502
10502
10503
10504
10504
10505
10506
10507
10507
10507
10507
10507
10508
10510
10510
10511
10512
10512
10513
10514
10515
10516
10519
10519
10519
10519
10520
10522
10524
10525
10525
10525
10526
10527
10529
10531
10531
10533
10534
10534
10536
10536
10536
10536
10536
10537
10538
10539
10541
10542
10543
10545
10547
10548
10548
10549
10550
10550
10550
10551
10551
10551
10551
10552
10552
10552
10552
10552
10552
10552
10552
10552
10553
10554
10555
10557
10557
10558
10561
10561
10563
10563
10563
10563
10564
10565
10567
10567
10567
10568
10568
10568
10568
10568
10569
10569
10570
10570
10570
10571
10571
10572
10573
10575
10577
10578
10580
10580
10581
10582
10583
10583
10583
10583
10583
10584
10584
10584
10585
10586
10586
10586
10588
10588
10590
10591
10591
10593
10593
10593
10593
10595
10595
10595
10595
10595
10596
10598
10598
10598
10599
10599
10599
10599
10601
10601
10603
10604
10607
10608
10608
10609
10609
10611
10613
10613
10614
10614
10615
10616
10616
10616
10617
10617
10618
10619
10619
10620
10620
10621
10621
10621
10622
10624
10624
10624
10625
10625
10627
10628
10628
10628
10628
10628
10629
10629
10630
10631
10631
10633
10634
10634
10634
10634
10634
10635
10636
10636
10636
10637
10638
10639
10640
10643
10643
10643
10644
10645
10646
10646
10646
10647
10647
10648
10649
10649
10650
10650
10651
10651
10651
10653
10653
10655
10656
10657
10657
10657
10659
10662
10662
10665
10665
10667
10667
10668
10669
10669
10669
10670
10670
10670
10670
10670
10670
10670
10670
10671
10672
10672
10672
10672
10674
10674
10674
10676
10677
10677
10677
10678
10679
10680
10681
10681
10681
10684
10684
10686
10687
10687
10687
10689
10689
10689
10691
10693
10695
10695
10695
10697
10699
10699
10699
10699
10699
10700
10700
10701
10702
10704
10708
10709
10710
10711
10713
10713
10714
10714
10715
10716
10716
10716
10716
10716
10717
10719
10719
10719
10720
10721
10722
10724
10724
10724
10726
10726
10727
10728
10728
10728
10730
10731
10731
10731
10732
10733
10733
10733
10734
10734
10734
10734
10735
10735
10735
10735
10735
10736
10736
10736
10736
10737
10737
10738
10738
10738
10738
10738
10739
10742
10743
10745
10746
10746
10746
10747
10748
10748
10748
10750
10751
10751
10752
10753
10754
10754
10755
10756
10759
10759
10761
10761
10761
10761
10762
10762
10762
10764
10764
10765
10766
10766
10766
10767
10769
10769
10771
10772
10773
10773
10774
10776
10778
10778
10778
10780
10780
10782
10783
10783
10784
10784
10785
10786
10786
10786
10786
10787
10789
10790
10791
10791
10791
10793
10793
10794
10794
10796
10796
10796
10797
10797
10797
10797
10797
10798
10800
10800
10801
10803
10803
10804
10804
10805
10805
10807
10809
10809
10811
10812
10813
10815
10815
10816
10816
10816
10817
10817
10817
10818
10820
10821
10821
10822
10825
10826
10827
10827
10829
10829
10829
10829
10829
10831
10831
10831
10831
10831
10831
10831
10831
10831
10832
10835
10835
10837
10838
10840
10841
10842
10842
10842
10845
10846
10846
10848
10848
10849
10849
10850
10850
10850
10850
10850
10850
10851
10851
10852
10852
10855
10856
10856
10859
10859
10861
10862
10862
10865
10866
10867
10867
10868
10868
10868
10870
10871
10873
10873
10873
10873
10876
10877
10880
10881
10881
10883
10883
10883
10883
10883
10885
10885
10885
10885
10886
10887
10887
10888
10888
10890
10891
10891
10891
10892
10893
10894
10895
10895
10897
10899
10902
10903
10905
10905
10905
10905
10906
10907
10907
10907
10909
10909
10909
10911
10911
10912
10912
10912
10913
10915
10917
10918
10920
10921
10921
10921
10921
10922
10922
10922
10922
10923
10926
10926
10927
10927
10927
10927
10930
10930
10931
10931
10933
10935
10937
10937
10939
10939
10939
10940
10941
10944
10946
10947
10948
10948
10948
10948
10949
10950
10951
10952
10953
10954
10954
10955
10957
10958
10960
10960
10961
10962
10962
10963
10964
10964
10966
10966
10966
10966
10966
10966
10966
10967
10969
10969
10969
10971
10972
10973
10975
10975
10976
10976
10976
10977
10978
10978
10978
10979
10979
10979
10979
10981
10984
10984
10985
10986
10988
10989
10991
10995
10997
10997
10997
10999
10999
10999
11001
11001
11001
11003
11003
11005
11006
11006
11007
11007
11007
11007
11007
11007
11007
11007
11007
11008
11008
11009
11010
11012
11014
11015
11015
11015
11017
11017
11017
11017
11019
11019
11021
11022
11022
11022
11022
11024
11024
11025
11027
11027
11028
11028
11028
11029
11030
11032
11034
11036
11036
11036
11036
11038
11038
11038
11038
11040
11042
11043
11044
11045
11046
11046
11046
11047
11047
11048
11049
11049
11052
11053
11053
11055
11055
11055
11056
11057
11058
11059
11059
11059
11059
11059
11059
11061
11062
11063
11065
11066
11066
11068
11068
11068
11069
11069
11069
11070
11070
11070
11071
11072
11073
11073
11074
11074
11075
11075
11077
11078
11078
11078
11078
11078
11078
11078
11078
11078
11080
11080
11082
11082
11082
11082
11082
11082
11083
11083
11084
11084
11086
11086
11087
11090
11090
11091
11092
11093
11093
11093
11094
11094
11094
11095
11095
11095
11095
11096
11096
11097
11097
11098
11099
11100
11100
11101
11101
11101
11102
11102
11102
11102
11103
11103
11105
11106
11106
11107
11108
11109
11110
11111
11111
11112
11113
11114
11115
11116
11117
11119
11120
11120
11121
11122
11124
11124
11124
11125
11127
11128
11128
11128
11128
11129
11129
11130
11132
11133
11133
11133
11133
11136
11137
11137
11138
11138
11139
11140
11141
11141
11141
11143
11145
11147
11148
11149
11150
11150
11150
11152
11152
11155
11155
11156
11156
11157
11158
11158
11158
11158
11158
11160
11162
11165
11167
11167
11167
11167
11167
11169
11169
11169
11170
11170
11171
11171
11172
11172
11174
11175
11175
11176
11179
11181
11181
11182
11182
11182
11182
11182
11184
11184
11185
11185
11185
11186
11188
11189
11189
11190
11190
11191
11192
11193
11195
11195
11195
11195
11195
11197
11197
11197
11197
11198
11198
11198
11199
11200
11201
11202
11204
11206
11207
11209
11209
11211
11212
11212
11214
11216
11216
11218
11218
11218
11221
11221
11222
11223
11224
11225
11226
11228
11228
11229
11229
11229
11231
11232
11232
11234
11235
11236
11237
11238
11238
11238
11240
11240
11241
11243
11245
11248
11248
11248
11250
11251
11251
11251
11252
11252
11253
11254
11254
11254
11254
11255
11255
11257
11259
11261
11262
11262
11264
11264
11266
11266
11268
11268
11268
11269
11269
11270
11271
11271
11272
11272
11273
11274
11275
11276
11277
11277
11277
11277
11277
11277
11277
11278
11279
11279
11279
11280
11281
11282
11282
11282
11282
11282
11282
11283
11284
11284
11285
11285
11285
11287
11287
11287
11287
11287
11287
11289
11290
11291
11291
11291
11293
11293
11294
11294
11294
11294
11295
11296
11296
11297
11297
11298
11300
11301
11301
11302
11302
11303
11304
11307
11307
11308
11308
11308
11308
11309
11310
11312
11313
11316
11316
11316
11317
11317
11317
11318
11318
11318
11319
11319
11320
11320
11320
11322
11323
11323
11323
11324
11326
11326
11326
11327
11327
11327
11327
11330
11331
11332
11335
11335
11335
11335
11335
11337
11337
11339
11340
11341
11343
11345
11345
11348
11348
11348
11348
11350
11350
11351
11353
11354
11354
11354
11354
11354
11354
11355
11357
11358
11359
11359
11359
11361
11362
11362
11362
11362
11365
11365
11365
11365
11365
11365
11366
11369
11369
11370
11371
11372
11372
11372
11373
11373
11373
11373
11373
11373
11374
11376
11376
11377
11377
11377
11377
11379
11379
11380
11380
11381
11382
11383
11383
11384
11384
11385
11386
11386
11387
11387
11388
11388
11389
11389
11389
11392
11394
11394
11394
11396
11397
11397
11399
11400
11400
11401
11401
11402
11402
11402
11402
11402
11402
11403
11404
11405
11406
11406
11407
11407
11409
11409
11409
11410
11411
11411
11412
11413
11414
11417
11418
11419
11421
11422
11422
11423
11425
11426
11427
11428
11431
11432
11432
11433
11433
11436
11438
11439
11440
11440
11441
11443
11445
11446
11447
11447
11447
11449
11450
11452
11452
11452
11452
11452
11452
11453
11454
11454
11456
11456
11458
11459
11462
11463
11463
11464
11464
11464
11465
11465
11466
11466
11466
11466
11466
11469
11472
11472
11472
11474
11474
11475
11476
11478
11479
11480
11481
11482
11482
11484
11485
11485
11487
11488
11490
11490
11491
11492
11493
11493
11494
11495
11496
11497
11497
11499
11499
11500
11500
11501
11501
11501
11502
11503
11504
11505
11507
11508
11508
11508
11508
11510
11510
11512
11513
11514
11515
11516
11516
11516
11516
11517
11517
11518
11518
11518
11519
11519
11520
11522
11522
11522
11524
11526
11527
11530
11530
11530
11531
11531
11532
11533
11535
11536
11538
11540
11540
11541
11541
11543
11543
11544
11544
11545
11545
11545
11545
11546
11546
11546
11547
11547
11548
11549
11549
11551
11551
11552
11552
11552
11552
11552
11552
11554
11555
11556
11556
11556
11557
11559
11561
11561
11562
11564
11564
11564
11566
11568
11569
11569
11569
11569
11570
11570
11570
11571
11571
11572
11573
11573
11573
11575
11577
11578
11578
11580
11581
11582
11582
11583
11583
11584
11584
11585
11586
11588
11588
11589
11590
11590
11590
11591
11593
11593
11594
11596
11597
11599
11599
11600
11601
11602
11602
11602
11603
11603
11604
11604
11604
11604
11606
11607
11608
11608
11609
11611
11611
11611
11611
11612
11612
11614
11614
11615
11615
11616
11617
11617
11619
11620
11621
11621
11623
11623
11623
11623
11624
11624
11624
11625
11627
11628
11629
11630
11630
11630
11631
11631
11631
11632
11633
11634
11635
11636
11637
11640
11641
11641
11641
11641
11643
11643
11643
11643
11645
11645
11646
11646
11646
11646
11647
11647
11647
11648
11648
11648
11648
11648
11648
11648
11648
11648
11649
11649
11650
11651
11651
11651
11651
11653
11653
11653
11655
11655
11656
11657
11657
11657
11659
11659
11660
11661
11661
11664
11664
11664
11664
11665
11666
11667
11667
11668
11668
11670
11671
11671
11671
11672
11673
11673
11673
11674
11675
11675
11677
11677
11677
11678
11680
11680
11680
11680
11680
11681
11681
11681
11681
11682
11682
11682
11683
11684
11684
11684
11684
11684
11684
11685
11686
11686
11686
11686
11686
11687
11688
11688
11689
11690
11692
11692
11693
11694
11694
11695
11696
11698
11698
11699
11699
11699
11699
11700
11701
11701
11702
11702
11703
11705
11706
11707
11707
11707
11707
11707
11709
11710
11712
11712
11712
11714
11715
11717
11717
11718
11720
11720
11720
11720
11720
11720
11721
11721
11721
11722
11724
11726
11726
11728
11729
11730
11730
11730
11731
11731
11732
11734
11734
11734
11734
11734
11734
11735
11735
11736
11736
11736
11737
11739
11739
11739
11739
11741
11744
11745
11748
11750
11751
11751
11752
11754
11756
11758
11758
11759
11759
11759
11760
11762
11763
11763
11764
11765
11765
11766
11769
11770
11772
11773
11773
11773
11774
11774
11774
11775
11776
11776
11776
11778
11782
11782
11782
11783
11784
11785
11785
11785
11787
11788
11790
11791
11792
11792
11792
11792
11792
11793
11794
11794
11795
11795
11796
11796
11796
11797
11798
11798
11799
11800
11800
11800
11800
11800
11800
11800
11802
11803
11803
11804
11804
11804
11804
11805
11805
11806
11806
11806
11806
11806
11806
11807
11808
11808
11809
11810
11810
11810
11810
11812
11813
11813
11813
11817
11817
11817
11817
11818
11820
11820
11820
11821
11823
11824
11824
11824
11826
11827
11828
11828
11830
11831
11831
11831
11831
11832
11832
11833
11833
11834
11834
11834
11835
11836
11837
11837
11839
11840
11840
11841
11842
11842
11843
11844
11845
11845
11845
11847
11848
11848
11848
11849
11850
11852
11853
11853
11854
11856
11856
11856
11856
11857
11857
11858
11858
11858
11861
11863
11865
11865
11866
11867
11869
11871
11872
11875
11876
11877
11879
11879
11880
11881
11881
11881
11883
11884
11884
11884
11884
11885
11887
11888
11889
11890
11890
11890
11891
11891
11891
11892
11892
11893
11893
11894
11895
11897
11897
11898
11898
11898
11899
11900
11901
11902
11904
11904
11905
11906
11906
11907
11908
11908
11909
11909
11909
11909
11911
11912
11913
11914
11916
11917
11919
11920
11922
11922
11922
11924
11927
11929
11929
11929
11929
11930
11930
11932
11933
11933
11934
11935
11935
11936
11936
11938
11939
11940
11940
11941
11943
11944
11944
11944
11946
11946
11947
11948
11948
11948
11949
11950
11951
11953
11958
11958
11961
11961
11961
11962
11963
11963
11963
11963
11964
11964
11965
11967
11969
11970
11970
11972
11972
11973
11974
11974
11975
11976
11976
11977
11977
11978
11978
11979
11979
11980
11980
11980
11981
11982
11983
11983
11984
11984
11984
11986
11987
11987
11988
11989
11990
11990
11991
11993
11994
11998
11999
12000
12000
12000
12002
12004
12004
12005
12005
12005
12006
12007
12009
12009
12009
12010
12011
12012
12013
12014
12014
12015
12017
12017
12018
12019
12019
12020
12020
12020
12020
12021
12022
12025
12026
12027
12027
12027
12029
12029
12030
12031
12031
12032
12033
12033
12033
12033
12033
12034
12034
12035
12036
12036
12038
12039
12041
12041
12043
12043
12043
12043
12045
12045
12045
12045
12046
12048
12049
12051
12051
12053
12054
12056
12056
12056
12056
12057
12058
12058
12058
12058
12058
12058
12059
12059
12060
12061
12062
12063
12065
12065
12067
12067
12067
12067
12067
12069
12072
12073
12075
12075
12076
12076
12078
12078
12079
12079
12080
12080
12082
12082
12083
12084
12085
12086
12087
12090
12090
12091
12091
12091
12092
12093
12094
12094
12095
12095
12096
12097
12099
12100
12101
12104
12104
12105
12107
12107
12107
12107
12107
12107
12109
12109
12110
12113
12115
12117
12118
12118
12119
12120
12120
12122
12122
12123
12124
12125
12125
12126
12126
12126
12127
12128
12128
12128
12129
12130
12131
12131
12131
12132
12134
12134
12135
12135
12135
12135
12136
12136
12137
12137
12140
12140
12142
12142
12142
12142
12142
12142
12143
12144
12146
12149
12150
12150
12150
12150
12150
12150
12150
12150
12151
12152
12152
12152
12153
12153
12153
12153
12153
12154
12155
12156
12157
12157
12157
12158
12159
12159
12162
12162
12162
12162
12162
12162
12163
12167
12167
12169
12171
12171
12172
12172
12172
12173
12175
12175
12177
12177
12178
12179
12179
12181
12182
12182
12182
12183
12185
12187
12187
12187
12188
12189
12190
12191
12194
12194
12195
12196
12196
12196
12198
12200
12200
12200
12200
12202
12204
12204
12206
12206
12207
12208
12208
12211
12211
12212
12212
12212
12212
12213
12213
12214
12216
12217
12217
12218
12219
12220
12221
12222
12222
12223
12224
12226
12227
12228
12229
12231
12233
12234
12235
12235
12237
12238
12238
12241
12241
12242
12242
12242
12243
12243
12243
12244
12245
12245
12246
12246
12248
12248
12250
12250
12250
12252
12252
12253
12253
12253
12254
12254
12255
12256
12257
12258
12260
12260
12262
12262
12263
12264
12264
12264
12265
12266
12266
12267
12268
12268
12268
12268
12268
12269
12270
12272
12272
12273
12273
12275
12275
12275
12277
12278
12278
12279
12279
12280
12280
12282
12282
12284
12284
12284
12285
12286
12288
12288
12291
12293
12293
12294
12294
12296
12297
12298
12298
12300
12300
12300
12302
12304
12305
12305
12307
12307
12307
12307
12307
12307
12307
12307
12307
12307
12308
12311
12311
12311
12312
12312
12313
12316
12316
12316
12317
12318
12319
12320
12320
12320
12321
12323
12324
12324
12324
12325
12326
12327
12328
12328
12330
12330
12331
12331
12331
12331
12331
12332
12332
12332
12332
12333
12334
12335
12335
12338
12340
12340
12340
12340
12342
12344
12344
12345
12346
12346
12348
12349
12349
12350
12350
12350
12353
12353
12354
12356
12357
12357
12358
12359
12359
12361
12361
12361
12361
12363
12363
12363
12363
12363
12364
12365
12366
12367
12367
12367
12367
12368
12368
12368
12368
12370
12370
12371
12371
12371
12373
12375
12376
12376
12376
12378
12380
12380
12380
12381
12381
12383
12385
12385
12387
12387
12388
12388
12389
12390
12390
12390
12391
12392
12393
12395
12396
12397
12398
12398
12398
12399
12399
12399
12400
12401
12401
12401
12401
12401
12401
12401
12402
12403
12403
12404
12405
12405
12406
12407
12409
12409
12410
12410
12411
12411
12412
12412
12412
12414
12414
12415
12417
12418
12418
12419
12420
12420
12420
12422
12422
12424
12425
12426
12428
12430
12432
12434
12435
12435
12436
12436
12437
12437
12438
12438
12438
12438
12439
12439
12440
12441
12441
12441
12443
12443
12445
12446
12446
12446
12446
12446
12447
12447
12449
12450
12450
12450
12450
12451
12453
12453
12454
12454
12454
12454
12455
12455
12455
12455
12456
12458
12460
12461
12463
12463
12463
12463
12464
12465
12466
12467
12469
12469
12469
12469
12470
12471
12472
12474
12474
12476
12476
12476
12476
12477
12478
12478
12478
12478
12478
12478
12479
12479
12480
12480
12480
12482
12483
12484
12487
12490
12490
12491
12492
12494
12495
12495
12496
12498
12500
12501
12502
12502
12502
12502
12502
12502
12502
12503
12504
12505
12506
12507
12509
12510
12511
12512
12514
12515
12518
12519
12520
12521
12522
12526
12527
12529
12529
12529
12530
12532
12533
12533
12534
12534
12535
12535
12536
12537
12537
12538
12538
12538
12538
12538
12538
12539
12541
12542
12542
12542
12544
12545
12545
12546
12546
12546
12546
12546
12546
12547
12548
12549
12551
12551
12551
12551
12551
12552
12552
12552
12552
12554
12557
12557
12557
12557
12557
12557
12557
12558
12558
12558
12560
12560
12563
12563
12563
12563
12563
12564
12565
12565
12566
12569
12569
12569
12571
12571
12571
12572
12573
12573
12574
12574
12574
12576
12577
12578
12578
12579
12579
12579
12581
12581
12581
12581
12581
12582
12583
12584
12586
12588
12589
12589
12589
12589
12589
12589
12589
12590
12590
12592
12593
12593
12593
12593
12594
12594
12594
12594
12594
12596
12596
12598
12599
12599
12599
12599
12599
12599
12600
12601
12602
12603
12604
12604
12605
12606
12607
12608
12610
12610
12610
12612
12612
12613
12614
12614
12615
12615
12616
12616
12616
12616
12618
12618
12618
12618
12619
12619
12620
12621
12621
12623
12623
12623
12625
12625
12626
12626
12627
12628
12629
12630
12631
12632
12632
12633
12634
12634
12634
12637
12638
12638
12638
12638
12641
12642
12644
12644
12644
12644
12645
12645
12645
12647
12647
12647
12649
12649
12649
12649
12649
12649
12649
12650
12651
12652
12653
12653
12654
12654
12655
12655
12656
12657
12657
12659
12659
12659
12659
12659
12659
12662
12662
12662
12663
12665
12665
12665
12667
12667
12668
12668
12669
12669
12670
12671
12673
12673
12674
12674
12675
12676
12679
12679
12679
12679
12681
12682
12682
12683
12683
12683
12684
12684
12684
12686
12687
12689
12689
12689
12690
12691
12692
12693
12693
12694
12694
12694
12695
12696
12696
12697
12697
12697
12697
12697
12697
12698
12701
12702
12702
12702
12704
12705
12706
12706
12706
12707
12708
12708
12708
12709
12709
12712
12714
12716
12717
12717
12717
12719
12721
12723
12723
12723
12724
12725
12727
12727
12729
12730
12730
12730
12730
12730
12730
12731
12731
12732
12733
12734
12735
12736
12736
12737
12737
12738
12738
12738
12738
12738
12738
12738
12738
12739
12739
12740
12740
12741
12742
12743
12743
12743
12743
12744
12744
12745
12746
12746
12747
12748
12750
12750
12750
12751
12752
12753
12754
12754
12756
12757
12759
12759
12760
12760
12762
12762
12762
12763
12763
12763
12764
12764
12764
12764
12765
12765
12768
12768
12768
12768
12769
12772
12773
12773
12774
12775
12775
12776
12777
12777
12778
12779
12781
12782
12782
12783
12783
12785
12785
12785
12786
12786
12787
12787
12787
12787
12788
12789
12789
12789
12790
12791
12791
12794
12795
12797
12797
12798
12799
12799
12799
12799
12800
12801
12801
12801
12804
12806
12806
12806
12807
12808
12809
12810
12810
12811
12813
12813
12813
12814
12815
12816
12816
12819
12819
12819
12819
12820
12820
12820
12821
12822
12822
12824
12824
12824
12824
12825
12825
12825
12825
12826
12828
12830
12831
12832
12833
12834
12835
12837
12838
12838
12839
12840
12840
12840
12842
12843
12844
12844
12846
12846
12847
12848
12849
12849
12850
12851
12851
12852
12852
12853
12854
12855
12857
12858
12858
12859
12859
12860
12863
12863
12864
12864
12864
12865
12865
12865
12865
12866
12868
12868
12869
12870
12872
12873
12873
12874
12875
12875
12877
12879
12880
12880
12882
12882
12882
12884
12884
12886
12886
12887
12889
12890
12892
12892
12892
12893
12893
12893
12894
12896
12896
12896
12896
12896
12896
12896
12896
12896
12896
12896
12897
12898
12900
12900
12900
12901
12901
12901
12903
12904
12905
12906
12906
12906
12907
12907
12907
12907
12909
12909
12909
12909
12909
12909
12909
12909
12909
12909
12909
12909
12912
12912
12912
12912
12913
12913
12914
12915
12916
12919
12919
12919
12919
12920
12923
12923
12925
12926
12928
12930
12934
12934
12935
12935
12937
12938
12938
12940
12941
12941
12943
12943
12943
12944
12946
12947
12948
12948
12948
12948
12948
12948
12949
12949
12949
12950
12950
12951
12951
12951
12952
12953
12955
12955
12956
12956
12957
12957
12957
12958
12958
12959
12959
12960
12961
12963
12964
12966
12968
12968
12968
12969
12969
12969
12971
12971
12972
12974
12975
12975
12976
12977
12979
12980
12981
12982
12983
12984
12984
12984
12984
12985
12985
12986
12987
12987
12990
12990
12990
12991
12991
12993
12993
12994
12994
12996
12998
12998
12998
12999
13000
13000
13000
13002
13002
13004
13004
13005
13005
13005
13006
13006
13006
13007
13007
13008
13008
13010
13011
13012
13013
13013
13013
13014
13014
13016
13016
13016
13016
13016
13016
13017
13019
13019
13020
13020
13021
13022
13022
13022
13024
13025
13026
13027
13028
13029
13030
13031
13031
13034
13034
13034
13036
13037
13037
13038
13038
13039
13040
13040
13041
13041
13041
13042
13045
13047
13047
13048
13049
13051
13051
13052
13052
13052
13053
13054
13056
13056
13056
13058
13058
13059
13060
13061
13061
13061
13062
13063
13065
13065
13065
13067
13068
13070
13070
13072
13073
13073
13074
13074
13074
13077
13077
13077
13077
13079
13082
13083
13083
13083
13083
13084
13084
13085
13086
13087
13087
13088
13088
13089
13089
13089
13090
13091
13091
13092
13093
13093
13094
13095
13095
13096
13098
13098
13099
13100
13100
13101
13101
13101
13103
13103
13103
13105
13106
13107
13107
13107
13107
13107
13107
13108
13108
13108
13109
13110
13112
13112
13112
13116
13116
13116
13116
13117
13118
13120
13122
13122
13123
13123
13123
13123
13126
13127
13128
13128
13128
13128
13130
13131
13131
13132
13132
13132
13132
13133
13135
13135
13137
13138
13140
13141
13143
13144
13144
13145
13145
13146
13147
13147
13148
13148
13149
13151
13152
13153
13153
13153
13153
13153
13154
13155
13156
13158
13159
13160
13160
13160
13160
13162
13164
13164
13165
13166
13167
13167
13167
13167
13170
13171
13172
13173
13173
13174
13175
13177
13177
13177
13177
13178
13178
13178
13179
13179
13180
13181
13183
13183
13183
13185
13185
13185
13186
13186
13187
13188
13188
13189
13190
13190
13190
13191
13192
13192
13193
13193
13194
13196
13199
13201
13203
13203
13205
13206
13206
13210
13213
13215
13216
13217
13217
13218
13219
13221
13222
13224
13226
13227
13228
13228
13229
13231
13232
13232
13234
13235
13235
13235
13235
13236
13236
13236
13236
13236
13237
13237
13238
13239
13239
13239
13241
13242
13242
13242
13242
13243
13243
13244
13244
13245
13245
13245
13246
13246
13246
13246
13247
13247
13248
13248
13250
13252
13252
13253
13253
13253
13254
13256
13258
13258
13259
13259
13260
13261
13261
13261
13261
13262
13264
13267
13268
13268
13270
13271
13272
13273
13273
13274
13277
13277
13278
13279
13280
13281
13282
13283
13285
13286
13288
13288
13288
13288
13288
13289
13290
13290
13290
13290
13292
13292
13292
13293
13293
13293
13293
13295
13296
13296
13296
13296
13297
13297
13299
13300
13302
13303
13303
13303
13303
13305
13305
13305
13305
13306
13308
13308
13309
13309
13313
13313
13314
13314
13316
13316
13317
13317
13317
13317
13318
13319
13320
13321
13321
13322
13324
13324
13325
13325
13325
13327
13328
13328
13328
13329
13329
13329
13329
13330
13330
13331
13332
13332
13332
13334
13334
13334
13338
13338
13338
13338
13338
13339
13340
13340
13341
13342
13343
13343
13343
13343
13346
13349
13352
13352
13353
13355
13358
13358
13359
13361
13362
13362
13362
13362
13363
13364
13365
13366
13366
13367
13367
13367
13368
13370
13371
13372
13374
13376
13377
13377
13380
13380
13381
13383
13383
13383
13383
13385
13387
13388
13389
13389
13390
13391
13391
13392
13393
13394
13395
13395
13397
13401
13402
13403
13403
13404
13405
13406
13406
13407
13408
13408
13408
13409
13410
13412
13412
13413
13414
13414
13416
13416
13417
13418
13419
13419
13420
13420
13421
13421
13421
13421
13421
13421
13422
13422
13423
13425
13425
13427
13427
13427
13428
13428
13428
13428
13430
13432
13433
13433
13433
13433
13433
13433
13434
13434
13436
13436
13436
13436
13436
13436
13437
13437
13437
13438
13438
13438
13439
13439
13439
13440
13440
13441
13443
13443
13445
13445
13445
13445
13446
13447
13448
13448
13449
13449
13449
13450
13450
13452
13452
13452
13453
13453
13453
13453
13453
13455
13455
13456
13457
13459
13460
13461
13461
13461
13461
13461
13462
13463
13463
13463
13464
13465
13465
13467
13467
13467
13467
13468
13469
13469
13471
13473
13473
13473
13473
13475
13476
13476
13478
13478
13479
13480
13480
13481
13481
13483
13484
13485
13486
13486
13488
13488
13489
13490
13490
13493
13495
13497
13498
13500
13500
13501
13502
13503
13503
13504
13505
13505
13505
13505
13505
13506
13506
13508
13508
13509
13510
13511
13511
13511
13512
13512
13512
13512
13512
13513
13514
13514
13515
13515
13515
13517
13517
13518
13520
13520
13521
13521
13521
13522
13522
13523
13525
13525
13525
13526
13526
13526
13527
13527
13528
13530
13530
13530
13530
13533
13533
13533
13533
13534
13534
13534
13535
13535
13535
13535
13537
13537
13537
13539
13539
13541
13542
13543
13544
13545
13546
13546
13546
13546
13547
13547
13548
13548
13548
13548
13549
13551
13552
13552
13552
13552
13552
13552
13553
13554
13554
13555
13555
13555
13556
13557
13557
13558
13558
13562
13564
13566
13567
13569
13570
13570
13571
13572
13573
13574
13575
13576
13577
13579
13580
13581
13581
13582
13583
13584
13584
13584
13584
13586
13587
13587
13588
13588
13588
13589
13590
13592
13594
13594
13594
13595
13597
13598
13598
13599
13601
13601
13601
13601
13603
13603
13606
13606
13609
13610
13611
13611
13611
13611
13615
13617
13617
13617
13618
13619
13621
13621
13621
13621
13621
13622
13625
13626
13627
13627
13629
13630
13632
13632
13635
13636
13636
13637
13637
13638
13638
13638
13638
13639
13640
13640
13642
13643
13643
13644
13645
13645
13645
13647
13648
13648
13649
13650
13651
13652
13653
13654
13655
13655
13656
13658
13659
13659
13660
13660
13662
13663
13663
13663
13663
13664
13664
13665
13665
13666
13666
13666
13666
13667
13668
13668
13670
13671
13672
13672
13672
13672
13672
13673
13673
13675
13678
13678
13680
13680
13681
13683
13684
13687
13688
13688
13688
13688
13689
13691
13691
13691
13692
13693
13693
13694
13695
13695
13696
13697
13697
13698
13698
13698
13699
13699
13700
13700
13700
13701
13701
13702
13702
13704
13704
13704
13704
13704
13704
13704
13705
13705
13706
13707
13707
13708
13709
13710
13711
13711
13712
13713
13713
13714
13714
13715
13716
13718
13718
13718
13720
13720
13722
13723
13724
13724
13725
13725
13725
13728
13728
13728
13728
13728
13729
13729
13730
13730
13730
13731
13731
13731
13731
13733
13735
13735
13735
13736
13738
13738
13738
13738
13739
13740
13740
13740
13741
13742
13744
13745
13745
13745
13745
13749
13749
13751
13751
13751
13752
13752
13753
13754
13755
13756
13756
13756
13756
13757
13757
13759
13760
13761
13762
13762
13762
13763
13763
13766
13767
13767
13767
13768
13768
13769
13769
13771
13772
13773
13774
13774
13777
13778
13779
13780
13782
13783
13785
13787
13787
13787
13788
13788
13788
13788
13789
13790
13790
13792
13793
13795
13795
13796
13796
13796
13797
13798
13798
13798
13800
13800
13803
13803
13805
13805
13805
13805
13807
13807
13809
13810
13811
13811
13812
13812
13812
13812
13813
13814
13815
13817
13817
13817
13819
13820
13820
13821
13823
13825
13825
13826
13827
13827
13827
13827
13828
13830
13830
13830
13831
13831
13833
13833
13833
13833
13833
13835
13835
13835
13836
13837
13839
13840
13840
13840
13842
13842
13842
13843
13843
13843
13843
13843
13843
13843
13844
13845
13846
13846
13846
13846
13846
13847
13847
13848
13848
13850
13851
13852
13853
13853
13854
13854
13855
13855
13857
13860
13861
13862
13864
13865
13865
13865
13865
13866
13867
13870
13870
13872
13873
13873
13873
13873
13875
13876
13878
13878
13880
13880
13881
13881
13881
13883
13884
13884
13884
13884
13884
13884
13884
13884
13885
13885
13886
13888
13889
13890
13890
13890
13890
13890
13890
13891
13892
13894
13895
13896
13897
13898
13899
13899
13900
13900
13900
13902
13903
13903
13907
13907
13907
13907
13907
13907
13907
13908
13908
13908
13909
13910
13910
13912
13912
13913
13914
13915
13915
13916
13916
13916
13917
13917
13918
13918
13919
13919
13919
13920
13920
13920
13920
13920
13922
13924
13924
13924
13924
13924
13925
13926
13926
13926
13926
13926
13927
13927
13929
13931
13932
13933
13933
13933
13933
13933
13933
13933
13934
13934
13934
13934
13935
13937
13937
13939
13939
13940
13940
13940
13941
13941
13941
13941
13941
13944
13945
13947
13950
13951
13952
13952
13953
13954
13956
13957
13959
13960
13961
13961
13962
13964
13964
13964
13964
13964
13965
13966
13968
13970
13971
13972
13973
13973
13973
13973
13973
13973
13973
13973
13973
13973
13973
13974
13975
13975
13976
13977
13977
13977
13977
13978
13979
13980
13980
13980
13980
13981
13982
13982
13983
13984
13986
13987
13988
13989
13989
13989
13989
13990
13990
13990
13992
13993
13993
13993
13993
13994
13994
13995
13996
13996
13999
14000
14000
14003
14004
14004
14004
14004
14005
14005
14005
14007
14007
14008
14009
14011
14011
14011
14012
14013
14014
14014
14017
14017
14019
14021
14022
14024
14024
14025
14025
14025
14025
14026
14028
14029
14031
14032
14033
14033
14033
14033
14035
14037
14038
14038
14038
14038
14039
14040
14044
14045
14046
14046
14046
14046
14048
14050
14051
14052
14052
14053
14053
14053
14054
14056
14056
14057
14058
14058
14061
14061
14062
14062
14064
14066
14068
14068
14069
14070
14071
14071
14071
14071
14072
14073
14073
14073
14073
14074
14075
14075
14075
14076
14077
14077
14078
14079
14080
14081
14081
14082
14084
14084
14084
14084
14084
14085
14085
14087
14089
14091
14092
14094
14095
14095
14097
14099
14100
14101
14102
14103
14103
14103
14103
14104
14105
14105
14107
14109
14110
14111
14111
14111
14111
14111
14113
14113
14113
14114
14115
14115
14116
14117
14118
14119
14119
14120
14121
14123
14124
14124
14124
14126
14127
14128
14129
14130
14130
14131
14131
14131
14133
14133
14133
14134
14135
14136
14136
14137
14139
14140
14142
14142
14143
14144
14146
14148
14148
14148
14148
14148
14148
14148
14148
14149
14150
14152
14154
14154
14155
14157
14157
14157
14158
14159
14159
14160
14160
14161
14161
14163
14165
14166
14167
14168
14169
14169
14169
14169
14169
14169
14170
14170
14172
14172
14174
14175
14176
14176
14177
14178
14179
14179
14181
14181
14182
14184
14184
14184
14184
14184
14185
14186
14186
14186
14186
14186
14187
14188
14191
14192
14193
14193
14194
14194
14195
14197
14198
14199
14200
14200
14201
14201
14202
14203
14204
14205
14206
14208
14209
14211
14211
14212
14212
14212
14212
14212
14214
14214
14214
14215
14215
14215
14216
14216
14218
14219
14221
14221
14222
14222
14222
14222
14222
14224
14225
14226
14228
14228
14228
14228
14229
14230
14231
14234
14234
14234
14235
14236
14236
14236
14238
14238
14239
14240
14241
14242
14243
14244
14245
14245
14246
14247
14247
14248
14248
14249
14250
14250
14250
14250
14252
14253
14253
14253
14254
14254
14255
14255
14255
14256
14258
14259
14260
14260
14262
14264
14264
14264
14264
14264
14264
14264
14264
14264
14266
14266
14266
14266
14268
14268
14268
14270
14272
14272
14273
14273
14273
14273
14277
14278
14279
14279
14280
14280
14282
14283
14286
14287
14288
14290
14291
14291
14291
14292
14293
14293
14293
14294
14294
14297
14297
14297
14297
14300
14302
14302
14302
14302
14303
14303
14304
14305
14305
14307
14308
14309
14310
14310
14311
14312
14315
14316
14317
14318
14319
14320
14320
14321
14323
14324
14326
14327
14329
14329
14329
14329
14329
14330
14330
14332
14334
14334
14335
14335
14335
14337
14338
14338
14339
14340
14340
14342
14343
14343
14343
14346
14346
14347
14347
14348
14350
14351
14351
14351
14351
14351
14351
14351
14352
14352
14352
14353
14355
14358
14359
14359
14360
14360
14361
14362
14363
14364
14364
14364
14365
14365
14365
14366
14366
14368
14371
14372
14372
14373
14373
14374
14376
14376
14376
14377
14378
14378
14378
14378
14379
14380
14380
14380
14380
14382
14382
14382
14382
14384
14386
14387
14387
14387
14387
14389
14389
14389
14390
14391
14391
14392
14394
14394
14396
14396
14396
14397
14399
14399
14400
14402
14402
14403
14404
14405
14407
14409
14410
14410
14410
14411
14413
14414
14416
14417
14418
14418
14418
14419
14420
14420
14421
14423
14424
14424
14425
14425
14426
14426
14428
14429
14430
14430
14431
14432
14433
14433
14434
14435
14435
14437
14437
14438
14438
14438
14440
14442
14443
14443
14444
14445
14445
14445
14445
14447
14447
14447
14447
14447
14447
14447
14447
14450
14450
14452
14452
14452
14452
14453
14454
14454
14455
14455
14456
14456
14456
14456
14456
14457
14458
14459
14460
14463
14463
14465
14466
14467
14468
14468
14469
14469
14469
14470
14470
14470
14470
14473
14473
14473
14474
14475
14477
14480
14481
14482
14482
14482
14484
14484
14485
14486
14488
14488
14489
14490
14490
14490
14491
14492
14493
14493
14494
14495
14496
14496
14496
14496
14497
14498
14499
14500
14501
14502
14502
14504
14505
14505
14506
14508
14508
14509
14509
14509
14509
14510
14512
14513
14513
14513
14514
14514
14514
14514
14514
14515
14515
14515
14515
14515
14516
14516
14517
14519
14519
14521
14522
14522
14522
14523
14524
14524
14524
14524
14526
14527
14528
14529
14531
14532
14532
14532
14532
14533
14533
14533
14533
14533
14534
14536
14536
14536
14536
14536
14536
14536
14539
14540
14540
14540
14541
14542
14543
14543
14543
14543
14544
14546
14546
14546
14546
14546
14547
14548
14549
14550
14550
14550
14551
14554
14554
14555
14556
14557
14558
14558
14559
14560
14560
14564
14565
14566
14567
14569
14570
14571
14574
14576
14579
14580
14580
14581
14582
14583
14583
14586
14586
14586
14587
14587
14588
14589
14590
14592
14595
14595
14596
14597
14597
14598
14599
14600
14600
14602
14602
14602
14603
14605
14606
14606
14608
14609
14610
14612
14614
14614
14615
14615
14615
14616
14617
14617
14618
14618
14620
14621
14622
14624
14626
14628
14628
14629
14632
14632
14633
14633
14633
14634
14634
14634
14634
14634
14638
14638
14638
14639
14639
14639
14639
14639
14639
14641
14641
14641
14642
14642
14642
14643
14645
14646
14646
14647
14647
14647
14647
14649
14651
14652
14652
14652
14653
14653
14654
14654
14655
14656
14657
14657
14660
14661
14661
14662
14662
14662
14663
14665
14665
14665
14666
14668
14668
14669
14670
14671
14671
14671
14673
14674
14677
14680
14681
14681
14683
14683
14683
14684
14684
14686
14687
14687
14689
14690
14690
14691
14691
14692
14692
14692
14693
14694
14696
14696
14696
14697
14697
14698
14698
14699
14701
14703
14703
14703
14703
14703
14704
14705
14706
14707
14707
14707
14707
14708
14709
14710
14710
14712
14712
14712
14712
14713
14714
14714
14714
14714
14714
14714
14716
14718
14719
14720
14720
14720
14720
14720
14721
14723
14724
14725
14725
14725
14725
14725
14725
14726
14726
14726
14727
14727
14727
14728
14729
14730
14731
14732
14732
14732
14733
14733
14733
14734
14735
14735
14736
14736
14737
14739
14739
14739
14741
14741
14743
14743
14744
14745
14746
14746
14747
14748
14748
14748
14748
14749
14752
14752
14752
14753
14754
14757
14759
14760
14760
14760
14760
14760
14761
14763
14763
14765
14765
14767
14767
14768
14769
14769
14769
14769
14771
14772
14774
14774
14774
14775
14775
14776
14777
14777
14778
14779
14780
14780
14780
14782
14783
14783
14783
14784
14785
14788
14788
14789
14790
14792
14792
14794
14796
14797
14798
14799
14800
14801
14805
14806
14807
14809
14809
14810
14810
14810
14810
14810
14810
14813
14814
14815
14815
14817
14817
14818
14819
14819
14820
14820
14820
14821
14821
14822
14823
14824
14826
14826
14826
14826
14827
14827
14828
14829
14829
14829
14831
14832
14833
14834
14834
14836
14837
14837
14839
14839
14839
14839
14840
14842
14844
14844
14846
14847
14847
14848
14849
14849
14851
14851
14852
14852
14853
14855
14856
14856
14858
14859
14860
14861
14861
14862
14862
14862
14864
14865
14866
14867
14867
14868
14869
14871
14872
14873
14875
14876
14876
14877
14880
14880
14881
14883
14883
14883
14883
14884
14885
14887
14887
14888
14889
14889
14890
14892
14892
14894
14894
14894
14895
14896
14896
14897
14898
14899
14899
14899
14901
14901
14903
14903
14903
14904
14904
14904
14905
14905
14906
14906
14909
14909
14909
14909
14910
14911
14912
14912
14914
14915
14916
14917
14918
14918
14918
14918
14918
14919
14920
14921
14921
14921
14921
14921
14921
14921
14922
14922
14922
14922
14923
14923
14923
14923
14924
14924
14924
14925
14926
14927
14928
14930
14931
14932
14934
14934
14935
14936
14936
14936
14936
14937
14938
14938
14938
14938
14939
14939
14941
14941
14941
14941
14941
14941
14943
14943
14945
14946
14947
14947
14947
14947
14948
14948
14948
14948
14948
14948
14949
14949
14951
14952
14955
14955
14957
14958
14959
14959
14959
14960
14960
14960
14961
14963
14964
14964
14965
14966
14967
14967
14967
14969
14970
14971
14972
14972
14973
14974
14974
14975
14977
14977
14978
14978
14981
14983
14983
14983
14983
14983
14983
14984
14984
14985
14985
14985
14986
14986
14986
14986
14987
14987
14988
14988
14989
14989
14989
14991
14991
14991
14991
14992
14992
14992
14992
14992
14994
14994
14994
14994
14994
14996
14997
14997
14997
14999
15001
15001
15001
15001
15002
15002
15002
15002
15003
15004
15006
15007
15007
15008
15009
15009
15011
15012
15013
15014
15015
15016
15016
15017
15018
15020
15020
15022
15022
15022
15022
15022
15022
15022
15023
15026
15026
15026
15026
15029
15030
15032
15032
15033
15035
15035
15036
15038
15039
15039
15039
15042
15042
15044
15044
15044
15044
15046
15046
15047
15048
15049
15049
15050
15050
15050
15050
15050
15051
15052
15053
15055
15055
15055
15055
15056
15057
15058
15058
15059
15059
15061
15062
15062
15063
15064
15065
15065
15066
15067
15068
15068
15069
15069
15072
15074
15075
15075
15076
15076
15076
15077
15079
15079
15080
15081
15081
15081
15081
15082
15083
15083
15083
15083
15084
15085
15085
15086
15087
15088
15088
15088
15088
15089
15091
15093
15094
15095
15096
15096
15097
15098
15099
15100
15100
15101
15101
15101
15102
15102
15104
15104
15106
15106
15107
15107
15108
15110
15111
15112
15112
15113
15114
15115
15115
15117
15117
15117
15117
15117
15119
15119
15122
15122
15123
15123
15124
15125
15126
15127
15128
15129
15129
15130
15132
15133
15134
15135
15135
15136
15138
15139
15139
15142
15143
15143
15143
15143
15143
15144
15145
15145
15145
15146
15146
15148
15150
15151
15152
15152
15152
15152
15153
15154
15155
15155
15156
15157
15157
15160
15160
15162
15162
15162
15163
15163
15163
15165
15167
15167
15167
15168
15170
15171
15171
15172
15172
15172
15173
15173
15175
15175
15175
15176
15176
15177
15177
15177
15177
15177
15177
15178
15178
15180
15181
15181
15183
15184
15186
15186
15186
15186
15186
15186
15186
15187
15188
15188
15189
15190
15191
15191
15191
15191
15192
15194
15196
15196
15196
15198
15198
15198
15198
15199
15199
15200
15201
15202
15204
15204
15204
15205
15205
15206
15207
15209
15210
15211
15211
15212
15212
15212
15212
15212
15212
15212
15212
15212
15214
15214
15217
15217
15218
15219
15219
15221
15223
15224
15226
15226
15227
15227
15228
15228
15228
15229
15230
15230
15230
15231
15232
15232
15233
15233
15233
15233
15235
15236
15237
15237
15238
15238
15238
15239
15240
15242
15243
15243
15244
15245
15245
15245
15246
15247
15247
15247
15247
15248
15248
15248
15248
15249
15249
15250
15252
15252
15253
15255
15256
15257
15257
15258
15258
15260
15261
15263
15264
15264
15265
15266
15267
15267
15267
15267
15269
15271
15272
15273
15274
15276
15277
15277
15277
15278
15279
15280
15280
15280
15282
15285
15285
15286
15287
15289
15289
15289
15289
15290
15292
15293
15295
15295
15295
15295
15297
15297
15297
15297
15297
15297
15297
15297
15297
15297
15298
15298
15299
15299
15300
15301
15301
15303
15304
15305
15306
15308
15308
15308
15308
15309
15309
15310
15310
15310
15311
15313
15313
15315
15316
15316
15316
15316
15317
15317
15319
15322
15323
15324
15325
15325
15326
15326
15326
15326
15326
15326
15326
15327
15328
15328
15330
15331
15331
15331
15332
15333
15333
15333
15333
15334
15335
15335
15337
15338
15339
15341
15342
15343
15344
15344
15345
15345
15345
15347
15350
15351
15351
15351
15352
15352
15352
15353
15354
15356
15356
15356
15357
15357
15359
15359
15360
15361
15361
15362
15362
15363
15363
15364
15365
15366
15366
15366
15367
15367
15367
15367
15368
15371
15372
15372
15372
15372
15372
15373
15374
15375
15375
15376
15378
15379
15379
15379
15379
15380
15380
15381
15381
15381
15382
15382
15384
15385
15385
15385
15385
15385
15385
15385
15385
15385
15386
15388
15388
15389
15389
15392
15393
15393
15393
15394
15394
15394
15395
15395
15397
15397
15397
15398
15398
15398
15398
15400
15400
15401
15401
15401
15401
15401
15401
