3143
3143
3143
3143
3143
3143
3143
3144
3144
3144
3144
3146
3146
3146
3147
3147
3147
3147
3147
3148
3148
3148
3148
3148
3149
3150
3150
3150
3150
3150
3150
3150
3150
3151
3151
3151
3151
3151
3151
3151
3151
3151
3151
3151
3151
3151
3151
3151
3151
3152
3152
3152
3152
3152
3152
3152
3152
3152
3153
3153
3153
3153
3153
3153
3153
3153
3154
3154
3155
3155
3155
3155
3155
3155
3155
3156
3156
3156
3156
3156
3156
3156
3157
3157
3157
3158
3159
3160
3160
3160
3160
3160
3160
3160
3160
3160
3161
3161
3161
3162
3163
3163
3163
3163
3163
3163
3163
3163
3163
3163
3163
3163
3163
3163
3163
3163
3163
3163
3164
3164
3164
3164
3164
3164
3164
3164
3164
3164
3165
3165
3165
3165
3165
3165
3165
3165
3166
3167
3167
3167
3167
3167
3167
3167
3167
3167
3167
3167
3167
3167
3167
3168
3168
3168
3168
3168
3168
3168
3168
3168
3170
3170
3170
3170
3170
3170
3171
3172
3173
3173
3173
3173
3173
3173
3173
3173
3174
3174
3174
3174
3174
3174
3174
3174
3175
3175
3175
3176
3176
3176
3176
3176
3176
3176
3178
3178
3178
3178
3178
3178
3178
3178
3178
3178
3178
3178
3178
3178
3178
3178
3178
3178
3178
3178
3179
3179
3179
3180
3180
3180
3181
3182
3183
3184
3184
3185
3186
3186
3186
3186
3186
3187
3187
3187
3188
3188
3188
3189
3190
3190
3190
3191
3191
3191
3191
3191
3191
3192
3192
3192
3192
3192
3192
3192
3192
3193
3193
3193
3193
3193
3193
3194
3194
3194
3195
3195
3195
3195
3195
3196
3196
3196
3197
3197
3197
3197
3198
3198
3198
3198
3199
3199
3200
3200
3200
3201
3202
3203
3203
3204
3205
3205
3205
3205
3206
3206
3206
3206
3206
3206
3206
3207
3207
3207
3208
3209
3210
3210
3210
3210
3210
3210
3210
3211
3211
3211
3211
3211
3212
3212
3212
3212
3212
3212
3212
3212
3212
3213
3213
3213
3214
3214
3214
3215
3215
3215
3215
3215
3215
3215
3217
3218
3218
3218
3218
3219
3219
3219
3219
3219
3219
3220
3220
3220
3220
3220
3220
3220
3220
3221
3221
3221
3221
3221
3221
3221
3221
3221
3221
3222
3222
3222
3222
3222
3223
3223
3223
3223
3223
3224
3224
3224
3224
3224
3225
3225
3225
3225
3226
3227
3228
3228
3228
3228
3229
3229
3229
3229
3230
3231
3231
3231
3231
3231
3231
3231
3231
3231
3231
3231
3231
3231
3232
3232
3232
3232
3232
3233
3233
3233
3234
3235
3236
3236
3236
3236
3238
3238
3238
3238
3239
3241
3242
3242
3242
3242
3242
3242
3242
3242
3242
3242
3242
3242
3242
3242
3242
3243
3243
3243
3243
3243
3244
3244
3244
3245
3245
3245
3245
3245
3246
3246
3246
3246
3247
3247
3247
3247
3247
3247
3248
3248
3248
3249
3250
3251
3252
3252
3252
3252
3252
3252
3252
3252
3252
3252
3252
3252
3252
3252
3252
3252
3252
3254
3254
3254
3254
3254
3254
3254
3255
3255
3255
3255
3256
3256
3256
3256
3258
3258
3258
3258
3258
3259
3259
3259
3260
3261
3261
3261
3261
3261
3261
3263
3264
3264
3264
3264
3266
3266
3267
3267
3267
3267
3267
3267
3267
3267
3267
3267
3267
3267
3267
3268
3268
3268
3269
3269
3269
3269
3269
3269
3269
3269
3269
3269
3269
3269
3269
3269
3269
3270
3270
3270
3270
3270
3271
3271
3271
3272
3272
3272
3272
3272
3272
3273
3274
3274
3274
3274
3274
3274
3274
3274
3274
3274
3274
3275
3275
3275
3275
3275
3275
3275
3275
3275
3275
3275
3275
3276
3276
3276
3276
3276
3276
3276
3276
3276
3276
3276
3276
3276
3278
3279
3280
3281
3281
3281
3281
3281
3281
3281
3281
3281
3281
3282
3282
3282
3282
3282
3282
3282
3282
3282
3282
3282
3282
3282
3282
3283
3285
3285
3285
3285
3286
3287
3287
3287
3287
3287
3287
3287
3288
3288
3288
3288
3288
3289
3289
3289
3290
3292
3293
3293
3293
3293
3293
3293
3293
3293
3293
3294
3294
3294
3294
3294
3294
3294
3294
3294
3294
3294
3294
3294
3294
3294
3295
3295
3296
3296
3296
3296
3296
3297
3297
3297
3298
3298
3298
3298
3298
3298
3299
3299
3300
3300
3300
3300
3300
3300
3300
3300
3300
3300
3301
3301
3301
3301
3301
3301
3301
3302
3302
3302
3302
3302
3302
3302
3302
3302
3302
3304
3304
3304
3304
3304
3304
3304
3304
3305
3306
3306
3306
3306
3306
3306
3306
3306
3306
3306
3306
3306
3306
3306
3306
3306
3306
3306
3306
3307
3308
3308
3308
3308
3308
3308
3308
3308
3308
3308
3308
3308
3308
3308
3308
3308
3308
3308
3308
3308
3309
3309
3310
3310
3311
3311
3311
3311
3311
3311
3311
3311
3312
3312
3312
3312
3312
3312
3312
3312
3312
3312
3312
3312
3312
3312
3312
3313
3314
3315
3316
3316
3316
3316
3316
3316
3316
3316
3316
3316
3316
3317
3317
3318
3318
3318
3318
3319
3319
3319
3319
3319
3320
3320
3320
3320
3320
3320
3321
3321
3321
3321
3321
3321
3321
3321
3321
3321
3323
3325
3325
3325
3325
3325
3325
3325
3325
3325
3325
3326
3328
3328
3328
3328
3328
3328
3328
3328
3328
3328
3328
3328
3328
3328
3329
3329
3329
3329
3329
3329
3329
3329
3329
3329
3329
3330
3331
3331
3331
3332
3332
3332
3332
3332
3332
3332
3333
3333
3333
3334
3334
3334
3334
3334
3334
3334
3334
3334
3334
3334
3334
3334
3335
3335
3335
3335
3336
3336
3336
3336
3336
3336
3336
3337
3337
3337
3337
3337
3337
3337
3337
3337
3338
3338
3338
3338
3339
3339
3339
3339
3339
3339
3339
3339
3339
3339
3339
3339
3339
3340
3341
3341
3342
3342
3343
3343
3343
3344
3344
3344
3344
3345
3345
3345
3345
3346
3346
3346
3346
3346
3346
3346
3346
3346
3346
3346
3346
3346
3346
3346
3346
3346
3346
3346
3346
3346
3346
3348
3349
3349
3350
3350
3350
3350
3351
3351
3351
3351
3351
3351
3351
3351
3351
3351
3351
3351
3351
3351
3351
3352
3352
3352
3353
3354
3354
3354
3354
3354
3354
3354
3355
3355
3355
3355
3355
3355
3355
3355
3355
3355
3355
3356
3356
3356
3356
3356
3356
3356
3356
3356
3356
3356
3357
3357
3357
3357
3357
3357
3357
3357
3357
3358
3358
3358
3358
3359
3359
3359
3359
3359
3359
3359
3359
3360
3360
3360
3360
3361
3361
3361
3361
3362
3362
3362
3363
3363
3363
3363
3364
3364
3364
3364
3364
3364
3364
3364
3364
3364
3365
3365
3366
3366
3366
3366
3366
3366
3366
3366
3366
3366
3366
3366
3367
3367
3367
3367
3367
3367
3368
3368
3368
3368
3368
3368
3368
3368
3368
3368
3368
3368
3368
3368
3368
3368
3368
3368
3368
3368
3368
3368
3368
3368
3368
3368
3368
3368
3368
3368
3368
3368
3368
3368
3369
3369
3369
3370
3370
3370
3370
3370
3370
3371
3371
3371
3371
3371
3371
3371
3371
3372
3372
3373
3374
3374
3374
3374
3374
3374
3375
3375
3375
3375
3375
3376
3376
3376
3376
3376
3376
3377
3377
3377
3377
3377
3377
3378
3378
3378
3379
3379
3379
3379
3379
3380
3380
3380
3380
3381
3381
3381
3382
3382
3382
3382
3383
3383
3383
3383
3383
3383
3383
3383
3383
3383
3383
3383
3384
3384
3384
3384
3385
3385
3385
3385
3386
3386
3386
3386
3386
3387
3387
3387
3387
3387
3387
3387
3387
3387
3387
3387
3387
3387
3387
3387
3387
3387
3388
3388
3388
3389
3389
3389
3389
3389
3389
3389
3389
3389
3390
3390
3390
3390
3390
3390
3390
3390
3390
3390
3390
3390
3390
3390
3390
3390
3390
3390
3390
3390
3390
3390
3391
3392
3392
3392
3392
3392
3392
3392
3392
3392
3392
3392
3392
3394
3394
3394
3394
3394
3394
3394
3394
3394
3394
3394
3394
3395
3396
3396
3396
3396
3396
3396
3396
3396
3397
3397
3397
3397
3397
3397
3398
3398
3398
3398
3398
3398
3398
3398
3398
3398
3398
3398
3399
3399
3399
3400
3401
3401
3401
3402
3402
3403
3404
3405
3405
3405
3405
3405
3405
3405
3405
3405
3405
3405
3405
3406
3407
3407
3407
3408
3408
3408
3409
3409
3409
3409
3409
3409
3409
3409
3409
3409
3409
3409
3409
3409
3409
3409
3409
3409
3409
3409
3409
3409
3409
3409
3409
3409
3409
3409
3409
3409
3409
3410
3410
3410
3410
3411
3411
3411
3411
3411
3411
3411
3411
3411
3411
3411
3411
3411
3411
3411
3411
3411
3411
3412
3412
3412
3412
3412
3413
3413
3414
3416
3416
3417
3417
3418
3418
3418
3418
3419
3420
3420
3420
3420
3421
3421
3421
3421
3421
3423
3423
3423
3423
3423
3425
3425
3425
3425
3425
3425
3426
3426
3426
3426
3426
3426
3426
3426
3426
3426
3426
3426
3426
3426
3426
3426
3426
3426
3426
3426
3426
3426
3427
3428
3428
3428
3428
3428
3428
3428
3428
3428
3428
3428
3428
3428
3428
3428
3428
3428
3428
3428
3428
3429
3429
3429
3429
3429
3430
3430
3430
3430
3431
3431
3431
3431
3431
3431
3431
3431
3431
3431
3431
3431
3431
3431
3431
3431
3432
3433
3434
3434
3434
3435
3435
3435
3435
3435
3435
3435
3435
3435
3435
3435
3435
3435
3435
3435
3435
3436
3436
3436
3437
3438
3438
3438
3438
3438
3438
3438
3439
3441
3441
3442
3442
3442
3442
3442
3443
3443
3443
3444
3444
3444
3444
3444
3444
3444
3444
3444
3444
3445
3445
3446
3446
3446
3446
3446
3446
3446
3446
3446
3447
3447
3447
3447
3447
3447
3447
3447
3447
3447
3447
3447
3447
3447
3447
3447
3447
3447
3447
3447
3448
3448
3449
3450
3450
3450
3450
3450
3450
3450
3450
3450
3450
3450
3451
3451
3451
3452
3452
3452
3452
3452
3452
3453
3453
3453
3455
3455
3455
3455
3455
3455
3455
3455
3455
3455
3455
3455
3455
3456
3456
3456
3456
3456
3456
3457
3457
3457
3457
3457
3457
3458
3458
3458
3458
3458
3458
3458
3458
3459
3459
3459
3459
3459
3459
3459
3459
3459
3459
3459
3459
3459
3460
3460
3461
3461
3461
3462
3462
3464
3464
3464
3466
3466
3467
3467
3468
3468
3468
3468
3468
3468
3468
3468
3468
3468
3468
3468
3468
3468
3469
3470
3470
3470
3470
3470
3470
3470
3470
3471
3471
3471
3471
3471
3471
3472
3472
3472
3472
3473
3473
3473
3473
3474
3474
3474
3474
3475
3475
3475
3475
3475
3475
3476
3476
3476
3477
3478
3478
3479
3480
3481
3481
3481
3481
3481
3482
3482
3482
3482
3482
3482
3482
3482
3482
3482
3482
3482
3482
3482
3482
3482
3482
3482
3482
3482
3482
3482
3482
3482
3483
3483
3484
3484
3484
3484
3484
3485
3485
3485
3485
3485
3486
3486
3486
3486
3486
3486
3487
3487
3487
3487
3487
3487
3487
3487
3487
3487
3487
3487
3487
3487
3487
3487
3488
3488
3488
3489
3489
3489
3489
3489
3489
3489
3489
3489
3489
3489
3489
3489
3489
3489
3489
3489
3489
3490
3490
3491
3492
3493
3493
3493
3493
3493
3493
3493
3493
3493
3493
3493
3493
3493
3493
3493
3493
3493
3493
3494
3494
3494
3495
3495
3495
3495
3495
3495
3495
3496
3496
3496
3496
3496
3496
3496
3496
3496
3496
3496
3496
3496
3496
3496
3496
3496
3496
3496
3496
3496
3497
3497
3497
3497
3497
3497
3497
3497
3497
3497
3497
3497
3497
3497
3497
3498
3498
3498
3498
3498
3498
3498
3498
3498
3499
3500
3500
3500
3500
3500
3500
3500
3500
3501
3501
3501
3501
3501
3501
3501
3502
3504
3504
3504
3504
3504
3504
3505
3505
3506
3506
3507
3507
3507
3508
3508
3508
3508
3508
3508
3508
3509
3510
3510
3511
3511
3511
3511
3511
3511
3512
3513
3513
3513
3513
3513
3513
3513
3513
3514
3514
3516
3516
3516
3516
3516
3516
3516
3516
3516
3516
3516
3516
3516
3516
3516
3516
3516
3516
3516
3516
3516
3516
3517
3518
3518
3518
3518
3518
3518
3519
3519
3519
3520
3520
3520
3520
3520
3520
3520
3520
3521
3521
3521
3521
3522
3522
3522
3522
3522
3522
3522
3523
3523
3523
3523
3524
3524
3525
3525
3525
3526
3526
3526
3527
3527
3527
3527
3527
3527
3527
3528
3529
3529
3529
3529
3529
3529
3529
3529
3529
3530
3530
3531
3531
3533
3533
3533
3533
3534
3534
3534
3535
3535
3535
3535
3535
3535
3536
3536
3536
3536
3536
3536
3536
3536
3537
3537
3538
3538
3538
3539
3539
3539
3539
3539
3539
3539
3539
3539
3539
3539
3539
3540
3540
3540
3540
3541
3541
3541
3541
3541
3541
3541
3541
3541
3541
3541
3541
3541
3541
3542
3543
3543
3543
3543
3543
3543
3543
3543
3543
3543
3543
3543
3543
3543
3544
3544
3545
3545
3545
3545
3545
3545
3545
3545
3545
3545
3545
3545
3545
3546
3546
3546
3546
3547
3548
3548
3548
3549
3550
3550
3550
3550
3550
3550
3551
3551
3551
3552
3553
3553
3554
3554
3554
3554
3555
3556
3556
3557
3557
3557
3557
3557
3557
3557
3557
3557
3557
3558
3558
3558
3558
3558
3558
3558
3558
3558
3559
3559
3559
3559
3559
3559
3559
3559
3559
3559
3560
3560
3560
3560
3560
3560
3560
3561
3561
3561
3561
3562
3562
3563
3563
3564
3565
3565
3565
3565
3565
3565
3565
3565
3565
3565
3566
3566
3566
3567
3567
3567
3567
3568
3568
3568
3568
3568
3568
3569
3569
3569
3569
3569
3569
3569
3570
3570
3570
3570
3570
3570
3570
3570
3570
3570
3570
3570
3570
3570
3570
3570
3570
3570
3570
3570
3570
3570
3570
3570
3570
3570
3570
3570
3570
3570
3570
3570
3570
3570
3571
3571
3571
3571
3571
3572
3572
3572
3572
3572
3572
3572
3572
3572
3573
3573
3573
3573
3573
3573
3573
3573
3573
3573
3573
3574
3574
3574
3574
3574
3575
3577
3577
3577
3577
3577
3577
3577
3577
3577
3578
3579
3579
3580
3580
3580
3580
3580
3581
3581
3582
3582
3582
3582
3582
3582
3583
3583
3583
3584
3584
3584
3584
3584
3584
3584
3584
3585
3585
3585
3585
3585
3585
3586
3586
3586
3586
3586
3586
3586
3586
3586
3586
3586
3586
3586
3586
3586
3586
3586
3586
3586
3586
3586
3586
3586
3586
3587
3588
3588
3588
3588
3588
3588
3588
3588
3588
3588
3588
3589
3589
3590
3590
3590
3590
3590
3590
3590
3590
3590
3590
3590
3590
3590
3590
3590
3590
3590
3590
3590
3590
3590
3590
3590
3591
3591
3591
3593
3593
3593
3593
3593
3594
3594
3595
3596
3598
3598
3598
3599
3599
3599
3599
3599
3599
3599
3599
3599
3599
3599
3599
3599
3602
3602
3602
3602
3602
3602
3602
3602
3602
3603
3603
3603
3603
3603
3603
3603
3603
3603
3604
3604
3604
3604
3604
3604
3604
3605
3605
3607
3607
3608
3609
3609
3609
3609
3609
3610
3610
3610
3610
3610
3611
3611
3611
3611
3611
3611
3611
3611
3611
3611
3611
3611
3612
3613
3613
3613
3614
3614
3614
3614
3614
3614
3614
3614
3614
3614
3614
3614
3614
3615
3616
3616
3616
3616
3616
3616
3616
3616
3616
3616
3616
3616
3616
3617
3618
3618
3618
3619
3619
3619
3619
3619
3619
3619
3619
3619
3619
3619
3620
3620
3620
3620
3620
3620
3620
3620
3620
3620
3620
3621
3621
3621
3621
3621
3622
3622
3622
3623
3623
3623
3623
3624
3625
3625
3625
3625
3625
3626
3626
3626
3626
3627
3627
3628
3628
3628
3628
3630
3630
3631
3631
3631
3631
3631
3631
3631
3631
3632
3632
3633
3635
3635
3635
3635
3635
3635
3635
3635
3635
3636
3636
3636
3636
3637
3638
3639
3639
3639
3639
3639
3639
3641
3641
3641
3641
3641
3641
3641
3641
3641
3641
3642
3642
3642
3642
3642
3642
3643
3643
3644
3644
3644
3645
3645
3645
3645
3645
3645
3646
3646
3646
3647
3647
3647
3647
3647
3647
3647
3647
3647
3647
3647
3648
3648
3650
3650
3650
3650
3650
3651
3653
3653
3654
3654
3654
3654
3654
3654
3654
3654
3655
3655
3655
3656
3656
3656
3656
3657
3657
3658
3658
3658
3658
3658
3658
3659
3659
3659
3659
3659
3659
3659
3659
3660
3661
3661
3661
3661
3662
3662
3662
3663
3663
3663
3663
3663
3663
3663
3663
3663
3663
3663
3664
3665
3665
3665
3665
3665
3665
3665
3666
3666
3666
3666
3666
3666
3666
3666
3666
3668
3669
3670
3670
3670
3670
3670
3670
3671
3671
3671
3671
3671
3671
3671
3671
3671
3673
3673
3673
3673
3673
3673
3674
3674
3675
3675
3675
3675
3675
3676
3676
3676
3676
3676
3676
3676
3677
3677
3677
3677
3678
3678
3678
3679
3680
3680
3680
3680
3680
3680
3681
3681
3681
3681
3681
3681
3681
3681
3682
3682
3682
3683
3683
3683
3683
3683
3683
3683
3683
3683
3683
3683
3683
3684
3684
3684
3684
3684
3684
3684
3684
3684
3684
3684
3684
3685
3685
3687
3687
3687
3687
3687
3687
3687
3687
3688
3688
3688
3688
3688
3688
3688
3688
3688
3688
3689
3689
3689
3689
3689
3689
3689
3690
3690
3690
3690
3690
3690
3691
3691
3692
3692
3692
3692
3692
3692
3692
3692
3693
3693
3693
3693
3694
3694
3694
3695
3695
3695
3696
3696
3696
3697
3698
3698
3698
3698
3698
3699
3699
3699
3699
3699
3699
3699
3699
3699
3699
3699
3699
3699
3699
3700
3700
3701
3701
3701
3701
3702
3702
3703
3704
3705
3705
3706
3706
3706
3706
3706
3706
3706
3707
3707
3707
3707
3707
3709
3709
3709
3709
3709
3709
3710
3710
3710
3710
3710
3710
3710
3710
3710
3711
3711
3711
3711
3711
3711
3711
3711
3711
3711
3711
3711
3712
3712
3713
3713
3713
3713
3713
3713
3714
3714
3714
3714
3715
3715
3717
3719
3719
3720
3721
3721
3722
3722
3722
3723
3723
3723
3724
3724
3724
3724
3724
3724
3724
3724
3724
3724
3724
3724
3724
3724
3724
3724
3724
3724
3724
3724
3724
3724
3724
3724
3724
3724
3724
3724
3724
3724
3724
3725
3725
3725
3725
3725
3726
3726
3726
3726
3727
3727
3727
3727
3728
3728
3728
3729
3729
3731
3731
3731
3731
3731
3731
3731
3731
3732
3732
3732
3732
3732
3732
3733
3733
3733
3733
3733
3733
3735
3735
3735
3735
3735
3735
3735
3735
3735
3735
3735
3735
3735
3735
3736
3736
3736
3736
3737
3737
3737
3737
3737
3738
3740
3740
3740
3740
3740
3742
3743
3743
3743
3743
3743
3743
3743
3743
3743
3743
3743
3743
3743
3744
3744
3744
3744
3744
3744
3744
3744
3744
3744
3744
3744
3744
3744
3744
3744
3744
3744
3744
3744
3744
3744
3744
3744
3744
3744
3744
3745
3745
3745
3746
3747
3748
3748
3748
3748
3748
3748
3748
3748
3748
3748
3748
3748
3748
3748
3748
3748
3748
3748
3748
3748
3748
3748
3748
3748
3748
3749
3750
3750
3750
3750
3750
3750
3750
3750
3751
3752
3753
3753
3753
3753
3753
3753
3754
3754
3754
3754
3754
3755
3755
3755
3755
3756
3756
3756
3756
3756
3756
3756
3756
3757
3757
3757
3757
3757
3758
3760
3760
3760
3760
3760
3760
3760
3761
3761
3761
3761
3761
3761
3761
3761
3761
3761
3763
3763
3763
3763
3763
3763
3764
3764
3765
3765
3765
3765
3765
3765
3765
3765
3765
3766
3766
3766
3766
3766
3766
3766
3766
3766
3767
3767
3769
3770
3770
3770
3770
3770
3771
3771
3771
3771
3771
3771
3772
3772
3773
3773
3774
3774
3774
3774
3774
3774
3774
3774
3775
3775
3775
3775
3775
3775
3775
3775
3775
3775
3775
3775
3776
3776
3776
3776
3777
3777
3777
3777
3777
3777
3777
3777
3777
3777
3777
3777
3777
3777
3777
3777
3777
3777
3778
3778
3778
3778
3779
3780
3780
3780
3780
3780
3780
3780
3780
3780
3780
3780
3780
3780
3780
3780
3781
3782
3782
3782
3782
3782
3782
3782
3783
3783
3783
3783
3783
3784
3784
3784
3784
3784
3784
3784
3784
3784
3784
3784
3784
3784
3785
3788
3790
3790
3790
3790
3790
3790
3791
3791
3791
3791
3792
3792
3792
3793
3793
3793
3793
3793
3793
3793
3793
3793
3793
3794
3794
3794
3794
3795
3795
3795
3795
3796
3796
3796
3796
3796
3796
3796
3796
3797
3797
3797
3797
3797
3797
3798
3799
3799
3800
3800
3801
3801
3801
3802
3802
3802
3802
3802
3802
3803
3803
3803
3804
3804
3805
3805
3805
3805
3806
3806
3806
3806
3807
3807
3807
3807
3808
3808
3808
3808
3809
3811
3812
3812
3812
3812
3812
3812
3813
3813
3813
3813
3813
3813
3813
3813
3814
3814
3815
3815
3815
3816
3817
3817
3817
3817
3817
3817
3817
3817
3817
3817
3817
3818
3818
3818
3818
3818
3818
3818
3818
3818
3818
3818
3818
3818
3818
3818
3818
3818
3818
3818
3819
3819
3819
3820
3820
3820
3820
3821
3821
3821
3821
3821
3821
3822
3822
3822
3822
3822
3822
3822
3822
3822
3822
3822
3822
3822
3822
3822
3823
3823
3823
3824
3824
3824
3825
3825
3825
3825
3825
3825
3825
3825
3825
3825
3825
3826
3826
3826
3826
3826
3826
3827
3828
3828
3828
3829
3829
3829
3829
3829
3829
3829
3829
3829
3829
3829
3829
3829
3829
3829
3829
3829
3829
3829
3829
3829
3829
3829
3829
3829
3829
3829
3831
3831
3832
3832
3832
3832
3832
3832
3832
3832
3832
3832
3832
3832
3832
3832
3833
3833
3833
3834
3834
3836
3836
3836
3837
3837
3837
3838
3838
3838
3838
3838
3838
3838
3839
3839
3839
3840
3841
3841
3841
3841
3841
3841
3841
3841
3841
3841
3842
3843
3843
3843
3844
3844
3844
3844
3845
3845
3845
3845
3845
3846
3846
3846
3846
3847
3847
3847
3847
3847
3847
3847
3847
3847
3847
3848
3848
3848
3849
3849
3849
3849
3849
3849
3849
3849
3849
3849
3849
3849
3850
3850
3850
3851
3851
3851
3851
3852
3853
3853
3854
3854
3854
3854
3854
3854
3854
3854
3854
3854
3854
3854
3854
3854
3854
3854
3854
3854
3855
3855
3855
3855
3855
3855
3856
3856
3856
3856
3856
3856
3856
3856
3856
3856
3856
3857
3857
3858
3858
3858
3859
3859
3859
3859
3859
3859
3859
3859
3859
3862
3863
3863
3863
3864
3864
3864
3865
3865
3865
3866
3866
3866
3866
3866
3866
3867
3867
3867
3867
3867
3867
3868
3868
3869
3869
3869
3869
3869
3869
3869
3869
3869
3869
3869
3869
3870
3870
3870
3870
3871
3871
3871
3872
3873
3874
3874
3874
3874
3874
3874
3874
3874
3874
3874
3874
3874
3874
3874
3874
3874
3875
3875
3875
3875
3875
3875
3875
3875
3875
3875
3875
3876
3876
3876
3876
3876
3876
3876
3878
3879
3879
3880
3880
3880
3881
3881
3881
3881
3882
3882
3883
3883
3883
3883
3884
3885
3885
3885
3885
3886
3887
3887
3887
3888
3888
3889
3889
3889
3889
3889
3889
3889
3890
3890
3890
3890
3890
3890
3891
3891
3891
3891
3891
3891
3891
3891
3891
3891
3891
3891
3892
3892
3892
3892
3892
3892
3892
3893
3893
3893
3893
3894
3896
3896
3896
3896
3896
3896
3896
3896
3897
3897
3897
3898
3898
3899
3900
3900
3900
3900
3901
3901
3901
3901
3901
3902
3902
3902
3903
3903
3903
3903
3903
3903
3903
3903
3903
3903
3903
3903
3903
3903
3903
3903
3903
3903
3903
3903
3903
3903
3903
3904
3904
3904
3904
3904
3904
3905
3905
3906
3906
3906
3906
3906
3906
3907
3907
3907
3907
3907
3907
3908
3908
3908
3908
3908
3909
3909
3909
3909
3909
3909
3909
3910
3910
3910
3910
3910
3910
3910
3910
3910
3911
3911
3911
3912
3912
3912
3912
3912
3912
3912
3912
3912
3912
3912
3913
3914
3914
3914
3914
3914
3914
3914
3914
3914
3915
3915
3915
3915
3916
3916
3916
3917
3917
3917
3917
3917
3917
3917
3917
3917
3917
3917
3917
3917
3917
3917
3917
3917
3917
3917
3917
3917
3917
3918
3919
3919
3919
3920
3920
3920
3922
3923
3923
3923
3923
3923
3923
3923
3923
3923
3924
3925
3925
3925
3926
3926
3926
3926
3926
3926
3926
3926
3926
3926
3926
3926
3926
3926
3926
3926
3926
3926
3926
3926
3926
3926
3926
3926
3926
3926
3926
3926
3926
3926
3926
3926
3927
3927
3927
3927
3928
3928
3928
3929
3929
3930
3931
3931
3931
3931
3931
3931
3931
3931
3931
3931
3931
3931
3931
3931
3931
3931
3931
3931
3931
3931
3931
3931
3931
3931
3931
3931
3931
3931
3931
3931
3931
3931
3932
3932
3932
3932
3932
3932
3932
3932
3932
3932
3932
3932
3932
3933
3933
3934
3935
3935
3935
3935
3936
3937
3937
3938
3938
3938
3938
3938
3939
3939
3939
3939
3939
3939
3939
3939
3939
3939
3939
3939
3939
3940
3941
3941
3941
3942
3942
3942
3943
3943
3943
3943
3944
3944
3945
3945
3945
3945
3945
3946
3946
3946
3946
3946
3946
3946
3946
3946
3946
3946
3946
3946
3946
3946
3946
3946
3947
3947
3948
3948
3948
3948
3949
3949
3950
3950
3951
3951
3951
3951
3952
3952
3952
3953
3953
3954
3954
3954
3954
3954
3954
3954
3954
3955
3955
3955
3955
3955
3955
3955
3955
3955
3955
3956
3956
3956
3956
3956
3956
3956
3956
3956
3956
3956
3956
3957
3957
3957
3957
3957
3957
3957
3957
3957
3957
3958
3958
3958
3958
3958
3958
3958
3958
3958
3958
3958
3958
3958
3959
3960
3960
3960
3960
3960
3960
3960
3960
3960
3961
3961
3961
3961
3961
3961
3961
3961
3961
3961
3961
3961
3961
3961
3962
3963
3963
3963
3963
3963
3963
3963
3964
3964
3964
3964
3964
3964
3965
3965
3966
3966
3966
3966
3966
3966
3966
3966
3966
3966
3966
3968
3969
3970
3970
3970
3970
3970
3970
3970
3970
3970
3970
3970
3970
3970
3970
3970
3970
3970
3970
3970
3971
3971
3971
3972
3972
3972
3972
3972
3973
3973
3973
3973
3973
3973
3973
3973
3973
3974
3974
3974
3974
3974
3974
3974
3974
3976
3976
3976
3976
3977
3977
3977
3979
3979
3979
3979
3979
3979
3979
3979
3979
3979
3979
3979
3979
3979
3979
3979
3979
3979
3979
3979
3979
3980
3980
3980
3980
3980
3980
3981
3981
3981
3981
3981
3981
3981
3981
3981
3981
3981
3981
3981
3981
3982
3982
3983
3983
3983
3983
3983
3983
3983
3983
3983
3983
3983
3983
3983
3984
3985
3985
3985
3985
3985
3985
3985
3985
3985
3985
3985
3985
3985
3985
3985
3985
3985
3985
3985
3985
3985
3985
3986
3986
3987
3987
3987
3987
3988
3988
3988
3988
3988
3988
3989
3989
3989
3989
3990
3990
3990
3990
3990
3990
3990
3990
3990
3990
3990
3990
3990
3990
3990
3991
3991
3992
3993
3993
3993
3993
3993
3994
3994
3994
3994
3994
3994
3994
3994
3995
3995
3995
3995
3995
3995
3995
3995
3996
3996
3996
3996
3996
3996
3996
3996
3996
3996
3996
3996
3998
3998
3998
3998
3998
3998
4000
4000
4001
4001
4001
4001
4001
4001
4002
4002
4002
4003
4003
4004
4004
4004
4005
4005
4005
4005
4005
4005
4005
4007
4007
4007
4007
4009
4009
4009
4009
4009
4009
4009
4009
4009
4009
4010
4010
4010
4010
4010
4011
4011
4011
4011
4011
4011
4011
4011
4011
4011
4011
4012
4012
4012
4012
4012
4012
4012
4013
4013
4013
4013
4014
4014
4014
4014
4014
4014
4014
4014
4014
4014
4014
4014
4014
4014
4014
4014
4014
4014
4014
4014
4014
4014
4014
4014
4014
4014
4014
4014
4014
4014
4015
4015
4015
4015
4015
4015
4016
4016
4016
4016
4016
4016
4016
4016
4016
4017
4018
4018
4018
4018
4019
4019
4019
4019
4019
4020
4020
4020
4021
4022
4023
4023
4023
4023
4023
4023
4023
4023
4023
4023
4024
4024
4025
4026
4026
4027
4027
4027
4027
4027
4027
4028
4028
4030
4031
4031
4031
4031
4031
4031
4031
4031
4031
4031
4031
4031
4031
4031
4032
4032
4032
4032
4032
4032
4032
4032
4032
4032
4032
4032
4032
4033
4033
4033
4035
4036
4036
4036
4037
4037
4037
4037
4037
4038
4038
4038
4039
4039
4039
4040
4042
4042
4043
4043
4043
4043
4043
4043
4043
4043
4044
4044
4044
4044
4044
4044
4045
4045
4045
4045
4045
4045
4045
4045
4045
4045
4045
4045
4046
4046
4046
4046
4046
4046
4046
4047
4048
4048
4048
4048
4048
4049
4049
4049
4049
4049
4049
4049
4049
4051
4051
4051
4051
4051
4051
4051
4051
4051
4051
4051
4051
4051
4051
4051
4052
4052
4054
4054
4054
4054
4054
4054
4055
4055
4055
4055
4055
4055
4055
4055
4055
4055
4055
4055
4055
4055
4055
4055
4055
4055
4055
4056
4056
4056
4056
4056
4057
4057
4057
4057
4058
4059
4059
4060
4060
4060
4060
4061
4061
4061
4061
4061
4061
4061
4061
4061
4061
4061
4061
4061
4061
4061
4061
4062
4062
4062
4063
4064
4064
4064
4064
4064
4064
4064
4065
4065
4065
4065
4065
4065
4065
4065
4065
4065
4065
4066
4066
4066
4067
4067
4068
4068
4068
4068
4069
4070
4070
4072
4072
4072
4072
4073
4074
4074
4074
4074
4074
4074
4074
4074
4074
4075
4075
4076
4077
4078
4078
4078
4079
4079
4079
4079
4079
4079
4079
4079
4079
4079
4079
4079
4079
4079
4079
4080
4080
4080
4081
4081
4081
4082
4082
4082
4083
4083
4083
4083
4083
4083
4083
4083
4083
4083
4083
4083
4083
4083
4083
4083
4083
4083
4083
4083
4083
4084
4084
4086
4086
4086
4086
4086
4086
4086
4086
4086
4086
4086
4086
4086
4086
4086
4086
4086
4086
4086
4086
4087
4087
4087
4087
4087
4087
4087
4090
4090
4090
4090
4090
4090
4090
4090
4090
4091
4091
4091
4091
4091
4091
4091
4091
4091
4091
4091
4091
4091
4092
4093
4093
4093
4093
4093
4094
4094
4094
4094
4094
4094
4094
4096
4096
4096
4096
4097
4097
4097
4097
4097
4097
4097
4097
4097
4097
4098
4098
4098
4098
4098
4098
4099
4099
4100
4100
4100
4100
4100
4100
4100
4100
4103
4103
4103
4103
4103
4104
4105
4105
4105
4105
4105
4105
4107
4107
4108
4108
4108
4108
4108
4109
4110
4110
4110
4110
4110
4110
4110
4110
4110
4110
4110
4110
4111
4111
4111
4111
4112
4113
4114
4115
4116
4117
4117
4117
4117
4117
4118
4118
4118
4118
4118
4120
4120
4120
4121
4121
4121
4122
4122
4122
4122
4122
4122
4122
4123
4123
4123
4123
4123
4123
4123
4124
4124
4124
4124
4124
4124
4124
4124
4124
4124
4125
4125
4125
4125
4125
4125
4125
4125
4125
4126
4126
4126
4126
4127
4127
4127
4127
4127
4127
4128
4128
4129
4130
4130
4130
4130
4130
4130
4130
4130
4130
4130
4130
4130
4130
4131
4131
4131
4131
4131
4131
4131
4131
4132
4132
4133
4133
4133
4133
4133
4133
4133
4133
4133
4134
4134
4134
4135
4136
4136
4136
4136
4136
4136
4136
4137
4137
4137
4137
4137
4137
4137
4137
4137
4137
4139
4139
4139
4139
4139
4139
4139
4139
4140
4140
4141
4141
4141
4141
4142
4142
4142
4142
4142
4142
4142
4142
4142
4143
4143
4144
4145
4145
4146
4146
4146
4147
4148
4149
4149
4149
4149
4149
4150
4151
4151
4151
4152
4152
4154
4155
4155
4156
4156
4156
4156
4156
4156
4157
4157
4158
4158
4159
4159
4159
4159
4161
4161
4162
4162
4162
4162
4162
4162
4163
4163
4164
4164
4165
4165
4165
4165
4166
4166
4166
4166
4168
4168
4168
4168
4168
4168
4168
4168
4168
4169
4169
4169
4169
4170
4170
4170
4170
4170
4170
4170
4171
4171
4171
4171
4171
4171
4171
4171
4171
4171
4171
4171
4171
4172
4172
4172
4172
4172
4172
4173
4173
4174
4174
4175
4175
4175
4175
4176
4176
4176
4176
4177
4177
4178
4178
4178
4178
4179
4179
4180
4180
4180
4180
4180
4180
4180
4180
4181
4181
4182
4182
4183
4183
4183
4183
4183
4183
4183
4183
4184
4184
4184
4184
4184
4184
4184
4184
4185
4187
4187
4187
4187
4187
4188
4188
4188
4189
4189
4189
4189
4189
4189
4189
4189
4189
4190
4190
4190
4190
4190
4190
4190
4191
4191
4191
4191
4191
4191
4191
4191
4191
4191
4191
4191
4191
4191
4191
4191
4191
4191
4191
4191
4191
4191
4191
4191
4191
4191
4192
4192
4193
4193
4194
4195
4195
4195
4195
4195
4195
4195
4196
4198
4199
4199
4200
4200
4200
4200
4200
4200
4200
4200
4200
4200
4200
4200
4200
4200
4200
4200
4200
4200
4200
4200
4200
4200
4200
4201
4201
4201
4201
4201
4201
4202
4202
4202
4202
4202
4203
4203
4203
4203
4203
4203
4204
4205
4205
4205
4205
4205
4205
4205
4205
4205
4205
4205
4205
4205
4205
4206
4206
4206
4206
4206
4206
4207
4207
4208
4208
4208
4208
4208
4208
4209
4209
4209
4210
4210
4211
4211
4211
4211
4211
4211
4211
4212
4213
4213
4213
4213
4213
4214
4214
4215
4215
4215
4215
4215
4215
4215
4215
4215
4215
4215
4215
4215
4215
4215
4215
4216
4216
4216
4216
4216
4216
4216
4217
4217
4218
4219
4220
4220
4220
4220
4220
4220
4220
4220
4220
4222
4222
4222
4222
4223
4223
4223
4223
4223
4223
4223
4223
4223
4224
4224
4225
4227
4227
4227
4227
4227
4227
4227
4227
4227
4227
4229
4229
4229
4229
4230
4230
4230
4230
4230
4230
4230
4230
4230
4231
4232
4232
4232
4233
4233
4233
4234
4234
4234
4234
4234
4235
4235
4235
4236
4236
4236
4236
4237
4237
4238
4238
4238
4238
4238
4239
4239
4239
4239
4239
4239
4240
4240
4240
4240
4240
4241
4241
4241
4242
4242
4244
4244
4244
4244
4244
4244
4244
4244
4244
4244
4244
4244
4244
4244
4244
4244
4244
4244
4244
4244
4244
4245
4245
4245
4247
4247
4247
4247
4248
4249
4250
4250
4250
4250
4251
4251
4251
4252
4252
4252
4252
4252
4252
4252
4253
4254
4256
4256
4256
4256
4256
4257
4257
4258
4258
4258
4258
4258
4258
4259
4259
4259
4259
4259
4259
4260
4260
4260
4260
4261
4262
4262
4262
4262
4262
4262
4262
4262
4262
4262
4263
4263
4263
4263
4263
4263
4263
4263
4264
4264
4266
4266
4266
4266
4266
4266
4266
4266
4268
4268
4268
4268
4269
4269
4269
4269
4269
4269
4269
4269
4269
4270
4271
4271
4271
4271
4271
4271
4271
4271
4271
4272
4272
4272
4272
4272
4272
4272
4273
4273
4273
4273
4273
4273
4273
4273
4274
4275
4275
4275
4275
4275
4275
4275
4276
4276
4276
4276
4276
4277
4278
4278
4278
4279
4279
4279
4279
4279
4279
4279
4279
4279
4279
4279
4280
4280
4280
4280
4281
4281
4282
4282
4282
4283
4284
4284
4284
4284
4284
4284
4284
4284
4284
4285
4285
4285
4285
4285
4285
4285
4285
4286
4286
4286
4286
4286
4286
4286
4286
4286
4286
4286
4286
4288
4288
4289
4289
4289
4289
4289
4289
4290
4290
4290
4291
4291
4291
4291
4291
4291
4291
4292
4292
4293
4293
4293
4294
4294
4294
4294
4294
4294
4294
4295
4295
4295
4295
4295
4296
4296
4296
4296
4296
4296
4296
4296
4296
4296
4296
4296
4296
4296
4296
4296
4296
4296
4297
4297
4298
4298
4299
4299
4299
4299
4299
4299
4299
4299
4299
4299
4299
4300
4300
4300
4300
4300
4300
4300
4301
4302
4302
4303
4304
4304
4304
4304
4304
4304
4304
4304
4304
4304
4306
4306
4306
4306
4306
4306
4306
4306
4307
4307
4307
4308
4308
4308
4309
4309
4309
4309
4309
4309
4310
4310
4310
4310
4311
4312
4312
4312
4312
4312
4312
4312
4312
4312
4312
4312
4312
4312
4312
4312
4312
4313
4313
4313
4313
4313
4313
4315
4315
4315
4315
4315
4316
4316
4316
4316
4316
4316
4317
4317
4317
4317
4317
4317
4317
4318
4318
4318
4318
4318
4318
4318
4318
4318
4318
4318
4319
4319
4319
4321
4322
4322
4322
4322
4322
4323
4323
4323
4323
4323
4323
4323
4323
4323
4323
4323
4323
4324
4324
4324
4324
4324
4325
4325
4326
4326
4326
4326
4326
4326
4326
4326
4326
4327
4327
4327
4327
4328
4328
4329
4330
4330
4330
4330
4331
4331
4331
4331
4331
4331
4331
4331
4331
4331
4331
4332
4332
4334
4334
4335
4336
4337
4337
4337
4338
4338
4339
4340
4340
4340
4340
4340
4340
4341
4341
4341
4341
4342
4342
4342
4342
4342
4343
4343
4343
4343
4343
4343
4343
4343
4343
4343
4343
4343
4343
4343
4343
4343
4344
4345
4345
4346
4346
4346
4347
4347
4347
4347
4347
4348
4348
4348
4348
4348
4348
4348
4348
4348
4348
4348
4348
4348
4348
4348
4348
4348
4348
4349
4350
4351
4351
4351
4351
4351
4351
4351
4352
4352
4352
4352
4352
4352
4352
4352
4352
4352
4352
4352
4352
4352
4353
4353
4354
4354
4354
4354
4354
4354
4354
4355
4355
4355
4355
4355
4356
4356
4356
4356
4356
4356
4357
4357
4357
4359
4359
4359
4359
4359
4360
4360
4360
4360
4360
4360
4360
4361
4361
4361
4361
4361
4361
4362
4362
4362
4362
4362
4362
4362
4362
4362
4362
4362
4362
4362
4362
4362
4362
4362
4362
4363
4363
4365
4365
4365
4365
4365
4365
4365
4366
4367
4368
4368
4368
4369
4369
4370
4371
4372
4372
4372
4372
4374
4374
4374
4374
4374
4375
4375
4375
4375
4375
4375
4375
4377
4377
4378
4378
4378
4378
4378
4379
4379
4379
4379
4380
4381
4383
4383
4383
4383
4383
4383
4383
4384
4384
4384
4384
4384
4384
4384
4385
4385
4386
4386
4386
4386
4387
4387
4387
4387
4387
4387
4388
4388
4388
4388
4389
4389
4389
4389
4389
4389
4389
4390
4390
4390
4390
4390
4390
4390
4390
4390
4390
4390
4391
4391
4391
4391
4391
4391
4391
4391
4391
4391
4391
4391
4391
4391
4392
4392
4392
4393
4394
4394
4394
4394
4394
4394
4394
4394
4394
4394
4394
4394
4394
4395
4396
4396
4397
4398
4398
4398
4398
4398
4398
4399
4399
4399
4399
4399
4399
4399
4399
4399
4399
4400
4400
4400
4400
4400
4400
4400
4400
4401
4401
4401
4401
4401
4401
4401
4401
4401
4401
4401
4401
4402
4402
4402
4403
4403
4403
4404
4404
4404
4404
4404
4404
4404
4404
4404
4404
4405
4405
4405
4405
4405
4406
4406
4406
4406
4406
4407
4407
4407
4408
4409
4410
4410
4410
4410
4410
4410
4410
4410
4413
4413
4413
4413
4413
4413
4414
4414
4414
4414
4415
4415
4415
4415
4415
4415
4416
4416
4416
4416
4416
4416
4416
4416
4416
4416
4416
4416
4416
4416
4416
4416
4416
4416
4416
4416
4416
4416
4416
4416
4416
4416
4416
4416
4416
4417
4417
4417
4417
4417
4417
4417
4417
4418
4418
4418
4418
4418
4418
4418
4418
4418
4418
4418
4418
4418
4418
4418
4418
4418
4418
4419
4419
4419
4419
4420
4420
4420
4420
4420
4420
4420
4420
4420
4420
4420
4421
4421
4421
4421
4421
4424
4425
4425
4425
4425
4425
4425
4425
4425
4426
4426
4426
4426
4426
4426
4426
4426
4426
4426
4426
4426
4426
4426
4426
4426
4426
4426
4426
4426
4426
4426
4426
4426
4426
4427
4429
4430
4430
4430
4430
4430
4431
4431
4432
4432
4433
4433
4434
4434
4434
4434
4434
4434
4434
4434
4434
4435
4435
4435
4435
4435
4435
4436
4437
4437
4437
4437
4437
4437
4437
4437
4437
4437
4437
4437
4437
4437
4437
4439
4439
4439
4440
4441
4441
4441
4442
4442
4442
4442
4442
4443
4444
4444
4445
4446
4446
4446
4446
4446
4446
4446
4446
4446
4446
4446
4446
4446
4446
4446
4446
4446
4446
4446
4446
4446
4446
4446
4447
4448
4448
4448
4448
4448
4448
4450
4450
4450
4450
4450
4450
4450
4450
4450
4450
4450
4450
4450
4450
4450
4450
4450
4450
4450
4450
4451
4452
4452
4452
4452
4453
4453
4453
4454
4454
4454
4454
4454
4455
4456
4456
4456
4457
4457
4457
4457
4457
4457
4457
4457
4457
4458
4459
4459
4459
4459
4460
4460
4460
4462
4463
4464
4464
4464
4464
4464
4464
4464
4465
4465
4465
4467
4467
4467
4468
4469
4469
4469
4469
4469
4469
4469
4469
4469
4469
4469
4470
4470
4470
4470
4471
4471
4471
4471
4471
4471
4471
4473
4474
4476
4476
4476
4476
4477
4477
4477
4477
4477
4477
4477
4477
4478
4478
4478
4478
4478
4478
4479
4479
4480
4480
4480
4480
4480
4480
4480
4481
4481
4481
4481
4481
4481
4481
4481
4481
4481
4481
4481
4482
4482
4482
4482
4482
4482
4482
4483
4483
4483
4484
4484
4485
4485
4485
4485
4485
4485
4486
4486
4486
4486
4486
4486
4486
4486
4486
4487
4487
4487
4487
4487
4487
4487
4487
4487
4487
4487
4487
4488
4488
4488
4488
4488
4488
4488
4488
4488
4489
4489
4489
4489
4489
4489
4489
4489
4490
4490
4490
4490
4490
4491
4491
4491
4491
4492
4492
4492
4493
4493
4493
4493
4493
4493
4493
4493
4493
4493
4493
4493
4493
4493
4494
4494
4494
4494
4494
4495
4497
4497
4497
4498
4498
4498
4498
4498
4498
4498
4498
4498
4498
4498
4498
4498
4498
4499
4499
4499
4501
4501
4501
4501
4501
4501
4501
4501
4501
4501
4501
4501
4502
4502
4502
4502
4502
4502
4502
4503
4503
4503
4503
4503
4504
4504
4504
4504
4504
4504
4504
4505
4505
4505
4505
4505
4505
4505
4505
4505
4505
4505
4505
4505
4505
4505
4505
4505
4505
4506
4506
4506
4506
4507
4507
4507
4507
4507
4507
4507
4508
4508
4509
4509
4510
4510
4511
4511
4511
4511
4511
4511
4512
4512
4512
4512
4512
4512
4512
4512
4512
4512
4512
4512
4513
4513
4513
4513
4513
4514
4514
4514
4515
4515
4515
4516
4516
4516
4516
4516
4516
4516
4516
4516
4516
4517
4518
4518
4518
4518
4518
4518
4518
4518
4519
4519
4519
4520
4520
4520
4520
4520
4520
4520
4520
4520
4520
4520
4520
4520
4520
4520
4520
4520
4520
4520
4520
4520
4520
4520
4520
4521
4521
4521
4521
4521
4521
4522
4522
4522
4523
4523
4523
4523
4523
4524
4524
4524
4524
4524
4525
4525
4525
4525
4526
4526
4526
4526
4528
4528
4528
4529
4529
4529
4529
4529
4529
4529
4529
4529
4529
4529
4529
4529
4529
4529
4529
4530
4530
4530
4530
4530
4530
4530
4530
4531
4531
4531
4531
4531
4531
4532
4532
4532
4533
4534
4535
4535
4535
4536
4536
4536
4536
4536
4536
4536
4536
4537
4538
4539
4539
4540
4540
4540
4540
4540
4540
4540
4541
4541
4541
4542
4544
4545
4545
4545
4545
4545
4546
4546
4546
4546
4547
4547
4547
4547
4547
4548
4548
4548
4551
4551
4552
4553
4553
4553
4553
4553
4553
4553
4553
4553
4553
4553
4553
4553
4553
4553
4553
4553
4554
4555
4555
4555
4555
4555
4555
4555
4555
4556
4557
4557
4557
4557
4559
4559
4559
4559
4561
4561
4561
4561
4561
4561
4561
4562
4562
4562
4562
4562
4562
4564
4564
4564
4564
4564
4564
4565
4565
4565
4565
4565
4565
4565
4565
4566
4566
4566
4566
4566
4566
4566
4566
4566
4567
4567
4568
4568
4568
4568
4568
4568
4568
4569
4569
4569
4569
4569
4569
4569
4569
4569
4569
4569
4569
4570
4571
4571
4571
4571
4571
4571
4571
4571
4571
4571
4571
4571
4571
4571
4571
4572
4572
4572
4572
4572
4572
4572
4572
4572
4572
4572
4572
4573
4574
4574
4574
4574
4574
4575
4575
4575
4576
4576
4576
4576
4576
4576
4576
4576
4577
4578
4578
4578
4578
4578
4578
4578
4578
4580
4580
4581
4581
4581
4581
4581
4581
4581
4581
4581
4581
4582
4584
4584
4585
4586
4586
4586
4586
4587
4587
4587
4587
4587
4588
4588
4589
4589
4590
4590
4590
4590
4590
4590
4590
4590
4590
4590
4591
4591
4591
4592
4592
4592
4592
4592
4593
4593
4593
4593
4593
4593
4593
4594
4594
4594
4594
4595
4595
4595
4595
4595
4595
4595
4595
4595
4595
4595
4596
4596
4596
4596
4596
4597
4597
4597
4597
4597
4597
4597
4597
4597
4597
4597
4597
4597
4597
4597
4597
4597
4598
4598
4600
4601
4601
4601
4601
4601
4601
4601
4602
4602
4603
4603
4604
4604
4604
4604
4604
4604
4604
4604
4604
4604
4604
4604
4604
4604
4605
4607
4607
4607
4607
4607
4607
4607
4607
4607
4608
4608
4610
4610
4610
4610
4610
4611
4611
4611
4611
4611
4611
4612
4612
4612
4612
4612
4613
4613
4613
4613
4613
4613
4613
4613
4614
4614
4615
4615
4615
4615
4615
4615
4615
4616
4616
4617
4617
4617
4617
4617
4617
4617
4617
4617
4617
4617
4618
4618
4619
4619
4619
4619
4619
4621
4622
4622
4622
4623
4623
4623
4624
4624
4624
4624
4624
4624
4624
4624
4624
4624
4624
4625
4625
4625
4625
4625
4625
4625
4625
4625
4625
4625
4625
4626
4626
4626
4626
4626
4626
4626
4626
4626
4626
4626
4626
4626
4626
4626
4626
4626
4628
4628
4628
4628
4628
4628
4628
4629
4629
4629
4629
4629
4629
4630
4630
4631
4631
4631
4631
4632
4632
4632
4633
4633
4634
4634
4634
4636
4636
4637
4638
4638
4638
4638
4638
4638
4638
4638
4638
4638
4638
4638
4638
4638
4638
4638
4638
4639
4639
4640
4640
4640
4640
4640
4640
4641
4641
4641
4641
4641
4641
4641
4641
4641
4642
4642
4643
4643
4643
4644
4644
4644
4644
4644
4644
4645
4645
4645
4645
4646
4646
4646
4647
4647
4648
4648
4650
4650
4651
4651
4651
4651
4651
4652
4653
4653
4653
4653
4653
4653
4653
4654
4654
4654
4654
4654
4654
4654
4654
4654
4655
4655
4655
4655
4655
4656
4656
4657
4658
4658
4658
4658
4658
4658
4658
4658
4659
4659
4661
4661
4661
4661
4661
4662
4662
4663
4663
4664
4666
4666
4666
4666
4666
4666
4666
4667
4667
4667
4667
4667
4667
4668
4669
4669
4669
4669
4670
4671
4671
4671
4671
4671
4671
4671
4671
4671
4673
4673
4674
4674
4674
4674
4674
4674
4675
4675
4675
4675
4675
4675
4675
4675
4675
4675
4675
4675
4675
4675
4675
4676
4676
4676
4677
4677
4677
4677
4677
4677
4677
4677
4677
4677
4677
4678
4678
4678
4678
4678
4678
4678
4678
4678
4679
4679
4679
4679
4680
4680
4680
4680
4680
4681
4681
4681
4681
4681
4681
4681
4681
4681
4681
4681
4681
4681
4681
4681
4682
4682
4682
4682
4682
4682
4682
4682
4682
4683
4683
4683
4683
4684
4684
4684
4685
4685
4685
4685
4685
4685
4685
4685
4685
4685
4686
4686
4686
4686
4687
4688
4688
4688
4688
4689
4689
4690
4690
4690
4690
4690
4690
4690
4690
4690
4690
4691
4691
4692
4692
4692
4692
4693
4693
4693
4693
4693
4693
4693
4693
4693
4694
4694
4694
4695
4696
4696
4696
4696
4696
4696
4696
4697
4697
4697
4697
4697
4697
4699
4699
4699
4699
4699
4700
4701
4701
4701
4701
4701
4701
4701
4701
4701
4701
4701
4701
4701
4702
4702
4702
4702
4703
4704
4704
4704
4704
4705
4705
4705
4705
4706
4706
4706
4706
4706
4706
4706
4706
4706
4706
4706
4706
4706
4708
4709
4709
4709
4709
4709
4709
4709
4710
4710
4710
4710
4711
4711
4712
4713
4713
4713
4713
4713
4713
4713
4714
4714
4714
4714
4715
4715
4715
4716
4717
4717
4717
4717
4717
4717
4717
4717
4717
4717
4717
4717
4718
4718
4718
4718
4718
4718
4718
4718
4719
4719
4719
4719
4719
4719
4719
4719
4719
4719
4719
4719
4719
4720
4720
4720
4720
4721
4721
4721
4721
4721
4721
4721
4723
4724
4724
4725
4725
4727
4727
4728
4728
4728
4728
4728
4728
4728
4728
4728
4728
4728
4728
4728
4728
4728
4728
4729
4729
4729
4729
4730
4730
4730
4730
4730
4730
4730
4730
4730
4730
4731
4731
4731
4731
4731
4731
4733
4733
4733
4734
4734
4734
4734
4734
4734
4734
4734
4734
4734
4735
4737
4737
4737
4738
4739
4740
4740
4740
4740
4741
4741
4741
4741
4741
4741
4742
4742
4742
4742
4743
4744
4744
4745
4745
4745
4745
4745
4745
4745
4745
4745
4745
4746
4746
4746
4746
4746
4747
4747
4747
4747
4747
4747
4749
4749
4749
4749
4749
4749
4749
4749
4749
4749
4749
4749
4749
4749
4749
4749
4749
4749
4749
4750
4750
4750
4750
4750
4750
4750
4751
4751
4751
4751
4751
4751
4752
4752
4752
4752
4752
4752
4752
4752
4752
4752
4752
4752
4753
4753
4753
4753
4753
4753
4753
4753
4753
4753
4753
4753
4753
4754
4754
4754
4754
4754
4754
4754
4754
4754
4754
4754
4755
4755
4755
4755
4755
4756
4756
4756
4756
4756
4756
4756
4756
4756
4756
4756
4756
4756
4756
4756
4756
4756
4756
4756
4756
4756
4756
4756
4756
4756
4756
4756
4756
4757
4757
4757
4757
4757
4757
4757
4757
4757
4757
4757
4758
4758
4758
4758
4759
4759
4760
4760
4760
4760
4761
4761
4761
4762
4762
4762
4764
4764
4764
4765
4765
4765
4765
4765
4767
4767
4767
4767
4767
4767
4767
4768
4768
4768
4768
4768
4768
4768
4768
4768
4768
4768
4768
4768
4769
4770
4772
4772
4772
4772
4772
4772
4772
4772
4773
4773
4773
4773
4773
4773
4773
4773
4773
4773
4773
4773
4773
4774
4774
4774
4774
4774
4774
4774
4775
4775
4775
4775
4775
4776
4776
4776
4777
4777
4777
4777
4777
4777
4777
4777
4777
4777
4777
4778
4778
4779
4779
4781
4782
4783
4783
4783
4783
4783
4783
4783
4783
4783
4783
4783
4783
4783
4783
4783
4783
4783
4783
4783
4784
4784
4785
4785
4785
4785
4785
4785
4785
4785
4785
4785
4785
4785
4786
4786
4786
4786
4786
4786
4786
4786
4786
4787
4787
4787
4787
4787
4787
4787
4787
4788
4788
4788
4788
4789
4789
4789
4790
4790
4790
4790
4790
4790
4790
4790
4790
4790
4790
4790
4791
4791
4791
4791
4792
4792
4792
4792
4792
4792
4793
4793
4793
4793
4793
4794
4794
4794
4794
4794
4794
4794
4794
4794
4794
4794
4794
4794
4794
4794
4794
4795
4795
4796
4796
4797
4797
4797
4797
4797
4797
4798
4798
4798
4798
4798
4798
4798
4798
4798
4798
4798
4798
4798
4798
4798
4798
4798
4798
4798
4798
4798
4798
4798
4798
4798
4798
4798
4798
4798
4798
4798
4798
4800
4801
4801
4801
4801
4801
4801
4801
4801
4802
4802
4802
4803
4803
4803
4803
4803
4803
4803
4803
4803
4803
4804
4804
4804
4804
4804
4804
4804
4804
4804
4804
4805
4805
4805
4806
4806
4806
4806
4806
4806
4808
4808
4808
4808
4808
4808
4810
4810
4810
4810
4810
4810
4810
4810
4810
4810
4810
4810
4810
4810
4810
4810
4810
4810
4810
4811
4811
4811
4811
4811
4811
4811
4811
4811
4811
4811
4811
4811
4811
4811
4811
4811
4811
4811
4812
4812
4812
4812
4812
4812
4812
4813
4813
4813
4813
4814
4815
4815
4815
4815
4815
4815
4816
4816
4816
4816
4816
4817
4817
4817
4817
4817
4817
4817
4818
4818
4818
4819
4820
4820
4821
4821
4821
4821
4821
4821
4822
4823
4823
4823
4824
4824
4824
4824
4825
4825
4826
4826
4826
4826
4826
4827
4827
4827
4827
4827
4828
4829
4829
4829
4829
4829
4829
4829
4830
4830
4831
4831
4831
4831
4831
4831
4831
4831
4831
4831
4831
4831
4831
4831
4831
4831
4831
4831
4831
4832
4833
4833
4833
4833
4833
4833
4833
4834
4834
4834
4836
4836
4836
4836
4837
4837
4838
4839
4839
4839
4839
4839
4840
4840
4840
4841
4841
4841
4842
4842
4842
4842
4842
4842
4842
4842
4842
4842
4842
4842
4843
4843
4844
4844
4844
4844
4844
4844
4844
4844
4844
4844
4844
4844
4844
4844
4844
4844
4844
4844
4845
4845
4845
4845
4845
4845
4845
4845
4845
4845
4845
4845
4845
4845
4845
4845
4845
4846
4846
4846
4846
4847
4848
4848
4848
4848
4848
4848
4848
4848
4849
4850
4850
4850
4850
4850
4850
4850
4850
4850
4850
4850
4850
4850
4850
4850
4850
4851
4851
4851
4852
4852
4852
4852
4852
4854
4854
4854
4854
4854
4854
4854
4854
4854
4854
4854
4854
4854
4855
4855
4855
4855
4856
4856
4856
4856
4856
4856
4856
4858
4859
4859
4859
4860
4860
4861
4861
4861
4861
4861
4862
4862
4862
4862
4862
4862
4862
4862
4862
4862
4862
4862
4862
4863
4863
4863
4864
4864
4864
4866
4867
4867
4867
4867
4868
4868
4868
4868
4868
4870
4870
4870
4870
4870
4870
4870
4871
4871
4872
4873
4873
4874
4874
4874
4875
4876
4877
4877
4877
4878
4879
4879
4879
4879
4879
4879
4879
4879
4879
4879
4879
4879
4879
4879
4879
4879
4879
4879
4879
4879
4879
4879
4880
4880
4880
4880
4881
4881
4881
4881
4881
4881
4881
4881
4881
4881
4881
4881
4881
4881
4881
4881
4881
4881
4881
4881
4881
4881
4881
4881
4881
4881
4881
4881
4881
4881
4881
4881
4881
4881
4881
4881
4882
4882
4882
4882
4882
4883
4883
4883
4884
4884
4884
4884
4884
4884
4885
4886
4887
4887
4887
4887
4887
4887
4887
4887
4887
4887
4887
4887
4888
4888
4888
4888
4888
4889
4889
4889
4889
4889
4889
4889
4889
4890
4891
4891
4891
4891
4891
4891
4891
4891
4891
4891
4891
4891
4891
4891
4891
4891
4891
4891
4891
4891
4891
4895
4895
4895
4896
4896
4897
4897
4897
4897
4897
4897
4897
4897
4897
4897
4897
4898
4898
4898
4898
4898
4898
4898
4898
4898
4898
4898
4899
4899
4899
4900
4901
4901
4903
4903
4903
4903
4903
4904
4904
4904
4904
4905
4905
4906
4906
4906
4906
4906
4906
4906
4906
4906
4906
4906
4906
4906
4906
4907
4907
4908
4908
4908
4908
4909
4909
4909
4909
4909
4910
4910
4910
4910
4910
4910
4910
4910
4910
4910
4912
4912
4912
4912
4912
4912
4912
4912
4913
4913
4913
4914
4914
4914
4914
4914
4914
4914
4915
4915
4915
4915
4915
4916
4916
4916
4916
4917
4917
4917
4917
4917
4917
4917
4917
4917
4917
4917
4917
4917
4917
4918
4918
4918
4919
4919
4919
4920
4920
4920
4920
4920
4922
4923
4923
4923
4923
4923
4923
4923
4923
4923
4924
4925
4926
4926
4927
4927
4927
4928
4928
4928
4928
4929
4929
4929
4929
4930
4930
4930
4930
4930
4930
4930
4931
4932
4933
4934
4934
4934
4934
4934
4935
4935
4935
4935
4935
4936
4936
4936
4936
4936
4937
4938
4938
4939
4939
4939
4939
4941
4941
4941
4941
4941
4941
4942
4942
4942
4942
4943
4943
4943
4943
4944
4944
4944
4944
4944
4944
4944
4945
4945
4945
4945
4945
4945
4946
4946
4946
4946
4947
4947
4947
4947
4947
4947
4947
4948
4948
4948
4948
4948
4948
4948
4948
4948
4948
4949
4949
4951
4951
4951
4951
4951
4951
4952
4952
4952
4952
4953
4956
4956
4956
4956
4956
4957
4958
4958
4958
4958
4958
4958
4958
4958
4958
4960
4960
4960
4960
4961
4961
4961
4961
4961
4961
4961
4961
4963
4963
4964
4964
4964
4964
4964
4964
4965
4965
4965
4967
4967
4967
4967
4967
4967
4967
4967
4967
4967
4967
4967
4967
4967
4967
4967
4967
4968
4968
4968
4968
4968
4968
4968
4968
4970
4970
4970
4970
4970
4970
4970
4970
4970
4971
4971
4971
4971
4971
4971
4971
4972
4972
4973
4973
4973
4973
4973
4973
4973
4973
4973
4973
4973
4973
4973
4973
4973
4973
4973
4973
4974
4974
4975
4975
4975
4975
4975
4975
4975
4975
4977
4978
4979
4980
4980
4981
4981
4981
4981
4981
4981
4981
4981
4981
4981
4981
4981
4981
4981
4981
4981
4981
4981
4981
4981
4982
4982
4982
4983
4983
4984
4984
4984
4984
4984
4985
4985
4986
4986
4986
4987
4987
4987
4987
4988
4988
4988
4988
4989
4989
4990
4990
4990
4990
4990
4990
4990
4990
4990
4990
4990
4990
4991
4991
4991
4991
4991
4991
4991
4993
4993
4993
4993
4993
4993
4993
4993
4993
4993
4993
4993
4993
4993
4993
4993
4993
4993
4993
4993
4993
4993
4993
4993
4993
4993
4993
4994
4994
4994
4994
4995
4995
4995
4995
4996
4997
4997
4998
4998
4998
4998
4999
4999
4999
4999
4999
4999
4999
4999
4999
4999
5001
5001
5001
5001
5001
5001
5001
5001
5001
5001
5001
5001
5001
5001
5001
5001
5001
5001
5001
5001
5001
5003
5003
5003
5004
5004
5004
5004
5004
5004
5004
5005
5005
5005
5005
5005
5005
5005
5005
5006
5006
5006
5006
5006
5007
5007
5007
5007
5007
5007
5007
5008
5008
5009
5009
5009
5009
5010
5010
5010
5010
5010
5010
5010
5010
5010
5010
5010
5010
5010
5011
5012
5013
5013
5013
5013
5013
5013
5013
5013
5013
5013
5013
5013
5014
5014
5014
5014
5016
5017
5017
5017
5017
5017
5017
5017
5017
5017
5017
5017
5017
5017
5018
5019
5019
5019
5020
5020
5021
5021
5021
5021
5021
5021
5021
5022
5022
5022
5022
5022
5022
5023
5023
5023
5024
5024
5024
5024
5024
5024
5024
5024
5024
5024
5024
5024
5025
5025
5025
5025
5025
5025
5025
5025
5025
5025
5026
5027
5028
5028
5028
5028
5028
5028
5028
5028
5028
5028
5028
5030
5030
5030
5030
5030
5030
5030
5030
5030
5030
5032
5032
5032
5032
5032
5033
5033
5033
5033
5033
5033
5033
5033
5033
5033
5033
5034
5034
5034
5034
5034
5034
5035
5035
5035
5035
5035
5035
5035
5035
5035
5036
5037
5037
5037
5037
5037
5037
5037
5037
5038
5039
5040
5040
5040
5040
5040
5041
5041
5041
5041
5041
5041
5041
5041
5041
5041
5041
5041
5041
5041
5041
5041
5041
5042
5042
5042
5042
5042
5042
5043
5043
5043
5043
5043
5043
5044
5045
5045
5045
5045
5045
5045
5045
5045
5045
5045
5045
5045
5046
5046
5046
5047
5047
5047
5047
5047
5047
5047
5047
5047
5047
5048
5048
5049
5049
5050
5050
5050
5050
5051
5051
5051
5051
5051
5051
5051
5051
5051
5051
5052
5053
5054
5054
5054
5054
5054
5054
5054
5055
5055
5055
5055
5057
5057
5057
5057
5057
5057
5057
5057
5057
5057
5057
5057
5057
5057
5057
5057
5057
5058
5058
5058
5058
5059
5059
5059
5059
5059
5060
5060
5060
5060
5060
5060
5060
5060
5060
5060
5060
5060
5061
5061
5062
5062
5062
5062
5062
5063
5064
5064
5064
5064
5064
5065
5065
5065
5065
5065
5065
5065
5065
5065
5065
5065
5065
5065
5065
5065
5065
5065
5065
5065
5065
5065
5065
5065
5065
5065
5065
5065
5066
5066
5066
5068
5068
5068
5068
5068
5068
5068
5068
5069
5070
5070
5071
5071
5072
5072
5072
5072
5073
5073
5074
5074
5075
5076
5076
5076
5076
5076
5076
5076
5077
5077
5077
5077
5077
5078
5078
5078
5079
5079
5079
5079
5079
5079
5079
5079
5079
5079
5079
5080
5080
5082
5083
5083
5083
5083
5083
5083
5083
5083
5083
5083
5083
5083
5083
5083
5083
5083
5083
5083
5083
5083
5083
5084
5084
5084
5084
5084
5085
5085
5085
5085
5085
5086
5086
5086
5087
5087
5087
5087
5087
5087
5088
5088
5091
5091
5092
5092
5093
5095
5095
5095
5095
5095
5095
5095
5095
5095
5095
5095
5095
5096
5096
5096
5096
5096
5097
5097
5097
5097
5097
5097
5098
5098
5098
5098
5099
5099
5099
5099
5099
5099
5099
5099
5099
5099
5099
5099
5100
5100
5100
5100
5100
5101
5101
5101
5101
5101
5101
5101
5101
5101
5101
5101
5101
5101
5101
5101
5101
5101
5101
5101
5101
5101
5101
5102
5103
5103
5104
5104
5104
5104
5104
5105
5105
5106
5107
5108
5108
5108
5109
5109
5109
5109
5109
5109
5111
5111
5111
5111
5111
5111
5111
5111
5112
5112
5112
5112
5112
5112
5112
5112
5112
5112
5112
5112
5112
5112
5112
5112
5113
5113
5113
5113
5113
5113
5113
5113
5113
5113
5113
5113
5115
5115
5115
5115
5115
5115
5115
5115
5115
5116
5117
5117
5117
5117
5117
5117
5117
5117
5117
5117
5117
5118
5118
5119
5121
5121
5121
5121
5121
5122
5122
5122
5122
5122
5123
5123
5123
5123
5123
5124
5124
5124
5124
5125
5125
5125
5125
5125
5125
5125
5125
5125
5125
5126
5126
5126
5126
5126
5126
5126
5126
5126
5126
5126
5126
5126
5127
5127
5127
5127
5127
5127
5128
5128
5129
5129
5130
5130
5130
5130
5130
5130
5131
5132
5132
5132
5132
5132
5132
5132
5132
5133
5133
5133
5133
5134
5134
5135
5135
5135
5135
5135
5135
5135
5135
5135
5135
5136
5136
5136
5136
5136
5136
5136
5136
5136
5136
5136
5136
5136
5136
5136
5137
5137
5137
5137
5137
5138
5138
5138
5139
5139
5139
5139
5139
5139
5139
5139
5139
5139
5139
5139
5139
5139
5139
5140
5141
5142
5142
5142
5142
5142
5144
5144
5144
5144
5144
5144
5144
5144
5144
5144
5144
5145
5146
5146
5146
5146
5146
5146
5147
5147
5147
5147
5148
5148
5148
5148
5148
5148
5148
5149
5149
5149
5149
5149
5149
5149
5149
5149
5149
5149
5149
5149
5149
5150
5150
5150
5150
5150
5150
5151
5151
5151
5151
5151
5151
5151
5151
5152
5152
5153
5153
5153
5153
5153
5154
5154
5154
5154
5154
5154
5154
5154
5154
5154
5155
5155
5155
5157
5157
5157
5157
5157
5157
5157
5157
5158
5158
5158
5158
5158
5158
5158
5158
5158
5158
5158
5158
5158
5158
5158
5158
5158
5158
5158
5158
5158
5158
5159
5159
5159
5159
5159
5160
5160
5160
5160
5160
5160
5161
5161
5161
5161
5161
5161
5161
5162
5162
5163
5163
5163
5163
5164
5164
5165
5165
5165
5166
5166
5167
5167
5168
5168
5168
5168
5168
5168
5168
5168
5169
5170
5171
5171
5172
5172
5173
5174
5174
5174
5174
5174
5174
5175
5175
5175
5175
5175
5175
5175
5175
5175
5175
5176
5176
5176
5176
5177
5177
5177
5177
5177
5178
5178
5178
5178
5178
5178
5178
5178
5178
5179
5181
5181
5181
5181
5181
5182
5182
5182
5184
5184
5184
5184
5185
5185
5188
5188
5188
5188
5188
5188
5189
5189
5189
5189
5189
5189
5189
5189
5189
5190
5191
5191
5192
5192
5192
5192
5192
5192
5192
5192
5192
5192
5192
5193
5193
5193
5193
5193
5193
5193
5193
5193
5194
5194
5194
5194
5194
5194
5194
5194
5194
5194
5194
5194
5194
5195
5196
5196
5196
5196
5196
5196
5196
5196
5196
5196
5196
5198
5198
5198
5198
5198
5198
5198
5199
5199
5199
5199
5200
5200
5200
5201
5203
5203
5203
5203
5203
5203
5203
5204
5204
5204
5204
5204
5204
5204
5204
5204
5204
5204
5205
5205
5205
5205
5205
5205
5205
5205
5206
5207
5207
5207
5207
5207
5208
5208
5208
5208
5209
5209
5209
5209
5209
5209
5209
5209
5209
5209
5209
5209
5209
5209
5209
5209
5209
5209
5209
5209
5209
5209
5209
5209
5209
5209
5209
5209
5210
5210
5210
5210
5210
5210
5210
5210
5210
5210
5210
5210
5210
5210
5210
5210
5210
5210
5210
5210
5210
5210
5210
5210
5210
5210
5210
5211
5211
5211
5211
5211
5211
5211
5211
5211
5212
5212
5212
5212
5212
5212
5212
5212
5212
5212
5212
5212
5212
5212
5213
5213
5214
5214
5215
5215
5215
5215
5215
5215
5215
5215
5215
5215
5215
5215
5216
5216
5216
5216
5216
5217
5217
5218
5218
5219
5219
5219
5221
5221
5221
5221
5221
5221
5221
5221
5222
5222
5222
5223
5224
5224
5224
5224
5224
5224
5225
5225
5225
5225
5225
5226
5226
5226
5227
5227
5227
5227
5227
5227
5227
5227
5227
5228
5228
5228
5228
5229
5229
5231
5231
5232
5232
5232
5232
5232
5233
5233
5233
5235
5235
5235
5235
5235
5235
5236
5236
5236
5236
5236
5236
5237
5238
5238
5239
5239
5239
5239
5239
5239
5239
5240
5240
5240
5240
5241
5241
5241
5241
5241
5241
5241
5241
5241
5241
5241
5241
5241
5242
5242
5242
5242
5242
5242
5242
5243
5244
5244
5244
5244
5244
5244
5245
5246
5246
5246
5246
5246
5246
5246
5246
5246
5246
5247
5247
5247
5247
5247
5247
5247
5248
5248
5248
5248
5248
5248
5248
5248
5248
5248
5249
5249
5250
5250
5250
5250
5250
5250
5250
5250
5250
5250
5250
5250
5250
5251
5251
5252
5252
5252
5252
5252
5252
5253
5253
5254
5254
5255
5255
5255
5256
5256
5256
5257
5258
5258
5258
5259
5259
5259
5259
5259
5259
5259
5260
5261
5261
5261
5261
5262
5263
5263
5263
5263
5263
5263
5263
5263
5263
5264
5264
5264
5264
5264
5264
5264
5265
5265
5265
5265
5266
5266
5266
5266
5266
5266
5266
5266
5266
5267
5267
5268
5268
5268
5268
5268
5269
5269
5269
5269
5269
5269
5269
5269
5269
5269
5270
5271
5271
5271
5272
5273
5273
5273
5273
5273
5273
5273
5273
5273
5273
5273
5274
5274
5274
5274
5274
5274
5274
5274
5275
5275
5275
5275
5276
5276
5276
5276
5276
5276
5276
5276
5276
5276
5276
5276
5276
5276
5276
5276
5277
5277
5278
5278
5278
5278
5278
5278
5279
5280
5280
5280
5280
5281
5281
5282
5282
5282
5284
5284
5285
5285
5285
5285
5285
5285
5286
5286
5286
5286
5286
5286
5286
5286
5286
5286
5286
5286
5286
5288
5288
5290
5290
5290
5290
5290
5290
5290
5290
5291
5291
5291
5291
5291
5292
5294
5295
5295
5295
5295
5295
5296
5296
5296
5296
5297
5297
5297
5297
5297
5297
5297
5297
5297
5297
5297
5297
5297
5297
5297
5297
5297
5297
5297
5297
5297
5298
5298
5298
5298
5299
5299
5299
5300
5301
5301
5301
5301
5301
5301
5301
5301
5301
5302
5302
5302
5302
5302
5302
5302
5302
5302
5303
5303
5303
5303
5303
5304
5304
5305
5305
5306
5306
5306
5306
5307
5307
5307
5307
5307
5307
5307
5307
5307
5307
5308
5309
5309
5310
5310
5310
5310
5310
5310
5310
5310
5310
5310
5310
5310
5310
5310
5310
5310
5310
5310
5310
5310
5310
5310
5310
5311
5311
5311
5311
5312
5312
5312
5312
5312
5312
5312
5312
5313
5313
5313
5313
5313
5313
5313
5313
5313
5313
5313
5313
5313
5313
5313
5313
5313
5313
5313
5314
5314
5314
5314
5314
5314
5315
5316
5316
5317
5318
5318
5318
5318
5319
5319
5319
5319
5319
5319
5319
5319
5319
5319
5319
5319
5319
5319
5319
5319
5320
5320
5320
5320
5320
5320
5321
5321
5321
5321
5321
5321
5322
5323
5323
5324
5325
5325
5325
5325
5325
5325
5326
5326
5326
5327
5327
5327
5327
5327
5328
5328
5328
5328
5329
5329
5329
5329
5330
5330
5330
5330
5331
5331
5331
5331
5333
5333
5333
5334
5334
5334
5335
5335
5336
5336
5337
5337
5337
5337
5337
5337
5337
5337
5337
5337
5337
5337
5337
5337
5337
5337
5337
5337
5337
5337
5338
5338
5339
5340
5340
5340
5340
5340
5340
5341
5341
5341
5341
5341
5341
5341
5342
5342
5342
5343
5343
5343
5344
5344
5344
5344
5344
5344
5344
5345
5345
5345
5345
5345
5345
5345
5345
5345
5345
5345
5345
5345
5347
5347
5347
5347
5347
5347
5347
5348
5348
5348
5348
5348
5349
5350
5350
5350
5351
5351
5351
5351
5351
5351
5351
5351
5351
5351
5351
5351
5351
5351
5351
5351
5352
5352
5352
5353
5353
5353
5354
5354
5354
5354
5354
5354
5354
5354
5355
5355
5355
5355
5355
5355
5355
5356
5356
5356
5356
5356
5356
5356
5356
5356
5356
5357
5357
5357
5358
5359
5360
5361
5361
5361
5362
5362
5362
5362
5362
5362
5362
5362
5363
5363
5363
5363
5363
5363
5363
5363
5364
5364
5364
5364
5365
5365
5365
5365
5365
5365
5365
5365
5365
5366
5367
5367
5367
5367
5367
5367
5368
5368
5368
5368
5368
5368
5368
5368
5368
5369
5369
5369
5369
5369
5369
5369
5369
5370
5371
5371
5371
5371
5371
5371
5371
5371
5371
5371
5372
5373
5373
5373
5373
5373
5373
5373
5373
5374
5374
5374
5374
5374
5374
5374
5375
5376
5376
5376
5376
5376
5376
5376
5377
5378
5378
5379
5379
5381
5381
5381
5381
5381
5381
5382
5382
5382
5383
5383
5383
5383
5383
5383
5383
5383
5383
5383
5383
5383
5383
5383
5383
5383
5384
5384
5384
5384
5385
5385
5385
5385
5385
5385
5385
5385
5385
5385
5385
5385
5386
5386
5387
5387
5387
5387
5388
5388
5388
5388
5388
5388
5388
5388
5388
5388
5388
5390
5391
5391
5391
5391
5391
5391
5391
5391
5391
5391
5392
5392
5393
5395
5395
5395
5395
5395
5395
5395
5395
5395
5395
5395
5395
5395
5395
5395
5395
5395
5395
5396
5396
5396
5396
5397
5397
5397
5397
5397
5398
5398
5398
5398
5399
5399
5399
5399
5400
5400
5400
5400
5400
5400
5400
5400
5400
5400
5401
5401
5401
5401
5401
5401
5401
5401
5401
5401
5401
5401
5401
5401
5402
5402
5402
5402
5403
5403
5403
5403
5403
5403
5403
5404
5404
5404
5404
5404
5405
5405
5405
5405
5405
5405
5405
5406
5406
5406
5406
5406
5406
5406
5406
5406
5407
5407
5407
5408
5408
5408
5408
5408
5408
5408
5409
5410
5411
5411
5411
5411
5411
5411
5411
5411
5411
5411
5411
5411
5411
5411
5411
5411
5411
5411
5411
5411
5411
5412
5412
5412
5412
5412
5412
5412
5413
5413
5413
5413
5413
5413
5415
5415
5415
5415
5415
5415
5416
5416
5416
5416
5418
5419
5419
5419
5419
5419
5419
5419
5419
5419
5419
5419
5419
5421
5421
5421
5421
5421
5421
5421
5421
5421
5422
5423
5423
5423
5424
5424
5424
5425
5425
5425
5425
5425
5425
5426
5427
5428
5428
5428
5428
5428
5429
5429
5430
5430
5431
5431
5431
5431
5431
5433
5433
5433
5433
5433
5434
5435
5435
5436
5437
5437
5437
5437
5437
5437
5437
5437
5437
5438
5438
5439
5440
5440
5440
5440
5440
5440
5440
5440
5440
5440
5440
5441
5441
5441
5443
5443
5445
5445
5446
5446
5446
5446
5446
5446
5446
5447
5447
5447
5447
5447
5447
5447
5447
5447
5447
5447
5447
5449
5450
5450
5450
5451
5451
5452
5452
5452
5452
5452
5452
5452
5452
5452
5452
5453
5454
5454
5454
5454
5456
5456
5456
5456
5456
5456
5456
5457
5457
5458
5458
5458
5458
5458
5459
5459
5459
5459
5460
5460
5460
5460
5461
5461
5461
5461
5462
5462
5463
5463
5464
5464
5465
5466
5466
5467
5468
5468
5469
5469
5469
5469
5470
5470
5471
5471
5471
5471
5471
5471
5471
5471
5471
5471
5471
5471
5472
5472
5472
5472
5472
5472
5472
5472
5472
5472
5472
5472
5472
5472
5472
5472
5472
5473
5474
5475
5475
5475
5475
5475
5475
5475
5475
5475
5475
5476
5476
5476
5476
5476
5476
5476
5476
5477
5477
5477
5477
5477
5477
5477
5479
5479
5479
5479
5479
5479
5479
5479
5479
5480
5480
5480
5480
5480
5480
5482
5482
5482
5482
5482
5482
5482
5482
5483
5483
5483
5483
5483
5483
5483
5483
5483
5483
5483
5483
5483
5483
5483
5483
5484
5484
5484
5486
5486
5486
5486
5486
5486
5486
5487
5487
5488
5488
5488
5488
5489
5490
5491
5491
5491
5491
5491
5491
5491
5492
5492
5492
5492
5492
5492
5492
5492
5492
5492
5493
5493
5493
5493
5493
5494
5494
5494
5494
5495
5495
5495
5495
5495
5496
5496
5496
5496
5496
5496
5496
5496
5496
5497
5497
5497
5498
5498
5498
5499
5500
5500
5500
5500
5500
5500
5500
5500
5500
5500
5500
5500
5500
5500
5500
5500
5501
5501
5501
5503
5503
5503
5503
5503
5503
5503
5503
5503
5503
5504
5504
5504
5504
5504
5504
5504
5504
5505
5505
5505
5505
5505
5505
5506
5506
5506
5506
5506
5506
5506
5508
5509
5509
5509
5509
5509
5509
5509
5509
5509
5509
5509
5509
5510
5511
5512
5513
5513
5513
5513
5513
5513
5514
5515
5515
5515
5515
5515
5515
5515
5515
5515
5516
5517
5517
5517
5517
5517
5517
5517
5517
5517
5517
5517
5517
5517
5517
5517
5517
5517
5517
5518
5518
5518
5519
5519
5519
5520
5520
5520
5520
5520
5520
5520
5520
5520
5520
5521
5521
5521
5521
5521
5522
5522
5522
5522
5522
5522
5522
5524
5524
5524
5525
5525
5525
5525
5525
5525
5525
5526
5526
5526
5526
5527
5527
5527
5527
5527
5528
5528
5528
5528
5528
5528
5528
5528
5528
5528
5528
5529
5529
5530
5531
5531
5531
5532
5532
5532
5532
5532
5532
5533
5533
5533
5533
5533
5533
5533
5533
5534
5535
5535
5535
5535
5535
5535
5535
5535
5536
5536
5536
5536
5537
5537
5537
5537
5537
5537
5537
5537
5537
5537
5537
5537
5537
5537
5538
5538
5538
5539
5540
5540
5540
5540
5541
5541
5541
5542
5542
5542
5542
5543
5543
5544
5544
5544
5545
5545
5545
5545
5545
5545
5545
5545
5545
5545
5545
5545
5545
5545
5545
5545
5545
5545
5545
5545
5546
5546
5547
5547
5548
5548
5549
5549
5550
5550
5551
5552
5552
5552
5552
5552
5552
5552
5552
5552
5552
5552
5553
5553
5553
5554
5554
5554
5554
5554
5554
5554
5554
5554
5554
5556
5556
5556
5556
5556
5556
5556
5556
5556
5556
5557
5557
5557
5557
5557
5557
5558
5558
5558
5558
5558
5559
5559
5559
5560
5560
5560
5561
5562
5562
5562
5563
5563
5563
5563
5563
5563
5563
5563
5563
5563
5564
5564
5564
5564
5564
5565
5565
5566
5566
5567
5567
5568
5568
5568
5568
5568
5569
5570
5570
5570
5570
5570
5570
5572
5572
5572
5573
5573
5573
5573
5574
5574
5574
5574
5574
5574
5574
5575
5575
5576
5576
5576
5576
5577
5578
5578
5578
5578
5578
5585
5586
5586
5586
5586
5586
5586
5586
5586
5586
5586
5586
5586
5586
5587
5587
5587
5587
5587
5588
5588
5588
5588
5588
5588
5588
5588
5588
5588
5588
5588
5588
5588
5589
5589
5589
5589
5589
5589
5590
5590
5590
5590
5591
5591
5591
5591
5591
5591
5591
5591
5591
5591
5591
5591
5591
5591
5591
5591
5591
5593
5593
5593
5594
5594
5595
5595
5597
5597
5597
5597
5597
5597
5597
5597
5598
5598
5599
5599
5599
5599
5599
5599
5599
5600
5600
5600
5601
5601
5601
5601
5601
5601
5601
5601
5601
5602
5603
5603
5603
5604
5604
5604
5604
5604
5604
5604
5604
5605
5605
5605
5605
5605
5605
5606
5606
5606
5606
5606
5606
5606
5606
5606
5606
5606
5606
5606
5607
5607
5608
5609
5610
5610
5611
5611
5613
5613
5613
5613
5613
5613
5613
5613
5613
5613
5613
5613
5613
5613
5613
5613
5613
5613
5614
5614
5614
5614
5615
5615
5615
5615
5615
5615
5615
5615
5615
5616
5616
5616
5616
5616
5616
5616
5616
5617
5617
5617
5617
5617
5617
5617
5617
5617
5618
5619
5619
5619
5619
5619
5619
5619
5620
5621
5621
5622
5622
5623
5624
5624
5624
5624
5624
5624
5624
5624
5624
5624
5624
5625
5626
5627
5627
5627
5627
5627
5627
5627
5627
5627
5629
5629
5629
5629
5629
5629
5629
5629
5629
5629
5629
5629
5629
5629
5630
5630
5630
5630
5631
5631
5631
5631
5631
5631
5632
5632
5632
5632
5633
5633
5633
5633
5633
5633
5633
5634
5634
5634
5634
5634
5634
5634
5634
5634
5634
5634
5634
5635
5635
5635
5635
5636
5636
5637
5637
5638
5638
5638
5638
5638
5639
5639
5640
5640
5640
5640
5640
5641
5641
5641
5641
5642
5642
5642
5642
5642
5642
5642
5642
5642
5643
5644
5645
5645
5645
5645
5645
5645
5645
5645
5645
5645
5645
5645
5645
5645
5645
5646
5646
5646
5647
5647
5647
5647
5647
5647
5647
5647
5649
5650
5650
5650
5650
5650
5650
5650
5650
5650
5650
5650
5650
5650
5650
5650
5650
5650
5650
5650
5652
5652
5652
5652
5652
5652
5652
5653
5653
5653
5653
5653
5653
5653
5653
5653
5653
5653
5653
5653
5653
5653
5653
5653
5653
5653
5653
5653
5654
5654
5654
5654
5654
5654
5654
5654
5654
5654
5654
5654
5654
5654
5654
5654
5654
5654
5654
5654
5654
5655
5655
5656
5657
5657
5657
5658
5658
5658
5658
5658
5659
5660
5660
5660
5660
5660
5661
5661
5661
5661
5661
5661
5661
5662
5662
5662
5662
5662
5662
5662
5662
5662
5662
5662
5662
5662
5663
5663
5663
5663
5663
5663
5663
5663
5663
5663
5663
5663
5663
5663
5663
5664
5664
5664
5664
5664
5664
5665
5666
5666
5666
5667
5667
5667
5667
5668
5668
5668
5668
5668
5668
5670
5670
5670
5670
5671
5671
5671
5671
5671
5671
5671
5671
5671
5671
5672
5672
5672
5672
5672
5673
5674
5674
5674
5674
5674
5674
5674
5674
5674
5675
5675
5675
5675
5675
5675
5675
5675
5675
5675
5675
5675
5675
5675
5675
5675
5675
5677
5677
5677
5677
5677
5677
5678
5679
5680
5680
5680
5680
5680
5681
5681
5681
5681
5681
5681
5681
5682
5682
5682
5682
5682
5682
5682
5682
5682
5683
5684
5684
5684
5684
5684
5684
5684
5684
5685
5685
5685
5685
5685
5685
5686
5687
5688
5689
5690
5691
5691
5691
5691
5692
5692
5692
5692
5692
5692
5692
5692
5692
5692
5692
5692
5692
5692
5692
5692
5692
5692
5692
5692
5692
5692
5693
5693
5693
5693
5693
5693
5693
5694
5694
5694
5694
5694
5694
5694
5694
5694
5694
5695
5695
5695
5695
5695
5695
5695
5696
5696
5696
5696
5696
5696
5696
5696
5696
5696
5696
5697
5697
5697
5697
5698
5698
5698
5698
5698
5699
5699
5699
5700
5700
5700
5700
5700
5700
5701
5701
5701
5701
5701
5701
5701
5702
5702
5702
5702
5702
5702
5702
5702
5702
5702
5702
5702
5702
5702
5702
5702
5702
5702
5702
5703
5703
5703
5703
5703
5703
5703
5703
5703
5703
5703
5703
5703
5703
5704
5705
5705
5705
5705
5705
5705
5706
5706
5707
5707
5707
5707
5707
5707
5707
5707
5707
5707
5707
5707
5707
5707
5707
5707
5707
5707
5707
5708
5708
5709
5709
5709
5709
5710
5710
5710
5712
5713
5714
5714
5714
5714
5714
5714
5714
5715
5715
5715
5715
5716
5716
5716
5717
5717
5718
5718
5718
5718
5718
5718
5718
5718
5718
5718
5719
5720
5720
5720
5720
5720
5720
5720
5720
5720
5720
5720
5721
5721
5721
5722
5722
5723
5723
5723
5723
5723
5723
5723
5724
5726
5726
5726
5726
5726
5726
5726
5727
5727
5727
5727
5727
5727
5727
5727
5727
5727
5727
5727
5727
5727
5727
5727
5727
5727
5727
5727
5727
5727
5727
5727
5727
5727
5727
5727
5727
5727
5728
5728
5728
5728
5728
5728
5728
5728
5728
5728
5729
5730
5731
5731
5731
5731
5731
5731
5731
5731
5731
5731
5731
5731
5731
5731
5731
5731
5731
5731
5732
5732
5732
5732
5732
5732
5732
5732
5734
5734
5734
5735
5735
5735
5735
5735
5735
5735
5735
5736
5736
5736
5736
5736
5736
5736
5736
5736
5736
5736
5736
5736
5736
5736
5737
5737
5737
5737
5738
5738
5738
5738
5738
5738
5738
5738
5738
5738
5739
5740
5740
5740
5740
5740
5740
5740
5740
5740
5740
5740
5740
5741
5742
5742
5744
5745
5745
5745
5745
5745
5745
5745
5745
5745
5745
5745
5746
5748
5748
5748
5748
5748
5748
5748
5748
5748
5748
5749
5750
5750
5750
5750
5751
5752
5752
5752
5753
5753
5753
5754
5755
5755
5755
5755
5755
5755
5755
5755
5755
5755
5755
5755
5756
5756
5756
5756
5756
5756
5756
5756
5756
5756
5756
5756
5756
5756
5756
5756
5756
5756
5756
5756
5756
5756
5756
5756
5756
5756
5756
5756
5756
5756
5756
5756
5758
5758
5758
5758
5758
5758
5758
5759
5759
5759
5759
5760
5760
5760
5760
5760
5760
5760
5760
5760
5760
5760
5760
5760
5760
5761
5761
5761
5761
5761
5761
5761
5761
5762
5762
5762
5762
5762
5762
5762
5763
5763
5763
5763
5763
5764
5764
5765
5765
5765
5765
5765
5765
5765
5765
5765
5765
5766
5766
5766
5766
5766
5767
5767
5767
5768
5768
5768
5768
5768
5768
5769
5769
5770
5770
5770
5770
5770
5771
5772
5773
5773
5773
5773
5773
5773
5773
5773
5774
5774
5775
5776
5776
5776
5776
5776
5776
5776
5776
5776
5776
5776
5776
5776
5776
5776
5776
5777
5778
5778
5778
5778
5778
5778
5778
5778
5778
5778
5778
5778
5778
5779
5779
5779
5779
5780
5780
5780
5780
5780
5780
5780
5780
5781
5781
5782
5782
5782
5782
5782
5782
5782
5782
5782
5782
5782
5782
5783
5783
5783
5783
5784
5784
5784
5784
5784
5784
5784
5784
5784
5784
5784
5786
5786
5786
5786
5786
5786
5786
5786
5786
5786
5786
5786
5786
5786
5786
5786
5787
5787
5788
5789
5789
5789
5789
5790
5790
5790
5791
5793
5793
5793
5793
5793
5793
5794
5794
5795
5795
5795
5795
5795
5795
5795
5795
5796
5796
5796
5797
5797
5797
5798
5798
5798
5798
5798
5798
5798
5798
5798
5798
5798
5798
5798
5799
5799
5799
5799
5799
5799
5799
5799
5799
5799
5799
5799
5800
5801
5801
5801
5801
5801
5801
5802
5802
5802
5802
5802
5802
5802
5803
5803
5803
5803
5803
5804
5804
5804
5804
5805
5805
5805
5805
5805
5805
5805
5805
5805
5805
5805
5806
5806
5806
5806
5807
5807
5808
5808
5809
5809
5809
5810
5810
5810
5810
5810
5810
5810
5810
5812
5812
5812
5812
5812
5813
5813
5813
5813
5814
5814
5814
5814
5814
5815
5815
5815
5815
5815
5816
5816
5816
5816
5816
5816
5816
5816
5818
5818
5818
5819
5819
5819
5820
5820
5820
5820
5820
5820
5820
5820
5820
5820
5820
5820
5820
5821
5822
5822
5822
5822
5822
5822
5822
5823
5823
5823
5824
5824
5824
5824
5824
5824
5824
5824
5824
5824
5825
5825
5825
5825
5825
5825
5826
5826
5826
5826
5826
5826
5826
5826
5826
5827
5827
5827
5829
5829
5829
5829
5829
5829
5829
5829
5830
5830
5831
5831
5831
5832
5832
5832
5834
5834
5835
5835
5835
5835
5836
5836
5836
5836
5837
5837
5837
5837
5837
5837
5838
5839
5839
5839
5839
5839
5839
5840
5840
5840
5840
5840
5840
5840
5840
5840
5840
5840
5840
5840
5840
5840
5840
5840
5841
5841
5842
5842
5842
5842
5844
5844
5844
5844
5844
5845
5845
5845
5845
5845
5845
5845
5845
5845
5845
5845
5845
5846
5846
5846
5847
5847
5847
5847
5847
5847
5847
5847
5848
5849
5849
5849
5849
5849
5849
5849
5849
5850
5850
5850
5850
5850
5851
5851
5851
5851
5852
5852
5852
5852
5852
5852
5852
5852
5852
5852
5852
5852
5852
5852
5853
5854
5854
5854
5854
5854
5854
5854
5854
5854
5855
5855
5855
5855
5856
5857
5857
5857
5857
5857
5858
5858
5859
5859
5859
5860
5861
5861
5861
5861
5862
5862
5862
5863
5863
5863
5863
5863
5863
5863
5863
5864
5864
5864
5864
5865
5865
5865
5865
5866
5866
5866
5866
5866
5866
5866
5866
5866
5866
5867
5867
5867
5867
5867
5868
5868
5868
5868
5868
5868
5868
5868
5868
5868
5868
5868
5868
5868
5868
5868
5868
5868
5868
5868
5868
5868
5868
5868
5868
5868
5868
5868
5868
5869
5869
5869
5869
5869
5869
5870
5870
5871
5871
5871
5872
5872
5872
5872
5874
5874
5874
5874
5874
5874
5875
5876
5876
5876
5876
5876
5876
5877
5877
5877
5877
5877
5877
5877
5877
5877
5877
5877
5877
5877
5877
5877
5877
5877
5877
5877
5877
5878
5878
5878
5878
5878
5878
5878
5878
5879
5880
5881
5882
5882
5882
5882
5882
5882
5882
5882
5882
5882
5882
5882
5882
5882
5882
5882
5882
5882
5882
5882
5882
5882
5882
5882
5882
5883
5883
5883
5883
5883
5883
5884
5884
5884
5884
5884
5884
5886
5887
5887
5887
5887
5888
5889
5889
5889
5889
5889
5889
5889
5889
5889
5889
5889
5889
5890
5890
5891
5891
5891
5892
5892
5892
5892
5892
5892
5892
5892
5892
5892
5893
5893
5893
5893
5893
5893
5893
5893
5893
5893
5894
5894
5894
5894
5896
5897
5897
5897
5897
5897
5897
5897
5898
5898
5898
5898
5898
5898
5898
5898
5899
5899
5899
5899
5899
5899
5899
5899
5899
5899
5899
5899
5900
5900
5900
5901
5901
5902
5902
5902
5902
5902
5902
5902
5902
5902
5902
5903
5903
5903
5903
5903
5904
5904
5905
5905
5905
5905
5905
5906
5906
5906
5906
5906
5906
5906
5906
5907
5908
5908
5909
5909
5909
5909
5909
5909
5909
5909
5909
5909
5909
5909
5909
5912
5912
5912
5912
5912
5913
5913
5914
5914
5914
5914
5914
5915
5915
5915
5915
5915
5915
5915
5915
5915
5915
5916
5916
5916
5917
5917
5917
5917
5917
5917
5917
5917
5917
5917
5917
5917
5917
5917
5917
5918
5918
5918
5918
5918
5920
5920
5920
5920
5920
5920
5921
5921
5921
5921
5922
5922
5922
5923
5923
5923
5923
5923
5923
5923
5923
5923
5923
5923
5923
5924
5924
5924
5924
5924
5924
5924
5924
5925
5925
5925
5925
5925
5925
5925
5925
5925
5925
5925
5926
5926
5926
5926
5926
5927
5928
5928
5928
5928
5928
5929
5929
5929
5929
5929
5929
5929
5929
5929
5929
5929
5929
5929
5929
5929
5929
5929
5929
5929
5929
5929
5929
5929
5929
5929
5929
5929
5929
5929
5929
5929
5929
5930
5930
5930
5930
5930
5930
5930
5930
5930
5930
5933
5933
5933
5933
5934
5935
5935
5935
5935
5936
5936
5936
5936
5936
5936
5936
5936
5937
5938
5938
5938
5938
5938
5938
5938
5938
5938
5938
5938
5938
5938
5940
5940
5940
5940
5940
5940
5941
5941
5941
5941
5941
5941
5941
5941
5941
5941
5941
5942
5942
5942
5942
5942
5942
5942
5942
5942
5943
5944
5944
5944
5945
5945
5945
5945
5945
5946
5946
5946
5946
5946
5946
5946
5947
5947
5947
5947
5947
5948
5948
5948
5948
5948
5948
5948
5948
5948
5948
5948
5948
5948
5948
5950
5950
5952
5952
5952
5952
5954
5954
5954
5955
5955
5955
5955
5955
5956
5956
5956
5956
5956
5956
5957
5957
5958
5958
5959
5959
5959
5959
5959
5960
5960
5960
5960
5961
5961
5961
5961
5961
5961
5961
5961
5961
5962
5962
5962
5962
5962
5962
5962
5962
5962
5962
5962
5962
5962
5964
5965
5965
5965
5965
5965
5965
5965
5965
5965
5965
5966
5966
5966
5966
5966
5967
5967
5967
5968
