8043
8043
8043
8043
8043
8043
8043
8043
8043
8043
8043
8043
8043
8043
8043
8043
8044
8045
8045
8045
8045
8045
8045
8045
8045
8045
8045
8045
8045
8045
8045
8045
8045
8045
8045
8045
8045
8045
8045
8045
8045
8045
8045
8045
8045
8045
8045
8045
8045
8045
8045
8045
8045
8045
8045
8045
8045
8045
8045
8045
8045
8045
8045
8045
8045
8045
8045
8045
8045
8045
8045
8045
8045
8045
8045
8045
8045
8045
8045
8045
8045
8045
8045
8045
8045
8045
8045
8045
8045
8045
8045
8045
8045
8045
8045
8045
8045
8045
8045
8045
8045
8045
8045
8045
8045
8045
8045
8045
8045
8045
8045
8045
8045
8045
8045
8045
8045
8045
8045
8045
8045
8045
8045
8045
8045
8045
8045
8045
8045
8045
8045
8045
8045
8045
8045
8045
8045
8045
8045
8045
8045
8045
8045
8045
8045
8045
8045
8045
8045
8045
8045
8045
8045
8045
8045
8045
8045
8045
8045
8045
8045
8045
8045
8045
8045
8045
8045
8045
8045
8045
8045
8045
8045
8045
8045
8045
8045
8045
8045
8045
8045
8045
8045
8045
8045
8045
8045
8045
8045
8045
8045
8045
8045
8045
8045
8045
8045
8045
8045
8045
8045
8045
8045
8045
8045
8045
8045
8045
8045
8045
8045
8046
8046
8046
8046
8046
8046
8046
8046
8046
8046
8046
8046
8046
8046
8046
8046
8046
8046
8046
8046
8046
8046
8046
8046
8046
8046
8046
8046
8047
8047
8047
8047
8047
8047
8047
8047
8047
8047
8047
8047
8047
8047
8047
8047
8047
8047
8047
8047
8047
8047
8047
8048
8048
8048
8048
8048
8048
8048
8048
8048
8048
8048
8048
8048
8048
8048
8048
8048
8048
8048
8048
8048
8048
8048
8048
8048
8048
8048
8048
8048
8048
8048
8048
8048
8048
8048
8048
8048
8048
8048
8048
8048
8048
8048
8048
8048
8048
8048
8048
8048
8048
8048
8048
8048
8048
8048
8048
8048
8048
8048
8048
8048
8050
8050
8050
8050
8050
8050
8050
8050
8050
8050
8050
8050
8050
8051
8051
8051
8051
8051
8051
8051
8051
8051
8051
8051
8051
8051
8051
8051
8051
8051
8051
8051
8051
8051
8051
8051
8051
8051
8051
8051
8051
8051
8051
8051
8051
8051
8051
8051
8051
8051
8051
8051
8052
8052
8052
8052
8052
8052
8052
8052
8052
8052
8052
8053
8053
8053
8053
8053
8053
8053
8053
8053
8053
8053
8053
8053
8053
8053
8053
8053
8053
8053
8053
8053
8053
8053
8053
8053
8053
8053
8053
8053
8053
8053
8053
8053
8053
8053
8053
8053
8053
8054
8054
8054
8054
8054
8054
8054
8054
8054
8054
8054
8054
8054
8054
8055
8055
8056
8056
8056
8056
8056
8056
8056
8056
8056
8056
8056
8056
8056
8056
8056
8056
8056
8056
8056
8056
8056
8056
8056
8056
8056
8056
8056
8056
8056
8056
8056
8056
8056
8056
8056
8057
8057
8057
8057
8057
8057
8057
8057
8057
8057
8057
8057
8058
8058
8058
8058
8058
8058
8058
8058
8058
8059
8059
8059
8059
8059
8059
8059
8059
8059
8059
8059
8059
8059
8059
8059
8059
8059
8059
8060
8060
8061
8061
8061
8061
8061
8061
8061
8061
8061
8061
8061
8061
8061
8061
8061
8061
8061
8061
8061
8061
8061
8061
8061
8061
8061
8061
8061
8061
8061
8061
8061
8061
8061
8061
8061
8061
8061
8061
8061
8061
8061
8061
8061
8061
8061
8061
8061
8061
8061
8061
8061
8061
8061
8061
8061
8061
8061
8061
8061
8061
8061
8061
8061
8061
8061
8061
8061
8061
8061
8061
8061
8061
8061
8061
8061
8062
8062
8062
8062
8062
8062
8062
8062
8062
8062
8062
8062
8062
8062
8062
8062
8062
8062
8062
8062
8062
8062
8062
8062
8062
8062
8062
8062
8062
8062
8062
8062
8062
8062
8062
8062
8062
8063
8063
8063
8064
8064
8064
8064
8064
8064
8064
8064
8064
8064
8064
8064
8064
8065
8065
8065
8065
8065
8065
8065
8065
8065
8065
8065
8065
8065
8065
8065
8065
8065
8065
8065
8065
8065
8065
8065
8065
8065
8065
8065
8065
8065
8065
8065
8065
8065
8065
8065
8065
8065
8065
8065
8065
8065
8065
8066
8066
8066
8066
8066
8066
8066
8066
8066
8067
8067
8067
8067
8067
8067
8068
8068
8068
8068
8068
8068
8068
8068
8068
8068
8068
8068
8068
8068
8068
8068
8068
8068
8068
8068
8068
8068
8068
8068
8068
8068
8068
8068
8068
8068
8068
8068
8068
8068
8068
8069
8069
8069
8069
8070
8070
8070
8070
8070
8070
8070
8070
8070
8070
8070
8070
8071
8071
8071
8071
8071
8071
8071
8071
8072
8072
8072
8072
8072
8072
8072
8072
8072
8072
8072
8072
8072
8072
8072
8072
8072
8072
8072
8072
8072
8072
8072
8072
8072
8072
8072
8072
8072
8072
8072
8072
8072
8072
8072
8072
8072
8072
8072
8072
8072
8072
8072
8072
8072
8072
8072
8072
8072
8072
8072
8072
8072
8072
8072
8072
8072
8072
8072
8073
8073
8073
8073
8073
8073
8073
8073
8073
8074
8074
8074
8074
8074
8074
8074
8074
8074
8074
8074
8074
8074
8074
8074
8074
8074
8074
8074
8074
8074
8074
8074
8074
8074
8074
8074
8075
8075
8075
8075
8075
8075
8075
8075
8075
8075
8075
8075
8075
8075
8075
8075
8075
8075
8075
8075
8075
8075
8075
8075
8075
8075
8075
8075
8075
8075
8075
8075
8075
8075
8075
8075
8075
8075
8075
8075
8075
8075
8075
8075
8075
8075
8075
8075
8075
8075
8075
8075
8075
8075
8075
8075
8075
8075
8075
8075
8075
8076
8076
8076
8076
8076
8076
8077
8077
8077
8077
8077
8077
8077
8077
8077
8077
8077
8077
8077
8077
8077
8077
8077
8077
8077
8077
8077
8077
8077
8078
8078
8078
8078
8078
8078
8078
8078
8078
8078
8078
8078
8078
8078
8078
8078
8078
8078
8079
8079
8079
8079
8079
8079
8079
8079
8079
8079
8079
8079
8079
8079
8079
8079
8080
8080
8080
8080
8080
8080
8080
8080
8080
8080
8080
8080
8080
8080
8080
8080
8080
8080
8080
8080
8080
8080
8080
8080
8080
8080
8080
8080
8080
8080
8080
8080
8080
8080
8080
8080
8080
8080
8080
8080
8080
8080
8080
8080
8080
8080
8080
8080
8080
8080
8080
8080
8080
8080
8080
8080
8081
8081
8081
8081
8081
8081
8081
8081
8081
8081
8081
8081
8081
8081
8082
8082
8083
8083
8083
8083
8083
8083
8084
8084
8084
8084
8084
8084
8084
8084
8084
8084
8084
8085
8085
8085
8085
8085
8085
8085
8085
8085
8085
8085
8085
8085
8085
8085
8085
8085
8085
8085
8085
8085
8085
8085
8085
8085
8085
8085
8085
8085
8085
8085
8085
8085
8085
8085
8086
8086
8086
8086
8086
8086
8086
8086
8086
8086
8086
8086
8086
8086
8086
8086
8086
8086
8086
8086
8086
8086
8086
8086
8086
8086
8086
8086
8086
8086
8086
8086
8086
8086
8086
8086
8086
8086
8086
8086
8086
8086
8086
8086
8086
8086
8086
8086
8086
8086
8086
8086
8086
8086
8086
8086
8086
8086
8086
8086
8086
8086
8086
8086
8086
8086
8086
8086
8086
8086
8086
8086
8086
8086
8086
8086
8086
8086
8086
8086
8086
8086
8086
8086
8086
8086
8086
8086
8086
8086
8086
8086
8086
8086
8086
8087
8087
8087
8087
8087
8087
8087
8087
8087
8087
8087
8087
8087
8087
8087
8087
8087
8087
8087
8087
8088
8088
8088
8088
8088
8088
8088
8088
8088
8088
8088
8088
8088
8088
8088
8088
8088
8088
8088
8088
8088
8088
8088
8088
8088
8088
8088
8088
8089
8090
8090
8090
8090
8090
8090
8090
8090
8090
8090
8090
8090
8090
8090
8090
8090
8090
8090
8090
8090
8090
8090
8090
8090
8090
8090
8090
8090
8090
8090
8090
8090
8090
8090
8090
8090
8090
8090
8090
8090
8090
8090
8090
8090
8090
8090
8090
8090
8090
8090
8090
8091
8091
8091
8091
8091
8092
8092
8092
8092
8092
8092
8092
8092
8092
8092
8092
8092
8092
8092
8092
8092
8092
8092
8093
8093
8093
8093
8093
8093
8093
8093
8093
8093
8093
8093
8093
8093
8093
8093
8093
8093
8093
8093
8093
8093
8093
8093
8093
8093
8093
8093
8093
8093
8093
8093
8093
8093
8093
8093
8093
8093
8093
8093
8093
8093
8093
8093
8094
8094
8094
8094
8094
8094
8094
8094
8094
8094
8094
8094
8094
8094
8094
8094
8094
8094
8094
8094
8094
8094
8094
8096
8096
8096
8096
8096
8096
8096
8096
8096
8096
8097
8097
8097
8097
8097
8097
8097
8097
8097
8097
8097
8097
8097
8097
8097
8097
8097
8097
8097
8097
8097
8097
8097
8097
8097
8097
8097
8097
8097
8097
8097
8097
8097
8097
8097
8097
8097
8097
8097
8097
8097
8097
8097
8097
8097
8097
8097
8097
8097
8097
8097
8097
8097
8097
8097
8097
8097
8097
8097
8097
8097
8097
8097
8097
8097
8097
8097
8097
8097
8097
8097
8097
8097
8097
8097
8097
8097
8097
8097
8097
8097
8097
8097
8097
8097
8097
8098
8098
8098
8098
8098
8098
8098
8098
8098
8098
8098
8098
8098
8098
8098
8098
8098
8098
8098
8098
8098
8098
8098
8098
8098
8098
8098
8098
8098
8098
8098
8098
8098
8098
8098
8098
8098
8098
8098
8098
8098
8099
8099
8099
8099
8099
8099
8099
8099
8099
8099
8099
8099
8099
8099
8099
8099
8099
8099
8099
8099
8099
8099
8099
8099
8099
8099
8099
8099
8099
8099
8100
8100
8100
8100
8100
8100
8100
8100
8100
8100
8101
8101
8101
8101
8102
8102
8102
8102
8102
8102
8102
8102
8102
8102
8102
8102
8102
8102
8102
8102
8102
8102
8102
8102
8102
8102
8102
8102
8102
8102
8102
8102
8102
8102
8102
8102
8102
8102
8102
8103
8103
8103
8103
8103
8103
8103
8103
8103
8103
8103
8103
8103
8103
8103
8103
8103
8103
8103
8103
8103
8103
8103
8103
8103
8103
8103
8103
8103
8103
8103
8103
8103
8103
8103
8103
8103
8103
8103
8103
8103
8103
8103
8103
8103
8103
8103
8103
8103
8103
8103
8103
8103
8103
8103
8103
8103
8103
8103
8103
8103
8103
8103
8103
8104
8104
8104
8104
8104
8104
8104
8104
8104
8104
8104
8104
8104
8104
8104
8104
8104
8104
8104
8104
8104
8104
8104
8104
8104
8104
8104
8104
8104
8104
8104
8104
8105
8105
8105
8105
8105
8105
8105
8105
8105
8105
8105
8105
8105
8105
8105
8105
8105
8105
8105
8105
8105
8105
8105
8105
8105
8105
8105
8105
8105
8105
8106
8106
8106
8107
8107
8107
8107
8107
8107
8107
8107
8107
8107
8107
8107
8107
8107
8107
8107
8107
8107
8107
8107
8107
8107
8107
8108
8108
8108
8108
8108
8108
8108
8108
8108
8108
8108
8108
8108
8108
8108
8108
8108
8108
8108
8108
8108
8108
8108
8108
8108
8108
8108
8108
8108
8108
8108
8108
8108
8108
8108
8108
8108
8108
8108
8108
8108
8108
8108
8108
8108
8108
8108
8108
8108
8108
8108
8108
8108
8108
8109
8109
8109
8109
8109
8109
8109
8109
8109
8109
8109
8109
8109
8109
8109
8109
8109
8109
8109
8109
8109
8109
8109
8109
8109
8109
8109
8109
8109
8110
8110
8110
8110
8110
8110
8110
8111
8111
8111
8111
8111
8111
8111
8111
8111
8111
8111
8111
8111
8111
8111
8111
8111
8111
8111
8111
8112
8112
8112
8112
8112
8112
8112
8112
8112
8112
8112
8112
8112
8112
8112
8113
8113
8113
8113
8113
8114
8114
8114
8114
8114
8114
8114
8114
8114
8114
8114
8114
8114
8114
8114
8114
8114
8114
8114
8115
8115
8115
8115
8115
8115
8115
8115
8116
8116
8116
8116
8116
8116
8117
8117
8117
8118
8118
8118
8118
8118
8118
8118
8118
8118
8118
8118
8118
8118
8118
8118
8118
8118
8118
8118
8118
8118
8118
8118
8118
8118
8118
8118
8118
8118
8118
8118
8118
8119
8119
8119
8119
8119
8119
8119
8119
8119
8119
8119
8119
8119
8119
8120
8120
8120
8120
8120
8120
8120
8120
8120
8120
8120
8120
8120
8120
8120
8120
8120
8120
8120
8120
8120
8120
8120
8120
8120
8120
8120
8120
8120
8120
8120
8120
8120
8120
8120
8120
8120
8120
8120
8120
8120
8120
8120
8120
8120
8120
8121
8121
8121
8121
8121
8121
8121
8122
8122
8122
8122
8122
8122
8122
8122
8122
8122
8123
8123
8123
8123
8123
8123
8123
8123
8123
8123
8123
8123
8123
8123
8123
8123
8123
8123
8123
8123
8123
8123
8123
8123
8123
8123
8123
8123
8123
8123
8123
8124
8124
8124
8124
8124
8124
8124
8124
8124
8124
8124
8124
8124
8124
8124
8124
8124
8124
8124
8124
8124
8124
8124
8124
8124
8124
8124
8124
8124
8124
8124
8124
8124
8124
8124
8124
8124
8124
8124
8124
8124
8124
8124
8124
8124
8124
8124
8124
8124
8124
8124
8124
8124
8124
8124
8124
8124
8124
8124
8124
8124
8124
8124
8124
8124
8124
8124
8124
8124
8124
8124
8124
8124
8124
8124
8124
8124
8124
8124
8124
8124
8124
8124
8124
8124
8124
8124
8124
8124
8124
8124
8124
8124
8124
8124
8124
8124
8124
8124
8124
8124
8124
8124
8124
8124
8124
8124
8124
8124
8124
8124
8124
8124
8124
8124
8124
8124
8124
8124
8124
8124
8124
8124
8124
8124
8124
8124
8124
8124
8124
8124
8124
8124
8124
8124
8124
8124
8124
8124
8124
8124
8124
8124
8124
8124
8124
8124
8124
8124
8124
8124
8124
8124
8124
8124
8124
8124
8124
8124
8124
8124
8124
8125
8125
8125
8125
8125
8125
8125
8125
8125
8125
8125
8125
8125
8125
8125
8125
8125
8125
8125
8125
8125
8125
8125
8125
8125
8126
8126
8126
8126
8126
8126
8126
8126
8126
8127
8127
8127
8127
8127
8127
8127
8127
8127
8127
8128
8129
8129
8129
8130
8130
8130
8130
8130
8130
8130
8130
8130
8130
8130
8130
8130
8130
8130
8130
8130
8130
8130
8130
8130
8130
8130
8130
8130
8130
8130
8130
8130
8130
8130
8130
8130
8130
8130
8130
8130
8130
8130
8130
8130
8130
8130
8130
8130
8130
8130
8130
8130
8130
8130
8131
8131
8131
8131
8131
8131
8131
8131
8131
8131
8132
8132
8132
8132
8132
8132
8132
8132
8132
8133
8133
8133
8133
8133
8133
8133
8133
8133
8133
8133
8133
8133
8133
8133
8133
8133
8133
8133
8133
8133
8133
8133
8133
8133
8133
8133
8133
8133
8133
8133
8134
8134
8134
8134
8134
8134
8134
8134
8134
8134
8134
8134
8134
8134
8134
8134
8134
8134
8134
8134
8134
8134
8134
8134
8134
8134
8134
8134
8134
8134
8134
8134
8134
8134
8134
8134
8134
8134
8134
8134
8134
8134
8134
8134
8134
8134
8134
8134
8134
8134
8134
8134
8135
8135
8135
8135
8135
8136
8136
8136
8136
8136
8136
8136
8136
8136
8136
8136
8136
8137
8137
8137
8137
8137
8137
8137
8137
8137
8137
8137
8137
8137
8137
8137
8137
8137
8137
8137
8137
8137
8137
8137
8137
8137
8137
8137
8137
8137
8137
8137
8137
8137
8137
8137
8137
8137
8137
8137
8137
8137
8137
8137
8137
8137
8137
8137
8137
8137
8137
8137
8137
8137
8137
8137
8137
8137
8137
8137
8137
8137
8137
8137
8137
8137
8137
8137
8137
8137
8137
8137
8137
8137
8137
8138
8138
8138
8138
8138
8138
8138
8138
8138
8138
8138
8138
8138
8139
8139
8139
8139
8140
8140
8140
8140
8140
8140
8140
8140
8140
8140
8140
8140
8140
8140
8141
8141
8141
8141
8141
8141
8141
8141
8141
8141
8141
8141
8141
8141
8141
8141
8141
8141
8141
8141
8141
8141
8141
8141
8141
8141
8141
8141
8141
8141
8141
8141
8141
8141
8141
8141
8141
8141
8141
8141
8141
8141
8141
8141
8141
8141
8141
8141
8141
8141
8141
8141
8141
8141
8141
8142
8143
8143
8143
8143
8143
8143
8143
8143
8143
8143
8144
8144
8144
8144
8144
8144
8144
8144
8144
8144
8144
8144
8144
8144
8145
8145
8145
8145
8146
8146
8146
8146
8146
8146
8146
8146
8146
8146
8146
8146
8146
8146
8146
8146
8146
8146
8146
8146
8146
8146
8146
8146
8146
8146
8146
8146
8146
8146
8146
8146
8146
8146
8146
8146
8146
8146
8146
8146
8146
8146
8146
8146
8146
8146
8146
8146
8146
8146
8146
8146
8146
8146
8146
8146
8146
8146
8146
8146
8146
8146
8146
8146
8146
8146
8147
8147
8147
8147
8147
8147
8148
8148
8148
8148
8148
8148
8148
8148
8148
8148
8148
8148
8148
8148
8148
8149
8149
8149
8150
8150
8150
8150
8150
8150
8150
8150
8150
8150
8150
8150
8150
8150
8150
8150
8150
8150
8150
8150
8150
8150
8150
8150
8150
8150
8150
8150
8150
8150
8150
8150
8150
8150
8150
8150
8150
8150
8150
8150
8150
8150
8150
8150
8150
8150
8150
8150
8150
8150
8150
8150
8150
8150
8151
8151
8151
8151
8151
8151
8151
8151
8151
8151
8151
8151
8152
8152
8152
8152
8152
8152
8152
8153
8153
8153
8153
8153
8153
8153
8153
8153
8153
8153
8153
8153
8153
8153
8153
8153
8153
8153
8153
8153
8153
8153
8153
8153
8153
8153
8153
8153
8153
8153
8153
8153
8153
8153
8153
8153
8153
8153
8153
8153
8153
8153
8153
8153
8154
8154
8154
8154
8154
8154
8154
8154
8154
8154
8154
8154
8154
8154
8154
8154
8154
8154
8154
8154
8154
8154
8154
8154
8154
8154
8154
8154
8154
8154
8154
8154
8154
8154
8154
8154
8154
8154
8155
8155
8155
8155
8155
8155
8155
8155
8155
8155
8155
8155
8155
8155
8155
8155
8155
8155
8155
8155
8155
8155
8155
8155
8155
8155
8155
8155
8155
8155
8155
8155
8155
8155
8155
8155
8155
8155
8155
8156
8156
8156
8156
8156
8156
8157
8157
8157
8157
8157
8157
8157
8157
8157
8157
8157
8157
8157
8157
8157
8157
8157
8157
8157
8157
8158
8158
8158
8158
8158
8158
8158
8158
8159
8159
8159
8159
8159
8159
8159
8159
8159
8159
8159
8159
8159
8159
8160
8160
8160
8160
8160
8160
8160
8160
8160
8160
8160
8160
8160
8160
8160
8160
8160
8160
8160
8160
8160
8160
8160
8160
8160
8160
8160
8160
8160
8160
8160
8160
8160
8160
8160
8160
8160
8160
8160
8160
8160
8160
8160
8160
8161
8161
8161
8161
8161
8161
8161
8161
8161
8161
8161
8161
8161
8161
8161
8161
8161
8161
8161
8161
8161
8161
8161
8161
8161
8161
8161
8161
8161
8161
8162
8163
8163
8163
8163
8163
8163
8163
8163
8163
8163
8163
8163
8163
8164
8164
8164
8164
8164
8164
8164
8164
8164
8164
8164
8164
8164
8164
8164
8164
8164
8164
8164
8164
8164
8164
8164
8164
8164
8164
8164
8164
8164
8164
8164
8164
8164
8164
8164
8164
8164
8164
8164
8164
8165
8165
8165
8165
8165
8165
8165
8165
8165
8165
8166
8166
8166
8166
8167
8167
8167
8167
8167
8167
8167
8167
8167
8167
8167
8167
8167
8167
8167
8167
8167
8167
8167
8167
8167
8167
8167
8167
8167
8167
8168
8168
8169
8169
8169
8169
8169
8169
8169
8169
8169
8169
8169
8169
8169
8169
8169
8169
8169
8169
8169
8169
8169
8169
8169
8169
8169
8169
8169
8169
8169
8169
8169
8169
8169
8169
8169
8169
8169
8169
8169
8169
8169
8169
8170
8170
8170
8170
8170
8170
8170
8170
8170
8170
8170
8170
8170
8170
8170
8171
8171
8171
8171
8171
8171
8171
8171
8171
8171
8171
8171
8171
8171
8171
8171
8171
8171
8171
8171
8171
8171
8171
8171
8171
8171
8171
8171
8171
8172
8172
8172
8172
8172
8172
8172
8172
8172
8172
8172
8172
8172
8172
8172
8172
8172
8172
8172
8172
8172
8172
8172
8172
8172
8172
8172
8172
8172
8172
8172
8172
8172
8172
8172
8172
8172
8172
8172
8172
8172
8172
8172
8172
8172
8172
8172
8172
8172
8172
8172
8172
8172
8172
8172
8172
8172
8172
8172
8172
8172
8172
8172
8172
8172
8172
8172
8172
8172
8172
8172
8172
8172
8172
8172
8172
8172
8172
8172
8172
8172
8172
8172
8172
8172
8172
8172
8172
8172
8172
8172
8172
8172
8172
8172
8172
8172
8172
8172
8172
8172
8172
8172
8172
8173
8173
8173
8173
8173
8173
8173
8173
8173
8173
8173
8173
8173
8173
8173
8173
8173
8173
8173
8174
8174
8174
8174
8174
8174
8174
8174
8174
8174
8174
8174
8174
8174
8174
8174
8174
8174
8174
8174
8174
8174
8174
8174
8174
8174
8174
8174
8174
8174
8174
8174
8174
8174
8174
8174
8174
8174
8174
8174
8174
8174
8174
8174
8175
8176
8176
8176
8176
8176
8176
8176
8176
8176
8176
8176
8176
8176
8176
8176
8176
8176
8176
8176
8176
8177
8177
8177
8177
8177
8177
8177
8177
8177
8177
8177
8177
8177
8177
8177
8177
8177
8177
8177
8177
8177
8177
8177
8177
8177
8177
8177
8177
8177
8177
8177
8177
8177
8177
8177
8177
8177
8177
8177
8177
8177
8177
8177
8177
8177
8177
8177
8177
8178
8178
8178
8178
8178
8178
8178
8178
8178
8178
8178
8178
8178
8179
8179
8179
8179
8179
8179
8179
8179
8179
8179
8179
8179
8179
8179
8179
8179
8179
8179
8179
8179
8179
8179
8179
8179
8179
8179
8179
8179
8179
8179
8179
8179
8179
8179
8179
8179
8179
8179
8179
8179
8179
8179
8179
8179
8179
8179
8179
8180
8180
8180
8180
8180
8180
8181
8181
8181
8181
8181
8181
8181
8181
8181
8182
8182
8182
8182
8182
8182
8182
8182
8182
8182
8182
8182
8182
8182
8182
8182
8182
8182
8182
8182
8182
8182
8182
8182
8182
8182
8182
8182
8182
8182
8182
8182
8182
8182
8182
8182
8182
8182
8182
8182
8182
8182
8182
8182
8182
8182
8182
8182
8182
8182
8182
8182
8182
8182
8182
8182
8182
8182
8182
8182
8182
8182
8182
8182
8182
8182
8182
8182
8182
8182
8182
8182
8182
8182
8182
8182
8182
8182
8182
8182
8182
8183
8183
8183
8183
8183
8184
8184
8184
8184
8184
8184
8184
8184
8184
8184
8184
8184
8184
8184
8184
8184
8184
8184
8184
8184
8184
8184
8184
8184
8184
8184
8185
8185
8185
8185
8185
8185
8185
8185
8185
8185
8185
8185
8185
8185
8185
8185
8185
8185
8185
8185
8185
8185
8185
8185
8185
8185
8185
8185
8185
8185
8185
8185
8185
8185
8185
8185
8185
8185
8185
8185
8185
8185
8185
8185
8185
8185
8185
8185
8185
8185
8185
8185
8185
8185
8185
8185
8185
8185
8185
8185
8185
8185
8185
8185
8185
8185
8185
8185
8185
8185
8185
8185
8185
8185
8185
8185
8185
8185
8185
8185
8185
8185
8185
8185
8185
8185
8185
8185
8185
8185
8185
8185
8185
8185
8185
8185
8185
8185
8185
8185
8185
8185
8185
8185
8186
8186
8186
8186
8187
8187
8187
8187
8187
8187
8187
8187
8187
8187
8187
8187
8187
8187
8187
8187
8187
8187
8187
8187
8187
8187
8187
8187
8187
8187
8187
8187
8187
8187
8187
8187
8187
8187
8187
8187
8187
8187
8187
8187
8187
8187
8187
8187
8187
8187
8187
8187
8188
8188
8188
8188
8188
8188
8188
8188
8188
8188
8188
8188
8188
8188
8188
8188
8188
8188
8188
8188
8188
8188
8188
8188
8188
8188
8188
8188
8188
8188
8188
8188
8188
8188
8188
8188
8188
8188
8188
8188
8188
8188
8188
8188
8188
8188
8188
8188
8188
8188
8188
8188
8188
8188
8188
8188
8188
8188
8188
8188
8188
8188
8188
8188
8188
8188
8188
8188
8188
8188
8188
8189
8189
8189
8189
8189
8189
8189
8189
8189
8189
8189
8189
8189
8189
8189
8189
8190
8190
8190
8190
8190
8190
8190
8190
8191
8191
8191
8191
8191
8191
8191
8191
8191
8192
8192
8192
8192
8192
8192
8192
8192
8192
8192
8192
8192
8192
8192
8192
8192
8192
8192
8193
8193
8193
8193
8193
8193
8193
8193
8193
8193
8193
8193
8194
8195
8195
8195
8195
8195
8195
8195
8195
8195
8195
8195
8195
8195
8195
8195
8195
8195
8195
8195
8195
8195
8195
8195
8195
8195
8195
8195
8195
8196
8196
8196
8196
8196
8196
8196
8196
8197
8197
8197
8197
8197
8197
8197
8198
8198
8198
8198
8199
8199
8199
8199
8199
8199
8199
8199
8199
8199
8199
8199
8199
8199
8200
8200
8200
8200
8200
8200
8200
8200
8200
8200
8200
8201
8201
8201
8201
8202
8202
8202
8202
8202
8202
8202
8202
8202
8202
8202
8202
8202
8202
8202
8202
8202
8202
8202
8202
8202
8202
8202
8202
8202
8202
8202
8202
8202
8202
8202
8202
8202
8202
8202
8202
8202
8202
8202
8202
8202
8202
8203
8203
8203
8203
8203
8203
8203
8203
8203
8203
8204
8204
8204
8204
8204
8204
8204
8204
8204
8204
8204
8204
8204
8204
8204
8204
8204
8205
8205
8205
8205
8205
8205
8205
8205
8205
8205
8205
8206
8206
8206
8206
8206
8206
8206
8206
8206
8206
8206
8206
8206
8206
8206
8206
8206
8206
8206
8206
8206
8206
8206
8206
8206
8206
8206
8206
8206
8206
8206
8206
8206
8206
8206
8206
8206
8206
8206
8206
8206
8206
8206
8206
8206
8206
8206
8206
8206
8206
8206
8206
8206
8206
8206
8206
8206
8206
8206
8206
8206
8206
8206
8206
8206
8206
8206
8206
8206
8206
8206
8206
8206
8206
8206
8206
8206
8206
8206
8206
8206
8206
8206
8206
8206
8206
8206
8206
8206
8206
8206
8206
8206
8206
8206
8206
8206
8206
8206
8206
8206
8206
8206
8206
8206
8206
8206
8206
8206
8206
8206
8206
8206
8206
8206
8206
8206
8206
8206
8206
8206
8206
8206
8206
8206
8207
8207
8207
8207
8207
8207
8207
8207
8207
8207
8207
8207
8207
8207
8207
8207
8207
8207
8207
8207
8207
8207
8207
8207
8207
8207
8207
8207
8207
8207
8207
8207
8207
8207
8207
8207
8207
8207
8207
8207
8207
8207
8207
8207
8207
8207
8207
8207
8207
8207
8207
8207
8207
8207
8207
8207
8207
8207
8207
8207
8207
8207
8207
8207
8207
8207
8207
8207
8207
8207
8208
8208
8208
8208
8208
8208
8209
8209
8209
8209
8209
8209
8209
8209
8209
8210
8210
8210
8210
8210
8210
8210
8210
8210
8210
8210
8210
8210
8210
8210
8210
8210
8210
8210
8210
8210
8210
8211
8211
8211
8211
8211
8211
8211
8211
8211
8211
8211
8211
8211
8211
8211
8211
8211
8211
8211
8211
8211
8211
8211
8211
8211
8211
8211
8211
8212
8212
8212
8212
8212
8212
8212
8212
8212
8212
8212
8212
8212
8213
8213
8213
8213
8213
8213
8213
8213
8213
8213
8213
8213
8213
8213
8213
8213
8213
8213
8213
8213
8213
8213
8213
8213
8213
8213
8213
8213
8213
8213
8213
8213
8213
8213
8213
8213
8213
8213
8213
8213
8213
8213
8213
8213
8213
8213
8213
8213
8213
8213
8213
8213
8213
8213
8213
8213
8213
8213
8213
8213
8213
8213
8213
8213
8214
8215
8215
8216
8216
8216
8216
8216
8216
8216
8216
8216
8216
8216
8216
8216
8216
8216
8216
8217
8217
8217
8217
8217
8217
8217
8217
8218
8218
8218
8218
8218
8218
8218
8218
8218
8218
8218
8218
8218
8218
8218
8218
8218
8218
8218
8218
8218
8218
8218
8218
8218
8218
8218
8218
8218
8218
8218
8218
8218
8218
8218
8218
8218
8218
8218
8218
8218
8218
8218
8218
8218
8220
8220
8220
8220
8220
8220
8220
8220
8220
8221
8221
8221
8221
8221
8221
8221
8221
8221
8221
8221
8221
8221
8221
8221
8221
8221
8221
8221
8221
8221
8221
8221
8221
8221
8222
8222
8222
8222
8222
8222
8222
8222
8222
8222
8222
8222
8222
8222
8222
8222
8222
8222
8222
8222
8222
8222
8222
8222
8222
8222
8222
8222
8222
8222
8222
8222
8222
8222
8222
8222
8222
8222
8222
8222
8222
8222
8223
8223
8223
8223
8223
8223
8223
8223
8223
8223
8223
8223
8223
8223
8223
8223
8223
8223
8223
8223
8223
8223
8223
8223
8223
8223
8223
8223
8223
8223
8223
8223
8223
8223
8224
8224
8224
8224
8224
8224
8224
8224
8224
8224
8224
8224
8224
8224
8224
8224
8224
8224
8224
8224
8224
8224
8224
8224
8224
8224
8224
8224
8224
8224
8224
8224
8224
8224
8224
8224
8224
8224
8224
8224
8224
8224
8224
8224
8224
8224
8224
8224
8224
8225
8225
8225
8225
8225
8225
8225
8225
8225
8225
8225
8225
8225
8225
8225
8225
8225
8225
8225
8225
8225
8225
8225
8225
8225
8226
8226
8227
8227
8227
8227
8227
8228
8229
8229
8229
8229
8229
8229
8229
8229
8229
8229
8229
8229
8229
8229
8229
8229
8229
8229
8229
8229
8229
8229
8229
8229
8229
8229
8229
8229
8229
8229
8229
8229
8229
8229
8229
8229
8229
8229
8229
8229
8229
8229
8229
8229
8229
8229
8229
8229
8229
8229
8229
8229
8229
8229
8229
8229
8229
8229
8229
8229
8229
8229
8229
8229
8229
8229
8229
8229
8229
8229
8229
8230
8230
8230
8230
8230
8230
8230
8230
8230
8230
8230
8230
8230
8230
8230
8230
8230
8230
8230
8230
8230
8230
8230
8230
8230
8230
8230
8230
8230
8230
8230
8231
8231
8231
8231
8231
8231
8231
8231
8231
8231
8231
8231
8231
8231
8231
8231
8231
8231
8231
8232
8232
8232
8232
8232
8232
8232
8232
8232
8232
8232
8232
8232
8232
8232
8232
8232
8232
8232
8232
8232
8232
8233
8233
8233
8233
8233
8233
8233
8233
8233
8233
8233
8233
8233
8233
8233
8233
8233
8233
8233
8233
8233
8233
8233
8233
8233
8233
8233
8233
8233
8233
8233
8233
8233
8233
8233
8233
8233
8233
8233
8233
8233
8233
8233
8233
8233
8233
8233
8233
8233
8233
8233
8233
8233
8233
8233
8233
8233
8233
8233
8233
8233
8233
8233
8233
8233
8233
8233
8233
8233
8233
8233
8233
8233
8233
8233
8233
8233
8233
8233
8233
8233
8233
8233
8233
8233
8233
8233
8233
8233
8233
8233
8233
8233
8233
8233
8235
8235
8235
8235
8235
8235
8235
8235
8235
8235
8235
8235
8235
8235
8235
8235
8235
8235
8235
8235
8235
8235
8235
8235
8235
8235
8235
8235
8235
8235
8235
8235
8236
8236
8236
8236
8236
8236
8236
8236
8236
8236
8236
8236
8236
8236
8236
8236
8236
8236
8236
8236
8236
8236
8236
8236
8236
8236
8236
8236
8236
8236
8236
8236
8236
8237
8237
8237
8238
8238
8238
8238
8238
8238
8238
8238
8238
8238
8238
8238
8238
8238
8238
8238
8238
8238
8238
8238
8238
8238
8238
8238
8238
8238
8238
8238
8238
8238
8238
8238
8238
8238
8238
8238
8238
8238
8238
8238
8238
8238
8238
8238
8238
8238
8238
8238
8238
8238
8238
8238
8238
8238
8238
8240
8240
8240
8240
8240
8240
8240
8241
8242
8242
8242
8242
8242
8242
8242
8242
8242
8242
8242
8242
8242
8242
8242
8242
8242
8242
8242
8242
8242
8242
8242
8242
8242
8242
8242
8242
8242
8242
8242
8242
8242
8242
8242
8242
8242
8242
8242
8242
8242
8242
8242
8242
8243
8243
8243
8243
8243
8243
8243
8243
8243
8243
8243
8243
8243
8243
8244
8244
8244
8244
8244
8244
8244
8244
8244
8244
8244
8244
8244
8244
8244
8244
8244
8244
8244
8244
8244
8244
8244
8244
8244
8244
8244
8244
8244
8244
8244
8244
8244
8244
8244
8244
8244
8244
8244
8244
8244
8244
8244
8244
8244
8244
8244
8244
8244
8244
8244
8245
8245
8245
8245
8245
8245
8245
8245
8245
8245
8245
8245
8245
8245
8245
8245
8245
8245
8245
8245
8245
8245
8245
8245
8245
8245
8245
8245
8245
8245
8245
8245
8245
8245
8245
8245
8245
8245
8245
8245
8245
8245
8245
8245
8245
8245
8245
8245
8245
8245
8245
8245
8245
8245
8245
8245
8245
8245
8245
8245
8245
8245
8245
8245
8245
8245
8245
8245
8245
8245
8245
8245
8245
8245
8245
8245
8245
8245
8245
8245
8245
8245
8245
8245
8245
8245
8245
8245
8245
8245
8245
8245
8245
8245
8245
8245
8245
8245
8245
8245
8245
8245
8245
8245
8245
8246
8246
8246
8246
8246
8246
8246
8246
8246
8246
8246
8246
8246
8246
8246
8246
8246
8246
8246
8246
8246
8246
8246
8246
8246
8246
8246
8246
8246
8246
8246
8246
8246
8246
8246
8246
8246
8246
8246
8246
8246
8246
8246
8246
8246
8246
8246
8246
8246
8246
8246
8246
8246
8246
8246
8246
8246
8246
8246
8246
8246
8246
8246
8246
8246
8246
8246
8246
8246
8246
8246
8246
8247
8247
8247
8247
8247
8247
8247
8247
8247
8247
8247
8247
8247
8247
8247
8247
8247
8247
8247
8247
8247
8247
8247
8247
8247
8248
8248
8248
8248
8248
8248
8248
8248
8248
8248
8248
8248
8248
8248
8248
8248
8248
8249
8249
8249
8249
8249
8249
8249
8249
8249
8249
8249
8249
8249
8249
8249
8249
8249
8249
8249
8249
8249
8249
8249
8249
8249
8249
8249
8249
8249
8249
8249
8249
8249
8249
8249
8249
8249
8249
8249
8249
8249
8249
8249
8249
8249
8249
8249
8249
8249
8249
8249
8249
8249
8249
8249
8249
8249
8249
8249
8249
8249
8249
8249
8249
8249
8249
8249
8249
8249
8249
8249
8249
8249
8249
8249
8249
8249
8249
8249
8249
8249
8250
8250
8250
8250
8250
8250
8250
8250
8250
8250
8250
8250
8250
8250
8250
8250
8250
8250
8250
8250
8250
8250
8250
8250
8250
8250
8251
8252
8252
8252
8252
8252
8252
8252
8252
8252
8252
8252
8252
8252
8252
8252
8252
8252
8252
8253
8253
8253
8253
8253
8253
8253
8253
8253
8253
8253
8253
8253
8253
8253
8253
8253
8253
8253
8253
8253
8253
8253
8253
8253
8253
8253
8253
8253
8253
8253
8253
8253
8253
8253
8253
8253
8253
8253
8253
8253
8253
8253
8253
8253
8253
8253
8253
8253
8253
8253
8253
8253
8253
8253
8253
8253
8253
8253
8253
8253
8253
8253
8253
8253
8253
8253
8253
8253
8253
8253
8253
8253
8253
8253
8253
8253
8253
8253
8253
8253
8253
8253
8253
8253
8254
8254
8254
8254
8254
8254
8254
8254
8254
8254
8254
8254
8255
8255
8255
8255
8255
8255
8255
8255
8255
8255
8255
8255
8255
8255
8255
8255
8255
8255
8255
8255
8255
8255
8255
8255
8255
8255
8255
8255
8255
8255
8255
8255
8255
8255
8255
8255
8255
8255
8255
8255
8255
8255
8255
8255
8255
8255
8255
8255
8255
8255
8255
8255
8255
8255
8255
8255
8255
8255
8255
8255
8255
8255
8255
8255
8255
8255
8255
8255
8255
8255
8255
8255
8255
8255
8255
8255
8255
8255
8255
8255
8255
8255
8255
8255
8256
8256
8256
8256
8256
8256
8256
8256
8257
8257
8257
8257
8257
8257
8257
8257
8257
8257
8257
8257
8257
8257
8257
8257
8257
8257
8257
8257
8257
8257
8257
8257
8257
8257
8257
8257
8257
8257
8257
8257
8257
8257
8257
8257
8257
8257
8257
8257
8257
8257
8257
8257
8257
8257
8258
8258
8258
8258
8258
8259
8259
8259
8259
8259
8259
8259
8259
8259
8259
8259
8259
8259
8259
8259
8259
8259
8259
8259
8259
8259
8259
8260
8260
8260
8260
8260
8260
8260
8260
8260
8260
8260
8260
8260
8260
8260
8260
8260
8260
8260
8260
8260
8260
8260
8260
8260
8260
8260
8260
8260
8260
8260
8260
8260
8260
8260
8260
8260
8260
8260
8260
8260
8260
8260
8260
8260
8260
8260
8260
8260
8260
8260
8260
8260
8260
8260
8260
8260
8260
8260
8260
8260
8260
8260
8260
8260
8260
8260
8261
8261
8261
8261
8261
8261
8261
8261
8261
8261
8261
8261
8261
8261
8261
8261
8261
8261
8261
8261
8261
8261
8261
8261
8261
8261
8261
8261
8261
8261
8261
8261
8261
8261
8261
8261
8261
8261
8261
8261
8261
8261
8261
8261
8262
8262
8262
8262
8262
8262
8262
8262
8262
8262
8262
8262
8262
8262
8262
8262
8262
8262
8262
8262
8262
8262
8262
8262
8262
8262
8262
8262
8262
8262
8262
8262
8262
8262
8262
8262
8262
8262
8262
8262
8262
8262
8262
8262
8263
8263
8263
8263
8263
8263
8263
8263
8263
8263
8263
8263
8264
8264
8264
8264
8264
8265
8265
8265
8265
8265
8265
8265
8265
8265
8265
8265
8265
8265
8265
8265
8265
8265
8265
8265
8266
8266
8267
8267
8267
8267
8267
8267
8267
8267
8267
8267
8267
8267
8267
8267
8267
8267
8267
8267
8267
8267
8267
8267
8267
8267
8267
8267
8267
8267
8267
8267
8267
8267
8267
8267
8267
8267
8267
8267
8267
8267
8267
8267
8267
8267
8267
8267
8267
8267
8267
8267
8267
8267
8267
8267
8267
8267
8267
8267
8267
8267
8267
8267
8267
8267
8267
8267
8267
8267
8267
8267
8267
8267
8267
8267
8267
8267
8267
8267
8267
8267
8267
8267
8267
8267
8267
8267
8267
8267
8267
8267
8267
8267
8267
8267
8267
8267
8267
8267
8267
8267
8267
8267
8267
8267
8267
8267
8267
8267
8267
8267
8267
8267
8267
8267
8267
8267
8267
8268
8268
8268
8268
8268
8268
8268
8268
8269
8269
8269
8269
8269
8269
8269
8269
8269
8269
8269
8269
8269
8269
8269
8269
8269
8269
8269
8269
8269
8270
8270
8270
8270
8270
8270
8270
8270
8270
8270
8270
8270
8270
8270
8270
8270
8270
8270
8270
8270
8270
8270
8270
8270
8270
8270
8270
8270
8270
8270
8270
8270
8270
8270
8270
8270
8270
8270
8270
8270
8270
8270
8270
8270
8270
8270
8270
8270
8270
8270
8270
8271
8271
8272
8272
8272
8272
8272
8272
8272
8272
8272
8272
8272
8272
8272
8272
8272
8272
8272
8272
8272
8272
8272
8272
8272
8272
8273
8273
8273
8273
8274
8274
8274
8274
8274
8274
8275
8275
8275
8275
8275
8275
8275
8275
8275
8275
8275
8275
8275
8275
8275
8275
8275
8275
8275
8276
8276
8276
8276
8276
8276
8276
8276
8276
8276
8276
8276
8276
8276
8276
8276
8276
8276
8276
8276
8276
8277
8277
8277
8277
8277
8277
8277
8277
8277
8277
8277
8277
8277
8277
8277
8277
8277
8277
8278
8278
8278
8278
8278
8278
8278
8278
8278
8278
8278
8278
8278
8278
8278
8279
8279
8279
8279
8279
8279
8279
8279
8279
8279
8279
8279
8279
8279
8279
8279
8279
8279
8279
8279
8279
8279
8279
8279
8279
8279
8279
8279
8279
8279
8279
8279
8279
8279
8279
8279
8279
8279
8279
8279
8279
8279
8279
8279
8279
8279
8279
8279
8279
8279
8279
8279
8279
8279
8279
8279
8279
8279
8279
8279
8279
8279
8280
8280
8280
8280
8280
8280
8280
8280
8280
8280
8280
8280
8280
8280
8280
8280
8280
8280
8280
8280
8280
8280
8280
8280
8280
8280
8280
8280
8280
8280
8280
8280
8280
8280
8280
8280
8280
8280
8280
8280
8280
8280
8280
8280
8280
8280
8280
8280
8280
8280
8280
8280
8280
8280
8280
8280
8280
8280
8280
8280
8280
8280
8280
8280
8280
8280
8280
8280
8280
8280
8280
8280
8280
8280
8280
8280
8280
8280
8281
8281
8281
8281
8281
8281
8281
8281
8281
8281
8281
8281
8281
8281
8281
8282
8282
8282
8282
8282
8282
8282
8282
8282
8282
8283
8283
8284
8284
8284
8284
8284
8285
8285
8285
8285
8285
8285
8285
8285
8285
8286
8286
8286
8286
8286
8287
8287
8287
8287
8287
8287
8287
8287
8287
8287
8287
8287
8287
8287
8287
8287
8287
8287
8287
8287
8287
8287
8287
8287
8287
8287
8287
8287
8287
8287
8287
8287
8287
8287
8287
8287
8287
8287
8287
8287
8287
8287
8287
8287
8288
8288
8288
8288
8288
8288
8288
8288
8288
8288
8288
8288
8288
8288
8288
8288
8288
8288
8288
8288
8288
8288
8288
8288
8288
8288
8288
8288
8288
8288
8288
8288
8288
8288
8288
8288
8288
8288
8288
8288
8288
8288
8288
8288
8288
8288
8288
8288
8288
8288
8288
8288
8288
8288
8288
8288
8288
8288
8288
8288
8288
8288
8288
8288
8288
8288
8288
8288
8288
8288
8288
8288
8288
8288
8288
8288
8288
8288
8288
8288
8288
8288
8288
8288
8288
8288
8288
8288
8288
8288
8288
8288
8288
8288
8288
8288
8288
8288
8288
8288
8288
8288
8288
8288
8288
8288
8288
8288
8288
8288
8288
8288
8288
8288
8288
8288
8288
8288
8288
8288
8288
8288
8288
8288
8288
8288
8288
8288
8288
8288
8288
8288
8288
8288
8288
8288
8288
8288
8288
8288
8288
8288
8288
8289
8289
8289
8289
8289
8289
8289
8289
8289
8289
8289
8289
8289
8289
8289
8289
8289
8289
8289
8289
8289
8289
8289
8289
8289
8289
8289
8289
8289
8289
8289
8290
8290
8290
8290
8290
8290
8290
8290
8290
8290
8290
8290
8290
8290
8290
8291
8291
8291
8291
8291
8291
8291
8291
8291
8291
8291
8291
8291
8291
8291
8291
8291
8291
8291
8291
8291
8291
8291
8291
8291
8291
8291
8291
8291
8291
8291
8291
8291
8291
8291
8291
8291
8291
8291
8291
8291
8291
8291
8291
8291
8292
8292
8292
8292
8292
8292
8293
8293
8293
8294
8294
8294
8294
8294
8294
8294
8294
8294
8294
8294
8294
8294
8294
8294
8294
8294
8294
8294
8294
8294
8294
8294
8294
8294
8294
8294
8294
8294
8294
8294
8294
8294
8294
8294
8294
8294
8294
8294
8294
8294
8295
8295
8295
8295
8295
8295
8295
8295
8295
8295
8295
8295
8295
8295
8295
8296
8296
8297
8297
8297
8297
8297
8297
8297
8297
8298
8298
8299
8299
8299
8299
8299
8299
8299
8299
8299
8299
8299
8300
8300
8300
8300
8300
8300
8300
8300
8300
8300
8300
8300
8300
8300
8300
8300
8300
8300
8300
8300
8300
8300
8301
8301
8301
8301
8301
8301
8301
8301
8301
8301
8301
8301
8301
8301
8301
8301
8301
8301
8301
8301
8301
8301
8301
8301
8301
8301
8301
8301
8301
8301
8301
8301
8301
8301
8301
8301
8301
8301
8301
8301
8301
8301
8301
8301
8301
8301
8301
8301
8301
8301
8301
8301
8301
8301
8301
8302
8302
8302
8302
8302
8302
8302
8302
8302
8302
8302
8302
8302
8302
8302
8302
8302
8302
8302
8302
8302
8302
8302
8302
8302
8302
8302
8302
8302
8302
8302
8302
8302
8302
8302
8302
8302
8302
8302
8302
8302
8302
8302
8302
8302
8302
8302
8302
8302
8302
8302
8302
8302
8302
8302
8302
8302
8302
8302
8302
8302
8302
8302
8302
8302
8302
8302
8302
8302
8302
8302
8302
8302
8302
8302
8302
8302
8302
8302
8303
8303
8303
8303
8303
8303
8303
8303
8303
8303
8303
8303
8303
8303
8303
8303
8303
8303
8303
8303
8303
8303
8303
8303
8303
8303
8303
8304
8304
8305
8306
8306
8306
8306
8306
8306
8306
8306
8306
8306
8306
8306
8306
8308
8308
8308
8308
8308
8308
8308
8308
8308
8308
8308
8309
8309
8309
8309
8309
8309
8310
8310
8310
8310
8310
8310
8310
8310
8311
8311
8311
8311
8311
8311
8311
8311
8311
8311
8312
8312
8312
8312
8312
8312
8312
8312
8312
8312
8312
8312
8312
8312
8312
8312
8312
8312
8312
8312
8312
8312
8312
8312
8312
8312
8312
8312
8312
8312
8312
8312
8312
8312
8312
8312
8312
8312
8312
8312
8313
8313
8313
8313
8313
8313
8313
8314
8314
8314
8314
8314
8314
8314
8314
8314
8314
8314
8314
8314
8314
8314
8314
8314
8314
8314
8314
8314
8314
8315
8315
8315
8315
8315
8315
8315
8315
8315
8315
8315
8315
8315
8315
8315
8315
8315
8315
8315
8315
8315
8315
8315
8315
8315
8315
8315
8315
8315
8315
8315
8315
8315
8315
8315
8315
8315
8315
8315
8315
8315
8315
8315
8315
8315
8315
8315
8315
8315
8315
8315
8315
8315
8315
8316
8316
8316
8316
8316
8316
8316
8316
8316
8316
8316
8316
8316
8316
8316
8316
8316
8316
8316
8316
8316
8316
8316
8316
8316
8316
8317
8317
8317
8317
8317
8317
8317
8318
8318
8318
8319
8319
8319
8319
8319
8319
8319
8319
8319
8319
8319
8319
8319
8319
8319
8319
8319
8320
8320
8320
8320
8320
8320
8321
8321
8321
8321
8321
8321
8321
8321
8321
8321
8321
8321
8321
8321
8321
8321
8321
8321
8321
8321
8321
8321
8321
8321
8321
8321
8321
8321
8321
8321
8321
8321
8321
8321
8321
8321
8321
8321
8321
8321
8321
8321
8321
8321
8321
8321
8321
8321
8321
8321
8321
8321
8321
8321
8321
8321
8321
8321
8321
8321
8322
8322
8322
8322
8322
8322
8322
8323
8323
8323
8323
8323
8323
8323
8323
8323
8323
8323
8323
8323
8323
8323
8323
8323
8323
8323
8323
8324
8324
8324
8324
8324
8324
8324
8324
8324
8324
8324
8324
8324
8324
8324
8324
8324
8324
8324
8324
8324
8324
8324
8324
8324
8324
8324
8324
8324
8324
8324
8324
8324
8324
8324
8324
8324
8324
8324
8325
8325
8325
8326
8326
8326
8326
8326
8326
8326
8326
8326
8326
8326
8327
8327
8327
8327
8328
8328
8328
8328
8328
8328
8328
8328
8328
8328
8328
8328
8328
8328
8328
8328
8328
8328
8328
8328
8328
8328
8328
8328
8328
8328
8328
8328
8328
8328
8328
8328
8328
8328
8328
8328
8328
8328
8328
8328
8328
8328
8328
8328
8328
8328
8328
8328
8328
8328
8328
8328
8328
8328
8328
8328
8328
8328
8328
8329
8329
8329
8329
8329
8329
8329
8329
8329
8329
8329
8329
8329
8329
8329
8329
8329
8330
8330
8330
8330
8330
8330
8330
8330
8330
8330
8330
8330
8330
8330
8330
8330
8330
8330
8330
8330
8330
8330
8330
8330
8330
8330
8330
8330
8330
8330
8330
8330
8330
8330
8330
8330
8330
8330
8330
8330
8330
8330
8330
8330
8330
8330
8330
8331
8331
8331
8331
8333
8333
8333
8333
8333
8333
8333
8333
8333
8333
8333
8333
8333
8333
8333
8333
8333
8333
8333
8333
8333
8333
8333
8333
8333
8333
8333
8333
8333
8333
8333
8334
8335
8335
8335
8335
8335
8335
8335
8335
8335
8335
8335
8335
8335
8335
8335
8335
8335
8335
8335
8335
8335
8335
8335
8335
8335
8335
8335
8335
8335
8335
8335
8335
8335
8335
8335
8335
8335
8335
8335
8336
8336
8336
8336
8336
8336
8336
8336
8336
8336
8336
8337
8337
8337
8337
8337
8337
8337
8337
8337
8337
8337
8337
8337
8337
8337
8338
8338
8338
8338
8338
8339
8339
8339
8339
8339
8339
8339
8339
8339
8339
8339
8339
8339
8339
8339
8339
8339
8339
8339
8339
8339
8339
8339
8339
8339
8339
8339
8339
8339
8339
8339
8339
8339
8339
8339
8339
8339
8339
8339
8339
8339
8339
8339
8339
8339
8339
8339
8339
8339
8339
8339
8339
8339
8339
8339
8339
8339
8339
8339
8339
8339
8339
8339
8340
8340
8340
8340
8340
8341
8341
8341
8341
8341
8341
8341
8341
8341
8341
8342
8342
8342
8342
8342
8342
8342
8342
8342
8342
8342
8342
8342
8342
8342
8342
8342
8342
8342
8343
8343
8343
8343
8343
8343
8343
8343
8343
8343
8343
8343
8343
8343
8343
8343
8343
8343
8343
8343
8343
8343
8343
8343
8343
8343
8343
8343
8343
8343
8343
8343
8343
8343
8343
8343
8343
8343
8343
8343
8343
8343
8343
8343
8343
8343
8343
8343
8343
8343
8343
8344
8344
8344
8344
8344
8344
8344
8344
8344
8344
8344
8344
8344
8344
8344
8344
8344
8344
8344
8344
8344
8344
8345
8345
8345
8345
8345
8345
8345
8345
8345
8345
8345
8345
8345
8345
8345
8345
8345
8345
8345
8345
8345
8345
8345
8345
8345
8345
8345
8345
8345
8345
8345
8345
8345
8345
8345
8345
8345
8345
8345
8345
8345
8346
8346
8346
8346
8346
8346
8346
8346
8346
8346
8346
8346
8346
8346
8346
8346
8346
8346
8347
8347
8347
8347
8347
8347
8347
8347
8347
8347
8347
8347
8347
8347
8347
8347
8348
8348
8348
8348
8348
8348
8348
8348
8348
8348
8348
8348
8348
8348
8348
8348
8348
8348
8348
8348
8348
8348
8348
8348
8348
8348
8348
8348
8348
8348
8348
8348
8348
8348
8348
8348
8348
8348
8348
8348
8348
8348
8348
8348
8348
8348
8348
8348
8348
8348
8348
8348
8348
8348
8348
8348
8348
8348
8348
8348
8348
8348
8348
8348
8348
8350
8350
8350
8350
8350
8350
8350
8350
8350
8350
8350
8350
8350
8350
8350
8350
8350
8350
8350
8350
8350
8350
8350
8350
8350
8350
8350
8350
8350
8350
8350
8350
8350
8350
8350
8350
8350
8350
8350
8350
8350
8350
8350
8350
8350
8350
8350
8351
8351
8351
8351
8351
8351
8351
8351
8352
8352
8352
8352
8352
8352
8352
8352
8352
8352
8352
8352
8352
8352
8352
8352
8353
8353
8353
8353
8353
8353
8353
8353
8353
8353
8353
8353
8353
8353
8353
8353
8353
8353
8353
8353
8353
8353
8353
8353
8353
8353
8353
8353
8353
8353
8353
8353
8353
8353
8353
8353
8353
8353
8353
8353
8353
8353
8353
8353
8353
8353
8353
8353
8353
8353
8353
8353
8353
8353
8353
8353
8353
8353
8353
8353
8353
8353
8353
8353
8353
8353
8353
8353
8353
8353
8353
8353
8354
8355
8355
8355
8355
8355
8355
8355
8355
8355
8355
8355
8355
8355
8355
8355
8355
8355
8355
8355
8355
8355
8355
8355
8355
8355
8355
8355
8355
8355
8355
8355
8355
8355
8355
8355
8355
8355
8355
8355
8355
8355
8355
8355
8355
8355
8355
8355
8355
8355
8355
8355
8355
8355
8355
8355
8355
8356
8356
8356
8356
8356
8356
8356
8356
8356
8356
8356
8356
8356
8356
8356
8356
8356
8356
8356
8356
8356
8356
8356
8356
8356
8356
8356
8356
8356
8356
8356
8356
8357
8357
8357
8357
8357
8357
8357
8357
8357
8357
8358
8358
8358
8358
8358
8358
8358
8358
8358
8358
8358
8358
8358
8358
8358
8358
8358
8358
8358
8358
8358
8358
8358
8358
8358
8358
8358
8358
8358
8359
8359
8359
8359
8359
8359
8359
8359
8359
8359
8359
8359
8359
8359
8359
8359
8359
8359
8359
8360
8360
8360
8360
8360
8360
8360
8360
8360
8360
8360
8360
8360
8360
8360
8360
8360
8360
8360
8360
8360
8360
8360
8360
8360
8360
8360
8360
8360
8360
8360
8360
8360
8360
8360
8360
8360
8360
8360
8360
8360
8360
8361
8361
8361
8361
8361
8361
8361
8361
8361
8361
8361
8361
8361
8361
8361
8361
8361
8361
8361
8361
8362
8362
8362
8362
8362
8362
8362
8362
8362
8362
8363
8363
8363
8363
8363
8363
8363
8363
8363
8363
8364
8364
8364
8364
8364
8364
8364
8364
8364
8364
8364
8364
8364
8364
8364
8364
8364
8364
8364
8364
8364
8364
8364
8364
8364
8364
8365
8365
8366
8366
8366
8366
8366
8366
8366
8366
8366
8366
8366
8367
8367
8367
8367
8367
8367
8367
8367
8367
8367
8367
8367
8367
8367
8367
8367
8367
8367
8367
8367
8367
8367
8367
8367
8367
8367
8367
8367
8367
8367
8367
8367
8367
8367
8367
8367
8367
8367
8367
8367
8367
8367
8367
8367
8367
8367
8367
8367
8367
8367
8367
8367
8367
8367
8367
8367
8367
8367
8367
8367
8367
8367
8367
8367
8367
8367
8367
8367
8367
8367
8367
8367
8367
8367
8367
8367
8367
8367
8367
8367
8367
8367
8367
8367
8367
8367
8367
8368
8369
8369
8369
8369
8369
8369
8369
8369
8369
8369
8370
8370
8370
8370
8370
8370
8370
8370
8370
8370
8370
8370
8370
8370
8370
8370
8370
8370
8370
8370
8370
8370
8370
8370
8370
8370
8370
8370
8370
8370
8370
8370
8370
8370
8370
8370
8370
8370
8370
8370
8370
8370
8370
8370
8370
8370
8370
8370
8370
8370
8370
8370
8370
8370
8370
8370
8370
8370
8370
8370
8370
8370
8370
8370
8370
8370
8370
8370
8370
8371
8371
8371
8371
8371
8371
8371
8371
8371
8371
8371
8371
8371
8371
8371
8371
8371
8371
8371
8371
8371
8371
8371
8371
8371
8371
8371
8371
8371
8371
8371
8371
8371
8371
8371
8371
8371
8371
8371
8371
8371
8371
8371
8371
8371
8371
8371
8371
8371
8371
8371
8371
8371
8371
8371
8371
8371
8371
8371
8371
8371
8371
8371
8371
8371
8371
8371
8371
8371
8371
8371
8371
8371
8371
8371
8371
8371
8371
8371
8371
8371
8371
8371
8372
8372
8372
8372
8372
8372
8372
8372
8372
8372
8372
8372
8372
8372
8372
8372
8372
8372
8372
8372
8372
8372
8372
8372
8372
8372
8372
8372
8372
8372
8372
8372
8372
8372
8372
8372
8372
8372
8372
8372
8372
8372
8372
8372
8372
8372
8372
8372
8372
8372
8372
8372
8372
8372
8372
8372
8372
8372
8372
8372
8372
8372
8373
8373
8373
8373
8373
8373
8373
8373
8373
8373
8373
8373
8373
8373
8373
8373
8373
8373
8373
8373
8373
8373
8373
8373
8373
8373
8373
8373
8373
8373
8373
8373
8373
8373
8373
8373
8373
8373
8373
8373
8373
8373
8373
8373
8373
8373
8373
8373
8373
8373
8373
8373
8373
8373
8374
8374
8374
8374
8374
8374
8374
8374
8374
8374
8374
8374
8374
8374
8374
8374
8374
8374
8374
8374
8374
8374
8374
8374
8374
8374
8374
8375
8375
8375
8375
8375
8375
8375
8375
8376
8376
8376
8376
8376
8376
8376
8376
8376
8376
8376
8376
8376
8376
8376
8376
8376
8376
8376
8376
8377
8377
8377
8377
8377
8377
8377
8377
8377
8377
8377
8377
8377
8377
8377
8377
8377
8377
8377
8377
8377
8377
8377
8377
8377
8377
8377
8377
8378
8378
8378
8378
8378
8378
8378
8378
8378
8378
8378
8378
8378
8378
8378
8378
8378
8378
8378
8379
8379
8379
8379
8379
8379
8379
8379
8379
8379
8379
8379
8379
8379
8379
8379
8379
8379
8379
8379
8379
8379
8379
8379
8379
8379
8379
8379
8379
8379
8379
8379
8379
8379
8379
8379
8379
8379
8379
8379
8379
8379
8379
8379
8379
8379
8379
8379
8380
8380
8380
8380
8380
8380
8380
8380
8380
8380
8380
8380
8380
8380
8380
8380
8380
8380
8380
8380
8381
8381
8381
8381
8381
8381
8381
8382
8382
8382
8382
8382
8382
8382
8382
8382
8382
8382
8382
8382
8383
8383
8383
8383
8383
8383
8384
8384
8384
8384
8384
8384
8384
8384
8384
8384
8384
8384
8384
8384
8384
8384
8384
8384
8384
8384
8384
8384
8384
8384
8384
8384
8384
8384
8384
8384
8384
8384
8384
8384
8384
8384
8384
8384
8384
8384
8384
8384
8384
8384
8384
8384
8384
8384
8384
8384
8384
8384
8384
8384
8384
8384
8384
8384
8384
8384
8384
8384
8384
8384
8384
8384
8384
8384
8384
8384
8384
8384
8384
8384
8384
8384
8384
8384
8384
8384
8385
8385
8385
8385
8385
8385
8385
8385
8385
8385
8385
8385
8385
8385
8385
8385
8385
8385
8385
8385
8385
8385
8385
8385
8385
8385
8386
8386
8386
8386
8386
8386
8386
8386
8386
8386
8386
8386
8386
8386
8386
8386
8386
8386
8386
8386
8386
8386
8386
8386
8386
8386
8386
8387
8387
8387
8387
8387
8387
8387
8387
8387
8387
8387
8387
8387
8387
8387
8387
8387
8387
8387
8388
8388
8388
8388
8388
8388
8388
8388
8388
8388
8388
8388
8388
8388
8388
8388
8388
8388
8388
8389
8389
8389
8389
8389
8389
8389
8389
8389
8389
8389
8389
8389
8389
8389
8390
8390
8390
8390
8390
8390
8390
8390
8390
8390
8390
8390
8390
8390
8390
8390
8390
8390
8390
8390
8390
8390
8390
8390
8390
8390
8390
8391
8391
8391
8391
8391
8391
8391
8391
8391
8391
8391
8391
8391
8391
8391
8391
8391
8391
8391
8391
8391
8391
8391
8391
8391
8391
8391
8391
8391
8391
8391
8391
8391
8391
8391
8391
8391
8391
8391
8391
8391
8391
8391
8391
8391
8391
8391
8391
8391
8391
8391
8391
8391
8391
8391
8391
8391
8391
8391
8391
8392
8392
8392
8392
8392
8392
8392
8392
8392
8392
8393
8393
8393
8393
8394
8394
8394
8394
8394
8394
8394
8394
8394
8394
8394
8394
8394
8394
8394
8394
8394
8394
8394
8394
8395
8395
8396
8396
8396
8396
8396
8396
8396
8396
8396
8397
8397
8397
8397
8397
8397
8397
8397
8397
8397
8397
8397
8397
8397
8397
8398
8398
8398
8398
8398
8398
8399
8399
8399
8399
8399
8399
8399
8399
8399
8399
8399
8399
8399
8399
8399
8399
8399
8399
8399
8399
8399
8399
8399
8399
8399
8399
8399
8399
8399
8399
8399
8399
8399
8399
8399
8399
8399
8399
8399
8399
8399
8399
8399
8399
8399
8399
8399
8399
8399
8399
8399
8399
8399
8399
8399
8399
8399
8399
8399
8399
8399
8399
8399
8399
8400
8400
8400
8400
8400
8400
8400
8400
8400
8400
8400
8400
8400
8400
8400
8400
8400
8400
8400
8400
8400
8400
8400
8400
8400
8401
8401
8401
8401
8401
8401
8401
8401
8401
8402
8402
8402
8402
8402
8402
8402
8402
8402
8402
8402
8402
8402
8402
8402
8402
8403
8403
8403
8403
8403
8403
8403
8403
8403
8403
8403
8403
8403
8403
8403
8403
8403
8403
8403
8403
8403
8403
8403
8403
8403
8403
8403
8403
8403
8403
8404
8404
8404
8404
8404
8405
8405
8405
8405
8405
8406
8406
8406
8407
8407
8407
8407
8408
8408
8408
8408
8408
8408
8408
8408
8408
8408
8408
8408
8408
8408
8408
8408
8408
8408
8408
8408
8408
8408
8408
8408
8408
8408
8408
8408
8408
8408
8408
8408
8408
8408
8408
8408
8408
8408
8408
8408
8408
8408
8408
8408
8408
8408
8408
8408
8408
8408
8408
8408
8408
8408
8408
8409
8409
8409
8409
8409
8409
8409
8409
8409
8409
8409
8409
8409
8409
8409
8409
8409
8409
8409
8409
8409
8409
8409
8409
8409
8409
8409
8409
8409
8409
8409
8409
8409
8409
8409
8409
8409
8409
8409
8409
8409
8409
8409
8409
8409
8409
8409
8409
8409
8409
8409
8409
8409
8409
8409
8409
8409
8409
8409
8409
8409
8409
8409
8409
8409
8409
8409
8409
8409
8409
8409
8409
8409
8409
8409
8409
8409
8409
8409
8409
8409
8409
8409
8409
8409
8409
8409
8409
8409
8409
8409
8409
8409
8409
8409
8409
8409
8409
8409
8409
8409
8409
8409
8409
8409
8409
8409
8409
8409
8409
8409
8409
8409
8409
8409
8409
8409
8409
8409
8409
8409
8409
8409
8409
8409
8409
8409
8409
8409
8409
8409
8409
8409
8409
8409
8409
8409
8409
8409
8409
8409
8409
8409
8409
8409
8409
8409
8409
8409
8409
8409
8409
8409
8409
8409
8409
8409
8409
8409
8409
8409
8409
8409
8409
8409
8409
8409
8409
8409
8409
8409
8409
8409
8409
8409
8409
8409
8409
8409
8409
8409
8409
8409
8409
8409
8410
8410
8410
8410
8410
8410
8410
8410
8410
8410
8410
8410
8410
8410
8410
8410
8410
8410
8410
8410
8410
8410
8410
8410
8410
8410
8410
8410
8410
8410
8410
8410
8410
8410
8410
8410
8410
8410
8410
8410
8410
8410
8410
8410
8410
8410
8410
8410
8410
8410
8410
8410
8410
8410
8410
8410
8410
8410
8410
8410
8410
8410
8410
8410
8410
8410
8410
8410
8410
8410
8410
8410
8410
8411
8411
8411
8411
8411
8412
8412
8412
8412
8412
8412
8412
8413
8413
8413
8413
8413
8413
8413
8413
8413
8413
8413
8413
8413
8413
8413
8413
8413
8413
8413
8414
8414
8414
8414
8414
8414
8414
8414
8414
8414
8414
8414
8414
8414
8414
8414
8414
8414
8414
8414
8414
8414
8414
8414
8415
8416
8416
8416
8416
8416
8416
8417
8417
8417
8417
8417
8417
8417
8417
8417
8417
8417
8417
8417
8417
8417
8417
8417
8418
8418
8418
8418
8418
8418
8418
8419
8419
8419
8420
8420
8420
8420
8420
8420
8420
8421
8421
8421
8421
8421
8421
8421
8421
8421
8421
8421
8421
8421
8421
8421
8421
8421
8421
8421
8421
8421
8421
8421
8421
8421
8421
8421
8421
8421
8421
8421
8421
8421
8421
8421
8421
8421
8421
8421
8421
8421
8421
8422
8422
8422
8422
8422
8422
8422
8422
8422
8422
8422
8422
8422
8422
8422
8422
8422
8422
8422
8422
8422
8422
8422
8422
8422
8422
8423
8423
8423
8423
8424
8424
8424
8424
8424
8424
8424
8424
8424
8424
8424
8424
8424
8424
8424
8424
8424
8424
8424
8424
8424
8424
8424
8424
8424
8424
8424
8424
8424
8424
8424
8424
8424
8424
8424
8424
8424
8424
8424
8424
8424
8424
8424
8424
8424
8424
8424
8424
8424
8424
8424
8425
8425
8425
8425
8425
8425
8425
8425
8425
8425
8425
8425
8425
8425
8425
8425
8425
8425
8425
8425
8425
8425
8425
8425
8425
8425
8425
8425
8425
8425
8425
8425
8425
8425
8425
8425
8425
8425
8425
8425
8425
8425
8425
8425
8425
8425
8425
8425
8425
8425
8425
8425
8425
8425
8425
8425
8425
8425
8425
8425
8425
8425
8425
8426
8426
8426
8426
8426
8426
8426
8426
8426
8426
8426
8426
8426
8426
8426
8426
8426
8426
8426
8426
8426
8426
8426
8426
8426
8426
8426
8426
8426
8426
8426
8426
8426
8426
8426
8426
8426
8426
8426
8426
8426
8426
8426
8426
8426
8426
8427
8427
8427
8427
8427
8427
8427
8427
8427
8427
8427
8427
8427
8428
8428
8428
8428
8428
8428
8428
8428
8428
8428
8428
8428
8428
8428
8428
8428
8428
8428
8428
8428
8428
8428
8429
8429
8429
8429
8429
8429
8429
8429
8429
8429
8429
8429
8429
8429
8429
8430
8430
8430
8430
8430
8430
8430
8430
8430
8430
8430
8430
8430
8430
8430
8430
8430
8430
8430
8430
8430
8430
8430
8430
8430
8430
8430
8430
8430
8430
8430
8430
8430
8430
8430
8430
8430
8430
8430
8430
8430
8430
8430
8430
8430
8430
8430
8430
8430
8430
8430
8430
8430
8430
8430
8430
8431
8431
8431
8431
8431
8431
8431
8431
8431
8431
8431
8431
8431
8431
8431
8431
8431
8431
8431
8431
8431
8431
8431
8431
8431
8431
8431
8432
8432
8432
8432
8432
8432
8432
8432
8432
8432
8432
8432
8432
8432
8432
8432
8432
8432
8432
8432
8432
8432
8432
8432
8432
8432
8432
8432
8432
8432
8432
8432
8432
8432
8432
8432
8432
8432
8432
8432
8432
8433
8433
8433
8433
8433
8433
8433
8433
8433
8433
8433
8433
8433
8433
8433
8433
8433
8433
8433
8433
8433
8433
8433
8433
8433
8433
8433
8433
8433
8433
8433
8433
8433
8433
8433
8434
8434
8434
8434
8434
8434
8434
8434
8434
8434
8434
8434
8434
8434
8434
8434
8434
8434
8434
8434
8434
8434
8434
8434
8434
8434
8434
8434
8434
8434
8434
8434
8434
8434
8434
8434
8434
8434
8434
8434
8434
8434
8435
8435
8435
8435
8435
8435
8435
8435
8435
8435
8435
8435
8435
8435
8435
8435
8435
8435
8436
8436
8436
8436
8436
8436
8436
8436
8436
8436
8436
8436
8436
8436
8436
8436
8436
8436
8436
8436
8436
8436
8436
8436
8436
8436
8436
8436
8436
8436
8436
8436
8436
8437
8437
8437
8437
8437
8437
8437
8437
8437
8437
8437
8437
8437
8437
8437
8438
8438
8438
8438
8438
8438
8438
8438
8438
8438
8438
8438
8438
8438
8438
8438
8438
8438
8438
8438
8438
8438
8439
8439
8439
8439
8440
8440
8440
8440
8440
8440
8440
8441
8441
8441
8441
8441
8441
8441
8441
8441
8442
8442
8442
8442
8442
8443
8443
8444
8444
8444
8444
8445
8445
8445
8445
8445
8445
8445
8445
8445
8445
8445
8445
8445
8445
8445
8445
8445
8445
8445
8445
8445
8445
8445
8445
8445
8445
8445
8445
8445
8445
8445
8445
8445
8445
8445
8445
8445
8445
8445
8445
8445
8445
8445
8445
8445
8445
8445
8445
8445
8445
8445
8445
8445
8445
8445
8445
8445
8445
8445
8445
8445
8445
8445
8445
8446
8446
8446
8446
8446
8446
8446
8446
8446
8446
8446
8446
8446
8446
8446
8446
8446
8446
8446
8446
8446
8446
8446
8446
8446
8446
8446
8446
8446
8446
8446
8446
8446
8446
8446
8446
8446
8446
8447
8447
8447
8447
8447
8447
8447
8447
8447
8447
8447
8447
8447
8447
8447
8447
8447
8447
8447
8447
8447
8447
8447
8447
8447
8447
8447
8447
8447
8447
8447
8447
8447
8447
8447
8447
8447
8447
8447
8447
8447
8447
8447
8447
8447
8448
8448
8448
8448
8448
8448
8448
8448
8448
8448
8448
8448
8448
8448
8448
8448
8448
8448
8448
8448
8448
8448
8448
8448
8448
8448
8448
8448
8448
8448
8448
8448
8448
8448
8448
8448
8448
8448
8448
8448
8448
8448
8448
8449
8449
8449
8449
8449
8449
8449
8449
8449
8450
8450
8450
8450
8450
8450
8450
8450
8450
8451
8451
8451
8451
8451
8451
8451
8451
8451
8451
8451
8451
8451
8451
8451
8451
8451
8451
8451
8451
8451
8451
8451
8451
8451
8451
8451
8451
8451
8451
8451
8451
8451
8451
8452
8452
8452
8452
8452
8452
8452
8452
8452
8452
8452
8452
8452
8452
8452
8452
8452
8452
8452
8452
8452
8452
8452
8452
8452
8452
8452
8452
8452
8452
8452
8452
8452
8452
8452
8452
8452
8452
8452
8452
8452
8452
8452
8452
8452
8452
8452
8452
8452
8452
8452
8452
8452
8452
8452
8452
8452
8452
8452
8452
8452
8452
8452
8452
8452
8452
8452
8452
8452
8452
8452
8452
8452
8452
8452
8452
8452
8452
8452
8452
8452
8453
8453
8453
8453
8453
8453
8453
8453
8453
8453
8453
8453
8453
8453
8453
8453
8453
8453
8453
8454
8454
8454
8454
8454
8454
8454
8454
8454
8455
8456
8456
8456
8456
8456
8456
8456
8456
8456
8456
8456
8456
8456
8456
8456
8457
8457
8457
8457
8457
8457
8457
8457
8457
8457
8457
8457
8457
8457
8457
8457
8457
8457
8457
8457
8457
8457
8457
8457
8457
8457
8457
8457
8457
8457
8457
8457
8457
8457
8457
8457
8457
8457
8457
8457
8457
8457
8457
8457
8457
8457
8457
8457
8457
8457
8457
8457
8457
8457
8457
8457
8457
8457
8457
8457
8457
8457
8457
8457
8457
8457
8457
8457
8457
8457
8457
8457
8457
8457
8457
8457
8457
8457
8457
8457
8457
8457
8457
8457
8457
8458
8458
8459
8459
8459
8459
8459
8459
8459
8459
8459
8459
8459
8459
8459
8459
8459
8459
8459
8459
8459
8459
8459
8459
8459
8459
8459
8459
8459
8459
8459
8459
8459
8459
8459
8459
8459
8459
8459
8459
8459
8459
8459
8459
8459
8459
8459
8459
8459
8459
8459
8459
8459
8459
8459
8459
8459
8459
8459
8459
8459
8459
8459
8459
8459
8459
8459
8459
8459
8459
8459
8459
8459
8460
8460
8461
8461
8461
8461
8461
8461
8461
8461
8461
8461
8461
8461
8461
8461
8462
8462
8462
8462
8462
8462
8462
8462
8463
8463
8463
8463
8464
8464
8464
8464
8464
8464
8464
8464
8464
8464
8464
8464
8464
8464
8464
8464
8464
8464
8464
8464
8464
8464
8464
8464
8464
8464
8464
8464
8464
8464
8464
8464
8464
8464
8464
8465
8465
8465
8465
8465
8466
8466
8466
8466
8466
8466
8466
8466
8466
8466
8466
8466
8466
8466
8467
8467
8467
8467
8467
8467
8467
8467
8467
8467
8467
8467
8467
8467
8467
8467
8467
8467
8467
8467
8467
8467
8467
8467
8467
8467
8467
8467
8467
8467
8467
8467
8467
8467
8467
8467
8467
8467
8467
8467
8467
8467
8467
8467
8467
8467
8467
8467
8467
8467
8467
8467
8467
8467
8468
8468
8468
8468
8468
8468
8468
8468
8468
8468
8468
8468
8469
8469
8469
8470
8470
8470
8470
8470
8470
8470
8470
8470
8470
8470
8470
8470
8470
8470
8470
8470
8470
8470
8470
8470
8470
8470
8470
8470
8470
8470
8470
8470
8470
8470
8470
8470
8470
8470
8470
8470
8470
8470
8470
8470
8470
8470
8470
8470
8470
8470
8470
8470
8470
8470
8470
8470
8470
8470
8470
8470
8471
8471
8471
8471
8471
8471
8471
8472
8472
8472
8472
8472
8472
8472
8472
8472
8472
8472
8472
8472
8472
8472
8472
8472
8472
8472
8472
8472
8472
8472
8472
8472
8473
8473
8473
8473
8473
8473
8473
8473
8473
8473
8473
8473
8473
8473
8473
8473
8473
8473
8473
8473
8473
8473
8473
8473
8473
8473
8473
8473
8473
8473
8473
8473
8473
8473
8473
8473
8473
8473
8473
8473
8473
8473
8473
8473
8473
8473
8473
8473
8473
8473
8473
8473
8473
8473
8473
8473
8473
8473
8473
8473
8473
8473
8473
8473
8473
8473
8473
8473
8473
8473
8473
8473
8473
8473
8473
8474
8474
8474
8474
8474
8474
8474
8474
8474
8474
8474
8474
8474
8474
8474
8474
8474
8474
8474
8474
8474
8474
8474
8474
8474
8474
8474
8474
8475
8475
8475
8475
8475
8475
8475
8475
8475
8475
8475
8475
8475
8475
8475
8475
8475
8476
8476
8476
8476
8476
8476
8476
8476
8476
8476
8476
8476
8476
8476
8476
8476
8476
8476
8476
8476
8476
8476
8476
8476
8476
8477
8477
8477
8477
8477
8477
8477
8477
8477
8477
8477
8477
8477
8477
8477
8477
8477
8477
8477
8477
8477
8477
8477
8477
8477
8477
8477
8477
8477
8477
8477
8477
8477
8477
8477
8477
8477
8477
8477
8477
8477
8477
8477
8477
8477
8477
8477
8477
8477
8477
8477
8477
8477
8477
8477
8477
8477
8477
8477
8477
8477
8477
8477
8477
8477
8477
8477
8477
8477
8477
8477
8477
8477
8477
8477
8477
8478
8478
8478
8478
8478
8478
8478
8478
8478
8478
8478
8478
8478
8478
8478
8478
8478
8478
8478
8478
8478
8478
8478
8478
8478
8478
8478
8478
8478
8478
8478
8478
8479
8479
8479
8479
8479
8479
8479
8479
8479
8479
8479
8479
8479
8479
8480
8480
8480
8480
8480
8480
8480
8480
8480
8480
8480
8480
8480
8480
8480
8480
8480
8480
8480
8480
8481
8481
8481
8481
8481
8481
8481
8481
8481
8481
8481
8481
8481
8481
8481
8481
8481
8481
8481
8481
8481
8481
8481
8481
8481
8481
8481
8481
8481
8481
8481
8481
8481
8481
8481
8481
8481
8481
8481
8481
8482
8482
8482
8482
8482
8482
8482
8482
8482
8482
8482
8482
8482
8482
8482
8482
8482
8482
8482
8482
8482
8482
8482
8482
8482
8482
8482
8482
8482
8482
8482
8482
8482
8482
8482
8482
8482
8482
8482
8482
8482
8482
8482
8482
8482
8482
8482
8482
8482
8482
8482
8482
8482
8482
8482
8482
8482
8482
8482
8482
8482
8482
8482
8482
8482
8482
8482
8482
8482
8482
8483
8483
8483
8483
8483
8483
8483
8483
8483
8483
8483
8483
8483
8483
8483
8483
8483
8483
8483
8483
8483
8483
8483
8484
8484
8484
8484
8484
8484
8484
8484
8485
8485
8485
8485
8485
8485
8485
8485
8485
8485
8485
8485
8485
8486
8486
8486
8486
8486
8486
8486
8486
8486
8487
8487
8487
8488
8488
8488
8488
8488
8488
8488
8488
8488
8488
8488
8488
8488
8488
8488
8488
8488
8488
8488
8488
8488
8488
8488
8488
8488
8488
8488
8488
8488
8488
8488
8488
8488
8488
8488
8488
8488
8488
8488
8488
8488
8488
8488
8488
8488
8488
8488
8488
8488
8488
8488
8488
8488
8488
8488
8488
8488
8488
8488
8488
8488
8488
8488
8488
8488
8488
8488
8488
8488
8488
8488
8488
8488
8488
8488
8488
8488
8488
8488
8488
8488
8488
8488
8488
8488
8488
8488
8488
8488
8488
8488
8488
8488
8488
8488
8488
8488
8488
8488
8488
8488
8488
8488
8488
8489
8489
8489
8489
8489
8489
8489
8489
8489
8489
8489
8489
8489
8489
8489
8489
8489
8489
8489
8489
8489
8489
8489
8490
8490
8490
8490
8490
8490
8490
8490
8490
8490
8490
8490
8490
8490
8490
8490
8490
8491
8491
8491
8491
8491
8491
8491
8491
8491
8491
8491
8491
8491
8491
8491
8491
8492
8492
8492
8492
8493
8493
8493
8494
8494
8494
8495
8495
8495
8495
8495
8495
8495
8495
8495
8495
8495
8495
8495
8495
8495
8495
8495
8495
8495
8495
8496
8496
8496
8496
8496
8496
8496
8496
8496
8496
8496
8496
8496
8496
8496
8496
8496
8496
8496
8496
8496
8496
8496
8496
8496
8496
8496
8496
8496
8496
8496
8496
8496
8496
8496
8496
8497
8497
8497
8497
8497
8497
8497
8497
8497
8497
8497
8497
8497
8497
8497
8497
8497
8497
8497
8497
8497
8497
8497
8497
8497
8497
8497
8497
8497
8497
8497
8497
8497
8497
8498
8498
8498
8498
8498
8498
8498
8498
8498
8498
8498
8498
8498
8498
8498
8498
8498
8498
8499
8499
8499
8499
8499
8499
8499
8499
8499
8499
8499
8499
8499
8499
8499
8499
8499
8499
8499
8499
8499
8499
8499
8499
8499
8499
8499
8499
8499
8499
8499
8499
8499
8499
8499
8499
8499
8499
8499
8500
8500
8500
8500
8500
8500
8500
8500
8500
8500
8500
8500
8500
8500
8500
8500
8500
8500
8500
8500
8500
8500
8501
8501
8502
8502
8502
8502
8502
8502
8502
8502
8502
8502
8502
8502
8503
8503
8503
8503
8503
8503
8503
8503
8503
8503
8503
8503
8503
8503
8503
8503
8503
8503
8503
8503
8503
8503
8503
8503
8503
8503
8503
8503
8503
8503
8503
8503
8503
8504
8504
8504
8504
8504
8504
8504
8504
8504
8504
8504
8504
8504
8504
8504
8504
8504
8504
8504
8504
8504
8504
8504
8504
8504
8504
8504
8504
8504
8504
8504
8504
8504
8504
8504
8504
8505
8505
8505
8505
8505
8505
8505
8505
8505
8505
8505
8505
8505
8505
8505
8505
8505
8505
8505
8505
8505
8505
8505
8505
8505
8505
8505
8505
8505
8505
8505
8505
8505
8505
8505
8505
8505
8505
8505
8505
8505
8505
8505
8505
8505
8505
8505
8505
8505
8505
8505
8505
8505
8505
8505
8505
8505
8505
8505
8505
8505
8505
8505
8505
8505
8505
8505
8505
8505
8505
8505
8505
8505
8505
8505
8505
8505
8505
8505
8505
8505
8505
8505
8505
8505
8505
8505
8505
8505
8505
8505
8505
8505
8505
8505
8505
8505
8505
8505
8505
8505
8505
8505
8505
8505
8505
8505
8505
8505
8505
8505
8506
8506
8506
8506
8506
8506
8506
8506
8506
8507
8507
8507
8507
8507
8507
8507
8507
8507
8507
8507
8507
8507
8507
8507
8507
8507
8507
8507
8508
8508
8508
8508
8508
8508
8508
8508
8508
8508
8508
8508
8508
8508
8508
8508
8508
8508
8508
8508
8509
8509
8509
8509
8509
8509
8509
8509
8509
8509
8509
8509
8509
8509
8509
8509
8509
8509
8510
8510
8510
8510
8510
8510
8510
8510
8510
8510
8510
8510
8510
8510
8510
8510
8510
8510
8510
8510
8510
8510
8510
8510
8510
8510
8510
8511
8511
8511
8511
8511
8511
8511
8511
8511
8511
8511
8511
8511
8511
8511
8511
8511
8511
8511
8511
8511
8511
8511
8511
8511
8511
8511
8511
8511
8511
8511
8511
8511
8511
8511
8511
8511
8511
8511
8511
8511
8511
8511
8511
8511
8511
8511
8511
8511
8511
8511
8511
8511
8511
8511
8511
8511
8511
8511
8511
8511
8511
8511
8511
8511
8511
8511
8511
8511
8511
8511
8512
8512
8512
8512
8512
8512
8512
8512
8512
8512
8512
8512
8512
8512
8512
8512
8512
8512
8512
8512
8512
8512
8512
8512
8512
8512
8512
8512
8512
8512
8512
8512
8513
8513
8513
8513
8513
8513
8513
8513
8513
8513
8513
8513
8513
8513
8513
8513
8513
8513
8513
8513
8513
8513
8513
8513
8513
8513
8513
8513
8513
8513
8513
8513
8513
8513
8513
8513
8513
8513
8513
8513
8513
8513
8513
8513
8513
8513
8514
8514
8514
8514
8514
8514
8514
8514
8514
8514
8514
8515
8515
8515
8515
8515
8515
8515
8516
8516
8516
8516
8516
8516
8516
8516
8516
8516
8516
8516
8516
8516
8516
8516
8516
8516
8516
8516
8516
8516
8516
8517
8517
8517
8517
8517
8517
8517
8517
8517
8517
8517
8518
8518
8518
8518
8518
8518
8518
8518
8518
8518
8518
8518
8518
8518
8518
8518
8518
8518
8518
8518
8518
8518
8518
8518
8518
8518
8518
8518
8518
8518
8518
8518
8518
8518
8518
8518
8518
8518
8518
8518
8518
8518
8518
8518
8518
8518
8518
8518
8518
8519
8519
8519
8520
8520
8520
8520
8520
8520
8520
8520
8521
8521
8521
8521
8521
8521
8521
8521
8521
8521
8521
8522
8522
8522
8522
8522
8522
8522
8522
8522
8522
8522
8522
8522
8522
8522
8522
8522
8522
8522
8522
8523
8523
8523
8523
8523
8523
8523
8523
8523
8523
8523
8523
8523
8523
8523
8523
8523
8523
8523
8523
8523
8523
8523
8523
8523
8523
8523
8523
8523
8523
8523
8523
8523
8523
8523
8523
8523
8523
8523
8523
8523
8523
8523
8524
8524
8524
8524
8524
8524
8524
8525
8525
8525
8525
8525
8525
8525
8525
8525
8525
8525
8525
8527
8527
8527
8527
8527
8527
8527
8527
8527
8527
8527
8527
8527
8527
8527
8527
8527
8527
8527
8527
8527
8527
8527
8527
8528
8528
8528
8528
8528
8528
8528
8528
8528
8528
8528
8528
8528
8528
8528
8528
8528
8528
8528
8529
8529
8529
8529
8529
8529
8529
8529
8529
8529
8529
8529
8529
8529
8529
8529
8529
8529
8529
8530
8530
8530
8530
8530
8530
8530
8530
8530
8530
8530
8530
8530
8531
8531
8531
8531
8531
8531
8531
8531
8531
8531
8531
8531
8531
8531
8531
8531
8531
8531
8531
8531
8531
8531
8531
8531
8531
8531
8531
8531
8531
8531
8531
8531
8531
8531
8531
8531
8531
8531
8531
8531
8531
8531
8531
8532
8532
8532
8532
8532
8532
8532
8532
8532
8532
8532
8532
8532
8532
8532
8532
8532
8532
8532
8532
8532
8532
8532
8532
8532
8532
8532
8532
8532
8532
8532
8532
8532
8532
8533
8533
8533
8533
8533
8533
8533
8533
8533
8533
8533
8533
8533
8533
8533
8533
8533
8533
8533
8533
8533
8533
8533
8533
8533
8533
8533
8533
8533
8533
8534
8534
8534
8534
8534
8534
8534
8534
8534
8534
8535
8535
8535
8535
8535
8535
8535
8535
8535
8535
8535
8535
8535
8535
8535
8535
8535
8535
8535
8535
8535
8535
8535
8535
8535
8535
8535
8535
8535
8535
8535
8535
8535
8536
8536
8536
8536
8537
8537
8537
8537
8537
8537
8537
8537
8537
8537
8537
8537
8537
8537
8537
8537
8537
8537
8537
8537
8537
8537
8537
8537
8537
8537
8537
8537
8537
8537
8537
8537
8537
8537
8537
8537
8537
8537
8537
8537
8537
8537
8537
8537
8537
8537
8537
8537
8537
8537
8537
8537
8537
8537
8537
8537
8537
8537
8537
8537
8537
8537
8537
8537
8537
8537
8537
8537
8537
8537
8537
8537
8537
8537
8537
8537
8537
8537
8537
8537
8537
8537
8537
8537
8537
8537
8537
8537
8537
8537
8537
8537
8537
8537
8537
8537
8537
8537
8537
8537
8538
8538
8538
8538
8538
8538
8538
8538
8538
8538
8539
8539
8540
8541
8541
8541
8541
8541
8541
8541
8541
8541
8541
8542
8542
8542
8542
8542
8542
8542
8542
8542
8542
8542
8542
8542
8542
8542
8542
8542
8542
8542
8542
8542
8542
8542
8542
8542
8542
8542
8542
8542
8542
8542
8542
8542
8543
8543
8543
8543
8543
8543
8543
8543
8543
8544
8544
8544
8544
8544
8544
8544
8544
8544
8544
8544
8544
8545
8545
8545
8545
8545
8545
8545
8545
8545
8545
8545
8545
8545
8545
8545
8545
8545
8545
8545
8545
8545
8545
8545
8545
8545
8545
8545
8545
8545
8545
8545
8545
8545
8545
8545
8545
8545
8545
8545
8545
8545
8545
8545
8545
8545
8545
8545
8545
8545
8545
8545
8545
8545
8545
8545
8545
8545
8545
8545
8545
8545
8545
8545
8545
8545
8545
8545
8545
8545
8545
8545
8545
8546
8546
8546
8546
8546
8546
8546
8546
8546
8546
8546
8546
8546
8546
8546
8546
8546
8546
8546
8546
8546
8546
8546
8546
8546
8546
8546
8546
8546
8546
8546
8546
8546
8546
8546
8546
8546
8546
8546
8546
8546
8546
8546
8546
8546
8546
8546
8546
8546
8546
8546
8546
8546
8547
8547
8548
8548
8548
8548
8548
8548
8548
8548
8548
8548
8548
8548
8548
8548
8548
8548
8548
8548
8548
8548
8548
8548
8548
8548
8548
8548
8548
8548
8548
8548
8548
8548
8548
8548
8548
8548
8548
8548
8548
8548
8548
8548
8548
8548
8548
8548
8548
8548
8548
8548
8548
8548
8548
8548
8548
8548
8548
8548
8548
8548
8548
8548
8548
8548
8548
8548
8548
8548
8548
8548
8548
8548
8548
8548
8548
8548
8548
8548
8548
8548
8548
8548
8548
8548
8548
8548
8548
8548
8548
8548
8548
8548
8548
8548
8548
8548
8548
8548
8548
8548
8548
8548
8548
8548
8548
8548
8548
8548
8548
8548
8548
8548
8548
8548
8548
8548
8548
8548
8548
8549
8549
8549
8549
8549
8549
8550
8550
8550
8550
8550
8550
8550
8550
8550
8550
8550
8550
8550
8550
8550
8550
8550
8550
8550
8550
8550
8550
8550
8550
8551
8551
8551
8551
8551
8551
8551
8551
8551
8551
8551
8551
8551
8551
8551
8551
8551
8551
8551
8551
8551
8551
8551
8552
8552
8552
8552
8553
8553
8553
8553
8553
8553
8553
8553
8553
8553
8553
8553
8553
8553
8553
8553
8553
8553
8553
8553
8553
8553
8553
8553
8553
8553
8553
8553
8553
8553
8553
8553
8553
8553
8553
8553
8553
8553
8553
8553
8553
8553
8553
8553
8553
8553
8553
8553
8553
8553
8553
8553
8553
8553
8553
8553
8553
8553
8553
8553
8553
8553
8553
8553
8553
8553
8553
8553
8553
8553
8553
8553
8553
8553
8553
8553
8553
8553
8553
8553
8553
8553
8553
8553
8553
8553
8553
8553
8553
8553
8553
8553
8553
8553
8553
8553
8553
8553
8553
8553
8553
8553
8553
8553
8553
8553
8553
8553
8553
8553
8553
8553
8553
8553
8553
8553
8553
8553
8553
8553
8553
8553
8553
8553
8553
8553
8553
8553
8553
8553
8553
8553
8553
8553
8553
8553
8553
8553
8553
8553
8553
8553
8553
8553
8553
8553
8553
8553
8553
8554
8554
8554
8554
8554
8554
8554
8554
8554
8554
8554
8554
8554
8554
8554
8554
8554
8554
8554
8554
8554
8554
8554
8554
8555
8555
8555
8555
8555
8555
8555
8555
8555
8555
8555
8555
8555
8555
8555
8555
8555
8556
8556
8556
8556
8556
8556
8556
8556
8556
8556
8556
8556
8556
8556
8556
8556
8556
8556
8556
8556
8556
8556
8556
8556
8556
8556
8556
8556
8556
8556
8556
8556
8556
8556
8556
8557
8557
8557
8557
8557
8557
8557
8558
8558
8558
8558
8558
8558
8558
8558
8559
8559
8559
8559
8559
8559
8559
8560
8560
8560
8560
8560
8560
8560
8560
8560
8560
8560
8560
8560
8560
8560
8560
8560
8560
8560
8560
8560
8560
8560
8560
8560
8560
8560
8560
8560
8560
8560
8560
8560
8560
8560
8560
8560
8560
8560
8560
8561
8561
8561
8561
8561
8561
8561
8561
8561
8561
8561
8561
8561
8561
8561
8561
8561
8561
8561
8561
8561
8561
8561
8561
8561
8561
8561
8561
8561
8561
8561
8561
8561
8561
8561
8561
8561
8561
8561
8561
8561
8561
8561
8561
8561
8561
8561
8561
8561
8561
8561
8561
8561
8561
8561
8561
8561
8561
8561
8561
8561
8561
8561
8561
8561
8561
8561
8561
8561
8561
8561
8561
8561
8561
8561
8561
8561
8561
8561
8561
8561
8561
8561
8561
8561
8561
8561
8561
8561
8561
8561
8561
8561
8561
8561
8561
8561
8561
8561
8561
8561
8562
8562
8562
8562
8562
8562
8562
8562
8562
8562
8562
8562
8562
8562
8562
8563
8563
8563
8563
8564
8564
8564
8564
8564
8564
8564
8564
8564
8564
8564
8564
8564
8564
8564
8564
8564
8564
8564
8564
8564
8564
8564
8565
8565
8565
8565
8565
8565
8565
8565
8565
8565
8565
8565
8565
8565
8565
8565
8565
8565
8565
8565
8565
8565
8565
8565
8565
8565
8565
8565
8565
8565
8565
8565
8565
8565
8565
8565
8565
8565
8566
8566
8566
8566
8566
8566
8566
8566
8566
8566
8566
8566
8566
8566
8566
8566
8566
8566
8566
8566
8566
8566
8566
8566
8566
8566
8566
8566
8566
8566
8566
8566
8566
8566
8566
8566
8566
8566
8566
8566
8566
8566
8566
8567
8567
8567
8567
8567
8567
8567
8567
8567
8568
8568
8568
8568
8568
8568
8568
8568
8568
8568
8568
8568
8568
8568
8568
8568
8568
8568
8568
8568
8568
8568
8568
8569
8569
8569
8569
8569
8569
8570
8570
8570
8570
8570
8570
8570
8570
8570
8570
8570
8570
8570
8570
8570
8570
8570
8570
8570
8570
8570
8570
8570
8570
8570
8570
8570
8570
8570
8570
8570
8570
8570
8570
8570
8570
8570
8570
8570
8570
8570
8570
8570
8570
8571
8571
8571
8571
8571
8571
8571
8571
8571
8571
8571
8571
8571
8571
8571
8571
8571
8571
8571
8571
8571
8571
8571
8571
8571
8571
8571
8571
8571
8571
8571
8571
8571
8571
8571
8571
8571
8571
8571
8571
8571
8571
8571
8571
8571
8571
8571
8571
8571
8572
8572
8572
8572
8572
8572
8572
8572
8572
8572
8572
8572
8572
8572
8572
8572
8572
8572
8572
8572
8572
8572
8572
8573
8573
8573
8573
8573
8573
8573
8573
8573
8573
8573
8574
8574
8574
8574
8574
8574
8574
8574
8574
8574
8574
8574
8574
8574
8574
8574
8574
8574
8574
8574
8574
8574
8574
8574
8574
8574
8574
8574
8574
8574
8574
8574
8574
8574
8574
8574
8574
8574
8574
8574
8574
8574
8574
8574
8574
8574
8574
8574
8574
8574
8574
8575
8575
8575
8575
8575
8575
8575
8575
8575
8575
8575
8575
8575
8575
8575
8575
8575
8575
8575
8575
8575
8575
8575
8575
8575
8575
8575
8575
8575
8575
8575
8575
8575
8575
8575
8575
8575
8575
8575
8576
8576
8576
8576
8576
8576
8576
8576
8576
8576
8576
8576
8576
8576
8576
8576
8576
8576
8576
8576
8576
8576
8576
8576
8576
8576
8576
8576
8576
8576
8577
8577
8577
8577
8577
8577
8577
8577
8577
8577
8577
8577
8577
8577
8577
8577
8577
8577
8577
8577
8577
8577
8578
8578
8578
8578
8578
8578
8578
8578
8579
8579
8579
8579
8579
8579
8579
8579
8579
8579
8579
8579
8579
8579
8579
8579
8579
8579
8579
8579
8579
8579
8579
8579
8579
8579
8579
8579
8579
8579
8579
8579
8579
8579
8579
8579
8579
8579
8579
8579
8579
8579
8579
8579
8579
8579
8580
8580
8580
8580
8580
8580
8580
8580
8580
8580
8581
8581
8581
8581
8581
8581
8581
8581
8581
8581
8581
8581
8582
8582
8583
8583
8583
8584
8584
8584
8584
8584
8584
8584
8584
8584
8585
8585
8585
8585
8585
8585
8585
8585
8585
8586
8586
8586
8586
8586
8586
8586
8586
8586
8586
8586
8586
8586
8586
8586
8586
8586
8586
8587
8587
8587
8587
8587
8587
8588
8588
8588
8588
8588
8588
8588
8588
8588
8588
8588
8588
8588
8588
8588
8588
8588
8588
8588
8588
8588
8588
8588
8588
8588
8588
8588
8588
8588
8588
8588
8588
8588
8590
8590
8590
8590
8590
8590
8590
8590
8590
