72.7182
74.2128
73.0688
72.705
74.198
72.7398
74.0699
73.098
73.3617
73.522
73.1086
72.8054
74.1427
72.7798
73.289
74.0779
74.0364
73.0443
74.0283
73.1532
72.9505
73.4128
73.68
73.4948
73.37
72.5766
73.0757
72.9286
72.8916
73.0523
72.6727
73.1098
73.015
73.2415
73.3148
72.963
73.4813
73.1347
73.561
72.593
74.1567
74.1696
72.8984
74.0494
72.6994
73.6873
73.8773
74.2358
74.2316
73.6555
73.139
72.9321
72.8183
72.569
73.9269
73.6883
72.6456
72.7526
74.117
73.0372
73.3048
72.5397
73.647
73.8199
73.2812
72.7118
72.5329
72.5125
73.3465
73.5939
72.6055
73.2532
73.5134
73.0039
73.0525
73.7128
74.1912
72.6798
73.6986
74.1728
73.8353
72.5876
72.8549
74.1536
72.6566
72.5318
73.5919
72.8023
72.7844
73.4589
73.3395
73.5892
73.4985
72.7366
73.159
72.5297
72.9484
73.1919
72.5422
73.7949
72.5358
72.6477
72.798
73.5492
73.1516
73.3506
73.012
73.0928
73.5304
74.2106
73.0156
73.1157
72.5483
73.3705
73.0193
72.7049
73.4023
74.1112
73.0072
73.6866
73.3201
73.8468
73.0258
72.5686
74.0833
73.6849
72.5984
72.7817
72.6268
72.6406
74.0766
72.6625
72.7883
72.6246
73.7118
73.4399
73.4752
74.2238
74.0327
72.7555
74.1844
72.7983
73.3712
74.2327
73.6688
73.8905
72.6876
72.8211
73.7517
73.1948
74.0077
72.8218
72.7916
72.7835
72.8905
72.6249
73.9684
72.9889
72.9066
74.0952
73.1295
72.7332
72.5077
73.4178
72.8578
73.7195
72.6077
73.833
73.6933
74.1404
74.0886
73.6277
72.6887
73.2098
73.6104
73.8575
72.8503
73.7981
74.1786
74.102
72.7429
73.9363
72.6738
73.0345
74.2198
73.0643
73.1594
73.9382
73.5532
73.5661
73.7834
74.1826
73.7993
73.7912
73.3504
74.1571
73.2607
73.4582
73.7401
72.704
73.3486
73.5787
73.8317
73.5373
72.5385
73.1921
73.1447
72.8887
72.7402
73.0733
72.7407
72.9831
72.7596
72.9146
73.5176
72.7294
73.4789
74.177
74.1676
72.7821
73.493
73.7011
72.7147
73.0423
73.2422
73.5652
72.9495
74.0029
72.7733
74.1896
74.2069
73.6219
73.5183
73.7885
72.9092
73.5567
72.7307
73.5539
73.9455
72.9708
74.1272
74.1862
73.4539
72.6368
72.8508
72.7215
72.8662
73.8297
72.6485
72.7838
74.1118
73.6415
73.9849
72.5765
74.1838
72.9771
73.6417
72.8833
72.73
73.915
72.8229
72.6869
73.2869
73.8412
73.9754
73.696
73.1479
74.2061
72.9999
72.8434
72.9269
72.8771
72.7796
73.8809
73.0139
73.1304
74.1023
73.3801
72.7101
72.5008
73.6639
72.5718
73.6423
73.3988
72.6483
73.5762
73.8759
73.79
73.9595
74.1059
73.455
72.5324
72.5428
74.2418
73.8736
74.0182
73.6879
72.7715
73.9743
74.1878
73.1148
72.6512
72.8149
73.3944
74.0321
73.3288
74.0248
73.8844
74.2089
74.2348
73.8852
73.6228
72.5567
73.2776
72.7716
72.705
72.6037
74.1475
73.995
74.0632
74.0034
73.2
74.0956
74.0462
73.1918
73.7192
73.8144
72.6297
73.9906
73.5387
72.5675
72.8554
73.69
72.8824
73.7499
73.4721
73.7112
73.5246
73.1065
73.6702
73.5094
72.7417
73.043
73.5661
73.5193
73.3146
73.7711
73.623
73.2121
73.5161
73.4362
72.9655
74.216
73.2818
72.7617
73.1579
72.751
74.0762
73.2875
74.2416
73.3649
73.355
72.8471
72.8049
73.7374
74.0969
73.7769
73.1986
73.3715
72.6334
72.6188
72.631
72.8751
73.1618
73.6971
73.8944
73.9764
73.2182
73.2674
72.9384
74.2343
74.2036
73.4039
74.2003
73.2355
73.6657
73.1082
73.4864
73.4918
73.8957
73.4781
72.6067
73.0007
73.8251
72.9116
74.2381
73.672
74.1886
73.1868
72.7935
72.572
73.3056
72.9245
72.9471
73.9673
74.1216
72.5914
73.6937
73.0898
73.3588
74.1321
73.074
73.3125
73.2861
73.0243
74.0479
72.7017
73.6325
73.2844
73.6936
73.2782
72.5124
73.8003
73.7789
73.8375
74.212
73.767
73.2595
74.1505
72.7037
73.5531
74.2225
73.5093
73.9776
72.9195
73.2266
73.8492
73.011
72.6703
72.6889
73.8698
72.5524
73.2629
72.9322
73.3385
73.7872
72.7301
73.5402
73.1697
73.5145
72.9838
73.9478
73.5269
72.5341
73.4767
73.1144
74.2461
72.9937
73.8739
74.1466
73.1974
73.177
74.119
74.2067
72.9046
72.7886
73.1833
72.5037
73.2995
73.3536
72.6927
72.9193
73.406
73.4556
73.3515
74.2445
72.9928
73.5817
73.5347
73.6624
72.8462
74.0185
73.3603
73.8731
74.0526
72.5869
72.7375
74.0487
73.0806
74.1115
73.9453
73.778
73.0385
73.8143
73.7347
73.4431
74.1029
72.668
73.4468
73.1524
73.5216
73.6395
73.5717
72.6776
72.8451
72.6733
72.672
73.3378
73.755
73.7067
72.7503
74.1012
73.4752
73.6105
73.7243
73.2779
73.6974
73.9618
73.0766
72.528
73.8233
72.7719
73.806
72.6118
74.0862
73.2907
73.5549
73.9391
73.4587
72.7518
72.8415
72.7302
73.8913
73.9133
72.9078
74.2363
74.0865
73.0798
73.3241
73.5915
72.5365
73.5744
73.4427
73.5118
72.9349
72.917
72.5396
74.1324
72.6288
73.1162
74.1604
73.9521
73.3881
73.7164
74.064
73.2244
72.7571
73.3689
72.9135
73.7158
73.6207
73.255
73.946
73.2619
72.9183
72.6038
73.2482
72.7548
73.1836
74.0723
73.8463
73.2202
73.3968
73.039
74.232
73.8317
73.4559
72.5216
73.714
73.5848
73.1379
73.6244
73.2869
74.026
73.0909
73.1009
73.0004
73.348
73.9698
73.4139
72.8139
73.3404
74.1689
72.5099
74.1023
72.8372
72.6137
73.1005
73.092
73.2974
72.9229
72.6883
74.0176
73.8196
73.2273
73.9995
73.4013
74.1833
74.0212
72.8653
73.518
72.909
73.9897
72.5549
72.685
72.8306
73.1558
73.1854
73.6787
72.8755
74.0993
73.9925
73.716
74.0182
74.0024
73.5683
72.6054
74.1161
74.1688
73.1974
73.1635
72.8417
73.3857
72.9311
74.1613
74.113
72.6806
73.3126
74.0463
74.2018
73.6779
73.3143
72.8608
73.4176
73.3693
73.0459
73.7483
74.025
73.7313
73.1769
72.6506
73.5805
72.9194
73.8665
73.3487
72.6718
73.1848
73.4541
72.538
73.1036
74.1515
73.2015
73.4453
73.2872
73.6326
73.3565
73.1503
73.8133
74.1691
72.9466
73.7651
73.597
73.7609
74.1259
72.7646
72.8802
72.9218
74.0129
72.6552
74.153
72.9398
72.8058
73.4836
73.3592
74.1724
72.5823
73.5311
73.1072
73.5364
73.5691
73.7108
73.4379
72.5206
72.9061
74.2251
73.6532
73.7626
73.1254
73.2165
73.6817
73.5719
72.7315
73.0287
73.0829
72.6074
73.2933
73.4631
73.0292
73.0562
73.6183
72.9322
73.496
73.9241
73.9157
72.6052
73.8465
73.998
73.6363
72.7037
73.2844
72.9553
73.9145
74.2222
72.9759
72.5706
74.1973
74.1292
73.8332
73.0727
73.0956
73.2649
74.1446
73.3272
73.7936
72.9775
73.4346
72.8369
73.9405
73.9638
73.3931
73.3088
72.646
72.6391
72.983
74.0617
72.7444
72.5795
73.8098
73.8806
72.7832
72.8441
72.586
74.1977
72.8163
73.0619
72.5182
72.7636
72.9411
73.8514
73.3363
73.5367
72.8663
73.2309
72.6139
74.1599
73.7084
73.5485
72.7468
73.3989
73.2622
73.64
74.2077
73.4082
73.7791
