0.115014
0.115182
0.121819
0.114954
0.114847
0.113687
0.123102
0.115183
0.115579
0.114313
0.114359
0.121728
0.115717
0.125878
0.115137
0.115213
0.124750
0.111658
0.116067
0.114389
0.113535
0.125543
0.111856
0.115106
0.114374
0.113352
0.123956
0.115580
0.124597
0.115259
0.114176
0.116601
0.113596
0.115381
0.115930
0.123422
0.114786
0.113611
0.114313
0.115290
0.125253
0.114557
0.124795
0.114465
0.114115
0.123452
0.111689
0.115244
0.114450
0.115076
0.124429
0.115854
0.114786
0.114908
0.113901
0.122858
0.112208
0.125344
0.113474
0.118219
0.114541
0.116479
0.113733
0.112284
0.122048
0.113489
0.115290
0.115092
0.114297
0.126474
0.113871
0.122217
0.113230
0.113779
0.126611
0.115213
0.115305
0.114588
0.113672
0.121515
0.113657
0.113764
0.113626
0.115717
0.124917
0.113229
0.122278
0.114206
0.122324
0.116160
0.113138
0.111444
0.115198
0.128243
0.114496
0.113458
0.111811
0.115336
0.128152
0.115106
0.123971
0.113214
0.112055
0.127175
0.113413
0.115808
0.115625
0.115106
0.125130
0.113992
0.114283
0.114191
0.113870
0.124582
0.117822
0.119836
0.113382
0.121682
0.115534
0.115274
0.114252
0.113230
0.122751
0.115640
0.112924
0.114206
0.114237
0.123544
0.115671
0.125130
0.114435
0.114191
0.125848
0.113108
0.118173
0.116266
0.114404
0.124567
0.114740
0.113642
0.112055
0.115885
0.123483
0.122873
0.115854
0.112955
0.123879
0.112482
0.115457
0.114557
0.111750
0.125894
0.114709
0.115289
0.114893
0.114206
0.129464
0.113413
0.127801
0.113337
0.113657
0.122750
0.113611
0.113458
0.113108
0.113962
0.124383
0.114923
0.113138
0.115427
0.115564
0.116220
0.125146
0.114191
0.114542
0.123803
0.113596
0.114191
0.113581
0.114008
0.126199
0.113458
0.114008
0.114465
0.114038
0.123239
0.112085
0.141457
0.114846
0.115198
0.126932
0.115884
0.114923
0.114694
0.114435
0.124017
0.115030
0.114069
0.115487
0.123987
0.114587
0.125192
0.114527
0.114557
0.125299
0.115656
0.114465
0.114038
0.114053
0.123880
0.114541
0.113779
0.115518
0.115412
0.127893
0.114267
0.124047
0.113565
0.114405
0.123941
0.114053
0.114420
0.113474
0.112558
0.125879
0.114068
0.113520
0.114282
0.123010
0.114313
0.123560
0.112818
0.112421
0.125054
0.114893
0.114130
0.113413
0.115289
0.127328
0.114740
0.113703
0.111994
0.115381
0.126641
0.114115
0.134179
0.111749
0.115487
0.122735
0.115488
0.115381
0.115030
0.114863
0.121255
0.114878
0.113260
0.111566
0.124384
0.113840
0.129159
0.115488
0.112589
0.123056
0.113809
0.112269
0.115046
0.114710
0.124582
0.114802
0.113718
0.113763
0.114313
0.121835
0.115336
0.124124
0.112772
0.115885
0.124093
0.114511
0.114145
0.113519
0.121453
0.114389
0.112024
0.115565
0.114572
0.126351
0.114115
0.123361
0.114328
0.115351
0.126519
0.115534
0.114740
0.114374
0.113565
0.126886
0.113459
0.112498
0.115121
0.115213
0.123544
0.114023
0.125100
0.114191
0.113840
0.126092
0.116113
0.115503
0.114603
0.122369
0.116144
0.113824
0.113688
0.114053
0.123467
0.114252
0.124520
0.114526
0.114512
0.123438
0.115870
0.115381
0.114542
0.114160
0.123575
0.113870
0.114100
0.111978
0.116174
0.126138
0.115229
0.123803
0.113199
0.114984
0.124444
0.113352
0.112131
0.113047
0.121958
0.112177
0.115396
0.113123
0.113398
0.124902
0.116144
0.126657
0.114832
0.114633
0.124947
0.111796
0.111780
0.115046
0.114328
0.126107
0.113520
0.111780
0.115351
0.114497
0.125451
0.119852
0.114954
0.114389
0.113641
0.116815
0.114297
0.113641
0.112100
0.124032
0.113718
0.114542
0.114374
0.114160
0.123438
0.113840
0.128365
0.114328
0.112741
0.126184
0.115824
0.115015
0.112315
0.113901
0.124093
0.115091
0.115396
0.114450
0.114100
0.123316
0.123162
0.112085
0.113809
0.123758
0.112223
0.115533
0.115487
0.114451
0.134133
0.114419
0.113352
0.113444
0.112925
0.126153
0.115655
0.125161
0.114801
0.114572
0.124719
0.114358
0.115350
0.114663
0.115198
0.123971
0.115045
0.114176
0.114572
0.113550
0.123254
0.123574
0.113672
0.111735
0.124506
0.115793
0.115121
0.114298
0.115183
0.125009
0.114649
0.116343
0.114648
0.113596
0.124200
0.111842
0.125360
0.113733
0.112527
0.125863
0.113489
0.114160
0.115045
0.113855
0.123590
0.113505
0.115594
0.114969
0.117166
0.116068
0.124963
0.114512
0.114145
0.122370
0.112391
0.113703
0.114663
0.114923
0.123269
0.113550
0.113580
0.113566
0.111688
0.124932
0.114664
0.123438
0.114069
0.113275
0.126047
0.115243
0.114938
0.113947
0.113337
0.121271
0.112772
0.112406
0.115686
0.123025
0.114741
0.124017
0.114206
0.111978
0.122674
0.115076
0.114542
0.113657
0.115396
0.124902
0.111612
0.115793
0.115015
0.111750
0.125894
0.113657
0.123086
0.113443
0.114038
0.125375
0.114664
0.113733
0.113459
0.113702
0.124658
0.115609
0.114725
0.114389
0.124261
0.115183
0.124642
0.114145
0.112085
0.126459
0.113123
0.111841
0.115885
0.114893
0.127404
0.114298
0.113810
0.113763
0.113718
0.124169
0.116480
0.125009
0.115305
0.111505
0.126504
0.115274
0.115427
0.112085
0.116754
0.115046
0.114282
0.113993
0.113977
0.124414
0.114847
0.124750
0.114328
0.114161
0.125222
0.115137
0.113595
0.115167
0.115305
0.125299
0.114145
0.114206
0.115381
0.115091
0.123971
0.113214
0.115731
0.115732
0.113473
0.123468
0.111841
0.115457
0.112756
0.121149
0.115716
0.115137
0.114267
0.113428
0.125649
0.113398
0.121819
0.116312
0.115168
0.125497
0.114023
0.115107
0.114496
0.114221
0.124856
0.114526
0.111658
0.115915
0.116663
0.125253
0.124399
0.114695
0.115015
0.115061
0.118204
0.116861
0.116159
0.115548
0.121286
0.116541
0.115488
0.112879
0.116236
0.126535
0.115229
0.124474
0.114679
0.114740
0.125223
0.114176
0.114541
0.114007
0.115885
0.124139
0.114084
0.115000
0.113016
0.111642
0.124597
0.124535
0.114801
0.114450
0.122797
0.116067
0.115228
0.113870
0.114282
0.127863
0.115214
0.114527
0.114511
0.113779
0.124017
0.113581
0.125344
0.115473
0.113001
0.127419
0.113413
0.113733
0.113611
0.113840
0.123498
0.113412
0.114420
0.114587
0.114984
0.123559
0.124704
0.113473
0.113245
0.123834
0.114175
0.113871
0.112803
0.113795
0.125283
0.114358
0.114679
0.114618
0.114069
0.125970
0.114420
0.123758
0.114420
0.115457
0.124841
0.114298
0.114328
0.114435
0.114237
0.124368
0.114710
0.114603
0.114603
0.120080
0.115488
0.125024
0.114176
0.114374
0.123758
0.115107
0.114602
0.113595
0.112681
0.124840
0.114664
0.115548
0.113642
0.113794
0.126611
0.115167
0.124032
0.114695
0.114236
0.125634
0.114359
0.113810
0.113627
0.115838
0.123300
0.114511
0.113672
0.115626
0.123834
0.114664
0.124063
0.114267
0.114542
0.126672
0.114389
0.113733
0.112558
0.115274
0.125283
0.114176
0.113504
0.115244
0.115076
0.125696
0.114115
0.126336
0.115869
0.115305
0.124292
0.114877
0.116175
0.114649
0.114572
0.119027
0.113627
0.115656
0.114709
0.123590
0.114785
0.124612
0.114450
0.114801
0.124185
0.113962
0.113657
0.115900
0.113611
0.124414
0.114207
0.114573
0.114481
0.113824
0.125314
0.114039
0.118936
0.113840
0.115503
0.124277
0.111902
0.114175
0.114145
0.124398
0.115763
0.114985
0.113947
0.113901
0.122888
0.114054
0.123926
0.114054
0.114298
0.125390
0.115152
0.114221
0.114725
0.111871
0.126611
0.113673
0.113337
0.113734
0.113627
0.122583
0.121500
0.116144
0.113062
0.113718
0.122018
0.112604
0.113978
0.113764
0.124841
0.113916
0.114771
0.114206
0.113169
0.127878
0.115366
0.124552
0.114694
0.114115
0.125588
0.113535
0.115121
0.114283
0.111932
0.125894
0.115121
0.115366
0.114176
0.113412
0.125115
0.127297
0.113596
0.115777
0.117044
0.117639
0.112955
0.115793
0.115030
0.122308
0.116419
0.115472
0.113855
0.115427
0.125940
0.115366
0.141090
0.114984
0.115655
0.125619
0.114374
0.114115
0.115152
0.114374
0.124459
0.115061
0.115290
0.114664
0.113489
0.121805
0.124002
0.113688
0.112009
0.124216
0.115931
0.113703
0.114480
0.114313
0.127054
0.115777
0.115442
0.115045
0.113519
0.124307
0.111917
0.125940
0.113382
0.113978
0.126168
0.116144
0.113870
0.116632
0.115991
0.124535
0.114451
0.114664
0.114450
0.114297
0.122094
0.125436
0.114755
0.115122
0.122216
0.112085
0.114862
0.114526
0.114710
0.127358
0.113656
0.113962
0.113337
0.115335
0.125436
0.111948
0.127206
0.115854
0.115579
0.126229
0.115320
0.113077
0.114359
0.113443
0.127801
0.116144
0.114618
0.114405
0.118844
0.115259
0.124520
0.116038
0.115305
0.124475
0.115014
0.112162
0.114267
0.112375
0.124948
0.114145
0.114389
0.113428
0.111719
0.125894
0.115167
0.123514
0.113824
0.113428
0.122919
0.115335
0.114710
0.114221
0.113504
0.121530
0.115534
0.115305
0.114694
0.120813
0.115732
0.129983
0.114633
0.113016
0.124383
0.114954
0.114267
0.114161
0.113916
0.125848
0.114328
0.114298
0.116510
0.115137
0.123040
0.115732
0.125238
0.114039
0.113779
0.124062
0.115289
0.115961
0.115030
0.115030
0.119440
0.113703
0.116068
0.115991
0.124200
0.115411
0.136986
0.114893
0.115213
0.125543
0.116098
0.115854
0.114878
0.113688
0.127160
0.114038
0.113870
0.112833
0.116755
0.126382
0.119302
0.114771
0.115122
0.116236
0.121561
0.113504
0.114603
0.114542
0.123696
0.114405
0.115365
0.114236
0.114694
0.124108
0.113932
0.122460
0.114282
0.114893
0.124856
0.114023
0.114283
0.113977
0.114435
0.124398
0.113351
0.114298
0.113703
0.113626
0.122857
0.126702
0.115564
0.112162
0.115946
0.123789
0.113351
0.115381
0.115777
0.123773
0.114694
0.114023
0.113062
0.115473
0.125940
0.115122
0.124871
0.113504
0.112802
0.126367
0.115152
0.114512
0.113993
0.113138
0.124536
0.113458
0.115976
0.114908
0.114633
0.123559
0.123147
0.114008
0.113642
0.115290
0.113962
0.115976
0.114816
0.114480
0.123345
0.114053
0.115869
0.114816
0.114099
0.123895
0.113337
0.142281
0.115167
0.115625
0.125406
0.114481
0.115396
0.114541
0.115137
0.124216
0.114863
0.115106
0.114664
0.115228
0.123987
0.124185
0.113810
0.113733
0.124887
0.113641
0.113657
0.113840
0.114451
0.126001
0.113245
0.116266
0.115305
0.114527
0.124689
0.113626
0.125680
0.114313
0.114054
0.124887
0.114160
0.113580
0.111811
0.114969
0.125390
0.114542
0.114161
0.113611
0.116083
0.123529
0.130532
0.114939
0.113687
0.124521
0.113428
0.115396
0.113871
0.112466
0.125665
0.113748
0.114145
0.114236
0.114572
0.125635
0.114252
0.122873
0.114267
0.113795
0.124581
0.114649
0.114114
0.113916
0.111872
0.125008
0.115289
0.114465
0.113764
0.112146
0.116403
0.124505
0.114252
0.115046
0.124231
0.114969
0.113886
0.115137
0.115457
0.127633
0.115274
0.115350
0.112009
0.116373
0.125924
0.114923
0.124627
0.112467
0.116160
0.125421
0.114206
0.114191
0.115167
0.111383
0.125832
0.115412
0.115549
0.115427
0.124154
0.116007
0.130303
0.115061
0.116190
0.123071
0.112818
0.113276
0.113764
0.115595
0.127832
0.114038
0.113260
0.113657
0.114252
0.124246
0.114237
0.117288
0.112436
0.115671
0.124780
0.114481
0.113169
0.112193
0.115899
0.118997
0.114694
0.116052
0.115594
0.124642
0.115518
0.125558
0.113321
0.113810
0.122705
0.112040
0.115366
0.114634
0.113367
0.124521
0.114511
0.114329
0.114328
0.114694
0.124902
0.124201
0.113962
0.112925
0.113489
0.123300
0.113733
0.113428
0.113184
0.123666
0.115198
0.114526
0.114358
0.112115
0.125970
0.115991
0.124460
0.114664
0.113657
0.123453
0.116465
0.114649
0.115244
0.113856
0.125314
0.113641
0.115595
0.114634
0.114710
0.124612
0.123529
0.114298
0.114206
0.115533
0.122980
0.113520
0.115305
0.115182
0.125070
0.115243
0.114282
0.114038
0.114938
0.124230
0.113870
0.126184
0.113931
0.114114
0.128076
0.114389
0.114008
0.114755
0.115046
0.125573
0.113291
0.111933
0.115686
0.115427
0.123818
0.124398
0.113871
0.115061
0.116785
0.116541
0.115198
0.114984
0.115015
0.124017
0.114054
0.111948
0.115946
0.115015
0.125696
0.114222
0.124917
0.115351
0.114770
0.126382
0.114877
0.114099
0.113275
0.111749
0.125787
0.115519
0.111658
0.116281
0.115107
0.124459
0.124032
0.113962
0.113535
0.122369
0.115579
0.116190
0.114969
0.115091
0.123911
0.115045
0.114466
0.115412
0.114770
0.125085
0.115656
0.127206
0.114619
0.113840
0.125649
0.114465
0.115045
0.114359
0.114710
0.124231
0.113611
0.116693
0.116891
0.112116
0.124490
0.124094
0.113261
0.113245
0.123391
0.114191
0.115991
0.114954
0.114328
0.123636
0.113535
0.111811
0.113367
0.113687
0.126946
0.115900
0.124963
0.115183
0.115229
0.126245
0.114999
0.114100
0.115931
0.114481
0.126306
0.112299
0.116373
0.115793
0.118356
0.116037
0.126260
0.114755
0.115046
0.125177
0.114587
0.114313
0.114069
0.115213
0.124917
0.114008
0.113382
0.116434
0.115137
0.126809
0.114816
0.124185
0.115030
0.111689
0.125482
0.115076
0.114298
0.113595
0.112894
0.125726
0.114970
0.115183
0.114801
0.124581
0.115350
0.124444
0.115427
0.113565
0.124154
0.114450
0.113199
0.115198
0.115106
0.127328
0.114313
0.113673
0.113992
0.111979
0.125787
0.119424
0.113856
0.111643
0.115183
0.125116
0.113382
0.114023
0.114358
0.117151
0.113672
0.112116
0.113565
0.114099
0.123620
0.112299
0.138421
0.114618
0.115595
0.125085
0.114130
0.112009
0.115030
0.112985
0.123986
0.115580
0.115366
0.114450
0.113809
0.124322
0.125299
0.114877
0.114282
0.113733
0.121911
0.115900
0.114191
0.113962
0.124520
0.115762
0.115335
0.114587
0.114206
0.126688
0.113276
0.123590
0.113840
0.114740
0.125146
0.114527
0.116098
0.114663
0.114359
0.124658
0.112055
0.115777
0.112848
0.113169
0.124734
0.123849
0.114695
0.115381
0.115412
0.118830
0.114191
0.114710
0.115747
0.124536
0.116617
0.115091
0.114130
0.115075
0.126000
0.115045
0.125451
0.114069
0.115030
0.126473
0.114588
0.114862
0.114618
0.115365
0.125817
0.114649
0.114801
0.113184
0.112024
0.125818
0.125726
0.113917
0.112192
0.124750
0.115274
0.114953
0.113550
0.113641
0.124887
0.113550
0.112665
0.113871
0.114023
0.125116
0.111948
0.126031
0.115488
0.114511
0.124795
0.114618
0.115061
0.114343
0.114465
0.124901
0.112009
0.115549
0.115244
0.114648
0.121835
0.126306
0.115366
0.115457
0.124948
0.115839
0.115335
0.114435
0.112283
0.124246
0.114740
0.113016
0.115533
0.115442
0.125970
0.113748
0.126703
0.114603
0.114039
0.124780
0.114359
0.112283
0.115290
0.115259
0.125253
0.112681
0.115610
0.115045
0.119089
0.114984
0.124230
0.114496
0.115259
0.125772
0.114770
0.115930
0.115107
0.114862
0.126504
0.115686
0.114634
0.114710
0.114115
0.123529
0.116098
0.123316
0.115564
0.115808
0.124993
0.115168
0.114344
0.115396
0.114512
0.123712
0.114924
0.116586
0.114877
0.122522
0.116190
0.123544
0.114023
0.114451
0.124628
0.114039
0.114786
0.116831
0.115275
0.126962
0.114283
0.115442
0.116495
0.115702
0.126336
0.119653
0.117395
0.136635
0.114282
0.124307
0.115396
0.112101
0.116770
0.120401
0.114405
0.113687
0.114526
0.115396
0.124764
0.116693
0.139810
0.114801
0.113962
0.123163
0.115061
0.115671
0.113489
0.113718
0.125375
0.114420
0.113733
0.113749
0.112726
0.126504
0.125055
0.113824
0.114359
0.113626
0.123406
0.112146
0.116312
0.114633
0.123727
0.115686
0.116159
0.114419
0.115091
0.124032
0.114435
0.125894
0.115366
0.115121
0.126061
0.115351
0.115152
0.114740
0.114176
0.124399
0.112711
0.116449
0.114969
0.114573
0.125177
0.127678
0.113504
0.114466
0.115778
0.120325
0.114679
0.114237
0.115625
0.125527
0.114450
0.117090
0.116571
0.116175
0.125970
0.113245
0.134087
0.112253
0.113993
0.125283
0.114648
0.116708
0.115107
0.115046
0.125253
0.114664
0.112986
0.113596
0.114297
0.122568
0.131783
0.115289
0.114969
0.123163
0.114496
0.115747
0.114862
0.114557
0.124856
0.113733
0.115564
0.115411
0.115503
0.125253
0.114755
0.141213
0.115107
0.113840
0.124200
0.113306
0.116876
0.116434
0.115305
0.126153
0.116403
0.115503
0.114969
0.115289
0.124506
0.130700
0.114603
0.114267
0.124002
0.112970
0.116082
0.115992
0.115411
0.125649
0.114603
0.115091
0.113871
0.115045
0.125757
0.115763
0.125864
0.115030
0.115640
0.125710
0.114068
0.114343
0.111811
0.116281
0.125726
0.114694
0.114771
0.116465
0.120798
0.115594
0.125070
0.114359
0.115473
0.128411
0.115274
0.115290
0.115213
0.113825
0.125329
0.114924
0.115945
0.114862
0.113856
0.126245
0.114206
0.120935
0.114786
0.114329
0.126428
0.114481
0.114572
0.114450
0.115564
0.124475
0.111643
0.115671
0.115458
0.123941
0.114648
0.125130
0.116357
0.115442
0.123834
0.114786
0.114496
0.114984
0.114145
0.124062
0.117563
0.116296
0.114481
0.114207
0.125314
0.122339
0.115519
0.114588
0.115168
0.124323
0.114512
0.115565
0.114618
0.118127
0.118372
0.114328
0.116465
0.115549
0.125054
0.116189
0.123880
0.114664
0.112146
0.124779
0.113825
0.113275
0.116221
0.114877
0.127068
0.114297
0.114588
0.114649
0.114878
0.122995
0.125420
0.114313
0.114024
0.115015
0.125543
0.114206
0.114282
0.114999
0.124536
0.115136
0.114420
0.113825
0.114129
0.125040
0.114863
0.130563
0.115106
0.115411
0.126535
0.115884
0.112039
0.113627
0.113153
0.126748
0.116418
0.116007
0.113733
0.112283
0.125680
0.129190
0.114649
0.114099
0.115626
0.119943
0.115060
0.114771
0.111643
0.125192
0.117639
0.116433
0.113764
0.113413
0.126519
0.113993
0.125406
0.112345
0.116861
0.126824
0.116464
0.116022
0.114801
0.114374
0.125543
0.115121
0.114923
0.115412
0.115092
0.125589
0.132058
0.114984
0.115183
0.123895
0.113993
0.112070
0.113809
0.113977
0.123392
0.115350
0.115808
0.113580
0.115534
0.126458
0.114984
0.122628
0.112436
0.114222
0.125619
0.114511
0.115625
0.114160
0.114511
0.125650
0.114572
0.115534
0.114572
0.113947
0.121133
0.125680
0.113810
0.114496
0.123087
0.114496
0.114099
0.113810
0.111993
0.123742
0.115076
0.112512
0.115503
0.115167
0.126062
0.116251
0.127053
0.115655
0.114679
0.125893
0.113947
0.115397
0.113566
0.111903
0.126382
0.115793
0.114664
0.113916
0.118372
0.115259
0.124750
0.115366
0.114389
0.124215
0.114801
0.112116
0.116266
0.115259
0.125131
0.114069
0.114359
0.114588
0.113535
0.124826
0.115915
0.120126
0.113504
0.114069
0.124932
0.114557
0.115824
0.115534
0.114390
0.124597
0.112543
0.115533
0.115579
0.123331
0.113519
0.130486
0.115625
0.116876
0.126733
0.115610
0.115549
0.115625
0.114527
0.124628
0.112787
0.116083
0.113505
0.112314
0.126947
0.121133
0.115671
0.113474
0.113977
0.124811
0.114374
0.115488
0.114466
0.116465
0.119959
0.114283
0.115091
0.113733
0.125650
0.115991
0.126015
0.114893
0.114283
0.124749
0.112939
0.115426
0.114496
0.114023
0.127999
0.113749
0.111948
0.116312
0.115823
0.125741
0.123697
0.114878
0.114511
0.116236
0.125329
0.115305
0.114038
0.112070
0.119775
0.114206
0.113825
0.113199
0.115824
0.127267
0.115137
0.124490
0.113672
0.114572
0.125192
0.112100
0.113733
0.113535
0.115122
0.126473
0.115030
0.115046
0.114313
0.114038
0.125543
0.123880
0.114725
0.113992
0.116312
0.122476
0.113901
0.114847
0.115046
0.122751
0.116190
0.115213
0.114526
0.114267
0.125528
0.115427
0.142265
0.113992
0.114328
0.126184
0.114344
0.113824
0.113779
0.114191
0.126871
0.113779
0.113306
0.112009
0.114969
0.124200
0.124398
0.114237
0.114053
0.113474
0.118860
0.114130
0.113687
0.112086
0.126047
0.113702
0.112680
0.111978
0.115701
0.123636
0.113383
0.125054
0.115991
0.115366
0.125741
0.114038
0.113642
0.115854
0.115091
0.124917
0.115427
0.113901
0.115899
0.115442
0.121774
0.125451
0.115365
0.115793
0.118783
0.116831
0.116937
0.116037
0.115289
0.123987
0.114588
0.113519
0.115152
0.115381
0.125725
0.113367
0.125284
0.115549
0.113687
0.124475
0.113352
0.115900
0.113505
0.114405
0.124230
0.114328
0.111872
0.115121
0.115015
0.123743
0.129220
0.115870
0.115198
0.125238
0.112543
0.115884
0.115244
0.114953
0.124979
0.113764
0.114038
0.114236
0.115397
0.124444
0.112635
0.124688
0.113382
0.112192
0.124093
0.113809
0.113687
0.114039
0.114710
0.124674
0.114603
0.115625
0.114405
0.118325
0.117090
0.123132
0.114038
0.114145
0.125055
0.115472
0.114496
0.114114
0.113763
0.126016
0.115885
0.113443
0.111658
0.114877
0.125390
0.115152
0.118708
0.113703
0.114329
0.125848
0.115671
0.113230
0.114069
0.115427
0.125344
0.114664
0.115060
0.113931
0.122628
0.114084
0.136208
0.112436
0.116098
0.125832
0.116144
0.113290
0.115595
0.115061
0.125985
0.114542
0.113947
0.113245
0.111825
0.124612
0.121851
0.114725
0.114008
0.113657
0.125344
0.113382
0.113473
0.114298
0.113474
0.119928
0.113977
0.114405
0.113978
0.123865
0.115350
0.126428
0.114771
0.113855
0.124200
0.114282
0.114603
0.114069
0.114694
0.125268
0.114450
0.115213
0.114924
0.111338
0.125467
0.122934
0.114542
0.113763
0.113505
0.122781
0.115580
0.115122
0.114725
0.120722
0.116357
0.114297
0.112024
0.115534
0.122873
0.112879
0.127954
0.116129
0.115259
0.125436
0.115289
0.116022
0.114603
0.115625
0.126351
0.115015
0.114069
0.113703
0.113611
0.121759
0.126260
0.115640
0.114999
0.114679
0.124399
0.114954
0.115000
0.114252
0.123300
0.113947
0.115762
0.113703
0.113550
0.123330
0.113627
0.120844
0.115381
0.112894
0.124872
0.116098
0.115503
0.114740
0.114114
0.124216
0.114084
0.113962
0.113534
0.111841
0.126489
0.125466
0.115137
0.115167
0.119638
0.118265
0.113718
0.113657
0.113215
0.125207
0.115823
0.115335
0.114313
0.114420
0.127923
0.114785
0.143974
0.112482
0.113641
0.124689
0.112864
0.116037
0.115107
0.114099
0.124352
0.113885
0.113642
0.113993
0.113702
0.123407
0.131310
0.114374
0.114206
0.123102
0.112253
0.115686
0.113779
0.113290
0.123422
0.114740
0.113520
0.116114
0.115381
0.125528
0.114832
0.125420
0.115747
0.112421
0.126244
0.113733
0.115778
0.114847
0.114908
0.124582
0.114099
0.113306
0.115900
0.113123
0.119577
0.123941
0.114282
0.113932
0.123300
0.112634
0.116556
0.115458
0.114648
0.124612
0.114023
0.114023
0.114877
0.114115
0.125192
0.115000
0.120020
0.114039
0.114389
0.124704
0.114267
0.114892
0.115259
0.113184
0.123209
0.116022
0.114847
0.114557
0.119379
0.116541
0.123620
0.114603
0.114526
0.124536
0.114862
0.114847
0.114023
0.116525
0.124475
0.114420
0.114512
0.115411
0.111399
0.126230
0.124475
0.114953
0.114252
0.113489
0.123804
0.114267
0.113688
0.113901
0.111979
0.118844
0.111887
0.115702
0.115579
0.123926
0.112116
0.137795
0.113947
0.112024
0.125955
0.115244
0.115183
0.113642
0.113627
0.124673
0.114725
0.114405
0.113260
0.114039
0.125039
0.126275
0.115336
0.114114
0.113550
0.121591
0.115091
0.115473
0.114374
0.119257
0.118692
0.113031
0.113611
0.115473
0.125588
0.115625
0.127663
0.114801
0.114710
0.127359
0.113290
0.115808
0.115412
0.115061
0.125970
0.114405
0.113962
0.114191
0.115488
0.125436
0.128167
0.114267
0.115320
0.115411
0.124155
0.113367
0.114206
0.114328
0.123804
0.113824
0.114053
0.114419
0.114084
0.124796
0.113871
0.123528
0.114679
0.113428
0.126428
0.114710
0.113000
0.115473
0.114877
0.125039
0.115121
0.114511
0.114756
0.113535
0.125818
0.131372
0.114984
0.111887
0.118692
0.119119
0.113825
0.114237
0.114237
0.124170
0.114114
0.113656
0.112009
0.113031
0.124169
0.114572
0.125589
0.112147
0.113672
0.124826
0.114175
0.115961
0.114359
0.114862
0.125054
0.114237
0.113337
0.112207
0.113672
0.124810
0.131600
0.113505
0.112131
0.122568
0.114496
0.111658
0.115411
0.114801
0.124399
0.114924
0.114572
0.113763
0.113702
0.124062
0.114008
0.122705
0.114755
0.114404
0.124902
0.114252
0.114053
0.111918
0.115747
0.122796
0.113108
0.113612
0.114084
0.113566
0.119439
0.123681
0.114084
0.112024
0.125207
0.113779
0.113916
0.113962
0.113718
0.124155
0.114084
0.114389
0.114099
0.113626
0.125253
0.115121
0.118341
0.114877
0.111536
0.125253
0.115000
0.114252
0.113581
0.113550
0.125131
0.114740
0.114725
0.113779
0.117059
0.114297
0.124475
0.113947
0.114634
0.123696
0.114252
0.114053
0.114130
0.114099
0.124642
0.114450
0.115046
0.114542
0.114145
0.124291
0.125238
0.116250
0.116052
0.113291
0.123971
0.112711
0.116083
0.113733
0.111948
0.121438
0.113687
0.113321
0.113611
0.122705
0.111963
0.125619
0.115259
0.114450
0.128595
0.115671
0.115320
0.115228
0.114679
0.125528
0.113474
0.113718
0.113916
0.114099
0.125085
0.125466
0.113581
0.113748
0.113565
0.125680
0.113886
0.114099
0.112054
0.120111
0.118997
0.113382
0.115656
0.115931
0.124841
0.114359
0.124963
0.114954
0.112711
0.122980
0.113366
0.114511
0.113931
0.115976
0.124124
0.114557
0.114771
0.112879
0.112162
0.126580
0.125665
0.115426
0.114786
0.114512
0.126840
0.114664
0.114313
0.115122
0.125268
0.115213
0.114587
0.114390
0.114756
0.124994
0.114160
0.123682
0.113367
0.111795
0.126168
0.114969
0.114587
0.114557
0.113672
0.122491
0.113260
0.113749
0.113641
0.114069
0.125619
0.132333
0.115458
0.112711
0.118142
0.118326
0.111643
0.113184
0.114390
0.126123
0.115183
0.115564
0.114313
0.114069
0.124017
0.115671
0.125039
0.112268
0.116114
0.128304
0.113215
0.113519
0.111505
0.114817
0.125085
0.114939
0.114389
0.113565
0.111994
0.126657
0.123773
0.114405
0.114313
0.120096
0.113398
0.115244
0.115213
0.114999
0.123101
0.114084
0.115595
0.115732
0.112086
0.126458
0.115243
0.124978
0.112528
0.115763
0.125436
0.114694
0.114740
0.114954
0.113398
0.126382
0.112863
0.111994
0.115641
0.113352
0.120416
0.121957
0.115564
0.113962
0.122766
0.114191
0.113244
0.114100
0.113473
0.128976
0.114298
0.112391
0.111963
0.115625
0.124872
0.116861
0.115870
0.114725
0.114145
0.124597
0.113764
0.113291
0.115198
0.114572
0.124780
0.114038
0.114008
0.113321
0.117807
0.117380
0.134515
0.113795
0.112680
0.125787
0.115366
0.113245
0.113352
0.111948
0.125680
0.114893
0.129983
0.114130
0.113290
0.125497
0.124231
0.114603
0.114633
0.115167
0.124245
0.114389
0.111979
0.115411
0.112604
0.119439
0.113840
0.113672
0.114298
0.123773
0.115503
0.124398
0.115412
0.114740
0.122247
0.114084
0.114161
0.113489
0.115518
0.126733
0.115472
0.114817
0.113916
0.114557
0.131554
0.124536
0.115885
0.114954
0.114664
0.124795
0.113596
0.113795
0.114023
0.119531
0.116144
0.115015
0.113794
0.111521
0.125070
0.115214
0.132470
0.114206
0.114694
0.126199
0.115503
0.114329
0.113794
0.113825
0.123590
0.114236
0.114389
0.113443
0.113840
0.125299
0.125207
0.115122
0.114557
0.115701
0.120905
0.112497
0.115579
0.113824
0.121591
0.116082
0.115335
0.113855
0.114404
0.126428
0.114801
0.125619
0.115579
0.113840
0.124490
0.116861
0.115213
0.114511
0.114191
0.124291
0.114404
0.114496
0.114206
0.114023
0.123315
0.130928
0.115671
0.114160
0.117792
0.119165
0.113260
0.113595
0.115564
0.125146
0.115182
0.114206
0.113946
0.114298
0.122949
0.112024
0.125192
0.115610
0.114115
0.126504
0.115823
0.115137
0.113199
0.115137
0.125009
0.115121
0.114190
0.114176
0.113504
0.122842
0.122903
0.113871
0.116006
0.122751
0.115137
0.114252
0.113885
0.114785
0.122736
0.113795
0.114588
0.114512
0.111643
0.127190
0.115366
0.123299
0.115259
0.112925
0.123269
0.116098
0.115274
0.114664
0.114221
0.122064
0.116296
0.115198
0.114267
0.114099
0.119684
0.124505
0.115091
0.113489
0.121576
0.115854
0.115320
0.114496
0.114557
0.124277
0.114054
0.113580
0.113962
0.113428
0.125268
0.119241
0.115091
0.114038
0.114130
0.125986
0.111597
0.115777
0.112909
0.112253
0.123331
0.115565
0.114755
0.114252
0.120233
0.118112
0.129510
0.114145
0.113565
0.121713
0.114710
0.114191
0.113398
0.116175
0.123391
0.113473
0.111903
0.114999
0.112909
0.128121
0.124704
0.115609
0.114450
0.114664
0.123834
0.113917
0.113977
0.114267
0.114405
0.124460
0.114526
0.114435
0.113306
0.121668
0.115640
0.124520
0.114252
0.113855
0.124337
0.111902
0.115030
0.113183
0.111902
0.126473
0.114877
0.115396
0.114069
0.114496
0.125314
0.126671
0.114588
0.114770
0.114191
0.124352
0.113214
0.115656
0.115275
0.115977
0.119897
0.114053
0.113581
0.114953
0.124887
0.114893
0.129525
0.112085
0.115518
0.125894
0.112055
0.116220
0.115275
0.113978
0.125650
0.113855
0.111749
0.113336
0.113749
0.126077
0.128000
0.113916
0.113764
0.114298
0.124262
0.111566
0.115641
0.115869
0.118829
0.117655
0.112131
0.115961
0.114755
0.122476
0.116221
0.125040
0.115182
0.111642
0.126169
0.114801
0.114374
0.114496
0.113581
0.127053
0.114252
0.113504
0.116067
0.115991
0.125268
0.130807
0.113504
0.112162
0.113458
0.122293
0.113932
0.113795
0.115808
0.126000
0.115442
0.113871
0.115854
0.114542
0.124368
0.114725
0.141533
0.115656
0.115045
0.125573
0.114786
0.115824
0.114878
0.114328
0.125299
0.111994
0.115152
0.114694
0.112054
0.127664
0.123285
0.111841
0.113016
0.118295
0.119760
0.114176
0.115320
0.114451
0.125726
0.114435
0.114969
0.116022
0.114954
0.125100
0.114344
0.123499
0.113795
0.114526
0.125512
0.114527
0.113947
0.111567
0.113276
0.124017
0.112924
0.115748
0.113291
0.112039
0.125558
0.123590
0.114114
0.114679
0.119867
0.113779
0.114374
0.113596
0.116190
0.125665
0.115320
0.114985
0.114160
0.112696
0.126626
0.115732
0.124337
0.114481
0.115992
0.124963
0.111963
0.113702
0.114221
0.116037
0.126092
0.112955
0.112055
0.115900
0.115534
0.117456
0.124078
0.113763
0.112314
0.126260
0.116083
0.115092
0.115518
0.114359
0.126001
0.115564
0.114908
0.114923
0.114863
0.125894
0.120096
0.119135
0.113427
0.114496
0.124933
0.114694
0.114221
0.113123
0.115839
0.127572
0.115701
0.115121
0.114740
0.118936
0.114954
0.123865
0.113305
0.111963
0.127344
0.114984
0.114603
0.114344
0.115121
0.126642
0.114527
0.114832
0.114328
0.113824
0.125054
0.124093
0.115473
0.115396
0.114267
0.124460
0.114206
0.114389
0.113947
0.113718
0.122171
0.111673
0.115961
0.115518
0.123285
0.112406
0.125528
0.115304
0.114969
0.124017
0.114496
0.116174
0.113459
0.113901
0.126595
0.113519
0.113733
0.111658
0.115808
0.125893
0.124307
0.114725
0.114313
0.112131
0.125452
0.115000
0.114725
0.114450
0.116495
0.122445
0.115106
0.114908
0.115610
0.124657
0.114709
0.126886
0.113626
0.113596
0.124368
0.113489
0.115549
0.114740
0.114328
0.125162
0.114924
0.114924
0.114969
0.114603
0.125772
0.130669
0.114816
0.114420
0.113672
0.122064
0.113337
0.114039
0.113199
0.116388
0.114237
0.114206
0.113870
0.113474
0.127053
0.115930
0.122781
0.113337
0.115625
0.125359
0.113764
0.113947
0.114236
0.113840
0.125756
0.114176
0.114404
0.114175
0.113596
0.125879
0.125710
0.115595
0.111917
0.115884
0.120797
0.114237
0.114191
0.114939
0.123941
0.114878
0.114038
0.114557
0.114267
0.123605
0.114344
0.124963
0.113168
0.115565
0.125970
0.115534
0.112925
0.115565
0.115397
0.126077
0.114450
0.114176
0.115198
0.115320
0.124078
0.129235
0.114558
0.114633
0.119333
0.117838
0.114084
0.113413
0.111276
0.124978
0.115244
0.114679
0.114268
0.114694
0.125192
0.114008
0.124001
0.115137
0.114740
0.124459
0.114558
0.114359
0.115960
0.116083
0.123544
0.113932
0.114099
0.113824
0.113459
0.123865
0.124979
0.114634
0.115167
0.124413
0.115015
0.112284
0.115778
0.113534
0.125588
0.113535
0.114221
0.114283
0.114664
0.126092
0.122705
0.115396
0.115198
0.114694
0.126016
0.113214
0.112314
0.113550
0.125650
0.125390
0.113596
0.112497
0.113917
0.119577
0.118601
0.128472
0.113687
0.113382
0.124032
0.113398
0.113688
0.113657
0.113199
0.124139
0.114573
0.114084
0.112070
0.115472
0.125756
0.124078
0.114374
0.113856
0.114404
0.124063
0.112085
0.115732
0.113322
0.113916
0.125695
0.114908
0.114435
0.113916
0.122873
0.114694
0.137749
0.115595
0.114786
0.121438
0.115595
0.115991
0.114603
0.114542
0.124490
0.113794
0.113718
0.112376
0.111902
0.126336
0.125375
0.113443
0.113794
0.116083
0.125497
0.114603
0.114649
0.113809
0.114328
0.119333
0.113184
0.114023
0.113535
0.121286
0.116022
0.126092
0.113474
0.114419
0.127893
0.114313
0.113977
0.114801
0.113794
0.124688
0.113276
0.112573
0.113581
0.114023
0.122476
0.130090
0.115213
0.114832
0.114176
0.123956
0.114801
0.112009
0.114908
0.119546
0.116541
0.113535
0.114344
0.114344
0.123865
0.112619
0.124795
0.114924
0.114359
0.126717
0.113870
0.113382
0.115945
0.115701
0.125314
0.113093
0.111994
0.115336
0.114405
0.123635
0.123361
0.112299
0.113916
0.113291
0.122080
0.114755
0.115915
0.113154
0.123468
0.114496
0.114893
0.114450
0.114908
0.124978
0.114664
0.123620
0.114969
0.112451
0.124796
0.114526
0.114664
0.114054
0.113749
0.122262
0.116053
0.113306
0.113840
0.112803
0.123986
0.135720
0.115244
0.114511
0.118570
0.120263
0.114419
0.114329
0.114313
0.123148
0.112467
0.114786
0.115305
0.114145
0.125696
0.115442
0.121973
0.114725
0.115030
0.125131
0.114023
0.114695
0.114008
0.114221
0.125070
0.114389
0.114160
0.113810
0.113992
0.124383
0.124032
0.115396
0.113946
0.123239
0.114251
0.116098
0.114756
0.114816
0.124948
0.115488
0.113993
0.114160
0.113764
0.126535
0.119409
0.117517
0.115045
0.113367
0.126275
0.114985
0.114984
0.114359
0.114923
0.125192
0.114893
0.114145
0.113886
0.112635
0.119119
0.137673
0.113946
0.114862
0.123575
0.113184
0.112146
0.114832
0.114740
0.124505
0.114694
0.114831
0.114328
0.113108
0.124445
0.124475
0.113993
0.113122
0.115748
0.124017
0.113016
0.116068
0.113489
0.113596
0.124322
0.114419
0.113688
0.112329
0.119760
0.115060
0.123422
0.114023
0.113459
0.124429
0.114878
0.114801
0.114114
0.113840
0.124642
0.113534
0.113199
0.113718
0.113580
0.126458
0.128503
0.115289
0.113367
0.113840
0.123788
0.113703
0.113794
0.111933
0.115427
0.120462
0.112177
0.116038
0.115335
0.124581
0.114786
0.125405
0.115228
0.115838
0.125269
0.114160
0.113702
0.114146
0.113305
0.126505
0.115518
0.115671
0.111566
0.115686
0.124658
0.123071
0.113367
0.113443
0.113611
0.123910
0.112359
0.114161
0.113550
0.118265
0.118097
0.113992
0.113794
0.113595
0.121499
0.115519
0.122262
0.113626
0.115290
0.124047
0.115473
0.113916
0.114007
0.114344
0.124551
0.113611
0.113779
0.116663
0.115320
0.124414
0.124688
0.114465
0.114619
0.114679
0.126138
0.114343
0.114893
0.114313
0.124002
0.114710
0.113214
0.115839
0.113642
0.123117
0.115381
0.124246
0.114389
0.113382
0.124551
0.114069
0.113749
0.111902
0.116022
0.126062
0.115061
0.114694
0.115488
0.114694
0.124749
0.124780
0.113702
0.113154
0.114130
0.121331
0.114740
0.113733
0.113367
0.125635
0.115335
0.111749
0.115991
0.114877
0.125528
0.114801
0.122400
0.113427
0.116128
0.127084
0.115244
0.114297
0.113977
0.114069
0.124886
0.114649
0.113458
0.113580
0.112146
0.123742
0.123697
0.114099
0.114892
0.119226
0.117807
0.113092
0.111842
0.113428
0.123544
0.114451
0.114831
0.114893
0.114694
0.124460
0.122263
0.114588
0.113947
0.114710
0.125864
0.114602
0.114328
0.114740
0.114358
0.124994
0.114405
0.113931
0.114008
0.116601
0.119836
0.124047
0.114038
0.113749
0.121881
0.112955
0.113412
0.114130
0.113688
0.124322
0.113779
0.112482
0.114008
0.113962
0.125359
0.124399
0.111932
0.115457
0.113154
0.127359
0.114236
0.113260
0.113032
0.116540
0.125101
0.113626
0.116282
0.115869
0.118234
0.118707
0.123391
0.114115
0.113764
0.123651
0.114069
0.114084
0.114008
0.114343
0.126825
0.115839
0.113733
0.115793
0.113031
0.123498
0.125848
0.115671
0.115274
0.111246
0.126092
0.114832
0.114344
0.114557
0.113703
0.119638
0.113718
0.111902
0.116129
0.124856
0.114511
0.126504
0.114801
0.113702
0.124688
0.114542
0.115534
0.114496
0.113504
0.124551
0.115823
0.115854
0.113016
0.116449
0.126473
0.129693
0.113245
0.114008
0.114160
0.124735
0.115808
0.114572
0.113764
0.117563
0.117487
0.111856
0.112818
0.113611
0.121897
0.115748
0.124734
0.113290
0.113962
0.124338
0.114085
0.113886
0.113810
0.113520
0.127451
0.113169
0.114588
0.114908
0.115320
0.125970
0.124780
0.114526
0.113886
0.113474
0.120905
0.113916
0.114313
0.112222
0.122354
0.114252
0.114222
0.116281
0.115137
0.125253
0.115503
0.126260
0.114618
0.114695
0.125711
0.114268
0.113611
0.115976
0.114755
0.126031
0.114344
0.114176
0.114847
0.114603
0.125619
0.134896
0.113412
0.115931
0.119623
0.119104
0.115076
0.114572
0.113886
0.123971
0.111933
0.116602
0.114755
0.114786
0.124536
0.112451
0.122628
0.114862
0.115976
0.126534
0.115655
0.115458
0.115335
0.113108
0.123575
0.115762
0.115046
0.114755
0.114038
0.124979
0.122720
0.114130
0.114191
0.119226
0.114618
0.115030
0.114755
0.115320
0.124337
0.114222
0.113962
0.114542
0.113641
0.124688
0.121423
0.112436
0.114389
0.114100
0.123132
0.116770
0.115854
0.114862
0.113886
0.122400
0.115183
0.114984
0.113458
0.113214
0.120844
0.137017
0.115762
0.115290
0.123758
0.115198
0.114313
0.113748
0.115533
0.125833
0.114741
0.115564
0.113718
0.114359
0.125101
0.123315
0.112543
0.115961
0.114985
0.125512
0.114054
0.112223
0.115854
0.114588
0.124261
0.111825
0.115976
0.115701
0.113351
0.120752
0.126168
0.114954
0.113947
0.121774
0.115778
0.114207
0.113428
0.115686
0.125802
0.111231
0.114847
0.112619
0.115167
0.127511
0.124963
0.114847
0.113230
0.116159
0.125771
0.115137
0.114664
0.113566
0.115625
0.124780
0.114481
0.113473
0.115549
0.119348
0.120371
0.124384
0.113977
0.113520
0.121866
0.116662
0.115213
0.114389
0.114145
0.122308
0.116510
0.113871
0.113916
0.114252
0.124520
0.125207
0.115976
0.113520
0.113962
0.124505
0.113718
0.112283
0.115687
0.115626
0.126565
0.114680
0.114008
0.114755
0.118798
0.117059
0.124017
0.115519
0.114389
0.125147
0.114221
0.114786
0.114282
0.114374
0.126214
0.113779
0.114023
0.115747
0.115091
0.125909
0.124353
0.114572
0.113870
0.114542
0.124811
0.116357
0.114252
0.113504
0.113520
0.118982
0.114740
0.114374
0.114786
0.123743
0.115960
0.127160
0.114526
0.115289
0.125650
0.114038
0.113428
0.115869
0.115533
0.125741
0.114984
0.115686
0.112864
0.115412
0.125695
0.123285
0.113550
0.111963
0.115534
0.125131
0.113169
0.115229
0.114832
0.120660
0.118753
0.115931
0.111963
0.116068
0.123300
0.112482
0.126718
0.115381
0.115061
0.125222
0.115091
0.114191
0.111429
0.114862
0.125696
0.114267
0.113367
0.115625
0.114847
0.125207
0.124597
0.115458
0.115899
0.115091
0.123239
0.113764
0.114329
0.114695
0.123239
0.115320
0.112726
0.115381
0.114420
0.124704
0.114649
0.121912
0.116221
0.113657
0.126809
0.113184
0.116633
0.113794
0.114297
0.125390
0.114542
0.113809
0.112192
0.116052
0.126275
0.125802
0.115366
0.114404
0.119028
0.119317
0.113458
0.115778
0.113535
0.122018
0.116403
0.116128
0.115305
0.113993
0.124154
0.112498
0.118204
0.111887
0.115595
0.125986
0.114572
0.115045
0.114161
0.114358
0.126276
0.114114
0.114725
0.114252
0.114222
0.123071
0.124109
0.115106
0.115289
0.121164
0.114786
0.115442
0.113153
0.113305
0.123559
0.114969
0.113611
0.115564
0.115351
0.125359
0.123621
0.114755
0.112299
0.115411
0.124536
0.113321
0.115930
0.115763
0.114634
0.125497
0.113870
0.113932
0.113382
0.114237
0.119836
0.123559
0.113443
0.114160
0.124261
0.112909
0.116540
0.113885
0.114725
0.124765
0.112711
0.116571
0.115442
0.114511
0.125115
0.123895
0.114344
0.112833
0.113855
0.124276
0.113947
0.116021
0.115381
0.113474
0.126092
0.113809
0.112284
0.113138
0.118082
0.119547
0.142540
0.116250
0.115274
0.124734
0.115000
0.114481
0.114222
0.114267
0.124993
0.112115
0.115289
0.114847
0.114572
0.124826
0.126870
0.115762
0.114633
0.114207
0.124902
0.114664
0.114221
0.114206
0.112588
0.126657
0.115336
0.114648
0.115625
0.118844
0.117715
0.124337
0.115183
0.114480
0.125177
0.115626
0.114969
0.115014
0.114023
0.127191
0.116495
0.112955
0.114694
0.115106
0.127068
0.124841
0.114161
0.114267
0.112040
0.128640
0.115122
0.114419
0.112680
0.115991
0.120050
0.116205
0.113138
0.113413
0.124444
0.114771
0.125314
0.112879
0.111918
0.126642
0.115579
0.114694
0.113947
0.112787
0.126534
0.115412
0.115030
0.114100
0.114267
0.126046
0.124719
0.115061
0.114999
0.115884
0.125436
0.114816
0.111810
0.115503
0.119622
0.119424
0.114115
0.113245
0.116114
0.124643
0.115320
0.123879
0.114405
0.114283
0.125726
0.114512
0.114664
0.114588
0.114832
0.125772
0.114847
0.114832
0.115122
0.113123
0.125344
0.125284
0.115197
0.113016
0.112467
0.125924
0.115396
0.114954
0.113825
0.118814
0.116143
0.114969
0.114923
0.114481
0.125177
0.113291
0.121210
0.115122
0.113809
0.125115
0.114313
0.114313
0.115336
0.114542
0.125481
0.113550
0.113794
0.114023
0.113077
0.126306
0.125574
0.112970
0.113642
0.118570
0.118631
0.115884
0.114831
0.115045
0.125466
0.116053
0.114634
0.114694
0.115152
0.127862
0.121530
0.115258
0.111628
0.116037
0.126214
0.114450
0.115015
0.115228
0.114450
0.125406
0.112879
0.115747
0.113916
0.116296
0.123331
0.123056
0.113352
0.113977
0.118402
0.117028
0.113794
0.112451
0.115594
0.125878
0.112864
0.115823
0.115335
0.115290
0.125298
0.124719
0.114954
0.115702
0.114786
0.124582
0.113840
0.112162
0.113062
0.114191
0.124597
0.113169
0.115411
0.115014
0.115335
0.120508
0.122385
0.114557
0.114389
0.123712
0.115457
0.114466
0.113657
0.111902
0.126367
0.114480
0.114069
0.113611
0.115824
0.125390
0.124124
0.114069
0.113748
0.114023
0.126504
0.113245
0.112223
0.114374
0.113581
0.124581
0.113657
0.113977
0.113764
0.116434
0.118768
0.129067
0.113901
0.114023
0.124902
0.114161
0.113794
0.113734
0.114420
0.127282
0.113657
0.111353
0.115381
0.114755
0.125909
0.129739
0.114282
0.114267
0.111810
0.124535
0.113611
0.113810
0.114190
0.114832
0.123788
0.115457
0.112864
0.113428
0.119882
0.115213
0.125726
0.115976
0.114573
0.124734
0.115351
0.114816
0.114359
0.115427
0.125710
0.115381
0.114358
0.114450
0.114359
0.124735
0.133461
0.115396
0.115015
0.114374
0.124200
0.113978
0.113321
0.113398
0.120416
0.121271
0.114145
0.114344
0.114725
0.125192
0.115015
0.126672
0.114343
0.114069
0.122644
0.115381
0.114923
0.114237
0.113687
0.124917
0.112039
0.116205
0.114969
0.114237
0.124032
0.122156
0.114023
0.114603
0.113474
0.125726
0.115961
0.115732
0.114619
0.120386
0.118509
0.114145
0.113794
0.115228
0.125284
0.114999
0.126535
0.137169
0.116098
0.128975
0.115366
0.114344
0.115457
0.115046
0.125985
0.114680
0.114817
0.114389
0.115183
0.126641
0.124780
0.114771
0.111216
0.115183
0.120568
0.114999
0.114268
0.113901
0.123376
0.112268
0.115900
0.112696
0.112406
0.123590
0.117304
0.113321
0.114573
0.113840
0.124459
0.114420
0.115046
0.114206
0.113413
0.123650
0.116189
0.114893
0.114466
0.113657
0.124521
0.135537
0.115778
0.115366
0.119989
0.121942
0.115869
0.114969
0.115244
0.125314
0.112116
0.115533
0.114831
0.112192
0.126672
0.126504
0.115229
0.114404
0.114237
0.123254
0.114435
0.114222
0.115503
0.114953
0.125528
0.114100
0.113169
0.115686
0.115046
0.123727
0.127084
0.114129
0.114023
0.118569
0.114908
0.113306
0.115931
0.114939
0.123482
0.113016
0.112024
0.115976
0.113717
0.124871
0.123697
0.114145
0.114481
0.114527
0.125787
0.114649
0.113947
0.116159
0.115381
0.125543
0.114587
0.113856
0.114969
0.118783
0.117868
0.128960
0.116709
0.115426
0.124795
0.114664
0.113718
0.113458
0.113748
0.125542
0.115686
0.115060
0.115870
0.114999
0.126367
0.126443
0.115915
0.114847
0.114206
0.127007
0.113672
0.115961
0.116037
0.113886
0.122994
0.111582
0.115137
0.112756
0.119043
0.119852
0.123528
0.113992
0.112406
0.126169
0.115046
0.115137
0.115061
0.112589
0.127191
0.115839
0.114862
0.114847
0.115244
0.123407
0.123666
0.114603
0.112559
0.116006
0.124490
0.114725
0.114679
0.114725
0.115915
0.120660
0.114527
0.113901
0.113550
0.120768
0.116449
0.124490
0.113260
0.113230
0.126367
0.115655
0.113336
0.116174
0.115061
0.124933
0.113596
0.114481
0.112040
0.114222
0.123895
0.122613
0.113611
0.114512
0.114252
0.124566
0.114237
0.115487
0.111552
0.120295
0.120736
0.112116
0.115198
0.116175
0.126428
0.114587
0.124505
0.115473
0.114938
0.124673
0.114526
0.113474
0.112116
0.115564
0.124291
0.113657
0.114786
0.113734
0.114527
0.124017
0.123300
0.113230
0.112162
0.113428
0.119073
0.112223
0.115290
0.112894
0.120233
0.114435
0.114893
0.114862
0.114924
0.123834
0.118066
0.115778
0.114404
0.115991
0.126215
0.111948
0.113657
0.114770
0.113611
0.126626
0.115213
0.114252
0.113611
0.113260
0.121912
0.144630
0.115122
0.114557
0.118280
0.118829
0.115412
0.114863
0.114512
0.125741
0.113596
0.115838
0.115671
0.115503
0.123224
0.125817
0.115518
0.115168
0.115000
0.126550
0.115732
0.115198
0.114374
0.115136
0.126321
0.112360
0.115885
0.115015
0.114435
0.124475
0.123300
0.114313
0.114496
0.118982
0.120706
0.115961
0.113565
0.114115
0.123742
0.114100
0.116479
0.115198
0.113932
0.124231
0.123651
0.113321
0.113565
0.113840
0.124765
0.115686
0.115487
0.115046
0.114130
0.126458
0.114969
0.114512
0.114527
0.113672
0.120951
0.123117
0.112284
0.113337
0.122491
0.113337
0.117014
0.114603
0.114572
0.124459
0.113428
0.115122
0.114099
0.113535
0.123452
0.130273
0.115518
0.112131
0.113626
0.124154
0.114343
0.114343
0.113794
0.113107
0.127542
0.113352
0.114069
0.114755
0.118662
0.119317
0.124352
0.116372
0.115564
0.124154
0.114099
0.113672
0.113992
0.115045
0.125451
0.114435
0.114221
0.113520
0.113550
0.125482
0.123284
0.114007
0.113504
0.115457
0.125238
0.114557
0.114129
0.114039
0.114741
0.123712
0.115610
0.111842
0.115381
0.119837
0.114710
0.125436
0.113535
0.113306
0.122217
0.115961
0.114710
0.114053
0.113443
0.124200
0.111918
0.113901
0.113215
0.115549
0.125787
0.124871
0.114801
0.115412
0.114542
0.124826
0.113351
0.113749
0.113627
0.118677
0.119592
0.113886
0.111826
0.114969
0.124841
0.114664
0.125223
0.114908
0.114480
0.124246
0.113962
0.112924
0.115854
0.115762
0.125985
0.114344
0.113962
0.114268
0.114588
0.124643
0.123376
0.218648
0.113046
0.114222
0.123910
0.112024
0.115213
0.114221
0.118814
0.118707
0.115487
0.114633
0.114130
0.123437
0.112101
0.124566
0.115763
0.115152
0.124857
0.114465
0.114007
0.112421
0.115198
0.126092
0.114023
0.112360
0.115412
0.114908
0.126978
0.123391
0.113779
0.113749
0.114237
0.125040
0.111841
0.115656
0.115122
0.120935
0.118112
0.113825
0.113810
0.113718
0.123956
0.115808
0.115488
0.112223
0.115458
0.127069
0.112009
0.113412
0.113932
0.115335
0.125406
0.112009
0.115503
0.112681
0.111887
0.125466
0.123193
0.114573
0.113397
0.115045
0.121057
0.115030
0.114801
0.115152
0.122675
0.115854
0.115381
0.114526
0.114221
0.124139
0.124017
0.113855
0.115747
0.115091
0.126031
0.114603
0.114420
0.113703
0.111781
0.126703
0.115381
0.114618
0.113870
0.111932
0.123849
0.123117
0.114115
0.114114
0.119058
0.118891
0.113444
0.115198
0.114801
0.123682
0.115900
0.113169
0.115305
0.114725
0.124947
0.123437
0.114435
0.115442
0.114771
0.123071
0.115549
0.115153
0.114451
0.113901
0.124063
0.111948
0.115259
0.114908
0.114649
0.126168
0.122888
0.113489
0.113428
0.118845
0.117547
0.114862
0.114526
0.114709
0.124261
0.113977
0.113916
0.115732
0.115137
0.125345
0.124643
0.116037
0.113077
0.113474
0.126717
0.114252
0.114023
0.112268
0.115717
0.124307
0.114175
0.113947
0.113779
0.119439
0.120294
0.123743
0.114466
0.114466
0.124948
0.115137
0.114237
0.113733
0.111704
0.124368
0.113535
0.113962
0.112009
0.115701
0.124566
0.123880
0.111948
0.115793
0.114755
0.125604
0.114282
0.114069
0.113367
0.115427
0.127022
0.114847
0.113962
0.113733
0.116113
0.121301
0.127816
0.114969
0.114831
0.123880
0.114191
0.114480
0.114694
0.114450
0.125314
0.114512
0.115076
0.114481
0.114252
0.126031
0.122644
0.112146
0.113641
0.113458
0.124689
0.113382
0.111947
0.114649
0.112650
0.120431
0.112131
0.112940
0.113718
0.120874
0.114557
0.121819
0.113138
0.113535
0.123757
0.114145
0.113871
0.115640
0.115137
0.125620
0.114832
0.113703
0.115671
0.115580
0.127908
0.124169
0.114755
0.114679
0.114054
0.123940
0.112284
0.115320
0.114084
0.117868
0.120859
0.113611
0.113336
0.111979
0.125345
0.115411
0.122842
0.113580
0.115518
0.125939
0.114954
0.114908
0.114237
0.113580
0.124734
0.115778
0.115076
0.115152
0.113931
0.124658
0.121987
0.115274
0.114771
0.114343
0.124780
0.114130
0.113153
0.111979
0.118112
0.119684
0.114695
0.114419
0.113779
0.123895
0.115823
0.121301
0.111978
0.114954
0.126031
0.114679
0.114328
0.114786
0.114710
0.127099
0.115137
0.115045
0.114145
0.113473
0.126717
0.125528
0.115137
0.114847
0.114923
0.121271
0.115228
0.111765
0.115503
0.119791
0.117243
0.115442
0.114999
0.114389
0.125390
0.123361
0.115152
0.114282
0.113917
0.125085
0.114115
0.114771
0.115289
0.222232
0.125238
0.115076
0.114587
0.114664
0.115839
0.123453
0.125893
0.116053
0.114252
0.118662
0.121576
0.116739
0.115671
0.115549
0.121332
0.116587
0.112940
0.113717
0.115320
0.127419
0.126107
0.116037
0.115076
0.114664
0.125787
0.114908
0.115381
0.115488
0.114633
0.126016
0.222171
0.114512
0.113931
0.113337
0.122507
0.124323
0.111811
0.115365
0.119989
0.119958
0.114145
0.115137
0.115473
0.124810
0.115641
0.113474
0.116464
0.115167
0.124337
0.129251
0.115549
0.113046
0.112299
0.125909
0.114008
0.112161
0.115275
0.115366
0.123026
0.115885
0.115595
0.115091
0.118387
0.120049
0.124215
0.114313
0.114435
0.125436
0.115152
0.114252
0.114252
0.114908
0.125299
0.115457
0.114709
0.113855
0.114161
0.125451
0.130700
0.115259
0.114679
0.115579
0.125680
0.114954
0.114542
0.113596
0.115213
0.124475
0.114023
0.113458
0.115686
0.119959
0.120553
0.123239
0.114450
0.114573
0.125299
0.113794
0.113916
0.113580
0.114786
0.124749
0.113717
0.114602
0.113276
0.112467
0.126550
0.126061
0.113703
0.114237
0.114664
0.124566
0.114359
0.113305
0.113047
0.117014
0.119440
0.113733
0.114801
0.114282
0.120203
0.114679
0.123834
0.114496
0.114267
0.126260
0.115198
0.114725
0.114115
0.113855
0.124490
0.114435
0.114481
0.114114
0.113931
0.127298
0.126382
0.115579
0.113718
0.113916
0.123727
0.114099
0.114313
0.114527
0.120049
0.118829
0.112146
0.115885
0.115687
0.123178
0.113367
0.120340
0.114221
0.113886
0.127069
0.114358
0.114160
0.111933
0.116526
0.126397
0.113611
0.113428
0.115930
0.115259
0.126778
0.124795
0.115961
0.113092
0.115640
0.118142
0.113749
0.113473
0.114451
0.118356
0.115732
0.114664
0.114893
0.114786
0.128030
0.123895
0.115061
0.115350
0.114526
0.123422
0.115305
0.114587
0.113779
0.112939
0.122995
0.116236
0.113489
0.113916
0.115838
0.124475
0.124764
0.114526
0.114099
0.116495
0.121255
0.116144
0.113886
0.115091
0.123392
0.113749
0.113824
0.113443
0.113321
0.122720
0.125878
0.115976
0.115015
0.114512
0.125299
0.114725
0.113626
0.113336
0.115488
0.124322
0.113794
0.114572
0.113367
0.112039
0.125085
0.124459
0.115243
0.111551
0.119790
0.120721
0.114328
0.113734
0.113581
0.123239
0.114786
0.113977
0.112040
0.113489
0.126992
0.125070
0.114344
0.114359
0.114374
0.126321
0.115229
0.114572
0.113932
0.113962
0.125589
0.114923
0.114221
0.113748
0.115595
0.121575
0.142861
0.113077
0.115244
0.119607
0.119943
0.114831
0.112894
0.115732
0.125634
0.114649
0.114954
0.114038
0.114023
0.126031
0.130288
0.114420
0.114251
0.113733
0.125131
0.113931
0.113519
0.113367
0.115427
0.125588
0.115091
0.114480
0.114877
0.118783
0.120507
0.124093
0.112848
0.111612
0.125192
0.115946
0.113581
0.115626
0.115060
0.125940
0.112116
0.115228
0.115243
0.111749
0.126916
0.125329
0.115122
0.114878
0.114481
0.126061
0.115137
0.114664
0.114710
0.114603
0.122858
0.114572
0.113672
0.113748
0.119989
0.118326
0.124002
0.115793
0.114526
0.125207
0.114786
0.112451
0.113764
0.114145
0.125467
0.113550
0.113809
0.115641
0.114618
0.125268
0.124201
0.114374
0.113992
0.111979
0.126077
0.115122
0.115045
0.114176
0.118097
0.119531
0.113977
0.114969
0.115580
0.124521
0.112131
0.119348
0.113947
0.114710
0.127663
0.114389
0.114404
0.113977
0.113748
0.125512
0.114908
0.112863
0.115564
0.115000
0.126229
0.125268
0.114648
0.114923
0.114680
0.123635
0.114038
0.114419
0.111948
0.120294
0.121148
0.112711
0.113047
0.114191
0.124826
0.124734
0.115168
0.114694
0.114176
0.125360
0.114694
0.114344
0.115152
0.112421
0.126565
0.113580
0.113947
0.113428
0.113428
0.121957
0.140221
0.115366
0.114404
0.118906
0.119546
0.113703
0.115884
0.114710
0.119714
0.116907
0.113565
0.115915
0.115381
0.125405
0.124231
0.112467
0.113474
0.113870
0.125436
0.114817
0.114755
0.113505
0.116083
0.126595
0.115000
0.114663
0.113779
0.113733
0.126138
0.124750
0.115274
0.114847
0.120492
0.120600
0.113046
0.115838
0.115030
0.125299
0.114038
0.114496
0.114816
0.113962
0.125787
0.124963
0.113962
0.115808
0.113031
0.126550
0.115381
0.114633
0.114496
0.114343
0.124765
0.114450
0.113947
0.113626
0.112192
0.118143
0.125070
0.113748
0.113382
0.118249
0.116327
0.115702
0.113428
0.113870
0.124658
0.115122
0.115381
0.114084
0.114313
0.124139
0.128656
0.115426
0.115595
0.115457
0.126855
0.114618
0.111933
0.115366
0.114557
0.125268
0.126107
0.115243
0.114252
0.120554
0.119471
0.123834
0.112955
0.115076
0.125436
0.111918
0.114924
0.114435
0.114252
0.123971
0.112146
0.116114
0.114710
0.114160
0.124552
0.124231
0.114481
0.114053
0.113825
0.124857
0.113627
0.114450
0.113382
0.113779
0.122354
0.112055
0.112909
0.115564
0.121148
0.120065
0.146415
0.115808
0.114938
0.124825
0.115336
0.114419
0.114283
0.114969
0.125725
0.114114
0.113581
0.114664
0.114191
0.126458
0.122277
0.113672
0.113367
0.115548
0.125650
0.113306
0.114801
0.114160
0.119242
0.118859
0.115366
0.115320
0.115091
0.119760
0.115061
0.114374
0.113703
0.113321
0.127267
0.115258
0.114191
0.111765
0.115808
0.126657
0.114664
0.114313
0.114801
0.115015
0.125649
0.136696
0.113809
0.112085
0.116022
0.124551
0.113779
0.113550
0.115014
0.118708
0.117319
0.115137
0.113367
0.115884
0.126519
0.122782
0.113688
0.116220
0.113688
0.125375
0.114724
0.113611
0.113596
0.114267
0.126672
0.114251
0.115610
0.114358
0.114465
0.124292
0.139351
0.115457
0.114527
0.118768
0.120386
0.115198
0.111795
0.115564
0.122140
0.116678
0.113763
0.113565
0.116159
0.125772
0.126977
0.115305
0.114572
0.113428
0.124642
0.112299
0.112009
0.113718
0.113993
0.127191
0.115884
0.114039
0.114359
0.114878
0.124185
0.121545
0.112329
0.115411
0.117456
0.119318
0.114267
0.113764
0.114420
0.124306
0.113642
0.113535
0.111963
0.115884
0.125726
0.124734
0.114816
0.114252
0.113535
0.125192
0.114526
0.114542
0.114267
0.115152
0.125329
0.114114
0.113108
0.115091
0.114755
0.120416
0.123391
0.114100
0.114054
0.118921
0.119364
0.112543
0.116144
0.115397
0.124963
0.114603
0.112268
0.115167
0.114831
0.128701
0.130212
0.114694
0.114237
0.113810
0.125192
0.111552
0.115304
0.114480
0.113840
0.122003
0.111383
0.114786
0.114633
0.119226
0.119989
0.126488
0.114893
0.113596
0.120126
0.117227
0.115762
0.114832
0.115060
0.125757
0.114252
0.113642
0.112802
0.115335
0.126137
0.132683
0.114435
0.114145
0.112467
0.126825
0.114770
0.114786
0.113565
0.115747
0.127924
0.113184
0.115915
0.115000
0.119135
0.120050
0.126398
0.114359
0.115198
0.124201
0.115305
0.114313
0.114832
0.114039
0.127114
0.115686
0.113092
0.113702
0.112437
0.124948
0.124139
0.114190
0.114206
0.114770
0.126397
0.112177
0.115839
0.113397
0.112207
0.118097
0.115396
0.113992
0.114054
0.116815
0.120645
0.123834
0.114176
0.114923
0.125634
0.115640
0.113916
0.113871
0.113992
0.126214
0.115504
0.115961
0.115976
0.114679
0.125710
0.135994
0.116144
0.115763
0.112146
0.124383
0.114054
0.114298
0.114542
0.118798
0.119852
0.113382
0.111673
0.114252
0.121775
0.121606
0.114679
0.115426
0.114512
0.125940
0.115305
0.114129
0.115121
0.114892
0.125741
0.114710
0.116174
0.114893
0.114038
0.125909
0.135873
0.115595
0.116296
0.115213
0.122583
0.115839
0.114252
0.114923
0.119730
0.120950
0.112741
0.112039
0.115824
0.126306
0.123803
0.113825
0.112055
0.117106
0.126977
0.112451
0.116022
0.115289
0.115793
0.176077
0.114435
0.115213
0.115366
0.115274
0.126550
0.124627
0.114999
0.116113
0.120310
0.121499
0.114923
0.115336
0.114526
0.120462
0.117761
0.115259
0.115182
0.111613
0.126306
0.125359
0.115488
0.115869
0.115304
0.127954
0.114863
0.115106
0.113718
0.111735
0.125970
0.115549
0.114451
0.114053
0.113520
0.126703
0.127572
0.115687
0.115656
0.119943
0.119867
0.113733
0.114176
0.113702
0.125619
0.114282
0.114039
0.112040
0.115351
0.128167
0.130532
0.114191
0.115289
0.115671
0.123346
0.115626
0.114679
0.113993
0.113428
0.125620
0.111872
0.115641
0.115961
0.112391
0.118203
0.125115
0.115061
0.115106
0.120736
0.119119
0.114557
0.113519
0.115305
0.125268
0.114831
0.112055
0.115183
0.114771
0.125131
0.124109
0.114542
0.112527
0.115854
0.124398
0.113504
0.112360
0.116159
0.115122
0.125314
0.114663
0.113840
0.113535
0.116297
0.121973
0.145760
0.115290
0.114374
0.121255
0.114481
0.112756
0.112681
0.115869
0.124155
0.113382
0.115824
0.115762
0.115122
0.125833
0.124566
0.113809
0.114145
0.114709
0.126290
0.112909
0.112222
0.115778
0.114985
0.124322
0.113932
0.115473
0.115412
0.119791
0.117487
0.122933
0.114649
0.113886
0.126962
0.113489
0.113687
0.113626
0.114496
0.126107
0.115076
0.114801
0.114450
0.114816
0.125176
0.124506
0.115244
0.113764
0.113504
0.122278
0.115320
0.114969
0.114802
0.118860
0.119654
0.113824
0.114512
0.113581
0.119988
0.123773
0.113901
0.114023
0.114877
0.125329
0.115106
0.114313
0.114969
0.113962
0.125268
0.114481
0.114084
0.115092
0.112635
0.127145
0.139229
0.115823
0.112055
0.115091
0.124246
0.114252
0.114359
0.114252
0.119638
0.120172
0.114008
0.114741
0.114374
0.124033
0.124291
0.114816
0.115229
0.115534
0.123727
0.113443
0.113550
0.113764
0.113825
0.126046
0.114297
0.113824
0.114298
0.115030
0.126626
0.127373
0.115594
0.112574
0.120340
0.120889
0.114710
0.114236
0.114282
0.120080
0.120065
0.114557
0.114450
0.115092
0.123528
0.125436
0.115915
0.114908
0.115183
0.122979
0.115488
0.115610
0.114634
0.114633
0.126382
0.115289
0.115198
0.114053
0.113642
0.126458
0.127679
0.114938
0.114160
0.118540
0.117471
0.115213
0.114862
0.113901
0.121225
0.115137
0.113992
0.113367
0.112040
0.126428
0.125680
0.113398
0.111963
0.115198
0.126443
0.113351
0.113993
0.114115
0.114771
0.124627
0.113870
0.114923
0.113779
0.114541
0.120492
0.144509
0.114664
0.114069
0.119165
0.121118
0.114435
0.114786
0.130776
0.124612
0.113840
0.113519
0.111856
0.116251
0.125269
0.125421
0.111475
0.112955
0.113061
0.126870
0.115793
0.115809
0.114389
0.114023
0.122583
0.113778
0.113764
0.115137
0.119730
0.121469
0.125650
0.113932
0.114297
0.120294
0.118463
0.115427
0.114191
0.114420
0.125024
0.113657
0.116602
0.113412
0.113184
0.126138
0.124246
0.114023
0.114129
0.114832
0.125497
0.114618
0.113520
0.112894
0.115213
0.123086
0.113489
0.112695
0.115335
0.117548
0.119424
0.115763
0.112192
0.115396
0.127191
0.115808
0.114191
0.114068
0.116755
0.126779
0.115304
0.112451
0.116373
0.113581
0.125085
0.123545
0.112634
0.112375
0.115519
0.127710
0.115579
0.114435
0.115305
0.119745
0.119196
0.113626
0.114603
0.114115
0.118951
0.124643
0.114984
0.114038
0.113383
0.126778
0.115809
0.115899
0.113184
0.115991
0.124704
0.113230
0.113595
0.114466
0.114526
0.125467
0.124642
0.115732
0.115198
0.113534
0.121774
0.115503
0.114877
0.113459
0.120081
0.120966
0.114923
0.114984
0.113855
0.124109
0.123468
0.114160
0.115670
0.113656
0.125054
0.113351
0.112207
0.113627
0.114695
0.125451
0.114496
0.113337
0.113122
0.111658
0.125040
0.124155
0.113520
0.114008
0.119226
0.120111
0.114114
0.113489
0.114084
0.119577
0.117517
0.115595
0.114878
0.114374
0.125116
0.123819
0.113428
0.111887
0.115916
0.126474
0.113077
0.112131
0.116434
0.115701
0.125802
0.115716
0.113687
0.112391
0.115091
0.125894
0.123971
0.113856
0.114114
0.119745
0.121011
0.113642
0.113672
0.112162
0.124093
0.114587
0.113809
0.112024
0.115717
0.126107
0.124872
0.114557
0.114969
0.112909
0.126794
0.115625
0.115198
0.114984
0.114847
0.125756
0.113672
0.113596
0.117060
0.117822
0.121194
0.121622
0.115915
0.115839
0.119852
0.120889
0.111750
0.113428
0.113566
0.125802
0.114603
0.113901
0.111948
0.116159
0.128121
0.125375
0.114313
0.116251
0.115213
0.126596
0.114634
0.113702
0.112558
0.116312
0.125573
0.114710
0.114054
0.112924
0.119729
0.121331
0.123041
0.113748
0.113322
0.120904
0.114329
0.114130
0.116312
0.115488
0.126427
0.112955
0.113748
0.113962
0.114588
0.125940
0.130364
0.115152
0.114908
0.113916
0.125528
0.114465
0.114161
0.114115
0.114817
0.121469
0.115930
0.112910
0.113443
0.116724
0.123742
0.114329
0.114328
0.111566
0.126305
0.115427
0.114618
0.114374
0.113947
0.124871
0.112238
0.113870
0.114130
0.114084
0.126016
0.137749
0.113764
0.113931
0.114175
0.124277
0.114130
0.114695
0.114068
0.119012
0.118356
0.114252
0.114267
0.113366
0.119867
0.126947
0.114084
0.113703
0.111978
0.122964
0.115655
0.115030
0.114282
0.113947
0.124658
0.113992
0.114038
0.113596
0.113336
0.126886
0.125299
0.115640
0.114863
0.114603
0.123742
0.114679
0.114267
0.114282
0.119364
0.120279
0.114313
0.116388
0.114664
0.124444
0.125070
0.115229
0.115228
0.114465
0.125772
0.113458
0.115503
0.115351
0.115045
0.125634
0.113855
0.113398
0.115335
0.115534
0.127008
0.124566
0.114588
0.114160
0.116251
0.119150
0.113733
0.113901
0.113977
0.119180
0.119257
0.114343
0.114374
0.112894
0.124856
0.124612
0.113336
0.113367
0.115229
0.126184
0.114740
0.114252
0.114282
0.113809
0.124658
0.113566
0.113702
0.113565
0.111948
0.127069
0.123239
0.114328
0.114496
0.120050
0.119317
0.113108
0.115763
0.115518
0.120294
0.117273
0.115015
0.114481
0.114801
0.126244
0.131646
0.114756
0.114786
0.113550
0.125024
0.114313
0.113352
0.111627
0.115045
0.125314
0.113901
0.114084
0.112940
0.111826
0.120981
0.122873
0.115137
0.114450
0.118860
0.121789
0.115351
0.114664
0.114008
0.127084
0.115030
0.114633
0.114069
0.113642
0.126626
0.125390
0.115168
0.114985
0.114221
0.126214
0.113779
0.114664
0.111887
0.115671
0.126107
0.114771
0.113794
0.112039
0.119547
0.120873
0.124688
0.113687
0.113901
0.119348
0.119775
0.114099
0.113093
0.112375
0.127084
0.115976
0.113825
0.115289
0.113306
0.123330
0.126137
0.115945
0.112756
0.115702
0.129571
0.113123
0.115671
0.115060
0.114496
0.125222
0.115305
0.114938
0.113687
0.116952
0.119424
0.115656
0.114786
0.114420
0.122552
0.113627
0.115609
0.115167
0.115061
0.124963
0.115168
0.114145
0.113230
0.115335
0.125741
0.127023
0.114435
0.113550
0.113214
0.122461
0.116342
0.115961
0.114129
0.116098
0.119257
0.112833
0.116113
0.115594
0.118692
0.128549
0.114053
0.113764
0.113382
0.126016
0.116281
0.114786
0.114496
0.113748
0.125390
0.116296
0.115198
0.114389
0.115137
0.126367
0.124413
0.115808
0.114893
0.115061
0.124368
0.115014
0.114465
0.114496
0.119104
0.120080
0.113672
0.113245
0.111536
0.120065
0.129526
0.115854
0.114786
0.113337
0.122995
0.112025
0.115518
0.115824
0.113443
0.123895
0.111871
0.112436
0.113840
0.114755
0.125237
0.127450
0.114786
0.111460
0.115060
0.122781
0.111933
0.116052
0.115335
0.120065
0.119577
0.114329
0.114710
0.113886
0.124368
0.129128
0.115167
0.114587
0.115458
0.125924
0.114374
0.113840
0.113657
0.114054
0.125330
0.114115
0.112237
0.115335
0.113688
0.124337
0.123727
0.114313
0.114328
0.119195
0.121057
0.114862
0.114130
0.114695
0.120447
0.122583
0.114511
0.113932
0.112101
0.125527
0.125344
0.114741
0.114923
0.113107
0.127282
0.115747
0.114450
0.113580
0.113810
0.124490
0.112208
0.113230
0.113245
0.115518
0.124215
0.124947
0.112283
0.116007
0.119882
0.121515
0.114344
0.114572
0.115610
0.119196
0.116113
0.115152
0.112726
0.115534
0.126809
0.125207
0.115457
0.114999
0.114359
0.125391
0.114039
0.115640
0.114893
0.115564
0.125528
0.113947
0.112207
0.115580
0.115839
0.121271
0.121011
0.115595
0.114725
0.119516
0.120004
0.113184
0.115335
0.114511
0.125039
0.114938
0.114801
0.114587
0.115335
0.124795
0.124582
0.113444
0.116144
0.113595
0.125039
0.115702
0.115991
0.114740
0.114954
0.125604
0.112817
0.112009
0.115656
0.118905
0.121164
0.124017
0.115610
0.113244
0.119058
0.119485
0.113428
0.113809
0.113916
0.124383
0.114572
0.113611
0.113322
0.116205
0.124337
0.121789
0.113535
0.115488
0.113885
0.125542
0.114389
0.114099
0.113458
0.111735
0.126153
0.115290
0.112970
0.112314
0.119821
0.124887
0.114008
0.114130
0.113718
0.124032
0.113870
0.113687
0.114588
0.113962
0.125253
0.114847
0.114069
0.113336
0.111857
0.126534
0.125421
0.113474
0.112558
0.115564
0.125787
0.113184
0.114115
0.114099
0.117715
0.121210
0.115396
0.114618
0.113977
0.118295
0.130761
0.115946
0.113154
0.113489
0.123712
0.117181
0.115503
0.114816
0.114175
0.125558
0.115122
0.114298
0.114511
0.113550
0.122872
0.121606
0.115579
0.113016
0.113626
0.122445
0.115457
0.113184
0.112207
0.120096
0.121118
0.113275
0.112207
0.115930
0.120706
0.124520
0.112513
0.115549
0.114756
0.124932
0.114695
0.114527
0.114435
0.111856
0.127053
0.115274
0.115228
0.111963
0.115655
0.124291
0.140999
0.111886
0.113275
0.115320
0.124856
0.113947
0.115015
0.114877
0.120188
0.118982
0.116174
0.115350
0.114709
0.128686
0.123712
0.114252
0.113199
0.113566
0.125070
0.113885
0.111826
0.113520
0.113871
0.124658
0.115854
0.114969
0.114892
0.114786
0.126062
0.143715
0.114634
0.114222
0.117960
0.118372
0.113886
0.114099
0.114709
0.120416
0.120401
0.111674
0.115961
0.114923
0.124444
0.122796
0.115884
0.115213
0.114587
0.125329
0.113260
0.115961
0.115518
0.113245
0.126565
0.115885
0.114695
0.114542
0.113702
0.124688
0.121683
0.113856
0.113977
0.118662
0.119760
0.114114
0.115000
0.114054
0.117533
0.114542
0.115565
0.115121
0.114175
0.126458
0.124368
0.114588
0.114984
0.114359
0.125833
0.114862
0.114786
0.113672
0.113871
0.124277
0.112497
0.113856
0.114954
0.116098
0.121347
0.125191
0.114786
0.115274
0.119730
0.118997
0.113306
0.112009
0.113717
0.124871
0.114893
0.114191
0.114100
0.114557
0.128610
0.124826
0.113748
0.113428
0.115701
0.126641
0.114389
0.112314
0.115885
0.114939
0.124444
0.113779
0.112390
0.112986
0.120767
0.121240
0.119165
0.115397
0.114527
0.121729
0.118601
0.113901
0.113917
0.111994
0.126657
0.113550
0.113413
0.113062
0.113565
0.127709
0.130517
0.115961
0.113290
0.112131
0.125253
0.114862
0.114878
0.114191
0.117807
0.118188
0.116007
0.115443
0.112543
0.121195
0.131096
0.115473
0.114725
0.114054
0.124445
0.112558
0.111857
0.115625
0.114969
0.126779
0.115091
0.113809
0.113916
0.112039
0.126947
0.138635
0.113993
0.114237
0.117288
0.123880
0.114740
0.115182
0.114680
0.120279
0.122842
0.114832
0.115808
0.114405
0.119149
0.130487
0.114953
0.114085
0.114740
0.125085
0.112543
0.112329
0.113229
0.114572
0.125498
0.114602
0.115671
0.114603
0.115091
0.125360
0.124291
0.114709
0.115381
0.115442
0.121270
0.116098
0.114114
0.113443
0.118814
0.121926
0.113337
0.113763
0.113550
0.121835
0.124414
0.114435
0.114114
0.114419
0.126611
0.116006
0.112894
0.115564
0.115701
0.126961
0.114984
0.114480
0.113337
0.115579
0.123437
0.122812
0.112604
0.115686
0.120752
0.118402
0.113352
0.114389
0.113749
0.120401
0.119363
0.113215
0.115290
0.115076
0.124932
0.125436
0.115045
0.114786
0.115381
0.124520
0.113870
0.113809
0.113886
0.113733
0.126367
0.112619
0.115854
0.115259
0.113047
0.123406
0.123010
0.113795
0.114130
0.119470
0.119867
0.114953
0.111780
0.115121
0.120431
0.115580
0.112222
0.115564
0.114725
0.125619
0.126916
0.115060
0.113657
0.113642
0.125421
0.111170
0.114877
0.114587
0.113916
0.124337
0.113718
0.115625
0.115122
0.117364
0.118830
0.125146
0.116220
0.113596
0.119760
0.120813
0.114969
0.114313
0.112665
0.126412
0.116800
0.115290
0.114542
0.113917
0.126153
0.124475
0.115259
0.115014
0.114511
0.125573
0.114267
0.113657
0.115396
0.113642
0.124841
0.115045
0.114694
0.113306
0.118173
0.120660
0.115259
0.114160
0.115015
0.119943
0.118676
0.114725
0.112604
0.116297
0.126214
0.113764
0.112558
0.113840
0.113398
0.123361
0.122186
0.114054
0.114145
0.114069
0.126290
0.114390
0.114603
0.115000
0.117166
0.120600
0.114923
0.114466
0.115610
0.117166
0.131234
0.112787
0.116388
0.116220
0.125833
0.115641
0.114236
0.113947
0.114146
0.125802
0.114161
0.111597
0.115961
0.115183
0.126138
0.124337
0.114267
0.113855
0.114771
0.126931
0.115152
0.115640
0.113962
0.119821
0.119836
0.116693
0.114100
0.113443
0.117853
0.131417
0.112055
0.115595
0.114817
0.122064
0.112543
0.116205
0.113687
0.113580
0.156028
0.116373
0.116205
0.114634
0.114603
0.124536
0.123025
0.113138
0.113672
0.113870
0.119393
0.111902
0.115473
0.113901
0.119547
0.120127
0.114344
0.113764
0.112985
0.121042
0.124032
0.115716
0.116007
0.115045
0.125741
0.114634
0.113885
0.113855
0.114145
0.124734
0.115580
0.115900
0.115289
0.114587
0.126565
0.122995
0.112467
0.113763
0.117624
0.121835
0.113657
0.113428
0.113733
0.119516
0.118845
0.113764
0.111902
0.113596
0.122858
0.122033
0.111658
0.116266
0.115045
0.125741
0.114893
0.116297
0.114954
0.114130
0.124856
0.113871
0.113870
0.112131
0.113169
0.124306
0.125940
0.139123
0.115534
0.119761
0.123483
0.114892
0.115427
0.116037
0.120950
0.120599
0.114679
0.114390
0.114679
0.125940
0.125253
0.114908
0.114191
0.115045
0.124475
0.114084
0.115899
0.115121
0.115411
0.125298
0.114923
0.115610
0.112132
0.117746
0.120584
0.121224
0.112253
0.115824
0.118539
0.119393
0.117243
0.115258
0.114923
0.123239
0.114984
0.114130
0.114542
0.111169
0.126504
0.127679
0.115335
0.114786
0.114466
0.124979
0.114023
0.112161
0.115412
0.114847
0.125436
0.114633
0.115336
0.115061
0.120386
0.121851
0.116205
0.111460
0.113962
0.119714
0.123026
0.114313
0.114679
0.114344
0.124460
0.112527
0.113642
0.114450
0.114831
0.125863
0.137902
0.115533
0.115046
0.112039
0.127053
0.115594
0.115610
0.114863
0.116495
0.121469
0.115472
0.114710
0.114450
0.119470
0.129495
0.114313
0.113932
0.113337
0.117700
0.115319
0.113702
0.114191
0.114008
0.124765
0.114191
0.115015
0.114893
0.111520
0.128183
0.125207
0.116297
0.112695
0.113413
0.124292
0.113550
0.114358
0.113810
0.118891
0.120248
0.115106
0.114527
0.114206
0.120477
0.129281
0.114161
0.113901
0.113748
0.124596
0.115915
0.114420
0.114344
0.113535
0.125863
0.114649
0.114328
0.113657
0.111856
0.126565
0.123147
0.113261
0.113275
0.115793
0.123086
0.112451
0.115823
0.115061
0.119745
0.119791
0.114939
0.114878
0.112635
0.121988
0.132347
0.114053
0.114023
0.112238
0.124612
0.115290
0.114191
0.114862
0.114588
0.126412
0.114893
0.114282
0.114420
0.115290
0.125863
0.126458
0.113305
0.113031
0.120111
0.120996
0.114969
0.114725
0.115320
0.119302
0.120263
0.115167
0.113138
0.114618
0.126122
0.132653
0.113840
0.114023
0.111963
0.127068
0.112940
0.116495
0.115290
0.113398
0.123544
0.112009
0.116556
0.115640
0.114954
0.125191
0.122903
0.114191
0.114572
0.119043
0.120141
0.114007
0.113596
0.113352
0.120066
0.119119
0.113489
0.115396
0.114877
0.125619
0.124505
0.114008
0.115213
0.114084
0.125222
0.113230
0.115366
0.115305
0.114603
0.125360
0.114435
0.114206
0.114923
0.119302
0.120843
0.123269
0.115472
0.114679
0.120172
0.120523
0.114663
0.115136
0.113962
0.121057
0.114511
0.113443
0.115595
0.115030
0.125726
0.124520
0.114358
0.113916
0.113244
0.123590
0.115290
0.115610
0.113153
0.113824
0.128106
0.116373
0.113672
0.114648
0.118875
0.127282
0.114603
0.114466
0.114648
0.119669
0.118738
0.115244
0.114938
0.114496
0.125481
0.114923
0.115136
0.114481
0.114481
0.125803
0.127450
0.114435
0.115213
0.116007
0.124475
0.116876
0.113550
0.114710
0.114695
0.122965
0.113336
0.115427
0.116067
0.120203
0.131875
0.115335
0.115351
0.114649
0.120294
0.116922
0.114053
0.113763
0.116128
0.124917
0.115030
0.113337
0.115945
0.116372
0.125741
0.124414
0.114710
0.115397
0.115641
0.126275
0.117440
0.115808
0.115060
0.121179
0.121164
0.113459
0.112573
0.116053
0.120783
0.132485
0.112466
0.116144
0.115258
0.125833
0.114953
0.114313
0.115472
0.115548
0.125604
0.113840
0.115991
0.115152
0.112467
0.124948
0.141548
0.113947
0.114374
0.114359
0.124688
0.114282
0.114801
0.114557
0.120812
0.121255
0.113947
0.113703
0.113443
0.117623
0.127999
0.114527
0.112558
0.115626
0.126275
0.114786
0.114542
0.113992
0.112054
0.126245
0.113749
0.115548
0.113168
0.114007
0.124826
0.123453
0.113825
0.115915
0.119226
0.121408
0.114420
0.113794
0.112299
0.118646
0.118112
0.115808
0.116068
0.114878
0.120020
0.128640
0.112330
0.115931
0.114924
0.125909
0.114084
0.114161
0.114496
0.113474
0.124536
0.112619
0.115396
0.114008
0.114328
0.124490
0.122797
0.113504
0.114435
0.118341
0.120325
0.113352
0.114451
0.113993
0.119363
0.117960
0.115992
0.115335
0.114283
0.123941
0.125085
0.113337
0.116053
0.114954
0.124505
0.115747
0.115412
0.114908
0.111765
0.126397
0.115778
0.114648
0.114069
0.113702
0.125772
0.125039
0.113229
0.116022
0.120431
0.121728
0.115045
0.114023
0.114237
0.119089
0.118539
0.112039
0.115366
0.114725
0.125649
0.125771
0.115702
0.115167
0.114389
0.125008
0.113580
0.112131
0.115366
0.114832
0.127434
0.114496
0.114206
0.114970
0.116388
0.120508
0.112955
0.113978
0.113642
0.117547
0.121667
0.113276
0.113382
0.115839
0.122384
0.115930
0.114633
0.114511
0.112787
0.168982
0.129983
0.113489
0.111749
0.115381
0.126123
0.114298
0.114175
0.115274
0.111413
0.127389
0.113901
0.113261
0.112527
0.119394
0.130684
0.115046
0.114771
0.114969
0.119821
0.119776
0.114572
0.114572
0.114420
0.127771
0.115198
0.114924
0.114039
0.114404
0.125238
0.139717
0.114496
0.114252
0.111979
0.127298
0.114069
0.114496
0.114160
0.117929
0.122110
0.115015
0.114770
0.113886
0.119272
0.129220
0.114175
0.114100
0.114038
0.117883
0.115396
0.113779
0.113763
0.115915
0.126046
0.115182
0.114221
0.114206
0.113901
0.123498
0.138878
0.113382
0.113870
0.113855
0.124353
0.113733
0.114771
0.114038
0.116602
0.121820
0.113169
0.111734
0.115091
0.120706
0.135033
0.111383
0.114053
0.113580
0.122339
0.115870
0.115259
0.115061
0.114527
0.124474
0.114252
0.114084
0.113229
0.116632
0.126748
0.124231
0.114663
0.114862
0.114389
0.125497
0.115198
0.114450
0.113916
0.117121
0.121805
0.115579
0.114877
0.114923
0.120187
0.129723
0.115228
0.115244
0.114587
0.125436
0.114725
0.113886
0.113443
0.114069
0.124887
0.114236
0.114328
0.114680
0.113596
0.125772
0.121454
0.112436
0.115716
0.117609
0.119089
0.115243
0.115396
0.115014
0.120706
0.119790
0.113611
0.113565
0.114481
0.119790
0.134774
0.113596
0.114328
0.114542
0.127053
0.113946
0.114008
0.113336
0.115579
0.126611
0.115259
0.114695
0.113779
0.114862
0.122430
0.126977
0.116022
0.114923
0.121316
0.119440
0.113809
0.114602
0.114480
0.119714
0.118829
0.111978
0.115320
0.114633
0.126596
0.124277
0.113885
0.114069
0.115290
0.123117
0.111704
0.115473
0.113459
0.113947
0.125391
0.111689
0.115931
0.113275
0.118402
0.125161
0.119928
0.114893
0.111673
0.120890
0.120538
0.113550
0.113763
0.114267
0.121438
0.117487
0.114023
0.113901
0.113245
0.125253
0.135338
0.115884
0.113153
0.113977
0.125650
0.114389
0.114130
0.114923
0.114938
0.124734
0.112345
0.116495
0.115808
0.117670
0.131615
0.116128
0.115640
0.111703
0.121179
0.118464
0.113032
0.116052
0.115533
0.127129
0.114328
0.111765
0.115626
0.113809
0.125146
0.123346
0.113702
0.114023
0.115411
0.126015
0.114359
0.113519
0.115885
0.120325
0.122049
0.111872
0.113443
0.113886
0.123010
0.130624
0.114725
0.113840
0.113550
0.117823
0.118951
0.114175
0.113581
0.116602
0.126733
0.115702
0.115350
0.115381
0.113733
0.124765
0.140999
0.116052
0.113276
0.113733
0.122918
0.115350
0.115716
0.114435
0.118967
0.120127
0.114908
0.114801
0.113794
0.119363
0.130670
0.115152
0.115640
0.114710
0.125726
0.114435
0.114984
0.111688
0.113962
0.125803
0.113946
0.113962
0.114313
0.114649
0.125024
0.123987
0.111948
0.115580
0.117761
0.121575
0.114648
0.114176
0.113886
0.118952
0.119516
0.114267
0.112039
0.115915
0.120584
0.129602
0.114282
0.114588
0.114939
0.125924
0.115015
0.112879
0.116372
0.115899
0.126627
0.114221
0.113764
0.113931
0.114527
0.125985
0.123941
0.115122
0.114908
0.119608
0.122156
0.113825
0.112161
0.115167
0.120812
0.120279
0.113992
0.113886
0.117304
0.122034
0.129082
0.115442
0.115518
0.114404
0.127587
0.114359
0.114435
0.115961
0.116007
0.126199
0.111673
0.115762
0.114802
0.113855
0.124521
0.124261
0.113733
0.111597
0.120950
0.120355
0.114451
0.113413
0.116083
0.120721
0.120019
0.114465
0.115045
0.114847
0.125970
0.126016
0.114954
0.115121
0.114893
0.126153
0.113016
0.111887
0.116297
0.115427
0.125298
0.114832
0.116449
0.115488
0.119302
0.126092
0.115122
0.115076
0.113748
0.119043
0.119943
0.113519
0.115198
0.114908
0.120706
0.119012
0.113428
0.115503
0.115106
0.124673
0.123285
0.114313
0.114297
0.115381
0.126230
0.115427
0.114450
0.115198
0.114283
0.126870
0.113397
0.112543
0.114969
0.120111
0.131768
0.115060
0.114511
0.114359
0.120141
0.117517
0.115488
0.115915
0.113611
0.124429
0.114771
0.114008
0.113535
0.114344
0.125818
0.125085
0.115671
0.115351
0.113779
0.125238
0.112635
0.115808
0.114755
0.115412
0.120050
0.112360
0.114283
0.113261
0.117410
0.130837
0.115320
0.113245
0.115015
0.119668
0.119318
0.113260
0.113199
0.116083
0.124353
0.115076
0.114054
0.114374
0.113840
0.123208
0.125238
0.116373
0.113565
0.113611
0.125390
0.116419
0.113855
0.115031
0.120477
0.121622
0.115152
0.113962
0.114359
0.118479
0.131661
0.112406
0.113291
0.113458
0.118448
0.114069
0.112467
0.115671
0.116235
0.125467
0.114923
0.114557
0.114725
0.114756
0.125482
0.126306
0.114114
0.113398
0.111536
0.126001
0.115702
0.115076
0.114160
0.119241
0.119562
0.113764
0.116265
0.114496
0.119897
0.136452
0.113474
0.113322
0.113505
0.125024
0.113870
0.112604
0.115748
0.115305
0.125879
0.114511
0.114435
0.112009
0.115885
0.124673
0.123223
0.111749
0.115488
0.116388
0.122217
0.114954
0.114695
0.113901
0.119028
0.119912
0.116220
0.113566
0.114435
0.120828
0.129037
0.114603
0.115579
0.114404
0.126260
0.114679
0.114054
0.113611
0.115717
0.127054
0.114740
0.114420
0.114344
0.113397
0.126627
0.125314
0.114908
0.114801
0.118646
0.121423
0.112100
0.115870
0.115030
0.119974
0.120492
0.114054
0.113779
0.112132
0.121500
0.129876
0.111795
0.117196
0.113702
0.124749
0.112497
0.113504
0.113534
0.115717
0.126519
0.114328
0.114771
0.113825
0.114573
0.125955
0.123834
0.114252
0.113901
0.119043
0.121438
0.113871
0.113291
0.115152
0.119928
0.120553
0.114649
0.114786
0.114313
0.124475
0.124841
0.114358
0.113641
0.114099
0.125146
0.115458
0.114069
0.114450
0.114222
0.125162
0.114236
0.113962
0.111612
0.117685
0.125985
0.113626
0.114725
0.116296
0.119867
0.120569
0.114069
0.114068
0.113946
0.121362
0.118829
0.113382
0.112116
0.115198
0.125421
0.138360
0.114328
0.113641
0.114039
0.122812
0.115107
0.113260
0.115778
0.115259
0.126459
0.115793
0.114252
0.114283
0.119440
0.129953
0.115244
0.114603
0.114908
0.119485
0.120920
0.114740
0.115625
0.114404
0.121301
0.117486
0.115121
0.114573
0.115961
0.124475
0.124704
0.113215
0.113367
0.114343
0.125085
0.111872
0.116129
0.114741
0.112711
0.120661
0.113870
0.115610
0.114709
0.121866
0.130776
0.114740
0.114344
0.114115
0.119516
0.121209
0.115991
0.115046
0.114924
0.125711
0.114619
0.115000
0.114512
0.114374
0.123833
0.125817
0.113505
0.115747
0.113794
0.127526
0.113428
0.114267
0.114267
0.118661
0.119745
0.113108
0.112009
0.114420
0.119866
0.131081
0.113657
0.113977
0.111856
0.121103
0.119485
0.114450
0.113932
0.113657
0.125893
0.114374
0.113504
0.114038
0.114572
0.124932
0.123087
0.114053
0.114435
0.114023
0.126733
0.113886
0.113977
0.115976
0.120584
0.121530
0.115656
0.115152
0.114084
0.118265
0.131447
0.114542
0.114023
0.114481
0.120691
0.117533
0.115442
0.116358
0.115320
0.126108
0.130501
0.114313
0.113687
0.112009
0.124429
0.123269
0.114572
0.116296
0.119195
0.121210
0.114618
0.115610
0.113016
0.119821
0.122186
0.114954
0.115320
0.114252
0.121027
0.130853
0.115243
0.114817
0.114710
0.124475
0.112223
0.116388
0.113505
0.113672
0.124673
0.112497
0.115717
0.115411
0.113107
0.127221
0.122537
0.114328
0.114252
0.118616
0.119058
0.113931
0.114130
0.113932
0.120294
0.120019
0.114191
0.115122
0.114832
0.120004
0.129754
0.113718
0.114114
0.114236
0.125299
0.114252
0.112070
0.115182
0.115000
0.126047
0.114694
0.113413
0.113885
0.118906
0.130410
0.114664
0.115412
0.116006
0.121042
0.120965
0.113611
0.113153
0.114511
0.120355
0.120523
0.115442
0.114512
0.113871
0.125329
0.124444
0.114145
0.114512
0.115503
0.125176
0.114329
0.114390
0.114557
0.115366
0.124567
0.114206
0.113917
0.114298
0.119088
0.127953
0.114068
0.114450
0.114435
0.121148
0.120951
0.113551
0.114313
0.114084
0.119211
0.116068
0.113398
0.115640
0.113093
0.123789
0.123513
0.113840
0.113657
0.112513
0.126153
0.115916
0.114619
0.113734
0.116922
0.121209
0.112070
0.116617
0.115793
0.118295
0.132393
0.115549
0.115579
0.115411
0.120096
0.119607
0.113946
0.114908
0.114710
0.125040
0.113504
0.111810
0.114725
0.115122
0.125329
0.123742
0.113566
0.114664
0.114267
0.125940
0.115366
0.115351
0.114923
0.118662
0.121225
0.115640
0.115778
0.114923
0.121667
0.137032
0.112284
0.115320
0.114771
0.121270
0.120111
0.114985
0.114725
0.114358
0.125863
0.112421
0.113458
0.113946
0.111764
0.127114
0.124688
0.115473
0.114618
0.115777
0.126184
0.114771
0.114847
0.114130
0.120233
0.121957
0.114496
0.113626
0.113717
0.121088
0.138970
0.116251
0.113428
0.113702
0.122064
0.117319
0.113138
0.116129
0.115579
0.126595
0.114999
0.115137
0.114587
0.112970
0.126825
0.125695
0.115579
0.113977
0.115992
0.121622
0.113810
0.116587
0.115595
0.122476
0.120295
0.113214
0.115976
0.115519
0.122782
0.129708
0.113962
0.114359
0.113748
0.122949
0.112939
0.116159
0.113885
0.113626
0.127984
0.114572
0.114450
0.114313
0.113977
0.129739
0.125055
0.115869
0.115091
0.119058
0.118844
0.115335
0.115487
0.114786
0.119440
0.120706
0.114603
0.114786
0.114252
0.119974
0.141350
0.115442
0.113474
0.115915
0.126504
0.114237
0.111902
0.115473
0.115702
0.126244
0.111842
0.115717
0.113794
0.113489
0.123117
0.120554
0.112315
0.115365
0.119623
0.121591
0.113901
0.114237
0.111735
0.121713
0.120492
0.114634
0.114313
0.113215
0.117670
0.130563
0.115488
0.111613
0.115564
0.125909
0.115656
0.115075
0.114832
0.114084
0.127221
0.115824
0.115305
0.115213
0.115686
0.129830
0.114222
0.113612
0.114435
0.118234
0.122202
0.116342
0.112742
0.116082
0.121896
0.120248
0.115625
0.114863
0.115229
0.124597
0.123682
0.114893
0.115319
0.115564
0.127480
0.116464
0.115091
0.115335
0.115152
0.126397
0.114954
0.116236
0.113169
0.118616
0.133981
0.116693
0.111552
0.117365
0.118890
0.121500
0.114298
0.114679
0.114587
0.120950
0.120157
0.115640
0.114938
0.115091
0.126352
0.124689
0.115335
0.115595
0.115122
0.126382
0.114740
0.115809
0.115182
0.115289
0.122201
0.114893
0.114358
0.114130
0.119135
0.130151
0.114587
0.115076
0.113489
0.122048
0.119760
0.114176
0.112238
0.116449
0.120660
0.118142
0.115442
0.114695
0.112375
0.125619
0.124246
0.112589
0.116114
0.115763
0.125924
0.114557
0.114602
0.113779
0.120386
0.120966
0.114145
0.112405
0.116068
0.120508
0.133722
0.114831
0.114343
0.113489
0.118219
0.122385
0.115290
0.112986
0.113474
0.125147
0.113702
0.114297
0.114114
0.114817
0.126260
0.124429
0.115091
0.115091
0.114847
0.125512
0.114588
0.114084
0.113520
0.121271
0.120553
0.114114
0.114954
0.114664
0.120843
0.139397
0.114511
0.114405
0.115656
0.122156
0.119211
0.112132
0.116693
0.116067
0.124703
0.112131
0.115183
0.114633
0.113535
0.125497
0.123667
0.112894
0.113352
0.120324
0.122567
0.114175
0.114938
0.114527
0.120462
0.121301
0.114190
0.114023
0.112039
0.121454
0.130777
0.115030
0.113321
0.113886
0.122400
0.116526
0.116068
0.113535
0.114039
0.126749
0.113291
0.116220
0.113229
0.114664
0.127084
0.112909
0.116373
0.115869
0.119928
0.121591
0.111841
0.115107
0.114664
0.121073
0.120279
0.114069
0.113519
0.113474
0.119805
0.141625
0.112238
0.115671
0.115396
0.124582
0.113947
0.114359
0.114374
0.114039
0.124947
0.114359
0.115656
0.111582
0.119302
0.130822
0.115442
0.113413
0.114008
0.119561
0.120325
0.114480
0.114786
0.114161
0.120782
0.120080
0.115136
0.114817
0.114190
0.124597
0.123712
0.116633
0.115228
0.116037
0.125833
0.114680
0.114221
0.113183
0.112024
0.126886
0.114970
0.114115
0.113916
0.118753
0.128274
0.113520
0.113977
0.114496
0.119745
0.120858
0.115076
0.114816
0.114969
0.119546
0.119455
0.114542
0.114405
0.114221
0.125055
0.123223
0.112482
0.114130
0.113229
0.125085
0.113290
0.114542
0.114587
0.114145
0.121347
0.114954
0.114542
0.114710
0.120172
0.136010
0.111734
0.115625
0.114847
0.120431
0.121270
0.114114
0.111932
0.116251
0.122094
0.119745
0.115381
0.111628
0.114939
0.126260
0.124047
0.115091
0.114099
0.113977
0.124642
0.113413
0.116449
0.115732
0.117868
0.118783
0.116251
0.115350
0.115244
0.119531
0.131982
0.114084
0.114283
0.114069
0.120859
0.119379
0.114603
0.113611
0.113886
0.124597
0.113733
0.111856
0.113611
0.113580
0.122506
0.121164
0.114527
0.114054
0.115503
0.123056
0.112467
0.113276
0.125237
0.118738
0.120035
0.112146
0.115716
0.116892
0.120538
0.127694
0.115992
0.114343
0.114191
0.121667
0.121393
0.113413
0.114313
0.113031
0.126626
0.116083
0.113596
0.114176
0.113810
0.125192
0.122110
0.114817
0.113855
0.117609
0.121286
0.114969
0.115060
0.114389
0.118524
0.121057
0.114694
0.114206
0.113886
0.120462
0.141503
0.115488
0.114878
0.114663
0.125391
0.115106
0.111918
0.115167
0.113321
0.122811
0.115442
0.115717
0.113413
0.114008
0.131920
0.115182
0.114710
0.113946
0.118173
0.120081
0.115991
0.113520
0.115015
0.120172
0.119546
0.113032
0.116220
0.115976
0.121255
0.129326
0.114923
0.115854
0.115198
0.125131
0.114145
0.113733
0.113412
0.113809
0.122812
0.113794
0.114755
0.114862
0.118005
0.130594
0.114343
0.112939
0.113977
0.119181
0.121103
0.114542
0.114542
0.114129
0.121057
0.120645
0.113992
0.114389
0.113367
0.119714
0.129479
0.114466
0.113458
0.113977
0.125543
0.114374
0.115442
0.113428
0.115549
0.126305
0.114649
0.115106
0.114084
0.119821
0.130959
0.114786
0.115458
0.114542
0.119622
0.122628
0.115915
0.113032
0.113474
0.117822
0.121240
0.113093
0.114389
0.113595
0.127298
0.127297
0.114634
0.115015
0.114664
0.125940
0.114435
0.115213
0.113840
0.116616
0.119989
0.113794
0.114557
0.114603
0.119317
0.136269
0.113794
0.114282
0.114816
0.119974
0.120904
0.113992
0.113855
0.115213
0.120508
0.117013
0.114710
0.114023
0.114740
0.123682
0.124826
0.112741
0.114664
0.114633
0.125589
0.114740
0.114832
0.114786
0.117670
0.123163
0.115594
0.114710
0.116647
0.121041
0.127862
0.112085
0.113672
0.113977
0.118082
0.122277
0.114771
0.114329
0.114618
0.126000
0.115670
0.115061
0.115015
0.113138
0.123773
0.126382
0.114145
0.113840
0.115961
0.121835
0.114526
0.114450
0.114359
0.119226
0.120035
0.116068
0.115152
0.114465
0.119379
0.132149
0.114969
0.115213
0.114221
0.120141
0.119760
0.114633
0.113550
0.114755
0.125649
0.115122
0.113748
0.113962
0.116052
0.125803
0.124139
0.115548
0.113306
0.118783
0.120935
0.114328
0.112924
0.115411
0.120340
0.120966
0.114389
0.113412
0.111979
0.121698
0.129999
0.115411
0.114496
0.114038
0.118142
0.114115
0.114282
0.115854
0.115228
0.126596
0.115121
0.114404
0.113916
0.115487
0.130044
0.113459
0.114160
0.115030
0.119744
0.120676
0.114176
0.115503
0.115259
0.120431
0.119806
0.113779
0.113473
0.115686
0.120294
0.128869
0.115274
0.115533
0.114085
0.126260
0.116540
0.115014
0.114649
0.114450
0.123956
0.113825
0.113566
0.113871
0.116297
0.130960
0.114084
0.113443
0.111932
0.119028
0.121225
0.114969
0.115320
0.115701
0.118630
0.118509
0.116311
0.112818
0.113261
0.117700
0.129693
0.114572
0.114283
0.114969
0.124521
0.114130
0.112894
0.115366
0.114847
0.125436
0.113932
0.114862
0.112360
0.120599
0.131050
0.115319
0.114893
0.113886
0.119653
0.121561
0.114527
0.115396
0.112436
0.118616
0.121469
0.115519
0.114419
0.114161
0.125039
0.123499
0.113595
0.114511
0.114588
0.125100
0.114679
0.114985
0.114084
0.114222
0.123910
0.115274
0.111903
0.114176
0.119043
0.130441
0.113947
0.114283
0.114206
0.119851
0.120249
0.114526
0.115107
0.113748
0.120187
0.119454
0.115168
0.114130
0.115549
0.125283
0.126107
0.114648
0.114755
0.115519
0.126046
0.114725
0.114313
0.115503
0.120157
0.120980
0.115762
0.114389
0.114953
0.121423
0.129937
0.114282
0.113993
0.114039
0.120630
0.119928
0.113489
0.115655
0.115275
0.118966
0.168418
0.111902
0.114282
0.114146
0.122216
0.123147
0.114892
0.112466
0.115992
0.125649
0.114435
0.114602
0.114145
0.121667
0.121575
0.115137
0.112757
0.115640
0.120920
0.129709
0.111627
0.115823
0.114847
0.120690
0.119455
0.114313
0.111841
0.115915
0.125803
0.113184
0.115457
0.115213
0.114893
0.125817
0.123666
0.115763
0.116159
0.120249
0.122064
0.116479
0.113763
0.113443
0.121667
0.122903
0.115762
0.114481
0.116098
0.121286
0.133629
0.115290
0.114740
0.115122
0.121820
0.119256
0.111627
0.116541
0.115763
0.125375
0.114557
0.114847
0.115030
0.115091
0.133034
0.112680
0.115900
0.113581
0.118661
0.122552
0.113275
0.114160
0.115717
0.120630
0.120691
0.113901
0.114984
0.115564
0.120874
0.132150
0.116617
0.114282
0.114390
0.126855
0.114587
0.112070
0.113062
0.116251
0.125543
0.114557
0.114740
0.115243
0.118829
0.132302
0.116296
0.117197
0.114206
0.118936
0.121469
0.113641
0.113611
0.113825
0.122262
0.120813
0.116250
0.115656
0.115580
0.120843
0.129419
0.115580
0.115137
0.114908
0.123803
0.117349
0.116876
0.114526
0.115076
0.125848
0.114419
0.115106
0.115625
0.119242
0.135522
0.115214
0.112558
0.116357
0.120020
0.119959
0.116312
0.115945
0.115869
0.120844
0.119867
0.114771
0.115228
0.114618
0.124734
0.127359
0.114618
0.114069
0.114572
0.123635
0.115686
0.113153
0.113748
0.115488
0.120752
0.115061
0.115991
0.115915
0.119821
0.130959
0.114740
0.114786
0.115183
0.119653
0.121850
0.116388
0.115808
0.115396
0.122399
0.121896
0.116098
0.115107
0.114954
0.127618
0.147117
0.114191
0.114771
0.114237
0.128045
0.114298
0.114938
0.116877
0.119135
0.121317
0.114023
0.114770
0.113886
0.121286
0.131295
0.115137
0.115809
0.116465
0.121363
0.121194
0.115503
0.114359
0.114053
0.120187
0.118616
0.115320
0.115076
0.114740
0.124933
0.121927
0.113474
0.114221
0.113809
0.125253
0.114954
0.115625
0.115259
0.119409
0.121515
0.115198
0.114496
0.114954
0.120904
0.130898
0.115747
0.115412
0.115106
0.120980
0.119867
0.113321
0.116526
0.113947
0.123880
0.116343
0.114969
0.116251
0.114634
0.125451
0.118020
0.116724
0.116190
0.119913
0.121820
0.114770
0.117166
0.116983
0.120706
0.121469
0.115427
0.114328
0.114603
0.122521
0.134469
0.115823
0.115808
0.115091
0.120813
0.119669
0.113566
0.115839
0.115503
0.125542
0.115000
0.115061
0.115289
0.115183
0.136987
0.113993
0.114480
0.114496
0.119486
0.120614
0.114130
0.113763
0.114343
0.117731
0.121423
0.115320
0.114145
0.113657
0.119943
0.141533
0.116236
0.116190
0.115198
0.118692
0.115014
0.221577
0.116693
0.114969
0.125634
0.114877
0.114222
0.112482
0.116373
0.132424
0.113641
0.112177
0.115839
0.120294
0.121851
0.116205
0.115259
0.114268
0.119745
0.119851
0.116572
0.116236
0.115076
0.120905
0.129052
0.115763
0.115930
0.115610
0.124612
0.115824
0.115854
0.114572
0.114206
0.123117
0.111674
0.115442
0.113245
0.116724
0.131157
0.115655
0.113169
0.112177
0.119683
0.121698
0.114679
0.115549
0.115473
0.122659
0.117929
0.115519
0.116739
0.115259
0.121179
0.129815
0.114999
0.115335
0.116754
0.125436
0.114725
0.115717
0.112909
0.112192
0.124520
0.114039
0.115275
0.115076
0.120142
0.131601
0.113931
0.112497
0.116846
0.121484
0.121256
0.115656
0.114679
0.113657
0.118280
0.120889
0.112955
0.113734
0.111857
0.125069
0.123300
0.112543
0.116342
0.115686
0.125955
0.114252
0.114435
0.114190
0.118112
0.120035
0.113275
0.113123
0.116693
0.120676
0.130868
0.115030
0.115289
0.113733
0.118707
0.122293
0.115122
0.115152
0.114465
0.121408
0.118356
0.114664
0.114649
0.113596
0.124276
0.123468
0.114176
0.114130
0.112345
0.127862
0.115259
0.115671
0.112298
0.121118
0.119928
0.113596
0.112009
0.115381
0.120630
0.131677
0.112101
0.113626
0.114343
0.118921
0.122598
0.115258
0.114252
0.114496
0.122232
0.117273
0.115106
0.114115
0.116647
0.126061
0.124078
0.115671
0.115702
0.115778
0.121561
0.115015
0.113992
0.113565
0.118341
0.122735
0.113413
0.113581
0.115259
0.121637
0.129480
0.114343
0.114480
0.115411
0.121453
0.116968
0.115747
0.113184
0.113871
0.122232
0.116235
0.115915
0.113657
0.113031
0.133142
0.115961
0.112299
0.115564
0.119531
0.120477
0.115808
0.115259
0.115426
0.122553
0.120920
0.114817
0.115305
0.115366
0.122003
0.130898
0.114725
0.115366
0.114541
0.120447
0.118814
0.112070
0.115595
0.115168
0.125589
0.114221
0.115107
0.115060
0.115167
0.133187
0.114465
0.112482
0.116312
0.120432
0.120493
0.114527
0.113459
0.114465
0.120828
0.120996
0.114572
0.115183
0.114160
0.121240
0.128625
0.114847
0.114618
0.112284
0.126458
0.115411
0.114587
0.115320
0.114404
0.125619
0.114634
0.114236
0.114175
0.119821
0.131479
0.116083
0.113810
0.114587
0.118814
0.122231
0.115655
0.115305
0.115213
0.120004
0.118113
0.115763
0.115030
0.115427
0.120874
0.128900
0.114770
0.113672
0.114374
0.124001
0.114512
0.112451
0.116373
0.115533
0.125558
0.114801
0.116632
0.114221
0.119836
0.131860
0.116175
0.115945
0.115381
0.120645
0.120889
0.112207
0.115259
0.114847
0.119806
0.117685
0.116083
0.115152
0.115854
0.120248
0.131082
0.113855
0.114313
0.115228
0.124460
0.117273
0.116159
0.114465
0.114649
0.123376
0.115473
0.115213
0.114802
0.119943
0.132271
0.116236
0.116312
0.112528
0.119897
0.120752
0.113642
0.116968
0.115839
0.118662
0.118906
0.114099
0.113703
0.114450
0.124612
0.124063
0.113291
0.117029
0.115107
0.126794
0.115702
0.114038
0.111795
0.120553
0.121835
0.116083
0.115213
0.115564
0.120797
0.141991
0.115701
0.115945
0.114588
0.121378
0.122598
0.114496
0.115519
0.115458
0.120523
0.119226
0.111810
0.115884
0.115534
0.124933
0.124032
0.113825
0.114985
0.113840
0.124765
0.113809
0.113748
