0.743956
0.743589
0.744444
0.764463
0.740049
0.743834
0.742918
0.730223
0.742796
0.747556
0.742063
0.743589
0.751829
0.747251
0.748960
0.745298
0.747801
0.749021
0.742612
0.746031
0.755369
0.748351
0.757139
0.755370
0.739195
0.744077
0.739988
0.751158
0.737913
0.746519
0.739622
0.747008
0.746092
0.745481
0.741453
0.742430
0.748289
0.749327
0.745847
0.738829
0.742918
0.740416
0.752074
0.735838
0.736387
0.740782
0.745787
0.747923
0.742979
0.746519
0.751952
0.730406
0.737608
0.754820
0.749083
0.749021
0.757322
0.753294
0.752135
0.754148
0.750974
0.754820
0.750426
0.741819
0.753538
0.746214
0.731505
0.755735
0.758909
0.760618
0.766294
0.745604
0.736022
0.742063
0.747679
0.757261
0.751219
0.750974
0.749937
0.742186
0.746885
0.753600
0.754942
0.754637
0.758970
0.750852
0.748106
0.752256
0.751951
0.751646
0.736509
0.755369
0.760862
0.753843
0.750914
0.754270
0.745238
0.753477
0.750853
0.741575
0.743223
0.749937
0.751646
0.752073
0.754636
0.745176
0.754698
0.754392
0.749388
0.762816
0.734190
0.746580
0.748167
0.747739
0.763120
0.740110
0.745543
0.744565
0.739683
0.749021
0.745848
0.746092
0.758421
0.742918
0.736936
0.739012
0.737914
0.746031
0.748717
0.758970
0.747435
0.753538
0.747068
0.747861
0.734984
0.752684
0.740721
0.745359
0.736998
0.750486
0.752683
0.741575
0.747557
0.741575
0.736204
0.735044
0.741575
0.757811
0.770139
0.750547
0.746641
0.741819
0.743528
0.756468
0.748961
0.744871
0.745360
0.754149
0.749815
0.745299
0.749327
0.743590
0.750486
0.741453
0.738584
0.752622
0.748045
0.752074
0.754819
0.748961
0.749693
0.746519
0.762632
0.754332
0.755552
0.749937
0.741026
