0.839842
0.834593
0.832395
0.822691
0.834226
0.831419
0.814452
0.830381
0.826719
0.820432
0.836545
0.824522
0.835630
0.836301
0.824216
0.810789
0.834166
0.831541
0.842528
0.837339
0.821043
0.830320
0.839292
0.819090
0.837095
0.834958
0.807920
0.839597
0.811399
0.816831
0.819212
0.855772
0.843626
0.825071
0.841307
0.837339
0.839841
0.846739
0.838133
0.831846
0.839048
0.839353
0.835752
0.838926
0.847715
0.838926
0.861082
0.846556
0.848569
0.855344
0.840818
0.829832
0.842100
0.828183
0.830686
0.836058
0.824522
0.842100
0.849668
0.844480
0.837400
0.840635
0.834959
0.848204
0.852171
0.830565
0.843076
0.835630
0.833494
0.834165
0.843443
0.833433
0.838438
0.824400
0.847776
0.831358
0.834653
0.825011
0.828428
0.816954
0.832761
0.834226
0.846616
0.841489
0.837034
0.847166
0.828733
0.837583
0.830443
0.817380
