0.851072
0.859312
0.845762
0.845030
0.843626
0.842283
0.846922
0.830137
0.858945
0.854490
0.864561
0.845457
0.847166
0.839719
0.837218
0.837461
0.840879
0.831480
0.823606
0.847715
0.871092
0.852109
0.851988
0.866331
0.866209
0.841612
0.840941
0.849363
0.851744
0.842222
0.859739
0.852720
0.851255
0.853452
0.833188
0.851133
0.857664
0.858335
0.836485
0.851377
0.846556
0.841307
0.856870
0.860105
0.853697
0.860045
0.829588
0.852414
0.843687
0.874815
0.859739
0.871458
0.872251
0.859189
0.853636
0.848570
0.840452
0.840880
0.843076
0.855650
0.857786
0.857175
0.840757
0.865476
0.852903
0.863767
0.855528
0.849241
0.850583
0.842588
0.849302
0.837827
0.841612
0.867674
0.856810
0.833006
0.826781
0.853758
0.868284
0.852110
0.835020
0.843931
0.819822
0.838743
0.860533
0.838926
0.848021
0.857481
0.848509
0.842344
