0.849974
0.859800
0.854978
0.846495
0.838865
0.856077
0.856443
0.853331
0.851377
0.852843
0.844176
0.872739
0.870054
0.854123
0.826170
0.845518
0.852965
0.841855
0.856138
0.860716
0.851377
0.864072
0.835874
0.848509
0.855649
0.880186
0.852659
0.864255
0.863462
0.857664
0.869260
0.847227
0.861509
0.855467
0.864378
0.862669
0.866270
0.865781
0.843199
0.850156
0.864988
0.866819
0.860106
0.850401
0.864927
0.880491
0.846861
0.856565
0.865843
0.859678
0.858030
0.864989
0.867247
0.859251
0.878843
0.859983
0.863706
0.858702
0.870481
0.856076
0.855589
0.867247
0.866453
0.873228
0.860349
0.852965
0.852964
0.846799
0.859372
0.856138
0.852293
0.829099
0.858763
0.866636
0.858701
0.842771
0.871153
0.886900
0.873349
0.865537
0.867185
0.859129
0.845091
0.848020
0.866025
0.858152
0.882932
0.862547
0.865416
0.840452
