0.874937
0.859129
0.870237
0.877806
0.859617
0.859495
0.878538
0.864866
0.874632
0.894041
0.875913
0.877317
0.847104
0.833738
0.860044
0.885374
0.866208
0.869199
0.876158
0.867613
0.874448
0.875303
0.870420
0.877378
0.864195
0.879576
0.846861
0.875486
0.866209
0.853758
0.870237
0.868711
0.879148
0.889341
0.877317
0.882383
0.863767
0.896299
0.904783
0.887022
0.867673
0.888060
0.888486
0.881041
0.874570
0.881895
0.881346
0.873289
0.883115
0.860715
0.869261
0.881223
0.883421
0.880674
0.890500
0.887205
0.881284
0.873106
0.889280
0.878171
0.888425
0.876707
0.879820
0.876096
0.874021
0.866575
0.871457
0.872129
0.852903
0.848020
0.857114
0.858030
0.874998
0.881834
0.868772
0.876768
0.876768
0.863463
0.867979
0.873410
0.884398
0.862425
0.868345
0.861570
0.867063
0.861814
0.870237
0.877866
0.877623
0.869810
