0.375820
0.377788
0.376522
0.375759
0.376125
0.375362
0.375789
0.376842
0.376216
0.376750
0.375911
0.376064
0.375743
0.376995
0.375881
0.375927
0.371944
0.372814
0.375911
0.372112
0.375911
0.376918
0.379619
0.375865
0.375652
0.376384
0.375743
0.375835
0.376629
0.378948
0.372066
0.376262
0.377529
0.377468
0.375866
0.375789
0.376552
0.379177
0.376048
0.378780
0.376140
0.376094
0.379299
0.375774
0.372723
0.375942
0.379177
0.372158
0.376445
0.375926
0.376018
0.375728
0.376308
0.376079
0.376995
0.378306
0.375897
0.375744
0.372097
0.378643
0.378535
0.375957
0.375744
0.376842
0.379070
0.379390
0.378689
0.379741
0.376033
0.371945
0.382915
0.376033
0.371731
0.375988
0.376293
0.375728
0.375972
0.375987
0.377116
0.375271
0.375423
0.376247
0.376293
0.372112
0.378994
0.376461
0.378123
0.376262
0.375698
0.379894
0.375316
0.372371
0.376019
0.380275
0.374996
0.376064
0.375713
0.372554
0.375652
0.376034
0.379634
0.376537
0.375698
0.376110
0.376217
0.376552
0.376293
0.377605
0.372219
0.375408
0.375820
0.371960
0.376507
0.375881
0.376155
0.376033
0.376415
0.376049
0.377468
0.376644
0.377055
0.375728
0.372143
0.376293
0.376354
0.371822
0.375805
0.377132
0.374996
0.375698
0.379070
0.376094
0.375286
0.372158
0.376308
0.380000
0.375759
0.375927
0.376171
0.380900
0.375881
0.375805
0.376217
0.375942
0.371700
0.380199
0.376826
0.372372
0.375835
0.376033
0.378490
0.379100
0.376812
0.376415
0.376521
0.379345
0.376018
0.379908
0.375042
0.375881
0.377620
0.376781
0.375881
0.375514
0.376278
0.379771
0.375851
0.379223
0.376170
0.376491
0.375911
0.377636
0.372234
0.375240
0.375866
0.376018
0.376522
0.375545
0.375698
0.376232
0.373088
0.377117
0.375545
0.376216
0.376537
0.375500
0.375987
0.376369
0.372158
0.376904
0.375988
0.373104
0.376034
0.376171
0.376292
0.376644
0.371670
0.378978
0.376323
0.371807
0.375912
0.376141
0.378749
0.376034
0.375713
0.381511
0.408411
0.403879
0.407785
0.407969
0.411829
0.407602
0.408091
0.404505
0.407862
0.407648
0.411661
0.408243
0.403085
0.407861
0.407831
0.409112
0.407052
0.409357
0.408030
0.408319
0.407770
0.407694
0.408136
0.403406
0.411265
0.411570
0.408655
0.408670
0.408091
0.407282
0.408426
0.407648
0.407755
0.408228
0.417154
0.440575
0.444862
0.445259
0.442757
0.441429
0.441719
0.441353
0.435753
0.441063
0.444267
0.436623
0.444633
0.440941
0.440789
0.441856
0.440330
0.440590
0.445366
0.436776
0.440666
0.440667
0.441566
0.445198
0.440559
0.442742
0.441292
0.440468
0.441063
0.442344
0.441658
0.440651
0.440620
0.445229
0.441750
0.437172
0.372066
0.376460
0.376354
0.376293
0.375835
0.376552
0.375652
0.375942
0.375774
0.376674
0.377666
0.372005
0.379329
0.376445
0.371609
0.375942
0.379848
0.376613
0.375438
0.379024
0.376598
0.378658
0.375912
0.375927
0.376491
0.371883
0.376140
0.375789
0.371990
0.379070
0.375942
0.378307
0.376323
0.375697
0.375926
0.383036
0.379268
0.376263
0.375911
0.375926
0.378963
0.375805
0.377803
0.376674
0.371761
0.375850
0.376400
0.371852
0.375972
0.376003
0.375576
0.375728
0.377666
0.376217
0.382884
0.375911
0.375790
0.379711
0.376857
0.375285
0.376003
0.375454
0.377773
0.372905
0.375774
0.376476
0.371655
0.375774
0.375896
0.392283
0.407755
0.403772
0.407938
0.411279
0.408060
0.408456
0.408060
0.411447
0.407938
0.408411
0.408594
0.407861
0.404535
0.413843
0.407846
0.403849
0.407892
0.407739
0.407832
0.407755
0.411631
0.411600
0.407739
0.403253
0.410486
0.407953
0.407953
0.410928
0.408442
0.408151
0.408090
0.409524
0.403833
0.408182
0.407801
0.411676
0.407831
0.403055
0.407938
0.408671
0.404413
0.411463
0.414972
0.409311
0.408487
0.410486
0.408060
0.407739
0.408212
0.408213
0.407556
0.408227
0.408838
0.407938
0.407145
0.407953
0.409479
0.407877
0.408624
0.408106
0.407938
0.407633
0.404199
0.408365
0.407770
0.403574
0.410013
0.407739
0.408060
0.407724
0.379085
0.378963
0.379192
0.376659
0.376690
0.376003
0.376171
0.378566
0.376430
0.372142
0.375911
0.376323
0.376705
0.375774
0.376034
0.376903
0.376445
0.375469
0.377803
0.375973
0.376201
0.375225
0.376156
0.372616
0.379207
0.375820
0.379451
0.376583
0.377178
0.379970
0.375758
0.376400
0.375561
0.375911
0.374812
0.379436
0.375774
0.376018
0.375988
0.375697
0.376216
0.376247
0.372128
0.375485
0.376186
0.379848
0.372417
0.375820
0.376094
0.378200
0.376354
0.376003
0.379070
0.375850
0.375774
0.375469
0.372463
0.376552
0.375759
0.371899
0.376369
0.375851
0.375729
0.379314
0.372402
0.377300
0.376064
0.374278
0.375789
0.379085
0.392314
0.407953
0.410639
0.407953
0.411477
0.407633
0.408151
0.411645
0.407785
0.408045
0.408258
0.410074
0.407968
0.407877
0.410944
0.407785
0.404276
0.408411
0.407770
0.403925
0.408472
0.413293
0.407648
0.408442
0.408228
0.405222
0.407328
0.407617
0.411753
0.408319
0.403574
0.407999
0.409631
0.403528
0.407510
0.408914
0.408243
0.407846
0.408044
0.408396
0.408304
0.403909
0.407541
0.408212
0.404002
0.407191
0.407755
0.412469
0.407480
0.407679
0.408014
0.409967
0.407602
0.409723
0.408365
0.404291
0.407877
0.407831
0.407922
0.408105
0.407800
0.407694
0.408426
0.411066
0.409876
0.407877
0.408320
0.407801
0.407602
0.406717
0.412042
0.387385
0.374798
0.376232
0.377941
0.375911
0.377361
0.376095
0.376446
0.375911
0.372066
0.372417
0.375514
0.375499
0.376109
0.377788
0.376033
0.375941
0.376674
0.376507
0.375973
0.376064
0.376614
0.376385
0.375363
0.376018
0.376995
0.372341
0.375926
0.375988
0.375286
0.375926
0.375759
0.376186
0.375728
0.371441
0.377742
0.376079
0.372738
0.375636
0.375865
0.379543
0.376521
0.378811
0.375941
0.376339
0.376079
0.378185
0.376125
0.375561
0.379390
0.375881
0.377239
0.376522
0.375529
0.375927
0.376736
0.378108
0.375805
0.375805
0.371914
0.378749
0.375820
0.376491
0.376156
0.375865
0.376110
0.378032
0.376171
0.376049
0.375652
0.408121
0.411218
0.403574
0.408792
0.408747
0.403498
0.409296
0.410226
0.404154
0.407969
0.407633
0.405406
0.408914
0.407892
0.407877
0.408166
0.407602
0.409006
0.407846
0.409128
0.407511
0.408136
0.408563
0.415430
0.407709
0.407999
0.408243
0.407328
0.409769
0.411188
0.407801
0.411386
0.408060
0.408625
0.411890
0.452552
0.478598
0.479131
0.480230
0.477697
0.479224
0.475958
0.479925
0.473547
0.479101
0.482306
0.472388
0.477301
0.476461
0.480367
0.475912
0.475302
0.475790
0.476248
0.470755
0.474829
0.479513
0.470969
0.475699
0.481100
0.477087
0.475272
0.475012
0.475729
0.476065
0.470251
0.475439
0.474616
0.475546
0.479330
0.409677
0.373180
0.375606
0.375835
0.379741
0.379757
0.375072
0.376125
0.376613
0.379649
0.375973
0.375835
0.376278
0.376522
0.375850
0.372051
0.376323
0.376079
0.375881
0.375987
0.375911
0.381252
0.375530
0.376461
0.376155
0.376140
0.372051
0.376705
0.376155
0.372219
0.376308
0.375652
0.375850
0.375545
0.376232
0.376644
0.379115
0.371624
0.376323
0.376705
0.376247
0.375439
0.378582
0.375881
0.376156
0.373577
0.376095
0.375652
0.372142
0.376384
0.375865
0.375820
0.403666
0.376049
0.376202
0.375408
0.372158
0.375637
0.374843
0.375469
0.379803
0.379680
0.375530
0.379985
0.376583
0.379710
0.375698
0.372219
0.376629
0.376202
0.393611
0.408044
0.407480
0.409967
0.407877
0.411417
0.412043
0.407785
0.403696
0.412012
0.407983
0.407496
0.408014
0.408442
0.409418
0.407937
0.407420
0.410593
0.412165
0.403956
0.408015
0.407954
0.408090
0.407831
0.416573
0.408640
0.407938
0.407710
0.408381
0.408305
0.403696
0.407693
0.411646
0.407388
0.411463
0.412378
0.441704
0.440422
0.440972
0.442360
0.445335
0.435890
0.444252
0.441399
0.436318
0.440773
0.444450
0.441047
0.440834
0.440697
0.448463
0.441063
0.436211
0.440194
0.440972
0.441231
0.442497
0.440773
0.441506
0.439934
0.441047
0.440849
0.441444
0.436242
0.440621
0.440850
0.439507
0.440575
0.440071
0.441506
0.445121
0.384257
0.375851
0.379054
0.375881
0.375820
0.375561
0.378811
0.375346
0.379116
0.380199
0.376445
0.375958
0.375820
0.375591
0.375881
0.375927
0.375652
0.373775
0.379009
0.376080
0.372021
0.376094
0.375942
0.376003
0.375927
0.375271
0.376079
0.377498
0.376140
0.376171
0.375713
0.371471
0.372615
0.375835
0.375530
0.375835
0.374538
0.375011
0.374629
0.371089
0.376049
0.374874
0.375485
0.376292
0.375255
0.376110
0.375209
0.377331
0.377453
0.376140
0.375439
0.376476
0.375118
0.371761
0.376674
0.376140
0.375026
0.376262
0.379604
0.382106
0.376003
0.375698
0.375804
0.382472
0.375866
0.375957
0.376140
0.375026
0.375560
0.378322
0.375957
0.375865
0.375774
0.376491
0.375438
0.371319
0.375316
0.376323
0.371944
0.376034
0.377330
0.376675
0.376186
0.375927
0.379619
0.376033
0.375758
0.376629
0.376415
0.379665
0.377422
0.376079
0.375942
0.375942
0.379268
0.379391
0.376903
0.372204
0.375866
0.375591
0.376095
0.375774
0.379024
0.376644
0.375881
0.375789
0.375438
0.376521
0.371990
0.375743
0.376674
0.378643
0.376049
0.375896
0.377285
0.371501
0.371761
0.376263
0.379711
0.376598
0.379040
0.380992
0.378963
0.375560
0.375774
0.376094
0.375621
0.371975
0.375881
0.376262
0.379207
0.375988
0.377635
0.379985
0.375850
0.376156
0.376369
0.376399
0.375652
0.376338
0.408152
0.408365
0.411249
0.407755
0.407862
0.408030
0.403833
0.411432
0.407984
0.403864
0.408045
0.408533
0.408731
0.409906
0.407237
0.408640
0.409403
0.407740
0.408075
0.407922
0.404063
0.407908
0.407449
0.404596
0.408823
0.407892
0.407755
0.408670
0.407648
0.407968
0.408167
0.403421
0.407709
0.407847
0.405894
0.437080
0.441063
0.441079
0.441261
0.444160
0.440743
0.440407
0.441261
0.440346
0.440697
0.441155
0.442574
0.440148
0.440743
0.441246
0.440041
0.444679
0.440804
0.436790
0.440483
0.442650
0.440590
0.441093
0.444527
0.440590
0.440864
0.436485
0.444496
0.447975
0.436623
0.440544
0.440056
0.444466
0.441307
0.440864
0.378993
0.376614
0.375896
0.375744
0.376063
0.375636
0.377712
0.375911
0.372021
0.376583
0.375927
0.376080
0.375973
0.376857
0.375942
0.375515
0.375500
0.377849
0.375835
0.375622
0.376385
0.376552
0.371456
0.375835
0.376537
0.376186
0.375698
0.375820
0.376643
0.375103
0.375667
0.375667
0.376308
0.372234
0.375896
0.379268
0.379268
0.379192
0.377483
0.376430
0.376339
0.375530
0.376781
0.379604
0.375697
0.375926
0.379008
0.376568
0.376064
0.375851
0.375942
0.377346
0.379222
0.375972
0.376613
0.375835
0.376079
0.376201
0.372723
0.376826
0.375606
0.371868
0.377040
0.378566
0.376552
0.379116
0.376079
0.376033
0.376003
0.373653
0.386851
0.407343
0.407999
0.408487
0.407633
0.407770
0.407435
0.409234
0.408167
0.407266
0.405420
0.408854
0.407984
0.403620
0.407541
0.412180
0.408029
0.407983
0.407633
0.408502
0.408121
0.405329
0.408441
0.408350
0.408564
0.407251
0.404535
0.407266
0.408716
0.408578
0.408579
0.407846
0.410913
0.411554
0.408106
0.403864
0.407435
0.408273
0.407205
0.407923
0.407694
0.408289
0.409876
0.407603
0.407419
0.408502
0.403574
0.407724
0.408380
0.408273
0.407801
0.411310
0.434457
0.408335
0.407068
0.407907
0.408091
0.403543
0.408091
0.407633
0.404017
0.410959
0.407297
0.407968
0.411692
0.403604
0.407526
0.412545
0.408350
0.407755
0.401789
0.377285
0.375774
0.380565
0.379909
0.376933
0.372173
0.375392
0.375637
0.379161
0.374553
0.375469
0.376446
0.380367
0.374462
0.374660
0.376873
0.378048
0.376110
0.375804
0.375972
0.376308
0.375713
0.375728
0.377056
0.375240
0.375987
0.379909
0.375392
0.376140
0.379115
0.376293
0.375713
0.376018
0.378078
0.374599
0.371334
0.375606
0.376842
0.375255
0.374798
0.373898
0.379711
0.377178
0.375545
0.377178
0.375942
0.371182
0.375866
0.379985
0.376445
0.375744
0.375423
0.383174
0.379252
0.376903
0.375774
0.376262
0.372097
0.375972
0.379176
0.376598
0.379909
0.375988
0.376186
0.379634
0.377285
0.375194
0.376369
0.371716
0.398218
0.408076
0.409021
0.407785
0.407739
0.403284
0.411493
0.407770
0.408075
0.408517
0.403590
0.411187
0.407587
0.412103
0.407846
0.407847
0.407938
0.410349
0.403711
0.407999
0.408273
0.408030
0.407648
0.407984
0.408212
0.407892
0.407968
0.409845
0.416040
0.403727
0.408060
0.407496
0.408319
0.411539
0.407846
0.409464
0.411768
0.407587
0.409998
0.408258
0.411798
0.407480
0.408044
0.405039
0.407907
0.407694
0.408213
0.412393
0.409327
0.407709
0.407785
0.412347
0.407602
0.407984
0.411417
0.408212
0.407862
0.411294
0.408808
0.410303
0.407922
0.411417
0.404520
0.407846
0.411493
0.408121
0.408152
0.408213
0.407359
0.416970
0.384853
0.376033
0.376628
0.379985
0.378978
0.375576
0.372097
0.372738
0.376003
0.375881
0.377559
0.376735
0.376568
0.378674
0.375911
0.376201
0.375836
0.375590
0.376812
0.377544
0.374690
0.375576
0.377590
0.378994
0.375820
0.378581
0.376323
0.375804
0.372112
0.376567
0.378978
0.376048
0.376675
0.376507
0.377025
0.375667
0.372142
0.375865
0.375957
0.375515
0.379817
0.377712
0.375820
0.375851
0.376903
0.379177
0.375927
0.371487
0.383586
0.375407
0.375820
0.378063
0.375347
0.378994
0.375911
0.372875
0.375514
0.375652
0.378887
0.377300
0.379100
0.376262
0.375545
0.376309
0.375866
0.375911
0.376827
0.376430
0.376933
0.379070
0.408716
0.407709
0.409952
0.407450
0.404062
0.407572
0.407831
0.408518
0.407907
0.407602
0.408106
0.412057
0.405023
0.407755
0.407907
0.408472
0.407770
0.407999
0.411249
0.411631
0.407953
0.407770
0.408304
0.410135
0.407892
0.407846
0.408869
0.408151
0.407205
0.407801
0.408839
0.407938
0.407938
0.407892
0.408594
0.475851
0.475455
0.474982
0.475988
0.475775
0.476461
0.476629
0.470007
0.474982
0.476965
0.472723
0.475302
0.475195
0.475592
0.476065
0.474890
0.475729
0.475684
0.475820
0.475394
0.479834
0.471503
0.475744
0.474753
0.476431
0.476126
0.475164
0.475699
0.474997
0.475470
0.476995
0.475379
0.471579
0.476873
0.474844
0.404902
0.376247
0.372204
0.375103
0.375667
0.376415
0.377666
0.375606
0.376217
0.379955
0.375530
0.375697
0.375591
0.377620
0.375591
0.376217
0.377254
0.376766
0.375393
0.375743
0.376445
0.375224
0.375744
0.375500
0.376567
0.375865
0.378642
0.375285
0.376415
0.375515
0.375682
0.379818
0.375820
0.372036
0.375851
0.377025
0.379131
0.377682
0.376568
0.391017
0.376125
0.379436
0.376125
0.378932
0.371685
0.375545
0.375759
0.377300
0.375439
0.375987
0.376522
0.375011
0.376476
0.374400
0.375377
0.371715
0.375408
0.374432
0.372692
0.374004
0.375072
0.383220
0.375255
0.375652
0.375805
0.376934
0.375865
0.376552
0.375728
0.373333
0.408334
0.407907
0.408076
0.408243
0.407526
0.412332
0.411905
0.404139
0.407480
0.413126
0.408151
0.407892
0.407739
0.407618
0.412332
0.411554
0.407938
0.407923
0.408381
0.411570
0.409967
0.403635
0.411585
0.407541
0.411142
0.409250
0.407541
0.407709
0.408228
0.409067
0.409738
0.411066
0.403147
0.412317
0.411493
0.422677
0.440513
0.445137
0.444679
0.440880
0.436684
0.442665
0.440651
0.439995
0.441170
0.440574
0.441017
0.440560
0.437295
0.440926
0.440193
0.440956
0.440499
0.444511
0.436028
0.441093
0.440422
0.435998
0.440773
0.441810
0.440910
0.444664
0.442268
0.437599
0.440529
0.436364
0.440819
0.440651
0.436226
0.440529
0.441796
0.444831
0.441017
0.436257
0.441857
0.440452
0.436455
0.441048
0.441735
0.435936
0.443992
0.441063
0.444634
0.446541
0.440727
0.441261
0.440575
0.435753
0.440895
0.440636
0.440102
0.440606
0.440147
0.441460
0.440803
0.440208
0.444939
0.452903
0.436119
0.440819
0.441414
0.439491
0.440025
0.440911
0.443367
0.440666
0.440529
0.441078
0.441597
0.436226
0.440651
0.440972
0.444405
0.440697
0.440178
0.441460
