0.117288
0.114892
0.120004
0.114374
0.113718
0.119745
0.115381
0.120050
0.113718
0.113276
0.131555
0.115229
0.119943
0.113718
0.113016
0.121805
0.116052
0.115976
0.114252
0.113138
0.116967
0.118051
0.111994
0.115503
0.114130
0.127435
0.119454
0.113611
0.113413
0.119882
0.112833
0.121652
0.114679
0.113840
0.119058
0.115412
0.122308
0.114115
0.113809
0.130609
0.115183
0.120157
0.113856
0.114237
0.120950
0.120126
0.114526
0.113870
0.113565
0.119730
0.117685
0.112620
0.112909
0.113214
0.130501
0.121972
0.114390
0.113672
0.116999
0.114924
0.120981
0.113962
0.111734
0.120218
0.114298
0.119471
0.111765
0.119531
0.127053
0.115595
0.120615
0.114237
0.114023
0.118158
0.118524
0.114343
0.114297
0.114268
0.118921
0.116891
0.115091
0.246127
0.376613
0.368862
0.372418
0.372494
0.371624
0.376248
0.376293
0.371791
0.372860
0.370007
0.372356
0.371883
0.372371
0.374661
0.372005
0.372692
0.373119
0.371655
0.370877
0.372875
0.371303
0.373256
0.371670
0.371899
0.375179
0.371639
0.371822
0.371746
0.371654
0.371304
0.371746
0.370892
0.371578
0.371837
0.375225
0.372127
0.371472
0.371425
0.372036
0.372310
0.374690
0.371654
0.372982
0.372723
0.371334
0.372265
0.374325
0.371547
0.371685
0.375591
0.375011
0.371456
0.371593
0.372051
0.372127
0.374462
0.367809
0.372204
0.372020
0.371655
0.371227
0.373989
0.371319
0.373547
0.367672
0.371898
0.374919
0.371548
0.372479
0.372799
0.371807
0.374751
0.372128
0.371959
0.373318
0.371242
0.368389
0.372326
0.367778
0.371303
0.372081
0.368419
0.371456
0.371822
0.371579
0.371456
0.371487
0.378460
0.371914
0.367504
0.371517
0.372204
0.371670
0.371715
0.371380
0.373608
0.372218
0.374691
0.371624
0.374065
0.371410
0.376812
0.372020
0.368008
0.371456
0.371548
0.374279
0.371929
0.371257
0.371776
0.372036
0.371944
0.371639
0.371517
0.367611
0.371563
0.371532
0.372646
0.372219
0.370968
0.371731
0.371806
0.367733
0.371441
0.371440
0.368023
0.371594
0.373302
0.371852
0.374645
0.371731
0.371334
0.372143
0.368603
0.371639
0.372661
0.372310
0.373745
0.371669
0.371639
0.371166
0.371655
0.374904
0.371609
0.370601
0.371243
0.371730
0.374812
0.373898
0.370891
0.371715
0.372249
0.375362
0.371852
0.371562
0.371532
0.372051
0.374310
0.376629
0.372035
0.371456
0.371487
0.371975
0.371746
0.371242
0.371624
0.371304
0.371945
0.374218
0.372127
0.370968
0.367626
0.371807
0.372082
0.368008
0.371532
0.371548
0.371837
0.372082
0.372738
0.371654
0.371685
0.371822
0.371731
0.374981
0.367702
0.371563
0.371654
0.371990
0.371807
0.370892
0.371502
0.372097
0.371945
0.371761
0.371425
0.371120
0.371487
0.371456
0.371655
0.374248
0.371365
0.371593
0.371960
0.371853
0.380778
0.402826
0.402796
0.403879
0.398570
0.403055
0.402948
0.403070
0.402491
0.403193
0.403116
0.402460
0.405969
0.403299
0.403422
0.398966
0.408716
0.402948
0.404016
0.403178
0.407160
0.403223
0.403757
0.402613
0.404246
0.403269
0.402720
0.402933
0.407312
0.399576
0.399210
0.402873
0.402170
0.403513
0.403848
0.404993
0.403040
0.401347
0.403696
0.404017
0.404062
0.404718
0.407709
0.406428
0.406274
0.403116
0.403712
0.403926
0.405146
0.405008
0.403483
0.404215
0.407129
0.403177
0.404414
0.406946
0.404887
0.403421
0.406779
0.411096
0.403009
0.402780
0.403498
0.406900
0.407160
0.404123
0.402918
0.404231
0.403223
0.404444
0.411218
0.437538
0.438561
0.438744
0.437478
0.436851
0.439202
0.438408
0.436852
0.438134
0.437127
0.433846
0.439461
0.437386
0.433373
0.432671
0.436790
0.440529
0.436089
0.437096
0.438988
0.436577
0.441612
0.436638
0.437218
0.431420
0.437462
0.438698
0.439064
0.439338
0.438409
0.438087
0.439492
0.434258
0.433785
0.440910
0.435006
0.438026
0.438729
0.440071
0.439110
0.438789
0.436196
0.438058
0.433404
0.436791
0.437889
0.437096
0.439828
0.439202
0.439186
0.442787
0.433342
0.436272
0.440651
0.432625
0.436791
0.436104
0.436531
0.439797
0.435844
0.437905
0.440010
0.438134
0.436272
0.438835
0.433189
0.441018
0.438118
0.437141
0.437584
0.436150
0.436303
0.439385
0.440483
0.439567
0.439369
0.434411
0.439644
0.437691
0.437553
0.436943
0.439400
0.441445
0.439033
0.439065
0.433190
0.437401
0.433983
0.437569
0.438515
0.439034
0.437386
0.438988
0.438393
0.438515
0.446083
0.437096
0.441200
0.433724
0.440834
0.436638
0.436974
0.435922
0.437859
0.441109
0.437447
0.437431
0.441978
0.438011
0.438393
0.439277
0.438637
0.439217
0.439842
0.438195
0.437462
0.437767
0.432305
0.438774
0.435952
0.432733
0.435768
0.442269
0.436394
0.443901
0.432976
0.440682
0.435005
0.445091
0.437157
0.436760
0.436364
0.436272
0.436990
0.441628
0.439614
0.432976
0.432595
0.436165
0.440087
0.436440
0.437371
0.436898
0.438714
0.439278
0.441063
0.443565
0.437370
0.437264
0.435890
0.437584
0.437584
0.440239
0.440361
0.438195
0.438286
0.436867
0.438347
0.438103
0.438942
0.438576
0.437050
0.443947
0.436852
0.440056
0.440208
0.439064
0.436440
0.435784
0.431740
0.437707
0.436302
0.436821
0.435951
0.441185
0.437020
0.438789
0.439919
0.432869
0.438255
0.437737
0.437508
0.437920
0.437843
0.437310
0.434182
0.440101
0.439827
0.434898
0.439079
0.438744
0.442497
0.437966
0.438347
0.440330
0.439201
0.438240
0.437721
0.438149
0.436593
0.437218
0.437249
0.439415
0.439277
0.437676
0.437096
0.439491
0.433174
0.439323
0.439583
0.437599
0.440223
0.436562
0.438088
0.436821
0.431924
0.432000
0.437737
0.439492
0.436745
0.437783
0.439003
0.436806
0.438058
0.437844
0.437813
0.436974
0.437966
0.439369
0.434075
0.438927
0.437127
0.438866
0.436256
0.437828
0.440941
0.441734
0.436272
0.440696
0.439644
0.434990
0.437142
0.440239
0.437324
0.436501
0.439019
0.438988
0.439156
0.436882
0.437279
0.438561
0.438087
0.435463
0.436379
0.432534
0.440620
0.440072
0.436440
0.435615
0.435937
0.435509
0.431435
0.435768
0.435860
0.437981
0.432381
0.437950
0.438103
0.435601
0.437675
0.431985
0.437675
0.438377
0.436105
0.436775
0.435982
0.443627
0.435937
0.435815
0.431512
0.436166
0.436898
0.435845
0.436211
0.435585
0.436699
0.436028
0.436958
0.435738
0.436333
0.432869
0.432137
0.438164
0.436089
0.436241
0.441292
0.436043
0.436165
0.436409
0.435113
0.440407
0.431604
0.436242
0.437844
0.436440
0.436852
0.437385
0.437324
0.436531
0.436394
0.436989
0.436806
0.437294
0.436012
0.435356
0.432289
0.380596
0.375377
0.370891
0.372035
0.374783
0.372479
0.373226
0.370968
0.373272
0.375225
0.371853
0.371472
0.370952
0.371410
0.372021
0.371380
0.371685
0.371578
0.376781
0.371883
0.372189
0.371334
0.371517
0.371624
0.367764
0.371166
0.374264
0.372264
0.370922
0.375286
0.371563
0.372143
0.371059
0.371792
0.371258
0.371257
0.370922
0.377696
0.371715
0.372875
0.371929
0.371578
0.372143
0.370846
0.371868
0.371440
0.372219
0.371654
0.371304
0.371532
0.371655
0.368359
0.371258
0.372158
0.371197
0.371532
0.371319
0.372432
0.371746
0.372051
0.369976
0.372204
0.367199
0.371196
0.371776
0.372219
0.371044
0.371197
0.371898
0.374187
0.397685
0.404704
0.403452
0.403238
0.403574
0.403163
0.399531
0.402918
0.403132
0.406046
0.403132
0.404703
0.402750
0.403467
0.399089
0.403819
0.402827
0.403757
0.403117
0.406488
0.403330
0.403284
0.400950
0.399286
0.402933
0.398143
0.403010
0.404184
0.403864
0.403086
0.407694
0.403330
0.430336
0.403284
0.403787
0.404337
0.407160
0.403208
0.403742
0.399073
0.402887
0.407678
0.403147
0.405634
0.406473
0.403315
0.403086
0.399637
0.403193
0.404230
0.403864
0.403513
0.405207
0.404459
0.403407
0.398127
0.403498
0.402918
0.402613
0.402979
0.403818
0.405756
0.403284
0.403132
0.406534
0.402887
0.407206
0.403070
0.403406
0.399470
0.437859
0.436852
0.436516
0.438393
0.438531
0.439507
0.439324
0.438515
0.439064
0.440407
0.438942
0.439812
0.443061
0.439736
0.439080
0.440712
0.438912
0.437066
0.435189
0.431908
0.437920
0.434335
0.437889
0.438866
0.439903
0.441399
0.440147
0.435860
0.441459
0.438881
0.438378
0.438713
0.438194
0.438530
0.439521
0.436684
0.438851
0.444267
0.443123
0.440880
0.432580
0.438331
0.435906
0.431466
0.435478
0.437401
0.438027
0.442482
0.442314
0.439110
0.437554
0.433678
0.441948
0.438286
0.433999
0.441383
0.437355
0.433434
0.437920
0.435448
0.440788
0.436547
0.436257
0.436471
0.436852
0.437005
0.431283
0.435234
0.437935
0.437096
0.437508
0.435845
0.436455
0.437950
0.440972
0.442269
0.436699
0.438500
0.440788
0.438042
0.435982
0.436592
0.430917
0.436775
0.435952
0.436500
0.438378
0.439141
0.437324
0.438195
0.440621
0.438072
0.437920
0.434395
0.441567
0.440819
0.435753
0.436501
0.441429
0.437035
0.439217
0.436791
0.438621
0.439476
0.439064
0.439965
0.439873
0.438988
0.439506
0.440117
0.439080
0.440819
0.439537
0.440025
0.444328
0.439202
0.437691
0.437828
0.433876
0.447075
0.438439
0.438454
0.436821
0.435799
0.436333
0.436150
0.436730
0.440453
0.436592
0.437111
0.443520
0.443245
0.438576
0.437691
0.441276
0.440560
0.442299
0.435204
0.436745
0.439309
0.433693
0.437096
0.438561
0.436181
0.439873
0.436898
0.436364
0.435433
0.436394
0.436425
0.436882
0.431649
0.437752
0.435631
0.439858
0.436058
0.437004
0.435662
0.430855
0.431465
0.438179
0.435830
0.432534
0.437950
0.435708
0.432091
0.437325
0.436272
0.441688
0.438942
0.431465
0.437142
0.435479
0.441627
0.436730
0.438301
0.437295
0.436013
0.433877
0.437707
0.437370
0.431313
0.436333
0.436134
0.437813
0.435982
0.436394
0.440681
0.436119
0.432045
0.437614
0.438927
0.437752
0.441674
0.436867
0.439293
0.438286
0.439995
0.439216
0.437782
0.434715
0.437707
0.437584
0.436913
0.436150
0.439339
0.438774
0.444695
0.436500
0.436516
0.436990
0.435646
0.443550
0.440606
0.437661
0.437782
0.437309
0.438576
0.436867
0.437371
0.436761
0.441674
0.435174
0.437645
0.436547
0.433586
0.439537
0.437248
0.436653
0.436897
0.436593
0.436943
0.436043
0.433114
0.435723
0.437385
0.437553
0.437263
0.437340
0.438789
0.437828
0.434670
0.437599
0.437904
0.436913
0.439796
0.435982
0.434837
0.437875
0.445411
0.437157
0.438317
0.433587
0.433480
0.438988
0.437736
0.436363
0.436333
0.437904
0.437538
0.436944
0.435493
0.436623
0.436806
0.436959
0.439308
0.439125
0.437187
0.438958
0.437478
0.436455
0.436973
0.437401
0.437950
0.441246
0.437721
0.436775
0.433403
0.439903
0.437019
0.436471
0.439675
0.435875
0.436348
0.435829
0.435997
0.439568
0.441505
0.437508
0.438561
0.435662
0.437599
0.444878
0.438698
0.438850
0.440056
0.436974
0.440117
0.436760
0.432015
0.437446
0.435906
0.436013
0.436257
0.435783
0.435890
0.451103
0.435829
0.439980
0.435570
0.432732
0.439995
0.435646
0.436928
0.439827
0.436394
0.437706
0.437752
0.426598
0.371548
0.371364
0.374218
0.371868
0.371166
0.371822
0.371089
0.371945
0.367306
0.372219
0.371578
0.371975
0.372753
0.377879
0.371853
0.371364
0.371303
0.374721
0.372173
0.370708
0.374385
0.367840
0.368328
0.373409
0.374767
0.371425
0.371548
0.371517
0.371471
0.371196
0.371426
0.371288
0.372173
0.374111
0.371731
0.372372
0.374828
0.376323
0.371502
0.371425
0.371350
0.368023
0.371609
0.372326
0.372188
0.371471
0.371258
0.371395
0.372539
0.372325
0.291291
0.113108
0.118570
0.111765
0.112284
0.127725
0.112146
0.120645
0.113550
0.112405
0.120798
0.112528
0.118982
0.113031
0.113794
0.118845
0.112833
0.116434
0.110453
0.119394
0.122567
0.118295
0.113214
0.113077
0.118601
0.112024
0.120584
0.114053
0.113825
0.119836
0.113337
0.120080
0.113901
0.113672
0.128869
0.113946
0.117929
0.113916
0.113550
0.118737
0.112558
0.117548
0.111475
0.114298
0.119134
0.115168
0.113183
0.113840
0.118555
0.120767
0.118158
0.110483
0.111871
0.118143
0.110514
0.122995
0.113810
0.112833
0.118723
0.112299
0.121026
0.114023
0.110285
0.131250
