71.9375
70.8114
71.7138
71.2064
71.031
70.9644
71.0421
70.7603
71.1515
70.9998
70.5474
70.7458
71.0361
71.1297
71.7968
71.3136
70.6468
71.597
71.1236
70.7373
71.9143
71.2993
71.4775
70.9303
70.8545
70.944
70.5037
71.9266
70.8822
71.4119
71.2805
70.8197
71.7233
70.9943
71.5261
70.7543
71.4587
70.5682
71.0146
70.6102
71.068
71.0621
70.856
71.6042
71.6918
70.6528
70.9177
71.8386
71.7499
71.5413
70.5759
71.6641
70.8406
71.5534
70.5944
71.1952
71.9974
70.5981
71.1218
70.8796
71.51
71.9023
71.1993
71.2333
70.8966
70.7254
71.4876
71.8553
70.7936
70.5022
71.9655
71.3617
71.0643
70.8215
70.9658
70.756
70.9744
71.3836
70.5946
70.7242
70.9249
70.6705
71.8884
71.2655
71.7239
71.9828
71.9607
71.7213
70.5809
71.0825
70.6009
71.5909
70.9847
71.3002
70.8242
71.3813
71.5256
71.8118
71.2366
71.8193
71.814
71.2021
71.1809
70.8783
71.5236
71.6467
71.1343
71.998
71.0303
71.229
70.7222
71.4552
71.3995
70.6106
70.7207
71.1234
70.5933
70.6814
70.8447
70.6742
71.2638
70.9457
71.7651
71.7486
71.7459
70.5892
71.1299
71.2715
71.901
71.8665
71.0908
71.715
71.0686
71.7717
70.5933
70.5922
71.4184
71.2277
70.5902
71.9487
71.9567
70.8124
71.4039
71.3562
70.923
71.6246
71.9796
71.0163
71.8059
70.8243
71.1905
71.0698
71.27
70.9556
70.8183
71.0159
71.0448
71.4482
71.7874
70.9459
71.3147
70.8781
70.6609
71.8833
70.6498
70.7542
71.9755
71.5681
71.4819
70.5657
71.5168
71.4386
70.8781
70.9207
70.7948
71.3011
70.5453
70.7744
71.8174
71.8512
71.0987
71.0079
70.921
71.8687
71.4635
71.2393
70.8845
70.5083
70.6875
70.6719
70.9542
71.5022
71.05
71.1151
71.3855
71.1997
71.3694
71.3611
70.7679
70.8513
71.4268
71.7847
71.7899
71.8049
70.7054
70.5847
71.106
70.7507
70.8591
70.9235
70.6019
71.4577
71.4314
71.0229
71.3264
70.8949
71.7622
71.7109
70.9033
71.9497
71.8828
71.3575
71.4519
70.9327
71.9726
70.8374
71.6324
71.342
71.6985
71.9003
71.6933
71.1253
71.685
71.4832
70.9302
71.8904
71.5679
71.5363
70.6411
71.9269
71.9597
70.743
71.3847
71.3912
71.2659
70.7111
71.7861
71.028
71.922
70.6894
70.9777
71.8047
71.5469
71.9297
70.7375
71.5195
70.7671
71.8699
70.8615
71.9656
71.7702
70.5547
71.0909
71.4552
71.5379
71.5211
71.3456
71.1058
71.0574
71.4866
71.0327
71.0171
71.7296
71.9174
71.9082
70.9955
70.6285
71.6943
71.5235
70.5505
71.8837
70.5013
71.8552
71.4306
71.9309
70.5927
70.9501
70.698
71.9626
71.3116
70.6636
71.7328
71.3663
71.2545
71.1879
70.9042
70.7756
70.5335
71.51
71.333
71.5202
70.5427
71.85
71.2498
71.9602
71.7583
71.7453
70.5887
71.4526
71.2688
70.6391
71.3363
71.2701
71.9944
70.767
71.201
70.587
71.2171
71.399
70.5496
70.5286
71.5626
71.7824
71.3949
70.8171
70.9703
71.7991
71.0927
71.0038
71.3091
71.9257
70.524
71.3519
71.7757
71.2738
71.312
71.534
71.0191
71.4007
70.9866
71.7879
71.5398
71.823
71.058
71.5342
70.59
71.7589
71.6212
71.307
71.1579
71.6708
71.3357
70.7205
71.4532
70.7306
71.0376
71.9235
70.5298
71.6303
70.9274
71.3389
71.556
70.9514
70.6908
71.3318
71.7252
71.5028
70.8658
70.7443
70.9035
71.3525
70.5322
71.9434
71.1754
71.0901
71.4776
71.2654
70.849
71.0988
70.5724
71.5069
70.7696
71.4081
71.7274
71.7228
71.6388
70.7651
71.6464
71.6686
71.8954
70.5738
71.0075
71.4515
71.0251
71.1983
70.7832
70.7503
70.7011
71.1491
70.9946
71.1047
70.5015
71.0268
71.0481
71.177
71.6169
70.5256
71.9424
71.966
71.1244
70.5148
71.4729
71.3941
71.423
71.2004
71.1169
71.0617
71.4654
70.7633
70.7303
71.3608
70.8371
71.2378
70.8123
71.3622
71.9361
71.0955
71.6126
70.6372
71.7446
70.6072
71.2419
71.7461
71.134
71.79
70.9231
70.751
71.8156
70.8654
70.7169
70.9401
70.8802
71.6899
71.8342
71.8032
70.8903
70.9511
70.8649
71.8557
71.2144
71.0952
71.2165
71.5514
71.833
71.5288
70.9137
71.769
70.6244
70.5262
71.9063
71.869
70.6334
71.1482
71.6151
71.2674
70.9382
70.5381
71.5184
70.7538
70.9035
71.7353
71.1939
71.2838
71.4252
71.0281
71.0869
71.8155
71.4792
71.4518
71.6712
70.6935
70.547
70.8877
71.745
71.88
71.9166
70.6586
71.649
70.5409
70.6849
71.5553
71.9099
70.8183
70.7035
71.525
71.5857
71.1417
71.5631
71.1041
71.3955
71.9666
70.8395
70.5895
71.2504
71.7647
71.1175
71.8373
71.5802
70.5967
71.2891
71.2514
70.7902
71.3362
71.6391
70.5352
71.2162
71.5556
70.6939
70.8652
71.5966
70.8787
71.9205
71.5065
71.197
70.624
71.0314
70.7827
71.2657
70.5945
71.3869
70.6613
70.5611
71.7263
70.7507
71.3115
71.491
71.3683
71.1488
71.0712
71.465
71.938
71.8225
71.7552
71.2742
71.4616
71.7904
71.9903
71.0173
71.9843
70.8555
70.6138
70.863
70.776
71.6203
71.56
70.9001
70.6518
71.8427
71.6658
70.7463
71.2296
71.8271
70.8074
70.9559
70.5778
71.619
71.9469
71.4461
70.7678
71.0181
70.9111
70.7058
70.8406
70.6663
71.4799
71.8023
71.9567
71.4702
70.8195
71.9409
71.8258
70.9334
70.8039
70.6018
70.5537
71.8639
71.0019
70.7055
71.7066
70.6677
70.9517
70.9363
71.9948
71.2592
71.3922
70.5726
70.8781
71.3391
71.5187
71.1459
71.8572
71.9298
71.3517
70.6978
70.5961
70.8316
70.5001
70.5527
71.8019
70.8196
71.9937
71.6276
71.253
70.7976
71.7295
71.3067
70.6615
70.7314
71.5121
71.8681
70.8991
71.9639
70.8044
70.8939
71.2231
71.6965
70.9665
71.6012
71.0356
71.9853
70.7471
70.8928
71.9151
71.5988
71.0907
70.5112
71.9304
71.0908
70.5639
71.7323
71.4104
70.5575
71.3599
70.6634
70.8551
71.0894
71.4701
71.0166
71.3208
70.9822
70.8847
71.7199
70.9461
71.189
70.6137
71.6692
70.8856
71.0803
71.2704
71.4212
71.0656
71.5175
71.814
70.9807
71.1164
70.9047
70.9918
71.0468
71.4955
71.0557
70.7791
70.9059
71.1133
71.6391
71.0693
71.4684
70.7285
70.5394
71.9849
71.5492
71.0217
70.8696
71.2691
71.4678
71.5586
71.3828
71.137
71.9442
71.9631
71.9074
71.3654
71.0287
71.4249
71.1794
71.5093
70.5413
71.5841
70.5012
71.0881
71.0796
71.0569
71.3672
71.4855
71.6702
71.0062
70.5549
71.1385
71.2347
70.5943
71.1235
70.7839
71.1159
71.493
71.553
70.5837
71.0517
70.9359
71.2207
70.9958
70.899
71.1281
71.8612
71.4277
70.553
71.0406
70.937
70.5943
70.6248
70.9382
71.1824
71.2044
71.4951
70.5496
70.69
71.1652
71.0559
70.7448
71.8038
71.7906
70.8391
70.9272
70.5745
71.455
71.9203
71.6275
71.5387
70.9719
70.5634
70.7594
71.4678
70.9624
71.3875
71.329
71.8901
71.4406
71.8696
70.8271
71.5349
71.9944
71.2653
70.7174
71.1988
70.7604
70.767
71.3888
71.4256
71.3229
71.6336
71.2294
71.1134
71.9727
71.6566
71.1879
71.4278
71.5769
70.8155
70.9665
70.5488
70.8789
71.2259
71.5166
71.3413
70.6134
70.8456
71.2314
71.554
70.7152
71.5585
71.0889
70.7096
70.8238
71.3063
71.4084
71.0842
71.5733
70.7972
70.5098
70.8961
71.9308
71.2392
71.5096
71.9035
70.8958
70.6975
71.3313
71.9727
71.013
71.7978
70.5215
71.3919
71.0237
71.5381
70.7332
71.1371
71.8837
71.4647
70.6911
70.5989
71.0232
71.2801
70.8084
71.347
70.5864
71.7168
71.9312
71.6597
70.514
71.941
70.5558
71.9448
71.1802
71.5653
71.8484
71.576
71.7628
71.1797
71.5487
70.7758
70.9774
71.5703
71.6678
71.5011
71.1084
71.901
70.6382
70.9921
71.3657
70.8294
71.0909
71.8889
71.6095
71.3993
71.2359
71.6958
71.1161
71.1671
71.3555
71.1301
71.1081
71.4113
71.0749
71.7883
70.9766
70.9233
71.3643
70.7395
71.6029
70.9131
71.0153
70.5804
71.9833
70.6831
71.5815
71.0917
70.5841
71.7198
71.5838
71.4498
70.5491
70.6747
71.3386
71.6586
71.574
70.5745
71.3544
70.6901
71.2416
70.7099
71.3202
71.8497
71.6212
71.8952
71.638
70.5978
70.8185
71.0023
70.8373
71.9214
71.4154
71.3526
70.5018
71.3987
71.5357
71.5833
71.9904
71.6198
71.3031
71.5742
71.0695
71.3522
71.7488
71.9082
71.0108
71.3228
71.9827
71.8652
71.5129
71.2243
70.5751
70.8332
71.0739
71.6963
70.7284
70.7119
71.7941
71.0468
71.2143
70.6314
70.9682
70.6297
71.484
70.97
71.5284
71.0197
70.5533
71.5188
70.6395
71.3564
71.093
71.209
70.7085
70.8418
71.1172
71.2193
71.6647
71.0998
71.0845
71.1776
71.8241
71.1597
71.5108
70.898
70.856
71.7392
71.11
70.6501
70.786
71.8242
70.7815
71.2542
71.9539
71.7656
71.7242
71.4823
70.7853
71.7775
71.0011
70.9248
71.1338
71.5941
71.6338
71.3424
71.9359
70.7509
70.5617
71.6006
71.3508
71.1462
70.7782
71.1749
71.8059
71.789
71.5729
70.6618
71.5282
70.6829
70.8119
71.8141
70.5071
71.0935
71.0683
71.961
70.8591
70.7924
71.4433
71.1443
70.5699
71.9444
71.5691
71.2037