75.4279
74.5633
75.0306
75.0724
75.3828
74.7847
75.4325
74.2077
75.3607
74.0711
74.1671
74.3589
75.2782
75.0142
75.0612
75.066
75.1336
75.389
75.2247
74.3525
74.8574
74.9623
74.864
75.2471
74.0522
74.6735
74.5296
74.6561
75.2786
75.1896
74.7637
75.0065
74.053
74.0943
74.3788
75.4358
74.879
74.1113
75.6434
74.5397
74.1824
74.1106
74.8986
75.4606
75.1247
74.2598
74.8266
74.5583
75.6488
74.3513
74.9108
74.8062
75.3136
74.0749
74.3533
75.3658
74.7484
74.8828
74.3219
74.327
74.3725
75.0856
75.3335
74.4254
75.18
74.0123
74.1612
74.359
74.1237
74.1047
74.8987
74.3061
74.2152
74.0973
74.0667
75.34
74.3571
74.8933
74.1983
74.3059
75.2446
75.1091
75.112
74.8582
75.184
75.4653
74.524
74.2324
74.6481
74.8459
74.5594
75.0205
74.2315
74.1929
75.446
75.4115
74.2052
75.6072
74.0705
74.3289
74.0118
74.9692
74.6349
74.2271
75.0665
74.7016
75.567
75.4236
75.5949
74.0653
74.0294
75.1395
75.1744
75.1414
74.2977
74.6584
74.9067
74.8216
74.8908
75.5548
75.6675
75.4501
74.8753
74.1991
75.643
74.6213
75.6106
74.1482
74.5285
75.6811
74.4771
74.5404
74.9503
75.112
74.7674
74.3168
74.1136
74.6345
74.0404
74.0085
74.6998
74.0698
75.148
74.1742
75.2112
75.4456
74.8326
74.4179
74.5673
74.0234
74.2727
74.5348
75.4735
75.1481
74.7339
75.4165
74.0694
74.6445
75.5647
74.5979
74.6256
74.3418
75.1383
75.5759
75.4538
74.2057
74.1927
75.5673
74.8402
74.2331
75.5758
75.54
74.3029
75.0238
74.0143
75.5141
74.7694
74.8469
74.232
75.3367
74.8703
74.5048
74.1715
74.6438
75.6528
74.9053
74.3603
74.0222
75.5498
74.225
74.6202
74.4754
74.5668
74.0584
74.3512
74.3205
74.2642
74.5439
74.1879
75.1044
74.777
74.0637
74.9444
75.0798
75.0874
74.9586
74.8939
74.1568
74.1055
75.126
75.4935
74.9758
75.6307
75.665
75.6195
75.5836
74.8703
74.2798
75.6058
74.7201
74.5048
74.526
75.1954
75.0716
74.5844
75.5467
75.3922
74.8486
74.3906
75.58
74.253
75.1676
75.6437
75.1973
74.5474
75.0311
74.456
75.4414
75.188
74.5615
74.8673
74.9815
75.5373
74.7981
74.9464
75.4568
74.6817
74.1167
74.0367
74.5875
74.8368
74.5415
75.1135
74.3323
75.6131
75.6979
74.1789
75.3053
74.8465
74.5695
75.1853
75.0995
74.0371
75.129
74.5968
74.5845
74.4601
75.0528
74.3259
75.6481
75.6143
75.1932
74.9296
75.4516
74.2913
74.176
75.2085
74.9729
74.2928
75.2451
75.5604
75.1296
74.0866
74.9739
75.4618
75.6997
74.9719
75.6408
75.305
74.1184
74.5103
74.7903
75.2179
74.5474
74.2193
74.1147
75.1319
74.6794
75.1675
75.4578
74.6275
75.0819
74.951
75.5571
74.8335
75.2423
74.0331
74.342
74.5152
74.3259
75.5871
74.3756
75.4555
75.6738
75.3496
75.2173
75.6735
74.6215
75.1581
75.2785
74.7399
75.6683
74.3688
74.2578
74.5157
74.5881
74.3725
75.6476
75.2674
75.54
75.4054
74.1949
74.9219
74.6564
74.052
74.0554
74.1987
74.0852
74.3974
74.7139
74.411
74.2846
75.0895
74.1665
74.2583
74.7391
75.3838
74.2318
75.3606
74.8419
75.5104
74.4004
74.8102
74.1792
74.6582
75.3259
74.7672
75.0306
75.2736
74.3347
74.8707
74.979
74.5296
74.0925
75.6354
74.5816
74.1479
74.1341
74.6668
74.5453
74.848
75.0778
74.8299
74.2375
75.2443
75.0882
74.9766
74.9281
75.3201
74.6372
74.07
75.1304
75.0376
74.8802
75.3096
75.6958
74.5061
74.3768
75.0265
74.0797
74.7115
74.1971
75.0587
75.2411
74.2896
74.9942
74.1227
74.4376
75.1283
74.7895
74.9829
74.2763
74.1673
74.1128
74.5138
75.4116
75.2011
75.4905
74.6398
74.8212
74.4276
74.7097
74.2516
75.4653
75.5899
75.5612
75.4611
74.3961
74.238
74.7875
74.4758
74.9495
74.9846
75.5345
74.4906
75.2743
74.8287
74.6133
74.0119
74.2569
75.4028
74.9948
74.5332
75.5701
75.1077
75.0471
75.2817
74.6087
74.8375
74.2215
75.4299
75.2652
74.9312
75.6815
75.0304
74.8212
75.5427
74.7915
75.2172
74.0807
75.579
75.693
75.0302
74.8637
75.5275
75.5209
74.438
74.6561
74.4342
74.4498
74.9131
74.137
75.4446
75.4463
74.0071
74.8523
74.7934
75.2889
75.461
75.6309
75.5103
75.1909
75.1961
74.7416
75.1723
74.5265
75.5627
75.015
75.318
75.08
75.0957
75.197
75.073
74.4259
74.3607
74.9005
74.2468
74.7986
75.5566
74.681
75.2484
74.7697
74.818
74.9931
74.516
74.8252
74.1454
75.3093
74.414
75.6063
75.2402
74.2244
75.0972
74.7363
74.9659
74.5695
75.2628
74.8287
75.5845
74.8808
74.2086
74.9802
74.3778
75.2816
75.4061
74.7385
74.4821
75.6529
75.5371
74.3386
74.6339
75.0856
75.1083
75.452
74.3786
75.6243
74.5771
74.524
75.2336
74.9912
74.4303
74.7739
75.2155
75.5275
75.5102
74.4815
74.397
75.073
75.3101
74.2815
74.2538
75.5188
75.2617
74.6316
75.1004
74.9678
75.3701
75.5824
74.9208
75.2072
74.2211
75.5547
74.5927
75.3294
75.3067
74.9714
75.2537
74.1838
75.4953
74.7873
75.175
74.2257
75.5612
74.6906
74.0532
75.3714
75.172
74.4502
74.7444
74.7822
74.7318
74.9982
74.601
74.2935
75.6297
74.0013
75.2613
75.2998
75.5838
74.4821
74.807
74.1049
74.3368
75.3997
75.4343
75.6435
74.6711
74.988
74.1273
74.4664
74.0753
75.3024
74.6921
75.6365
74.2929
74.7453
75.3079
75.4649
75.1955
74.3522
74.5471
74.2273
75.3504
75.1481
74.5208
75.2802
75.1494
74.0822
74.88
75.0332
74.5643
75.687
75.1381
74.9011
75.3867
74.8723
74.8446
74.3578
74.1603
74.972
74.8242
74.2355
74.5743
75.5163
74.172
74.8672
74.5616
75.4799
74.6322
74.0571
74.1321
75.1793
74.2845
75.4825
74.6274
74.8053
75.0627
74.0768
74.8875
74.2427
75.11
75.4517
74.2296
74.548
74.6528
75.6163
75.4203
75.4974
74.2741
75.5806
74.7694
75.0983
74.1161
75.3437
74.9145
74.2882
74.511
75.4761
74.068
75.1431
75.5332
74.2001
74.6224
74.1177
75.6827
75.2498
74.923
75.0454
75.3266
74.1104
75.2881
74.7365
75.5622
75.5177
75.2845
74.515
75.4341
75.0049
74.3125
74.0081
74.8855
75.0819
75.1064
75.0016
74.7256
74.3209
75.2898
75.2365
74.097
75.3578
74.6797
75.6303
75.558
75.3021
74.0479
75.5406
74.8519
74.9709
74.886
74.4785
75.0813
74.4741
75.215
74.9435
74.2919
74.7996
75.4585
74.0259
74.1044
74.071
74.034
74.9899
75.1528
75.1404
74.2915
74.1784
75.4614
75.5813
75.415
75.5584
75.2391
74.3946
75.4886
75.097
75.6968
75.5366
74.9377
74.8487
74.8075
74.1237
75.3272
74.1888
74.5979
74.8422
75.1323
74.8897
75.6418
74.8909
74.9156
74.0462
74.9618
74.9497
75.0361
74.4146
74.3901
75.3276
74.593
74.1515
75.2089
74.308
74.0099
74.748
74.7026
75.4985
74.145
74.6994
75.3351
75.0827
75.5481
74.4426
75.2064
75.1753
74.6315
74.1043
74.3175
74.0638
74.994
74.2593
74.9547
74.2096
74.3055
74.2165
75.1593
75.3416
74.6311
75.5495
74.9692
75.2242
74.001
74.4781
75.5322
74.0109
75.2261
74.5348
75.5094
75.3711
75.2342
75.1445
74.7538
75.0823
75.5871
74.2602
74.5576
74.5186
74.3645
74.8752
74.5824
75.3585
75.1345
75.537
75.5682
75.44
74.0535
75.0275
75.0816
74.6846
74.877
74.3508
74.2088
74.878
74.8289
74.0409
74.8888
74.3549
74.5757
74.6982
74.026
74.1099
74.1427
74.7798
75.1922
74.0299
75.04
74.0499
74.5484
75.4045
74.925
75.1308
75.063
74.3595
74.9679
74.9312
74.0995
75.0214
74.2587
75.1811
74.006
75.1356
75.5319
74.2148
74.3136
74.6608
74.2557
75.2024
75.0157
74.8314
74.2006
75.0417
74.9413
74.3434
74.1215
74.4335
74.3732
75.1615
74.4834
74.9217
74.866
75.4085
74.3525
74.229
74.068
75.3204
75.1601
74.1675
74.6418
75.4188
75.3486
74.6478
74.8544
75.1805
74.8625
75.168
74.1412
75.1182
74.6704
75.1569
74.2496
74.871
74.4986
75.1909
75.2144
74.6201
75.6245
75.5876
74.0815
74.4079
74.8093
74.9475
74.1164
75.1618
75.1764
74.1843
74.7822
74.6365
74.3518
75.424
74.3553
74.0004
74.3717
75.2097
75.1809
75.2343
74.6777
75.3221
74.6525
75.3481
74.779
74.9021
74.5192
75.2776
74.3931
74.0336
74.1977
74.3176
75.6212
74.2792
74.7254
74.7305
75.2267
74.8418
74.1924
74.7031
75.0262
74.9746
75.3397
75.378
74.6985
75.695
75.3784
75.0703
75.2047
74.8593
74.6046
74.1824
74.4815
75.2571
75.5305
75.2605
74.4592
74.3497
74.8381
74.8523
74.3833
75.0357
75.1698
74.3045
75.315
74.1953
75.035
74.8417
75.0371
75.2273
75.5448
74.3633
74.5019
75.1845
74.0413
75.2005
75.1795
75.4197
74.5707
74.6842
74.5791
75.1753
74.8666
75.0605
74.7324
74.6971
74.621
75.1916
75.0468
75.4591
74.3438
75.4301
74.7948
75.5137
74.0346
74.4098
74.0089
75.0696
75.2514
75.046
74.5969
75.0962
75.4093
75.0988
74.5807
75.4505
74.5993
74.0602
75.1703
75.17
74.7444
74.0493
74.6453
75.611
75.1098
75.3777
74.6081
74.0308