77.8331
77.0249
77.4201
77.9845
77.7987
76.3851
76.3911
76.9812
77.2508
76.5
76.4979
77.4884
77.1882
77.0847
77.0521
76.4278
77.493
77.4269
77.3079
77.4832
77.776
77.0235
76.9917
78.0603
77.6854
77.9643
76.2541
77.1646
76.3374
76.4103
77.9762
77.9706
77.2352
77.2963
77.8551
76.9339
77.4814
78.0462
77.7152
76.6322
76.4462
78.0131
77.9207
77.4344
76.9978
76.8727
77.6622
76.3908
78.0996
76.8701
77.674
77.7756
77.6936
76.5657
77.7359
77.279
76.4299
77.7899
76.3436
76.5674
78.0003
76.2197
76.438
77.1355
77.316
78.0931
77.8694
76.6974
78.0393
77.4846
77.1296
76.3855
77.3976
76.9503
77.6199
76.2954
77.623
77.1821
76.4863
77.6227
77.8522
77.9603
77.2982
77.4458
76.4259
76.9341
76.6248
76.6559
76.624
76.7684
77.0233
76.5243
76.7881
77.2612
77.4598
77.9041
77.2543
77.2292
76.5015
77.1936
76.6138
77.4312
77.3791
77.8115
76.2814
76.899
77.9069
77.7045
77.881
76.2932
77.2271
77.6333
78.0534
76.4253
76.9791
76.3794
77.1594
77.4039
76.8353
77.5835
77.9723
77.6585
77.9078
76.6604
76.8197
77.2676
76.4645
77.874
76.3968
76.7661
76.9676
76.8107
77.9972
76.2467
76.5221
78.0787
76.9456
76.329
77.6831
76.7267
76.4222
76.8103
76.2599
76.3756
77.0356
77.039
76.555
77.995
76.343
77.1902
77.4785
76.2153
76.7487
77.2863
76.6757
77.3685
76.4539
76.9403
77.1425
76.6507
77.5063
77.9101
77.2614
77.4035
77.9568
77.5835
77.3822
76.8024
77.7125
76.9653
77.3291
77.9347
77.5756
77.389
76.2103
76.5112
76.328
76.5653
76.4062
76.471
77.5555
77.6848
76.4863
76.2043
76.871
76.962
77.3728
77.1249
77.7023
76.4153
77.5757
77.1086
76.2254
76.7371
76.4121
77.9821
76.2205
77.5944
76.6845
77.7331
76.4597
77.8136
77.5678
77.8353
77.1026
77.5781
76.2465
77.2306
77.9434
76.4527
77.5015
77.3989
77.9375
77.7878
77.4032
76.7085
76.6498
76.676
77.6335
76.2521
76.8913
77.1092
77.1607
76.9167
77.6462
77.3728
76.7988
77.6668
76.8672
77.2833
77.2998
77.1269
76.9969
76.7676
76.8622
77.8995
76.2457
76.9087
77.0301
77.9891
77.1614
76.4316
77.288
76.9989
78.0194
76.5912
77.5074
76.5692
77.0673
77.0409
76.6213
77.7585
77.9501
77.582
76.5752
77.4963
76.8548
77.174
77.0631
77.522
76.3573
76.2629
76.5489
77.1542
76.8305
77.2111
76.9537
76.8761
77.9198
77.7837
76.7652
76.9812
78.0153
77.8532
77.7801
77.9348
76.3444
77.1875
76.404
77.2117
78.0284
76.8253
76.8702
77.8785
76.3073
77.2454
77.2748
76.9622
76.3194
76.2379
76.3842
76.4767
76.3008
76.7331
77.4309
76.9312
77.7442
76.2846
77.6073
77.564
77.8683
76.2725
76.4452
77.7837
77.9257
78.0252
77.6184
78.0701
77.1128
77.8224
77.1818
77.0412
76.5477
77.852
76.8197
76.655
76.9975
77.8946
77.4172
77.1169
77.9324
77.6014
77.3936
78.0332
76.2345
76.7245
76.8644
77.7787
76.8091
76.3717
77.2427
76.5774
76.4442
77.4878
76.2611
76.2699
77.4131
77.6796
76.2401
76.4258
77.402
77.2219
77.2671
77.7497
76.9739
77.8868
76.3047
77.7714
77.6814
77.5219
76.7883
77.5138
77.0232
77.9818
77.447
77.0577
76.6063
76.2114
76.7364
77.2154
76.3832
77.779
77.5929
76.6274
77.1668
77.654
76.6973
76.4799
77.2335
76.7374
76.7057
76.5355
77.7592
77.7728
78.0852
76.6331
77.5596
76.2899
76.3045
77.141
77.6118
76.8928
76.5548
76.535
76.7746
77.8018
77.3927
77.1809
77.8132
77.929
76.2964
77.9964
77.6081
77.6893
76.5238
76.6749
77.2433
77.0211
76.9548
76.3768
77.5584
77.4606
76.7123
77.2177
77.1334
76.6975
77.6508
76.593
76.7874
77.7553
77.5339
76.2991
76.5481
77.8887
76.6341
77.1227
77.5905
77.8268
76.2036
77.3037
77.6558
76.3
77.2001
77.1639
77.7893
77.5238
77.6388
76.9325
76.4449
76.4936
77.1093
77.8033
77.7542
77.6216
76.921
76.7875
76.2191
76.4718
77.1805
76.8065
78.0271
76.6144
76.9057
76.4752
76.4031
77.3398
77.3979
77.7936
77.0666
77.4015
76.9972
76.6225
77.5016
77.9973
77.5863
77.1908
77.4211
77.1252
77.9234
77.666
77.4188
76.9327
77.3693
77.0729
76.4543
78.0902
77.6605
76.4734
76.462
76.741
77.08
76.3891
77.1554
77.7856
76.6643
77.3584
77.0254
77.8622
77.052
77.892
77.1638
77.8492
76.4145
76.5653
77.7465
77.8008
77.5562
77.0676
76.826
77.3795
76.6336
78.0447
76.2122
77.8028
77.0177
76.4665
77.7931
76.5781
76.74
78.0551
77.1191
77.6199
76.3442
78.0744
77.3056
76.8086
77.3329
76.231
76.5708
76.2849
77.923
77.5345
77.9341
76.2374
77.8999
77.5806
77.8383
77.356
76.5482
76.5642
76.6355
76.9818
76.509
76.6477
76.6846
77.3266
76.9143
76.3777
77.7048
77.4542
76.3328
76.7239
76.9742
76.477
76.6983
78.0798
77.0856
77.8312
76.2107
77.4564
77.9161
77.9337
76.8909
77.7502
77.9712
76.6908
77.2308
77.7094
77.8468
77.579
78.0737
76.3823
76.4608
76.4827
76.83
76.9454
77.6093
77.5443
77.1231
77.2141
76.8985
77.2558
77.7379
77.6727
77.5329
76.3363
77.6525
76.5184
77.9675
77.6632
77.7748
77.7836
77.4969
76.5657
77.4338
77.3681
77.0564
76.5646
76.9775
76.8032
77.9436
76.9512
76.9855
76.3044
77.2339
77.6156
77.0498
76.7432
77.0599
77.9729
77.7572
77.7584
77.1287
77.3952
77.3311
76.5616
77.5314
76.8836
76.88
77.3989
76.4468
76.5548
77.0824
77.7437
76.9205
76.4162
77.0118
77.7769
76.7808
77.7893
76.4802
76.6244
76.6405
77.2657
76.7288
77.6744
76.7813
77.5786
76.3176
77.6411
77.4514
77.8748
77.2995
76.4802
77.1699
76.5306
76.8417
76.6013
77.2141
77.5217
77.8002
77.4609
77.8765
76.7826
77.1046
76.697
76.9988
77.9164
76.3739
77.5796
77.6057
76.6541
78.0039
78.0462
77.7198
76.6327
77.6206
76.401
78.0113
77.7382
77.8422
77.3627
77.513
77.0416
77.6429
76.5829
77.3722
76.3846
76.9842
76.4864
77.7063
76.6844
77.7473
77.4828
77.2671
76.7519
77.9799
78.0659
76.5682
76.2538
77.5454
77.9739
76.7079
77.4494
77.9202
76.3277
77.8821
77.4408
76.5287
77.7933
77.079
76.2709
77.056
76.4919
77.1125
76.5989
76.8748
76.3848
76.7835
77.659
76.6711
76.3898
76.2435
76.3184
77.6727
77.3106
76.8703
77.5525
77.2764
77.2385
77.6063
76.7219
77.1124
76.2142
77.9713
76.9326
76.3419
77.7533
76.2734
76.6706
77.4467
77.1523
76.7415
76.4027
77.4442
77.6541
76.8016
76.219
77.8388
77.3851
77.678
76.4099
77.5749
77.7215
76.5283
77.1475
76.9321
77.1986
76.6001
78.0085
76.3371
78.0064
76.6304
77.2495
78.0206
76.5017
77.9821
76.2625
78.055
78.0554
76.7331
77.4017
77.1077
77.2747
77.6044
76.452
76.8287
76.3059
76.471
76.5676
77.491
77.949
76.7775
76.9659
77.5705
77.1058
77.9134
76.4026
76.2044
76.4135
76.3111
76.3415
76.3198
76.7416
77.391
76.2404
77.0432
77.2731
76.3029
76.9983
77.2285
76.836
76.2999
76.2363
77.9107
77.7043
76.4882
76.6394
77.8103
76.7592
77.007
77.2013
76.6082
77.5845
77.9671
77.9787
76.5903
77.7805
76.2813
76.5947
77.994
76.3925
76.7362
76.2138
76.934
77.9272
76.2542
77.7773
77.1003
76.3571
76.6755
76.2288
76.9931
76.7755
76.2651
76.8038
76.3798
76.5533
77.2432
77.99
77.1125
78.0502
77.0913
77.5207
77.5346
76.9584
77.3994
77.9249
76.639
77.4807
76.4196
76.533
77.6732
76.9558
76.5468
76.5072
76.783
76.601
78.0845
77.6833
76.7581
76.66
77.7121
77.5512
77.2355
77.7771
76.255
77.4153
76.2304
77.2982
77.3053
77.1429
77.2484
76.2966
76.5636
76.683
77.055
77.763
76.5079
77.494
77.1438
76.7275
77.827
76.717
77.4833
76.2737
77.0242
78.0663
76.6747
77.0087
77.6496
77.2328
77.4687
77.2617
76.6841
76.6042
76.9388
76.7391
77.8194
76.9692
77.8373
77.0247
77.9122
76.9857
77.1213
76.3758
77.4688
77.9764
77.9388
77.7767
77.3704
76.9825
76.4042
77.0974
77.4995
77.6876
77.1711
76.4237
77.6539
77.6458
77.2323
77.2035
76.7786
76.601
76.3651
77.2627
77.0052
77.1039
77.8018
76.7246
77.8732
77.5391
77.5494
77.6853
76.4248
76.5707
77.8611
77.6936
76.4471
77.6998
77.3703
77.6175
76.5824
77.5745
76.6148
77.8818
77.1621
77.5859
76.2055
76.716
77.1317
77.2378
77.7195
77.7104
77.6389
77.8846
76.8731
76.5441
76.8885
76.5749
77.0687
76.6617
77.914
76.5181
76.247
76.2388
76.8888
77.9081
77.7323
77.1359
77.5079
77.0026
76.6533
77.8903
76.4771
77.0682
77.6721
77.4391
76.5541
77.6776
77.9551
77.4858
76.8154
77.5746
77.0962
76.3543
77.3591
77.7693
76.6983
78.0477
76.2441
77.567
76.6094
77.9581
77.8851
76.6564
77.9969
76.6738
76.4645
77.6292
77.6097
77.7724
76.5318
78.063
77.5627
76.8088
77.0312
77.1348
78.048
77.3853
76.7124
77.9031
76.7711
77.3278
77.3777
77.6673
77.4821
76.6368
77.3365
77.9804
76.5845
77.3807
77.4474
76.9938
77.2388
77.2325
77.4502
77.1356
77.7063
77.7146