80.4761
81.6518
81.9643
81.6598
82.0569
80.6708
81.6946
80.7519
80.8531
81.7815
81.7241
82.044
80.679
81.5368
80.6141
80.6668
81.327
81.3585
81.4693
82.0505
81.9941
81.8976
81.3433
81.4805
81.3786
80.4704
80.904
81.3902
81.5073
80.6906
81.8006
81.5833
81.9424
81.6649
81.1431
81.8993
81.9358
80.7377
80.5511
80.6889
80.4192
81.8753
80.6329
80.6982
81.312
80.8469
80.965
80.539
81.8055
82.0343
80.4895
81.6996
81.8319
81.4328
81.0801
81.1105
81.5033
81.5841
80.4007
80.9105
81.8746
81.8014
82.0938
81.717
81.3663
81.137
81.5163
81.202
81.4746
81.6674
81.4909
81.4939
81.4427
81.7238
81.7921
80.6547
80.4707
80.6571
80.7938
81.8762
80.5914
80.8833
81.4758
82.0233
81.9161
80.4559
81.0338
81.3194
81.64
81.0346
81.8299
81.4146
80.7359
81.8237
81.0316
81.7022
80.8607
80.4479
80.8042
81.9353
81.7153
81.8951
81.3292
81.058
81.5188
81.0213
81.3127
81.5896
81.2784
81.7065
81.3658
81.4697
80.4898
80.7416
81.3931
82.0059
80.7975
82.0269
81.2253
82.0375
80.9615
80.9552
81.3521
81.2974
80.6789
81.9837
80.8996
81.1396
82.0316
81.3038
80.9749
81.6469
81.0989
81.9041
80.6048
80.5177
80.8254
81.5175
81.7073
81.7037
81.124
80.9731
81.0735
81.2138
81.3147
82.0666
81.1197
81.7122
81.9935
81.9449
81.6497
80.855
80.8001
80.9017
81.7524
81.079
80.7854
80.552
81.8186
80.717
81.4558
80.6936
81.9638
80.4547
80.4977
80.4687
80.5724
80.9231
81.5862
81.8797
80.5268
80.6102
80.7528
81.2003
81.424
81.6675
81.1668
80.4437
81.2797
81.0603
81.9886
80.8293
81.5153
80.6887
81.331
81.1676
81.3677
81.7164
81.3196
81.0863
82.0334
80.6754
81.3799
81.8972
80.7301
81.4776
81.9659
80.9025
82.0006
81.4521
80.6822
80.4274
81.6623
81.035
81.2277
80.9863
80.6025
81.9946
81.03
81.4822
80.9549
80.9185
81.9115
82.0701
81.2072
81.1425
81.1378
80.4749
80.759
82.0574
81.1612
80.6924
80.6329
80.4411
80.4896
80.963
81.5187
82.0555
81.4655
81.4193
81.4076
81.7478
81.4467
80.9699
80.6828
80.5745
81.5562
80.8853
80.469
80.4861
81.9675
81.0239
81.0047
81.779
80.9941
81.8119
80.8215
81.7319
81.8868
81.1805
81.6893
80.948
81.4729
81.9222
80.9891
81.5625
80.7852
80.4078
81.5179
81.8507
81.4271
80.8255
81.4985
80.7738
81.3954
81.7813
80.9483
80.8515
80.5667
81.0174
80.9376
80.4342
81.6413
81.5423
81.8132
80.5354
81.2542
80.5347
81.8672
81.041
81.3152
81.4565
81.589
80.688
81.2787
80.4781
81.8505
81.6639
80.486
81.2684
81.4146
81.5131
81.6939
80.8132
81.8869
80.9893
80.4945
80.7352
81.4408
80.6612
81.3525
81.9784
80.6953
80.8938
81.4207
80.4085
81.0292
80.5749
80.5432
80.7964
81.2158
81.4584
81.853
80.7048
81.7464
81.0317
80.783
81.4969
80.5956
80.8689
80.6654
81.6102
81.982
81.9593
82.0234
81.7689
80.8486
80.4179
80.4041
81.8894
80.6791
81.3566
81.7679
80.9744
81.8504
81.0886
80.9829
80.7796
81.2634
81.1261
81.176
82.0793
80.4845
80.929
80.6841
81.8309
81.5607
81.0671
81.2278
81.7562
81.5361
81.4932
81.2665
81.4181
81.3525
81.1899
81.087
81.8011
81.2078
81.091
81.5906
81.4869
82.0477
81.2584
82.0613
81.7981
81.947
80.9442
80.4777
81.1104
81.6703
81.2538
81.0897
81.7548
81.7827
81.3738
81.4857
81.2434
82.0409
80.6136
80.8997
81.477
81.7068
81.7661
80.7951
80.9593
80.856
81.482
80.6604
81.6638
80.4731
81.851
81.0507
80.4207
81.0094
81.0119
81.8188
80.8564
81.5562
81.8965
81.5668
81.1265
81.0503
80.5565
80.7813
80.733
81.5303
81.8671
81.5764
81.4712
82.0807
82.0761
80.8482
81.6874
81.7422
81.2433
80.5467
80.4982
80.6254
80.8072
81.762
80.6985
80.5581
80.7127
80.7192
81.1675
81.3246
80.438
81.6239
80.7808
81.9346
81.0907
81.5073
80.8849
81.2471
81.8886
81.2179
80.6774
81.6557
80.6943
81.7487
81.6364
80.6704
80.4969
81.2238
82.0126
81.3403
81.3706
80.4109
81.5657
81.7777
81.7729
81.8641
81.9359
82.0856
80.4833
81.0034
81.3103
80.5214
80.5273
81.6911
82.0559
81.2179
81.0984
80.8408
82.0651
80.887
81.6587
80.6425
80.4428
81.9531
81.9912
81.6792
80.5235
82.0881
80.803
80.4362
81.3284
81.7736
80.447
80.7941
81.4513
81.8199
80.5582
81.2871
81.8056
80.6415
81.8905
81.0158
80.7629
82.0178
80.6069
80.7188
81.1357
81.3053
81.1597
81.1008
81.7923
80.7184
81.3433
81.835
80.5715
81.2345
81.4142
80.695
81.2227
81.8172
80.7311
80.4511
81.4907
80.7782
80.8452
80.842
80.4981
81.0033
81.7292
81.9037
81.2448
81.5197
80.8195
81.6077
81.4375
81.0264
81.9265
80.4732
81.9316
80.9862
81.174
81.6239
81.3046
80.4173
81.3589
81.476
81.2519
80.6731
81.771
82.0746
82.0903
80.4022
80.4257
81.4811
80.7803
80.8708
81.9231
80.8784
81.4742
81.5523
80.6821
80.619
80.972
81.1016
81.8267
82.0095
81.728
81.6533
82.0827
81.5596
80.5395
81.1567
81.0835
81.444
81.1741
82.0424
80.8201
82.0259
80.6155
80.4911
82.0005
80.6059
80.4933
82.0262
81.6869
80.8736
80.797
81.51
81.352
81.8712
80.9623
81.6342
82.0902
81.5343
80.6358
81.8169
81.4438
81.9638
81.3702
81.4265
81.4234
81.5096
80.4832
80.4068
80.8537
81.2572
82.0493
81.2738
81.1832
80.5648
81.3649
81.0837
80.7707
81.4582
81.0099
82.0576
81.9317
81.4069
81.4676
81.1838
81.1781
82.0299
80.718
81.1682
81.4642
80.9537
80.8851
80.808
80.8175
81.8553
81.8344
81.8409
81.2649
81.9176
81.8477
81.7186
81.0749
81.797
80.8923
81.858
81.9618
81.8572
80.8417
80.6325
81.2154
81.4516
80.5901
81.0471
80.7585
81.6577
81.8309
81.5366
81.5876
80.4489
80.6048
80.9518
81.0026
81.0899
81.3598
81.4201
80.8452
81.0942
81.161
81.7101
80.9119
80.9087
81.3287
81.5867
80.6057
81.821
81.3447
80.4675
81.5783
81.7865
80.7
80.6937
81.1381
80.89
81.3408
81.4966
80.4477
81.0717
80.9332
81.6353
81.1206
81.138
80.4872
81.7232
81.8279
81.447
81.0434
80.5731
80.4412
81.8044
81.8832
80.9531
80.6131
81.1119
80.4398
80.8188
80.833
81.3845
80.8863
82.0112
81.071
81.1863
80.6049
81.8091
81.6763
81.5457
81.2056
81.7241
80.5174
81.7388
81.2594
81.238
80.7768
81.3466
80.8612
80.5047
80.6935
81.5046
80.6778
80.7347
81.209
80.461
81.2878
81.4221
81.1729
81.3275
81.8409
81.6059
80.6121
80.6272
81.5171
81.283
81.4135
81.722
80.9921
80.9898
81.1677
81.7977
80.6139
81.2852
81.4365
81.4733
80.4232
81.8133
80.7198
80.8844
81.9179
81.0134
81.989
80.4957
81.3481
81.098
80.5567
80.5359
80.4201
81.3296
81.4634
81.8609
80.8355
81.6755
82.0881
81.9526
80.8585
81.4016
81.5746
81.4506
81.9914
80.6424
81.1483
80.5053
81.5275
80.4848
81.5785
81.5507
81.8981
81.8984
82.0351
81.716
80.8117
81.9241
81.8117
81.7598
80.9221
81.9684
81.8957
80.9422
81.198
81.2591
80.7031
81.6334
80.8345
80.6913
81.486
81.293
81.6929
80.9606
80.6436
81.5843
81.203
81.3919
81.6895
80.6305
81.4767
81.1681
81.7812
81.2748
80.9664
81.7163
80.8909
81.3782
81.5404
80.6026
81.038
82.0625
80.471
80.8336
80.9047
81.269
81.6927
81.2079
80.8024
80.4272
81.4991
81.8885
81.3203
81.092
80.7491
81.5639
80.5763
81.5521
80.8558
81.8658
81.7826
81.9325
80.9339
81.4638
81.1074
81.5003
81.0801
81.5982
80.7785
80.5205
81.8008
81.4164
80.4831
81.8719
81.85
80.9878
81.0409
81.4427
81.7957
81.4433
81.4699
81.1948
81.2318
80.6902
81.8868
81.5809
81.8541
82.063
81.033
80.6098
81.8288
80.7156
80.4424
80.6627
81.7794
81.1497
81.763
80.7595
80.6479
80.4414
80.88
82.0488
81.4578
80.9631
81.8207
81.2078
81.5509
80.7615
80.5506
81.2465
81.8048
81.6205
82.0413
80.9366
81.9107
81.828
80.4175
81.6648
81.791
81.0505
81.8746
81.5199
81.3661
81.9169
81.7825
81.0455
80.9667
81.4455
81.405
81.2146
81.4869
81.885
81.1634
80.8447
80.748
80.8841
81.6525
81.8989
81.2456
81.8031
81.0454
80.9504
81.3236
80.9867
81.4871
81.1343
80.7147
81.5046
80.6991
80.4058
80.4551
80.4736
81.5256
81.4212
81.9906
81.2082
82.0666
80.8572
80.5536
81.3716
81.6718
81.6405
81.1565
80.7352
82.0852
81.5046
81.2193
81.6378
81.3035
82.0649
81.3409
81.9489
80.9154
80.5645
80.8356
82.0024
81.2988
81.1503
81.407
81.5978
81.1561
81.4621
81.6714
80.5818
80.7832
81.562
81.3899
80.7498
82.0192
81.5436
81.7214
81.5911
81.0841
80.7779
81.9263
81.0693
81.8825
81.0456
80.6071
81.0859
81.0106
81.5479
80.9348
81.5259
81.7124
81.3704
81.4283
80.9111
80.4207
80.7353
80.4089
81.1768
81.7974
81.6804
81.3586
80.4806
81.1424
80.6485
80.8304
81.0616
81.7921
80.4518
80.5527
80.7762
80.8297
82.079
81.4455
80.6122
81.0247
81.6525
81.2981
81.6352
81.1004
81.8329
81.0611
80.7128
81.1033