85.9751
85.6887
84.9643
85.7983
85.4227
85.8049
85.6152
85.8487
85.6185
85.3075
84.7118
85.5533
84.551
84.7706
85.1196
85.4731
84.4997
84.7203
84.8325
85.5594
85.504
84.4249
84.609
84.3093
84.8976
85.7804
85.6669
85.7883
85.3763
85.689
85.978
85.3514
85.3777
84.9423
85.1497
84.8004
84.7472
84.765
84.6491
84.3657
85.7725
85.0609
85.619
84.3235
85.5314
84.7386
85.4966
85.7311
85.1589
84.3291
85.2905
84.6629
84.454
85.5995
84.6722
85.0516
85.3799
84.3391
84.8398
84.7561
85.728
84.8179
85.8075
85.1057
85.4602
84.9572
85.6061
85.9074
85.4222
85.9551
85.9731
85.1946
85.016
85.5921
85.2181
84.5474
84.3307
84.7147
85.9785
85.1895
84.7438
85.269
85.5524
84.8978
84.8685
85.9245
85.6494
85.9484
85.9636
84.4892
84.7045
85.6916
85.0071
84.512
84.7974
84.4673
85.1693
84.4035
84.3747
84.5914
84.3586
84.3478
85.4861
85.0746
85.6399
84.7042
85.322
85.6705
85.1189
85.3005
84.86
85.5627
84.5695
84.4124
84.4605
85.1381
84.3369
85.8099
85.0864
84.3005
85.9991
85.491
85.6921
85.0062
85.703
84.4895
85.1734
84.8723
84.5929
85.2481
85.1637
84.6515
85.2959
84.6498
85.4261
84.9357
85.054
84.7481
84.6062
85.8729
85.7487
85.1662
85.4356
84.3182
85.2786
85.5961
85.1563
85.3155
85.4059
85.9427
85.316
85.405
85.4337
85.0081
84.4112
85.1367
85.1976
85.2846
85.709
85.4905
84.5327
84.8727
85.8421
85.5286
85.2224
85.2682
84.4643
85.9764
85.7164
84.7706
85.8493
85.465
85.6368
85.2848
85.4833
84.9154
84.8809
84.6395
85.9309
85.9868
84.5823
85.2469
85.3919
85.716
85.955
85.503
84.8527
85.1526
84.7877
84.5617
84.6431
85.0204
85.1344
84.4852
84.549
84.3568
85.4534
84.7133
84.3332
85.1698
85.1839
85.8825
84.6348
84.8208
85.1673
85.8181
85.4362
85.7482
84.4576
85.3671
85.7351
84.7399
84.614
85.1269
84.4559
84.569
84.63
85.0085
85.4216
85.1176
85.2702
85.7647
85.838
84.4046
85.9499
84.387
84.4614
85.4033
84.8003
84.4946
84.5731
85.6842
84.3771
84.908
84.505
85.2444
84.7261
85.6412
84.9927
84.8837
85.0083
84.7277
85.3236
85.3223
85.5546
85.4795
85.5912
85.8846
84.488
85.0128
85.0022
85.4582
84.7775
84.8402
85.5628
84.7274
84.9272
85.7242
85.8307
85.4275
85.9188
84.4038
85.1117
85.9959
85.0118
85.3167
85.2403
85.4379
84.9579
85.933
84.3216
85.6661
84.6607
85.3452
84.9884
85.9154
84.8247
84.5796
85.8
85.0127
85.2924
84.8022
84.4709
85.7699
85.3424
85.7338
84.4973
85.9695
85.458
84.328
85.397
85.3768
84.4319
84.5087
85.3727
85.1437
85.5254
84.613
84.5816
84.4832
84.546
84.6032
85.8494
84.9068
85.6484
84.8378
84.8221
84.4731
85.1174
84.6221
85.1858
84.4099
85.1243
85.3567
85.8798
84.4667
85.0905
84.3771
84.4362
84.5484
84.4051
85.5332
85.6252
84.537
85.7418
84.9979
85.3807
85.2672
85.311
85.6622
85.4504
85.557
85.9654
85.2998
84.4638
85.6138
85.8375
84.9859
85.7869
84.955
85.3081
84.9727
85.0648
84.4323
84.3294
84.9446
84.599
85.1199
85.0217
84.7352
85.3683
85.1268
85.9683
84.9936
85.3638
85.7102
85.6915
84.7445
84.9773
85.0025
84.4067
84.4278
84.5595
84.3722
85.4275
84.7234
85.686
85.2651
85.4093
85.4729
85.9201
84.7173
84.4456
84.9849
84.8497
84.475
85.6295
85.1487
85.2949
84.6512
85.5839
84.6632
85.478
85.5522
85.3568
84.8418
85.2624
85.0483
85.2863
85.9397
85.7508
85.3931
84.3675
84.3104
85.4652
85.495
84.7337
85.1512
84.7601
85.843
84.6241
84.6802
84.5604
84.7697
85.365
85.1101
84.9447
84.9945
85.9587
85.9395
85.3457
85.5426
84.6028
84.8236
85.0948
85.6596
85.3654
84.3571
84.7079
84.6517
85.9968
84.4587
85.7448
84.3643
84.4691
85.21
85.5593
84.9029
84.3612
84.3194
84.7459
84.6853
84.6996
85.0063
85.155
85.7646
85.8163
85.7996
84.7591
85.7751
85.7392
85.8048
85.3177
84.3419
84.6284
84.4125
85.7015
85.6939
84.4696
84.4094
84.3456
84.4664
84.5681
85.7904
84.5307
84.7372
85.0004
85.7901
85.3401
85.0616
85.8095
85.786
85.4469
84.5091
84.7923
84.6019
85.9737
84.6086
84.4015
84.7328
84.3837
85.8407
84.5376
85.4013
85.8826
84.8661
85.5138
85.5841
84.5599
85.6834
85.6935
84.6055
85.8498
85.9616
84.3959
84.3805
84.6989
85.0963
85.8706
85.739
85.8579
85.6801
85.525
85.3048
85.8892
84.3173
85.6067
85.8629
84.6259
85.7083
84.5958
84.7095
85.549
84.8334
85.8109
85.4316
85.3995
85.3247
85.0157
85.6594
85.0081
84.7093
85.9649
84.8579
84.6709
84.3608
84.9384
85.0697
85.1571
84.809
84.8087
85.015
84.4892
84.3337
84.3198
84.3784
84.3509
85.6265
85.9413
84.6768
85.3348
84.5371
85.0863
84.8838
85.0705
84.8972
84.3154
84.47
85.9219
85.0312
85.8294
84.93
85.4404
85.7942
85.4879
85.8113
85.855
84.4263
84.8811
85.0121
84.9354
85.3897
85.727
85.1245
85.4234
85.7468
85.2029
85.4743
85.3734
85.1442
85.8511
84.7082
85.3813
84.9375
85.292
84.4518
85.5347
85.3075
84.6218
85.4567
84.3387
84.4511
84.3867
85.4791
85.9454
85.5745
85.2904
85.8004
85.7009
85.8715
84.8124
84.6362
85.2612
84.5394
85.4608
84.6846
85.9863
84.6637
85.859
85.3596
85.5079
85.7101
85.7678
84.8892
84.6476
85.0599
85.041
85.8823
84.3673
85.3628
85.339
84.406
85.5139
85.4257
85.5851
85.4593
85.0002
84.8755
85.2597
84.7011
84.747
85.7721
85.0373
85.7082
84.3115
84.4981
84.3929
85.9978
84.8617
85.9519
85.3574
84.3696
85.662
85.1253
84.9588
84.3096
85.8851
85.6997
85.8919
85.9524
85.0625
85.2309
84.3584
84.5764
84.6566
85.6435
85.7357
85.3568
84.519
84.9954
85.7579
84.966
84.7675
84.7952
84.6742
84.779
84.9932
84.7671
84.7768
85.555
84.719
85.8342
85.6245
84.3809
84.9594
84.5833
84.3905
84.8446
85.9831
85.9825
84.797
85.0456
85.2134
84.8554
85.322
85.57
84.4989
85.0578
84.9268
84.718
85.7532
84.6846
85.384
84.5206
85.1798
85.7582
84.9996
85.873
84.5253
85.4764
85.428
84.9443
85.3106
85.0525
85.0252
85.9701
85.3358
85.1157
84.8147
85.3189
85.0982
85.3117
84.3645
84.3116
85.8671
85.3865
85.5816
84.366
84.4442
84.5084
84.784
85.8974
84.893
85.868
84.418
85.7728
85.6262
85.1177
85.6458
85.8515
84.5941
85.0738
84.7957
85.6048
85.8263
85.5209
85.5749
85.1621
84.6367
84.3895
84.481
85.4349
85.4012
84.5454
85.4465
85.2683
85.6319
85.0281
85.3343
85.7762
85.2365
85.8183
85.6735
85.8294
85.6862
85.7916
85.6022
85.3124
84.9093
85.248
85.1638
85.2034
84.3217
85.6596
84.8082
85.848
85.1805
84.383
85.0101
85.5172
84.4725
85.1911
84.952
85.5737
85.4366
84.3985
84.8419
85.0685
85.1266
85.8762
84.8446
84.3631
85.6945
84.5182
85.8925
85.3807
84.3097
85.4947
84.6931
84.919
84.7427
85.557
85.8224
84.7644
85.2165
84.6305
84.6124
84.397
84.7135
85.3226
85.6142
84.8861
84.5137
84.5662
84.4597
85.6502
84.6648
85.0017
84.7187
85.4914
84.8779
85.2633
85.5545
84.5724
85.4815
85.447
85.6531
85.4912
84.9417
84.3463
84.4102
85.3844
85.6032
85.9326
85.8489
84.8197
84.5631
84.4613
84.9168
84.9767
85.4839
84.531
85.5627
85.6975
84.7972
85.7225
85.3478
85.162
84.7242
85.7664
84.6534
85.3021
85.0298
85.9078
85.5746
84.5112
85.3548
85.2277
85.7024
85.9965
85.274
85.8127
85.381
84.8772
85.7453
85.2299
85.3969
84.3084
85.3912
84.3137
84.9851
84.8751
84.5446
84.5478
84.5726
85.0418
85.9703
85.6204
85.9038
84.6945
85.3868
84.5571
85.6966
84.4166
84.465
85.2712
84.6278
85.5198
84.4989
84.3302
85.5163
85.4729
85.8429
84.8973
84.35
85.5881
85.8272
85.4469
85.5965
85.2183
85.4606
84.5816
85.7934
85.7052
84.8294
84.366
84.747
84.7998
85.6864
84.6508
85.1943
85.0732
84.908
84.8909
85.1897
85.073
85.8621
85.5175
84.5928
84.361
85.5477
85.8091
85.5339
85.3906
84.7064
85.5839
84.9788
84.5336
85.0308
84.5753
85.4519
84.4914
84.8569
85.2453
85.8966
85.3864
85.3113
84.6437
85.8861
84.9977
84.9945
85.0804
85.7708
85.6025
85.6713
84.9606
84.6754
85.5334
84.4781
84.9682
85.5944
85.7258
84.7773
85.1283
85.1165
85.1837
84.7122
85.7952
85.4173
85.443
84.3705
84.8692
85.6344
84.9274
85.8145
85.531
84.3138
85.1258
85.8747
85.8999
85.8235
84.8692
84.9803
85.5943
84.4717
84.6516
84.5549
84.8471
85.885
84.733
85.5153
85.4795
84.4588
85.9926
84.6078
85.2753
85.1762
85.0199
85.0705
84.5935
84.4629
85.141
85.1627
85.7973
85.7685
84.9772
85.3283
85.7823
85.803
85.203
85.6822
85.6265
85.7722
84.6625
85.2208
85.9439
85.0142
85.4757
84.7909
84.8992
85.9087
84.3062
84.3787
84.3676
85.9988
84.6864
85.3429
85.175
85.4064
84.4134
85.4685
85.5693
85.2544
84.6312
85.3666
85.0229
85.3084
84.6949
84.8052
85.1114