1.091939
1.090016
1.258938
1.090779
1.090276
1.091633
1.091726
1.089528
1.091435
1.092473
1.090978
1.090901
1.091130
1.089070
1.090291
1.091527
1.091084
1.089391
1.091969
1.090306
1.092808
1.091527
1.092335
1.089314
1.091725
1.091374
1.090352
1.091145
1.092107
1.090047
1.092458
1.092030
1.090047
1.090001
1.092427
1.088719
1.130725
1.091436
1.090550
1.090093
1.091756
1.091329
1.089116
1.090703
1.091771
1.090260
1.093312
1.090824
1.091008
1.091924
1.091603
1.090123
1.090261
1.091680
1.089253
1.089589
1.091252
1.089559
1.091176
1.091816
1.091099
1.090031
1.091405
1.091420
1.089376
1.091497
1.091740
1.089406
1.092320
1.091344
1.089574
1.091938
1.091466
1.090001
1.091466
1.091404
1.089422
1.091588
1.092106
1.089803
1.091221
1.091725
1.088734
1.091389
1.091253
1.089482
1.089940
1.091222
1.092732
1.090062
1.091084
1.091680
1.091649
1.091237
1.091100
1.089879
1.091817
1.091938
1.089757
1.090992
1.091298
1.089467
1.089391
1.090993
1.091451
1.090931
1.091451
1.090291
1.091054
1.090856
1.089696
1.090031
1.091694
1.091435
1.089330
1.091389
1.091481
1.090947
1.091725
1.268566
1.089543
1.092122
1.091755
1.089315
1.090398
1.091374
1.090016
1.094136
