4.540217
4.570351
4.462675
4.332769
4.541894
4.638554
4.641270
4.605566
4.622533
4.629262
4.579780
4.660632
4.662509
4.640095
4.646458
4.675113
4.635122
4.640492
4.648197
4.627720
4.651737
4.691057
4.622487
4.647983
4.673022
4.635640
4.640797
4.597754
4.625478
4.642796
4.605886
4.621999
4.588172
4.702562
4.651783
4.650272
4.588813
4.619970
4.655124
4.646702
4.624670
4.548440
4.631169
4.655582
4.655674
4.653232
4.640995
4.624502
4.637883
4.678790
4.629201
4.653904
4.617758
4.628774
4.682345
4.684968
4.668537
4.634526
4.649174
4.633168
4.632802
4.624837
4.608572
4.654269
4.648579
4.723373
4.625219
4.640720
4.645588
4.643071
4.639942
4.637013
4.628209
4.625051
4.627370
4.608740
4.682802
4.634785
4.618109
4.622625
4.642170
4.614920
4.661090
4.602438
4.626806
4.614934
4.607306
4.603155
4.609442
4.631627
4.679049
4.657367
4.607459
4.646152
4.592765
4.649982
4.637669
4.625768
4.627980
4.633702
4.649097
4.617132
4.656223
4.640476
4.681978
4.613287
4.617605
4.621709
4.633596
4.604117
4.625570
4.599432
4.616964
4.585823
4.656192
4.636998
4.611288
4.620366
4.648517
4.611456
4.587913
4.511882
4.623113
4.595069
4.647800
4.628499
4.642582
4.692033
4.631368
4.621144
4.604697
4.602911
4.620213
4.622457
4.595587
4.615179
4.636022
4.611441
4.603827
4.625112
4.662067
4.595466
4.618094
4.623006
4.587501
4.606238
4.586387
4.631520
4.621846
4.607687
4.610723
4.613943
4.644032
4.633153
4.601065
4.658969
4.610114
4.631840
4.630529
4.581962
4.576302
4.594398
4.575417
4.608542
4.563973
4.630131
4.556085
4.604804
4.589606
4.599829
4.605734
4.596503
4.591758
4.615697
4.472685
4.601340
4.539652
4.579521
4.584404
4.644200
4.617239
4.617270
4.609167
4.615408
4.602362
4.618490
4.628743
4.606665
4.244012
4.656543
4.616338
4.606970
4.667162
4.618399
4.629048
4.596900
4.704942
4.596045
4.582526
4.589805
4.616964
4.586433
4.607458
4.586677
4.570031
4.577232
4.587379
4.558938
4.605459
4.581321
4.592506
4.581062
4.587959
4.573876
4.591728
4.593879
4.587944
4.610159
4.578376
4.599585
4.571357
4.583060
4.568825
4.567147
4.591452
4.593970
4.569787
4.581077
4.579567
4.599554
4.641301
4.578270
4.575630
4.593116
4.605307
4.564080
4.462248
4.579078
4.569115
4.573113
4.594336
4.581352
4.598807
4.613561
4.578804
4.605689
4.564858
4.574242
4.578468
4.596213
4.572670
4.597144
4.581016
4.581810
4.609778
4.568245
4.586219
4.613150
4.570000
4.613501
4.584510
4.611014
4.560906
4.589942
4.574257
4.597495
4.624120
4.612494
4.577888
4.595298
4.596427
4.596335
4.620306
4.577324
4.601233
4.524943
4.585380
4.549875
4.613439
4.572640
4.555048
4.587028
4.623632
4.585761
4.620657
4.586067
4.586143
4.594839
4.635014
4.632695
4.606054
4.593604
4.613592
4.585319
4.611104
4.606222
4.578911
4.592948
4.585014
4.567086
4.577736
4.573570
4.589698
4.615378
4.582511
4.576408
4.614431
4.569756
4.633930
4.653736
4.621587
4.588035
4.561135
4.631215
4.583992
4.579338
4.553537
4.595634
4.585045
4.550668
4.605764
4.611257
4.572395
4.571007
4.626271
4.619100
4.581351
4.601294
4.616460
4.632908
4.591010
4.584373
4.580376
4.582450
4.603918
4.581749
4.584510
4.589149
4.579842
4.554711
4.598807
4.455351
4.586448
4.557000
4.572624
4.574105
4.603720
4.580497
4.619985
4.573891
4.603124
4.567055
4.621388
4.597678
4.573250
4.591071
4.634007
4.621923
4.595038
4.571358
4.607550
4.614370
4.575051
4.595359
4.577217
4.602896
4.557214
4.568398
4.597556
4.565285
4.599570
4.601386
4.632589
4.604086
4.589790
4.588248
4.589240
4.570916
4.628606
4.598731
4.597403
4.544198
4.597358
4.657230
4.607458
4.597327
4.613562
4.575264
4.638462
4.606741
4.577766
4.577476
4.600333
4.616110
4.587043
4.586356
4.579185
4.579399
4.577156
4.573051
4.577354
4.609350
4.576500
4.562066
4.591438
4.565164
4.601630
4.557839
4.565896
4.630864
4.566948
4.594504
4.563057
4.566017
4.461469
4.567162
4.616567
4.610129
4.594061
4.581749
4.581780
4.582740
4.613455
4.581230
4.582024
4.597067
4.605581
4.594825
4.578011
4.580345
4.573631
4.596366
4.600394
4.584144
4.576180
4.587120
4.578606
4.595755
4.597693
4.601310
4.569649
4.603522
4.594993
4.591300
4.549630
4.591178
4.552285
4.628239
4.596258
4.594871
4.563546
4.578559
4.596473
4.570061
4.551050
4.586844
4.570687
4.590216
4.631002
4.573463
4.608176
4.570488
4.572212
4.573753
4.546151
4.560448
4.560357
4.578117
4.569939
4.628438
4.602896
4.584754
4.603323
4.559929
4.580589
4.602591
4.623006
4.628179
4.533305
4.592017
4.598517
4.592292
4.601172
4.626394
4.541025
4.550302
4.636922
4.624410
4.546213
4.627690
4.602331
4.645451
4.594276
4.573830
4.583091
4.605277
4.581108
4.577354
4.476941
4.581901
4.594276
4.578590
4.621710
4.641239
4.603522
4.582938
4.570442
4.576500
4.615148
4.589194
4.617269
4.573356
4.593115
4.602469
4.578713
4.572868
4.608786
4.607519
4.573189
4.573921
4.638493
4.586020
4.573082
4.607428
4.586753
4.589392
4.600592
4.582923
4.597266
4.589820
4.589164
4.589225
4.586142
4.601172
4.609335
4.580406
4.577827
4.569252
4.580940
4.592780
4.612752
4.599249
4.596610
4.568702
4.586311
4.578437
4.622899
4.600531
4.579033
4.599371
4.591605
4.609411
4.635105
4.592200
4.618627
4.575523
4.615118
4.591636
4.575142
4.619390
4.599143
4.590659
4.563851
4.627309
4.589805
4.545633
4.604956
4.625844
4.611319
4.570747
4.670824
4.635838
4.563103
4.617940
4.664829
4.636891
4.618200
4.580176
4.610510
4.613637
4.582511
4.638065
4.583443
4.586937
4.607748
4.592826
4.570045
4.619299
4.583808
4.643177
4.608816
4.642155
4.637502
4.592948
4.592200
4.608984
4.577110
4.579017
4.588752
4.585349
4.674364
4.628514
4.616354
4.570717
4.618184
4.621556
4.604086
4.618032
4.628423
4.615683
4.603919
4.629293
4.594566
4.585167
4.595343
4.593817
4.601904
4.646687
4.622305
4.574379
4.606237
4.601752
4.608847
4.633382
4.592643
4.597663
4.572242
4.596839
4.629140
4.607748
4.590796
4.591590
4.592430
4.576043
4.587639
4.609960
4.595465
4.579948
4.573723
4.589500
4.568565
4.591239
4.596487
4.614020
4.573951
4.607641
4.586280
4.577858
4.626043
4.597647
4.589042
4.583335
4.586524
4.601142
4.577278
4.610052
4.579704
4.633550
4.612707
4.588263
4.627477
4.629872
4.614920
4.627355
4.601340
4.583580
4.600104
4.610159
4.579658
4.611379
4.577735
4.576744
4.628576
4.601050
4.579796
4.579429
4.616781
4.591162
4.575112
4.598120
4.571327
4.613836
4.582496
4.607016
4.610342
4.563057
4.617193
4.585457
4.570839
4.605459
4.585197
4.587028
4.593177
4.611639
4.594077
4.589653
4.581870
4.569130
4.623861
4.589179
4.625508
4.611578
4.588691
4.580864
4.626073
4.570640
4.563515
4.605475
4.606345
4.570061
4.596015
4.593086
4.584251
4.594931
4.637227
4.593696
4.579643
4.604926
4.591041
4.635197
4.631551
4.607565
4.603201
4.608175
4.537317
4.570747
4.599875
