9.713044
9.682498
9.680194
9.702425
9.694521
9.753921
9.768629
9.732727
9.741241
9.752364
9.711457
9.755645
9.715577
9.755584
9.728790
9.720323
9.723344
9.778623
9.766554
9.731217
9.762084
9.672153
9.737609
9.777525
9.726472
9.752197
9.767851
9.694476
9.779569
9.711366
9.715180
9.767912
9.714097
9.756499
9.747542
9.740616
9.754745
9.715455
9.730683
9.729172
9.753722
9.722367
9.746978
9.754012
9.726258
9.747726
9.746856
9.751709
9.715028
9.728501
9.706621
9.824703
9.741760
9.719162
9.551965
9.547419
9.647908
9.635061
9.708773
9.733978
9.711595
9.689517
9.721162
9.775022
9.741501
9.699861
9.743973
9.737610
9.741927
9.711656
9.695986
9.735718
9.800763
9.725846
9.742111
9.734619
9.743439
9.732056
9.655659
9.706728
9.731277
9.699801
9.688907
9.653828
9.707872
9.719239
9.653721
9.638403
9.733933
9.684726
9.810680
9.762541
9.690295
9.720338
9.788846
9.754073
9.711579
9.673831
9.664386
9.695818
9.708879
9.636388
9.652867
9.758757
9.712785
9.723099
9.546855
9.683200
9.737763
9.727936
9.763106
9.718812
9.706911
9.678211
9.750655
9.729264
9.655048
9.614493
9.754470
9.744659
9.715516
9.744293
9.668552
9.705599
9.696810
9.711793
9.712663
9.699266
9.669010
9.678149
9.720323
9.658543
9.737930
9.715028
9.667652
9.653385
9.715364
9.750122
9.712572
9.684619
9.736618
9.724869
9.722855
9.772062
9.704119
9.715120
9.673297
9.744811
9.751327
9.728669
9.714967
9.632360
9.683185
9.745102
9.703417
9.699084
9.665058
9.703997
9.686771
9.666095
9.689959
9.643514
9.746811
9.755248
9.690234
9.701525
9.675815
9.666538
9.692889
9.652073
9.702242
9.660603
9.672473
9.686221
9.695635
9.641530
9.708070
9.666828
9.655277
9.631353
9.646870
9.557383
9.689776
9.637914
9.660434
9.610251
9.682620
9.637059
9.694537
9.666477
9.656850
9.699342
9.671664
9.673923
9.673358
9.667500
9.650182
9.628805
9.658055
9.633962
9.610938
9.689150
9.717409
9.620230
9.695040
9.664997
9.622061
9.628316
9.637044
9.660892
9.595482
9.619254
9.671680
9.677050
9.622839
9.730607
9.594032
9.663379
9.673038
9.660313
9.721299
9.671314
9.651738
9.644277
9.658832
9.642293
9.678897
9.606697
9.649541
9.705263
9.667026
9.702532
9.667805
9.646337
9.691469
9.643041
9.730560
9.660496
9.610069
9.678012
9.626516
9.625616
9.642491
9.666096
9.637930
9.634023
9.654759
9.615653
9.662022
9.621894
9.653127
9.665989
9.638005
9.640889
9.671420
9.659489
9.608298
9.621344
9.610190
9.669621
9.619757
9.637396
9.656483
9.630499
9.593406
9.743865
9.624365
9.665089
9.625876
9.648168
9.655018
9.591560
9.712496
9.624548
9.656850
9.643422
9.656772
9.648808
9.620627
9.759337
9.684405
9.688387
9.661380
9.665958
9.651143
9.660709
9.670719
9.665897
9.737351
9.664371
9.665745
9.680911
9.664051
9.731949
9.680270
9.673557
9.690142
9.715424
9.733445
9.738555
9.697253
9.704073
9.642598
9.644338
9.649358
9.684084
9.653386
9.649678
9.625845
9.675784
9.669834
9.670367
9.658390
9.722779
9.662525
9.673877
9.619619
9.633077
9.623007
9.677265
9.680270
9.639654
9.663380
9.697954
9.665363
9.655827
9.666858
9.651264
9.630620
9.664203
9.685732
9.672885
9.664738
9.609351
9.679431
9.727067
9.720505
9.699663
9.625403
9.675876
9.653935
9.691607
9.652227
9.644017
9.657749
9.687304
9.702608
9.716157
9.706148
9.661839
9.673327
9.664829
9.641637
9.639104
9.664234
9.702013
9.652684
9.646459
9.635534
9.676288
9.686556
9.659412
9.707643
9.632864
9.657154
9.622366
9.755722
9.708192
9.658954
9.690478
9.652074
9.667560
9.695223
9.711030
9.700350
9.698961
9.643499
9.721894
9.646627
9.681765
9.661167
9.689486
9.646275
9.675159
9.700762
9.803570
9.618430
9.597816
9.683307
9.720749
9.719483
9.689929
9.682483
9.646535
9.724472
9.764586
9.702959
9.628469
9.690966
9.706987
9.715273
9.816707
9.665241
9.697923
9.748245
9.573724
9.701860
9.631964
9.578103
9.673480
9.620337
9.634160
9.649876
9.686267
9.594414
9.662510
9.705568
9.566033
9.553644
9.619940
9.577553
9.619024
9.653462
9.662464
9.728653
9.669910
9.628424
9.646443
9.674106
9.676868
9.658070
9.663838
9.623937
9.631994
9.650639
9.677585
9.652195
9.665027
9.634130
9.707383
9.656651
9.631796
9.687228
9.640538
9.644521
9.664204
9.671878
9.564477
9.634237
9.645131
9.689883
9.655309
9.680683
9.699495
9.643773
9.646688
9.649770
9.661686
9.638585
9.681629
9.657673
9.660130
9.627172
9.579019
9.695803
9.656758
9.638204
9.608909
9.620672
9.645299
9.649662
9.734985
9.630057
9.662739
9.667774
9.649266
9.671543
9.703844
