14.735917
14.843883
14.838756
14.874703
14.919379
14.862360
14.823970
14.990695
14.945607
14.853418
14.847102
14.809491
14.812223
14.829174
14.782927
14.867075
14.730760
14.758895
14.798048
14.690021
14.718477
14.755738
14.686878
14.772963
14.693836
14.828655
14.738542
14.756454
14.781340
14.793821
14.771972
14.785703
14.764235
14.766708
14.740219
14.815198
14.806150
14.745453
14.805692
14.762161
14.752564
14.739609
14.784895
14.502683
14.439256
14.588051
14.741486
14.793531
14.844005
14.814968
14.731080
14.842968
14.760727
14.582620
14.820599
14.808682
14.810070
14.725404
14.754592
14.757156
14.807035
14.785994
14.818111
14.712602
14.845302
14.732728
14.782973
14.841609
14.810178
14.532863
14.797590
14.823711
14.768950
14.788161
14.721666
14.812573
14.809873
14.813244
14.830196
14.766067
14.832882
14.723466
14.581857
14.848566
14.799573
14.879831
14.676045
14.805722
14.772537
14.820110
14.778243
14.858104
14.882729
14.763641
14.822704
14.760879
14.793653
14.801038
14.878641
14.754837
14.696124
14.838664
14.769362
14.739915
14.768859
14.745087
14.810910
14.712160
14.766326
14.866724
14.795057
14.570566
14.838420
14.799863
14.805372
14.786299
14.789915
14.807416
14.827129
14.867349
14.782195
14.761382
14.806958
14.789397
14.742310
14.799787
14.816464
14.817075
14.719926
14.787901
14.660832
14.809888
14.790418
14.810299
14.806943
14.855326
14.804013
14.776320
14.855891
14.775191
14.778731
14.825573
14.751968
14.766829
14.779326
14.828029
14.696078
14.794065
14.839885
14.772017
14.779174
14.780440
14.756118
14.763930
14.634147
14.789594
14.734513
14.758759
14.788054
14.824063
14.779494
14.804853
14.776961
14.780944
14.777495
14.825802
14.753250
14.826535
14.738267
14.741287
14.721574
14.800428
14.771285
14.758926
14.698871
14.754196
14.735307
14.812284
14.768020
14.757339
14.790510
14.776091
14.744370
14.783110
14.727601
14.762329
14.833354
14.642798
14.755310
14.845301
14.808179
14.633445
14.824673
14.791395
14.677281
14.849635
14.799330
14.792936
14.760940
14.781645
14.807843
14.751785
14.819577
14.766128
14.840953
14.792021
14.826900
14.712877
14.814206
14.788404
14.824474
14.803754
14.784774
14.811779
14.807889
14.842220
14.773010
14.699054
14.792753
14.794858
14.716646
14.810895
14.795514
14.806867
14.800672
14.738053
14.734818
14.679951
14.612113
14.733399
14.762390
14.731294
14.774169
14.747956
14.753998
14.761215
14.758087
14.836284
14.785872
14.740540
14.785963
14.771026
14.782988
14.782378
14.741044
14.677479
14.763687
14.733812
14.718844
14.742447
14.864206
14.730470
14.782546
14.764312
14.815884
14.798200
14.759948
14.795439
14.768157
14.834301
14.816022
14.729234
14.797452
14.820004
14.744019
14.787276
14.856852
14.787596
14.815350
14.777724
14.804578
14.720308
14.763213
14.857203
14.767013
14.918845
14.846262
14.732759
14.811383
14.794264
14.768997
14.759628
14.781829
14.743745
14.729463
14.872583
14.724260
14.781202
14.774276
14.781386
14.802122
14.851374
14.787031
14.864237
14.732743
14.789747
14.844615
14.746139
14.929465
14.704593
14.826702
14.707553
14.483397
14.574320
14.490996
14.692233
14.860835
14.823147
14.738709
14.755463
14.668935
14.691409
14.780806
14.857309
14.795027
14.677753
14.824536
14.865656
14.767836
14.807065
14.721315
14.772720
14.775648
14.775481
14.765563
14.912391
14.801924
14.764007
14.796766
14.801099
14.763885
14.719301
14.746079
14.773253
14.827938
14.774092
14.770828
14.748795
14.795438
14.778884
14.771560
14.795240
14.755294
14.637076
14.769439
14.785551
14.808316
14.754181
14.741089
14.732667
14.784956
14.764251
14.783629
14.806684
14.826656
14.782699
14.858348
14.764495
14.780516
14.825039
14.790586
14.900368
14.842478
14.734300
14.919013
14.874658
14.864054
14.749878
14.806943
14.853267
14.877786
14.771102
14.745422
14.828731
14.891305
14.857248
14.789167
14.791425
14.805813
14.786681
14.823574
14.867899
14.730699
14.831432
14.742585
14.812191
14.763671
14.766113
14.863992
14.711779
14.725526
14.635275
14.797224
14.764037
14.739426
14.803968
14.829830
14.822109
14.814923
