1.107197
1.099857
1.095951
1.096913
1.098759
1.509398
1.177734
1.282312
1.106922
1.095081
1.098973
1.103184
1.097356
1.210814
1.100300
1.101887
1.094823
1.096669
1.185363
1.095845
1.312448
1.094044
1.100895
1.100605
1.098820
1.095922
1.098957
1.102848
1.098896
1.100529
1.108554
1.094136
1.110829
1.097066
1.100545
1.109317
1.102696
1.097493
1.102604
1.101917
1.098820
1.093418
1.101384
1.095983
1.097950
1.102086
1.102344
1.106556
1.101505
1.100392
1.107731
1.104465
1.100086
1.103047
1.109196
1.094502
1.101826
1.099660
1.101841
1.099827
1.095906
1.098607
1.097431
1.100743
1.094243
1.103596
1.103352
1.097798
1.092701
1.097523
1.095677
1.102177
1.090978
1.103932
1.097997
1.103962
1.096776
1.103337
1.100361
1.095799
1.093449
1.102070
1.096409
1.097447
1.100133
1.104038
1.099629
1.101643
1.097843
1.104588
1.096669
1.101582
1.093663
1.099339
1.100895
1.100025
1.104847
1.099461
1.099003
1.099904
1.093556
1.099735
1.097446
1.100163
1.095418
1.097462
1.104558
1.099919
1.093297
1.102223
1.099918
1.100453
1.092412
1.099339
1.098515
1.094914
1.100606
1.097263
1.098271
1.098682
1.099842
1.096882
1.100666
1.100743
1.094181
1.099033
1.107105
1.094701
