72.5937
72.7412
72.5033
72.8982
74.1609
72.7034
73.5602
73.446
73.1183
74.1887
73.3278
74.0278
73.4289
73.79
73.9371
72.5763
74.191
73.7386
72.6349
73.5223
73.0446
73.2294
73.2763
73.5363
73.1187
73.4827
74.0672
73.089
74.1128
73.0221
73.1923
74.2065
73.2633
73.1956
72.8547
73.1742
73.399
73.9149
74.1202
74.0173
73.8536
73.198
73.7952
73.0325
72.738
73.4823
73.1088
72.6789
72.9709
73.2438
73.7012
73.5155
73.9732
72.7275
72.8018
72.8419
73.7102
72.619
73.4309
73.573
73.1411
74.1232
73.5295
73.9044
73.0689
73.8843
72.8286
73.9679
73.5492
72.6988
73.7353
73.1528
73.3968
73.2805
73.6853
73.6347
72.5128
72.5442
73.8137
72.9837
73.2879
73.2649
73.9991
73.0111
73.4924
72.5509
73.353
72.9526
72.6699
72.5339
74.0256
73.311
74.1572
73.3051
72.9654
72.9761
72.9394
73.2939
72.694
73.9886
73.4927
73.9292
72.8914
72.6395
72.9597
74.0768
73.7742
72.9725
74.1209
73.3379
73.4561
73.1589
74.1027
73.2053
73.67
73.3451
73.2561
72.773
73.7977
73.426
72.8069
73.5733
74.237
72.7141
72.6284
72.9523
73.1901
73.0678
73.7463
73.3841
72.8065
72.989
73.0634
73.1979
73.1284
73.5231
73.0247
72.6526
73.9955
72.8957
73.4905
73.2017
73.5545
73.3432
73.9069
72.9745
74.1883
72.9131
73.2475
73.736
73.8391
73.5544
73.0593
73.8261
73.7685
73.1878
72.5284
72.7086
73.7556
73.7747
73.5927
74.0621
72.5137
74.1561
73.0101
73.1421
73.4291
73.5348
73.2947
73.1747
73.9305
72.5352
73.8764
73.235
73.3784
73.5333
73.7095
73.3167
73.9464
72.707
72.8028
73.5355
73.7614
73.3621
73.1116
73.2799
74.0499
73.14
73.4885
73.5555
72.6647
72.8312
73.3676
72.6784
72.7373
73.8777
73.3205
73.6664
73.1625
74.1152
72.5911
72.8429
74.1504
73.9675
73.5779
73.2788
73.2508
73.0375
74.0955
72.9472
73.2445
72.6483
73.9827
72.7559
73.5104
72.8443
73.5358
73.3103
73.4843
72.7742
72.6158
73.649
73.1055
73.4835
73.8275
73.3428
73.1112
72.898
72.7592
73.7736
72.7632
72.8503
74.1166
72.6637
72.5678
73.4445
73.4425
73.3186
73.982
73.288
73.7658
72.9764
73.4362
73.4984
73.2323
72.6966
73.8427
72.5181
73.5069
73.077
72.7923
73.6228
74.2261
73.3978
72.8562
73.8036
74.2405
73.4674
74.2016
72.7497
72.991
72.7148
73.1
72.8576
72.8784
73.1678
73.8021
73.8209
73.9864
73.5341
72.8588
73.5021
74.0106
73.7951
72.7506
72.9929
73.9918
74.0933
73.0109
73.2487
72.9203
73.3033
72.6215
72.8964
74.201
72.9777
74.2
74.1916
73.9451
74.1516
72.6913
72.6861
72.6163
73.2913
73.0437
72.9948
73.9591
72.5958
72.5657
73.6955
73.63
72.9245
72.9476
73.3905
74.2196
73.1982
73.8834
73.9614
73.0415
72.6444
72.9601
73.4618
73.4476
73.0815
73.8583
73.3987
73.5592
73.8083
73.3403
73.2543
73.7099
73.5316
73.4404
73.8262
72.5729
73.9841
72.571
74.0321
74.0799
72.6366
73.4776
73.4599
73.0611
73.9252
72.6004
73.0307
72.8734
73.9838
72.7421
73.4149
74.1282
73.2022
72.6267
73.3258
73.7837
73.985
74.2245
73.0928
73.5433
73.3148
73.8471
73.0031
72.5963
73.0375
72.5793
72.6692
72.7715
72.6503
74.2013
72.6014
72.7869
73.4289
73.5613
73.3481
73.104
73.6618
73.8788
73.4774
73.3956
74.1209
72.6423
73.2738
73.0731
72.769
74.0996
72.6067
72.504
74.0741
73.1996
73.5472
73.1388
72.7967
74.0504
73.2352
73.3342
74.1297
73.4044
73.6057
72.5301
73.3557
73.7071
72.817
72.5346
73.0185
73.6651
73.1386
74.1802
73.2939
74.116
73.3258
73.1648
72.5083
74.0996
73.7379
72.7773
73.9492
73.8446
72.7812
73.7733
72.7942
73.8285
72.6621
73.0909
73.6289
73.3973
73.925
73.5086
72.5517
73.2807
73.5387
73.4074
72.7378
73.8557
73.442
73.2563
73.2707
74.0806
73.1865
74.0646
73.9466
74.0123
72.9794
73.9549
73.8619
74.2173
74.2322
73.561
73.8119
72.7634
73.0843
74.1061
74.0919
73.2464
72.947
73.4708
74.1437
72.622
72.7294
74.1954
73.4027
73.7681
73.3528
73.6406
73.3738
72.5448
72.6469
74.1445
74.1254
73.3334
73.9591
73.822
73.0957
72.6886
73.5269
72.7075
72.6559
73.509
73.7686
73.9678
73.7725
72.6029
73.8239
73.6144
73.3493
72.5209
72.8352
73.243
72.643
73.0647
73.1885
73.5457
72.5828
74.0413
72.9363
73.4565
74.0861
73.0832
73.3511
73.9615
73.9166
73.0602
73.5334
72.7622
73.2487
72.8103
72.9697
73.4046
73.8193
74.2383
73.1224
73.3418
72.5912
72.6963
72.7062
73.4405
72.7173
73.0415
74.1835
72.8602
73.6061
73.122
73.9059
73.6889
72.9133
72.5922
72.8955
72.7494
73.1754
73.7465
74.2108
72.8419
72.5567
73.4943
73.1042
73.3055
73.8046
73.5739
74.2101
73.3739
73.5622
73.0825
74.2157
73.6534
73.2788
72.672
72.8439
73.4961
73.2134
72.7774
73.8563
72.5696
73.3994
73.5122
73.7585
73.8127
73.6044
74.154
74.062
72.5298
73.6505
74.0228
72.8717
73.7072
73.2671
73.4759
72.7626
72.8216
72.7998
72.7227
73.6955
73.862
73.3052
73.6612
73.2655
74.0841
73.8332
73.6094
73.3302
72.7966
73.8868
72.9365
72.8662
73.0362
73.9487
74.1247
72.5989
73.3031
74.0286
74.1609
73.3329
73.4291
73.9337
73.7047
72.8863
72.9508
72.9306
73.149
73.2724
73.2304
73.3717
72.718
72.8425
74.1769
73.8792
73.6079
74.0109
73.4624
72.9673
73.0911
73.759
72.6041
73.5276
74.1252
73.1403
73.2263
73.9999
73.2391
74.0294
73.7786
73.15
73.1124
72.9577
72.8337
72.567
73.344
73.2845
72.9976
73.993
74.0569
73.7281
73.1146
72.5249
74.0705
73.0415
73.9041
73.4284
72.8025
73.1165
73.8957
73.3936
72.6256
73.9998
72.6712
72.5008
72.8901
73.3974
74.0007
73.6292
73.1768
73.5292
72.5292
73.7892
73.9869
72.8629
73.8562
73.0809
73.6474
72.6039
72.8239
73.4543
73.8319
73.4385
73.4792
73.6524
73.9801
73.1334
72.8308
72.5325
73.7499
74.2266
73.4261
73.8755
73.9764
73.5973
73.8762
72.6164
72.7447
73.6269
73.7457
73.4215
72.9062
73.7749
72.9607
72.6431
74.1378
72.5669
73.224
73.5352
72.6708
73.5479
72.7395
74.0027
72.7365
73.7187
73.4051
74.2166
72.6021
73.736
74.2491
73.852
73.7125
73.4252
73.4774
73.4389
72.7724
73.1037
73.5554
73.0171
74.2306
73.051
73.9387
72.8867
72.5759
72.6494
73.0298
74.2136
72.7163
73.7539
73.4988
72.8871
73.0518
73.7383
72.6398
73.2883
73.2071
73.545
73.2549
73.3091
73.031
73.2539
72.9111
74.2435
74.1791
73.8885
73.4324
72.7016
72.7422
72.7377
73.2187
72.7228
73.2887
72.9073
73.1095
73.3646
73.0567
73.6393
73.3283
73.273
73.1432
72.5771
73.6601
73.695
73.8154
73.8
72.7333
72.7725
73.0949
73.4881
73.5816
73.6259
74.2421
73.9927
73.6194
74.1712
73.6312
72.8018
72.6228
73.8734
73.0395
73.3415
74.0962
73.8283
73.7488
72.9557
72.9429
72.5555
74.095
73.7712
73.3285
72.9882
73.8483
72.7387
74.1832
73.4137
74.0386
72.6664
73.6861
72.8836
73.6546
73.0177
74.0095
73.6467
72.7604
73.3789
73.5679
73.8917
73.6807
73.6907
73.5151
74.2202
72.7821
73.3613
73.7985
74.0309
73.817
74.2414
74.0864
73.662
73.7626
73.165
74.1501
73.3608
73.4036
74.0833
72.5245
73.1923
74.2497
73.7106
73.5758
73.6543
