0.726988
0.716185
0.722227
0.722960
0.732664
0.726255
0.721861
0.720335
0.716429
0.711790
0.720519
0.713377
0.715941
0.716368
0.719481
0.725035
0.703795
0.717039
0.716429
0.712706
0.717284
0.717894
0.719054
0.702024
0.721800
0.720213
0.714598
0.720762
0.720519
0.721128
0.725279
0.722471
0.705259
0.717711
0.710814
0.725035
0.723387
0.721006
0.714903
0.715269
0.725157
0.724058
0.715270
0.726439
0.726866
0.717222
0.719237
0.707822
0.719785
0.717467
0.716002
0.720274
0.713438
0.712157
0.719908
0.720396
0.719481
0.710325
0.721373
0.713377
0.712400
0.710082
0.730162
0.720641
0.726988
0.730467
0.725218
0.712339
0.714292
0.716001
0.717344
0.722410
0.711973
0.728392
0.720091
0.713377
0.723875
0.721678
0.724485
0.719541
0.720213
0.717650
0.727354
0.725157
0.727477
0.717039
0.722593
0.729429
0.723387
0.751341
0.722960
0.729551
0.719664
0.718687
0.718076
0.715208
0.713866
0.719236
0.719298
0.725523
0.729552
0.717894
0.720396
0.730222
0.730039
0.722166
0.727904
0.717955
0.725645
0.717162
0.725401
0.731810
0.731443
0.728697
0.729185
0.721068
0.716123
0.726683
0.718016
0.721983
0.721067
0.722899
0.724363
0.725462
0.725645
0.727415
0.720152
0.721433
0.716734
0.720030
0.720579
0.721617
0.712522
0.710936
0.730101
0.723937
0.729856
0.720152
0.729490
0.732603
0.721128
0.723998
0.716368
0.726133
0.717161
0.737303
0.723570
0.720213
0.706297
0.716062
0.710203
0.723692
0.726072
0.718566
0.715513
0.715941
0.714110
0.713133
0.725584
0.723753
0.704283
0.722837
0.713988
0.710265
0.716612
0.721739
0.720885
0.707090
0.709837
0.731565
0.717955
0.722716
0.722472
0.704466
0.733701
0.725828
0.709776
0.715147
0.705076
0.706724
0.717894
0.728331
0.726866
0.729856
0.726744
0.718382
0.732664
0.718810
0.718687
0.717405
0.720702
0.721983
0.725889
0.709410
0.719664
0.711546
0.716551
0.724608
0.722166
0.716978
0.711546
0.729735
0.722471
0.725157
0.718443
0.714597
0.722654
0.727476
0.729246
0.726682
0.727110
0.729368
0.717894
0.716185
0.723997
