0.739500
0.728026
0.739988
0.725828
0.728758
0.728514
0.727720
0.732237
0.734861
0.736937
0.724547
0.735289
0.734129
0.723265
0.729918
0.731931
0.733397
0.719359
0.741453
0.722960
0.737486
0.733641
0.730650
0.727598
0.738279
0.746031
0.738157
0.731993
0.727110
0.729308
0.736082
0.731566
0.735289
0.736632
0.733762
0.739134
0.733823
0.722959
0.746825
0.745054
0.732359
0.731627
0.741942
0.737181
0.741392
0.733152
0.741454
0.733030
0.740904
0.721739
0.737059
0.731749
0.731932
0.735838
0.728330
0.734556
0.723021
0.712767
0.729734
0.731322
0.743711
0.739439
0.732176
0.746031
0.733824
0.734556
0.737364
0.725096
0.737730
0.735899
0.739988
0.735533
0.741270
0.721922
0.726011
0.734739
0.731444
0.723814
0.740599
0.735472
0.742613
0.742186
0.744261
0.734434
0.729307
0.744321
0.732725
0.717649
0.732176
0.738707
0.743162
0.747617
0.753843
0.731321
0.736510
0.737730
0.736143
0.742552
0.738828
0.736509
0.739378
0.731078
0.755247
0.732848
0.730100
0.733763
0.735227
0.735715
0.735655
0.736997
0.737914
0.745604
0.745787
0.728514
0.735838
0.742369
0.734740
0.735960
0.733885
0.738645
0.739134
0.723082
0.731749
0.727171
0.739561
0.732237
0.741515
0.721128
0.738341
0.741148
0.738523
0.740171
0.736022
0.724486
0.737608
0.730406
0.732542
0.752988
0.732176
0.733397
0.736936
0.724485
0.735716
0.736936
0.741392
0.730345
0.731748
0.719969
0.735471
0.727354
0.720701
0.730345
0.728758
0.723692
0.745726
0.730284
0.730528
0.740538
0.741820
0.733091
0.729613
0.731199
0.725462
0.726378
0.731749
0.734617
0.746275
0.742735
0.738951
0.739683
0.733458
0.726683
0.732969
0.748229
0.735045
0.735593
0.746214
0.731444
0.735777
0.739927
0.737425
0.723265
0.735350
0.722838
0.734495
0.737669
0.737181
0.730222
0.739194
0.733213
0.739622
0.731870
0.733213
