0.757505
0.753294
0.738096
0.757200
0.755614
0.752683
0.748045
0.752745
0.743040
0.748777
0.758665
0.751951
0.750730
0.748412
0.757994
0.760923
0.747435
0.756467
0.749510
0.738341
0.748960
0.746519
0.751829
0.741941
0.752928
0.753783
0.742918
0.757017
0.775572
0.741819
0.755430
0.759031
0.765196
0.751280
0.767087
0.762267
0.756346
0.750914
0.753599
0.751402
0.743040
0.753904
0.745359
0.754209
0.749266
0.756773
0.772215
0.759031
0.742369
0.755369
0.746702
0.749754
0.757750
0.754270
0.758848
0.755797
0.747373
0.773558
0.763670
0.737547
0.747130
0.751524
0.778258
0.759581
0.762083
0.757688
0.754881
0.765745
0.758971
0.750853
0.755491
0.760008
0.755430
0.738524
0.754332
0.752256
0.758421
0.762144
0.755674
0.756407
0.762755
0.756651
0.752683
0.750120
0.771849
0.764830
0.751402
0.754698
0.763853
0.765135
0.760008
0.741697
0.764341
0.777098
0.764463
0.766172
0.772642
0.774046
0.765074
0.765013
0.762998
0.760679
0.755736
0.759398
0.760252
0.756589
0.763425
0.752501
0.757078
0.740903
0.739012
0.752745
0.746886
0.753965
0.753599
0.750487
0.765928
0.758360
0.742490
0.743040
0.757628
0.749143
0.754820
0.744383
0.748411
0.767576
0.745847
0.744811
0.759214
0.765745
0.761289
0.761167
0.771238
0.747557
0.755369
0.759581
0.745420
0.754575
0.755369
0.743955
0.741576
0.748411
0.745542
0.760008
0.778624
0.765806
0.773680
0.773069
0.755247
0.747923
0.742918
0.753965
0.744810
0.749998
0.760008
0.753600
0.753722
0.762083
0.749937
0.750365
0.737180
0.766905
0.761656
0.750242
0.763670
0.760557
0.765256
0.763853
0.755247
0.756773
