0.771482
0.763121
0.776609
0.785093
0.771909
0.766111
0.762144
0.786314
0.768187
0.749937
0.765196
0.769835
0.783079
0.761167
0.764036
0.762633
0.766111
0.765807
0.767393
0.769224
0.779722
0.772947
0.762876
0.763609
0.760923
0.781309
0.764891
0.771238
0.754881
0.763853
0.759763
0.764158
0.760130
0.754636
0.776732
0.770445
0.769651
0.778746
0.769224
0.766294
0.770017
0.776182
0.777159
0.774779
0.764219
0.765196
0.775267
0.766477
0.787351
0.772948
0.779783
0.777037
0.784605
0.776487
0.770933
0.760435
0.789427
0.781309
0.779661
0.771421
0.783262
0.787290
0.767882
0.771238
0.782164
0.772520
0.780515
0.770811
0.776732
0.774229
0.775816
0.764464
0.753050
0.772092
0.783262
0.768065
0.777281
0.770383
0.769590
0.766417
0.784116
0.783751
0.786009
0.778929
0.775632
0.788084
0.781614
0.784544
0.777464
0.780577
0.779539
0.765318
0.779173
0.790525
0.767942
0.771788
0.764280
0.772947
0.749876
0.776488
0.765623
0.772764
0.776548
0.781980
0.781737
0.779417
0.771849
0.773679
0.780882
0.765684
0.775083
0.767454
0.779051
0.776853
0.771055
0.761716
0.766050
0.779844
0.762815
0.765379
0.766478
0.768919
0.757811
0.762083
0.770811
0.771910
0.786802
0.784117
0.776914
0.761655
0.764341
0.756468
0.762327
0.774290
0.764280
0.766722
0.781920
0.761046
0.781980
0.759519
0.770018
0.779905
0.767149
0.767820
0.778502
0.773070
0.765745
0.784239
0.777769
0.787230
0.784117
0.765868
0.764952
