73.7666
74.2198
73.5813
72.8585
73.5747
73.6695
73.8793
73.0489
74.116
72.776
72.842
72.781
72.7915
73.2051
73.8616
73.5864
72.8604
73.201
73.9188
73.0097
74.0914
73.2212
73.531
73.2658
73.0155
73.6531
73.1543
74.298
73.7468
74.2365
74.1654
73.2134
74.1563
73.4467
73.322
73.431
72.8162
72.9013
73.7298
74.1822
72.9273
73.8219
74.2132
72.9688
74.2769
73.7748
73.8051
72.8373
74.2259
73.424
73.097
74.0172
73.8952
73.878
72.983
74.1607
73.2311
73.3873
74.1586
74.2279
73.3239
74.024
73.1414
73.1802
73.1707
73.7134
73.8612
73.2369
73.8646
73.2911
73.1191
74.0419
72.8129
73.0323
74.2606
72.7899
74.0572
73.7658
72.8772
73.983
72.8897
73.2242
73.7003
74.0349
72.8022
73.9333
73.8956
73.2833
73.0207
73.7542
73.2112
73.5946
73.4782
73.6026
74.0248
73.8989
73.016
73.586
72.8359
74.1306
74.1271
73.205
73.8725
74.19
73.4874
73.8331
74.2299
73.2445
73.2989
72.8071
72.9276
73.4386
73.2813
73.8778
73.1735
73.3335
73.5111
73.2919
72.7687
73.1134
73.1574
73.8173
73.7038
73.5411
72.4518
73.2008
73.0828
73.6113
72.956
72.7924
73.8651
72.7317
72.904
72.8041
73.4263
73.8777
73.1597
73.8027
72.7868
73.1247
73.0669
72.8466
72.7641
73.7751
72.6276
72.9543
72.6093
72.8855
73.7962
72.928
73.5489
72.9537
72.7453
73.2528
72.4947
72.7471
72.4536
73.1275
73.9084
72.9596
73.4699
73.7736
73.2413
73.9239
72.5777
72.6676
73.8017
73.2874
72.4703
72.5885
73.9621
73.0872
72.9851
72.7262
72.8623
73.1627
73.2305
73.0216
73.5982
73.0267
73.4997
73.1471
73.5304
73.7949
73.9499
73.5751
72.542
73.9535
72.7026
72.4505
72.9131
73.7225
73.774
73.7044
73.6465
73.9017
73.922
73.4481
73.1891
73.9424
73.5866
73.1512
73.0296
72.5717
73.4273
73.4419
73.2844
72.6578
72.4636
72.8826
73.2345
73.5132
73.5798
72.7649
73.3082
73.5297
73.89
73.4002
73.4832
72.5926
73.4007
73.9463
73.8651
73.1747
73.6507
73.5116
73.0764
73.5727
72.9597
73.8155
73.5151
72.5463
72.9667
72.5447
72.668
73.944
73.5366
73.5024
72.6018
73.5501
73.935
73.3864
73.0633
73.5148
73.7013
73.9215
73.0445
73.5913
73.3217
72.5276
73.7339
72.7224
72.4739
73.599
73.4471
73.6746
73.1106
72.5235
73.2473
73.6203
73.889
72.7623
73.7166
72.8557
72.857
73.9346
72.7997
73.9436
73.437
72.9515
73.4937
73.372
73.8879
72.557
72.8868
73.5892
72.4785
73.4812
73.1805
73.3502
73.5589
72.9144
73.6226
73.5828
72.5134
73.0698
73.2573
73.174
73.1433
72.5046
72.7942
73.0323
72.8169
72.5108
73.4381
73.2239
73.9953
73.7878
73.1675
73.4323
72.7393
72.6612
72.8043
72.6272
72.7682
73.241
73.7664
72.7967
72.7223
72.9469
73.697
73.8311
73.4113
73.3196
73.4139
73.4747
73.9393
72.6712
72.6486
73.0826
72.7258
72.9928
73.665
73.0928
73.0536
73.103
73.8667
73.0489
72.8908
73.0342
72.4812
73.1801
73.2453
72.8355
73.3574
73.5635
73.6265
73.1238
73.9102
73.8988
73.6207
73.6072
73.7299
73.032
72.9268
73.1438
72.5067
72.8661
73.365
72.7053
73.4988
73.6408
73.2481
73.1638
72.7336
73.8517
73.8168
72.6003
72.9006
72.7076
73.1845
72.9318
73.4378
73.9798
73.3173
72.7952
73.5433
72.9438
73.469
73.4536
72.8426
73.0897
73.0608
72.5725
73.6717
73.5376
73.2663
73.7283
73.9537
72.6313
73.9836
73.4525
73.8222
73.2317
72.6163
72.5558
73.0834
73.9831
72.7061
73.534
72.6908
73.4406
72.4659
73.6786
73.4204
73.3332
72.4737
72.9637
73.827
73.4927
73.9673
72.6696
72.5824
73.028
72.7922
73.804
72.5656
73.6085
73.5324
72.5193
73.7898
73.516
73.5218
73.612
72.7477
73.6881
73.7177
73.3811
73.6713
73.9738
72.9152
73.912
73.4144
72.9311
73.5906
72.8347
73.8143
73.6143
73.3484
73.6413
73.107
73.3157
73.8609
73.2394
73.8937
72.6531
73.0434
72.4593
73.8115
72.5758
72.5287
73.6013
73.6418
73.6005
73.2133
73.9395
73.2886
72.931
73.3206
72.9599
72.9048
73.7858
72.8719
73.8692
72.7169
72.4625
72.7039
72.5312
73.6269
73.6024
73.7224
72.7339
72.9181
73.5833
73.5232
72.8118
73.7864
72.5666
72.8211
73.5979
72.6924
72.8998
73.1992
73.8842
72.5003
73.9625
73.8237
73.3389
72.8935
73.1443
73.8488
73.3483
72.9301
72.7207
73.2176
73.197
72.7332
73.4715
73.2782
73.9101
73.0739
73.0006
72.644
73.5419
72.5839
73.7172
73.9037
73.9203
73.8338
72.7248
73.5182
72.5262
73.1746
72.7174
73.9604
73.2248
72.6799
73.784
72.5637
73.1234
72.9283
73.9625
72.4717
73.4084
72.6832
73.2393
72.6055
72.9664
72.7108
73.4336
72.8765
73.3346
73.9842
73.0705
72.8766
72.5681
72.7877
72.7803
72.4884
72.6215
73.0551
73.5566
72.6977
73.7796
73.824
72.658
73.0044
72.5038
73.9921
73.1181
73.1772
72.9204
73.0806
73.1989
73.8788
73.3138
73.9882
72.4843
73.8302
72.699
73.4679
72.7067
73.5836
73.4522
73.3272
72.4602
73.5703
73.6648
72.7904
73.6087
73.8363
73.3955
73.1653
72.534
73.1751
72.9892
72.742
73.7295
73.0431
72.7341
72.8477
73.7703
73.2045
73.4783
72.9692
73.0833
72.792
72.9574
73.1176
72.6222
73.2064
72.5856
72.8789
72.79
73.5877
73.756
72.8002
73.158
73.4209
73.1406
72.7667
73.2572
72.5361
73.4819
73.3412
73.2612
72.4712
73.6332
72.9908
73.0642
73.9174
73.3884
72.8345
73.1218
72.8667
73.3537
73.7552
73.2087
73.8611
72.8728
73.3809
73.0675
73.0084
73.8098
73.4075
72.5961
73.5658
73.7577
73.3041
72.9867
72.8984
73.6208
73.7939
72.9845
73.1027
73.1351
73.7957
73.1239
72.7684
72.7865
73.7381
72.6857
73.7249
72.5726
73.3575
72.5916
73.4762
73.1127
73.3503
73.3373
73.5355
72.7312
73.9548
72.5439
72.541
73.3624
72.69
73.6568
73.1201
73.5441
72.6435
73.5685
73.1648
73.9874
72.553
73.8175
73.1226
73.8987
72.9414
73.4409
72.6852
72.6795
73.6766
73.9602
72.8021
73.0342
72.5518
73.8283
73.6969
73.4521
73.1656
73.2324
73.7334
73.1205
73.3263
73.8244
72.4828
73.5663
73.4813
73.153
73.1103
73.6748
72.7215
73.8251
73.6622
72.8245
73.6427
72.7848
72.7232
72.5841
73.7757
72.9585
72.8136
73.4523
72.9186
73.1657
72.4865
73.0204
72.994
73.7334
72.4726
73.7096
72.9658
73.7559
72.83
73.842
73.5804
72.8629
73.4083
73.0616
