1224132
1224546
1229266
1224538
1224651
1224424
1224564
1224600
1225514
1226783
1226138
1224806
1224588
1224963
1226398
1224896
1224760
1224515
1224605
1224689
1224894
1224928
1225012
1224472
1224431
1226572
1227203
1224586
1224524
1224164
1224927
1224609
1224886
1224784
1225025
1224435
1224530
1226021
1225012
1225764
1225369
1224242
1224354
1225146
1229111
1224958
1224775
1224397
1224367
1224904
1224639
1224527
1224446
1226185
1224259
1224269
1227440
1225071
1225877
1227438
1224349
1288246
1224846
1224553
1226876
1224643
1298720
1224272
1230308
1225142
1456447
1224522
1224290
1285706
1224905
1224237
1364791
1225083
1288599
1224377
1224342
1226964
2049947
1224654
1224467
1225157
1224591
1224654
1224575
1224598
1224260
1224260
1225133
1224920
1308213
1224599
1224373
1231890
1224910
1224922
2082135
1224456
1225636
1224261
1227518
1225109
2481890
1226719
1224466
1241447
1224491
1225118
1827595
1224221
1271875
1224391
1225192
1224882
2554558
1224899
1224401
1253489
1243701
1224728
2327288
1224412
1286305
1225644
1225881
1224880
1315651
1225314
