73.4812
73.7723
73.8874
72.9131
73.7564
73.7392
74.0536
74.1834
73.2456
74.168
72.8045
73.2109
73.3431
74.2581
73.4657
73.2491
73.6532
73.8875
73.7707
74.2263
72.822
72.8404
73.2826
73.1294
73.2835
72.8957
73.1447
73.9411
73.4012
73.7826
74.1441
74.1325
73.2549
73.7315
74.2955
74.2613
73.1707
74.0491
74.1447
73.6663
73.9171
74.1992
74.1272
72.9602
74.1573
73.2929
73.4593
73.5105
72.8804
72.93
73.4368
72.9524
73.0205
73.9694
73.3318
73.554
74.1151
73.7265
73.1951
73.2163
73.2091
73.0393
73.0487
73.714
74.0208
73.0442
73.6753
72.8915
72.7933
73.5199
73.8078
73.9604
73.4191
73.635
74.1707
73.2764
74.178
73.33
74.0369
72.7584
73.51
73.1737
72.9608
73.7805
72.8431
73.5426
73.0345
74.2082
72.9691
73.4796
73.1245
73.4282
73.7689
73.4232
72.8423
73.4896
73.7175
73.7675
73.6311
73.7608
72.9875
73.1389
73.4212
73.6566
74.0239
73.2919
74.183
73.9019
73.8719
73.9199
73.9103
73.0819
72.7937
74.1211
74.1124
72.8868
71.7145
71.9378
72.3905
71.5025
71.4533
71.6764
71.7462
71.2758
72.5938
72.3873
72.6076
71.2598
71.3698
71.2158
72.5439
72.3443
72.4222
72.3642
71.4533
72.5125
72.5911
72.0249
71.7251
71.3301
71.1159
71.6133
72.2443
71.3617
71.1932
72.3986
71.7862
71.8177
71.5364
71.3767
72.2302
71.8997
71.9632
71.1765
72.0854
71.7569
72.4738
71.893
71.9268
72.7536
72.0188
71.6707
72.2979
71.641
71.2349
72.6612
71.3535
72.736
71.8861
71.9886
71.2661
71.912
72.5119
72.4204
72.1837
72.6151
72.019
71.1699
71.6328
72.4654
71.4567
72.773
71.5651
72.3298
71.1495
72.5605
71.2868
72.5333
71.6535
72.1235
72.4869
72.5823
72.7042
71.9848
71.4233
71.1391
71.846
71.6868
72.785
72.6421
72.5854
71.2512
71.7542
72.2973
72.5816
71.1379
72.1124
71.8006
71.2178
72.6552
71.466
71.5845
72.6283
71.9411
71.1143
72.6878
71.7016
71.3111
72.421
72.2651
72.3446
72.1079
72.0475
72.2488
71.2927
72.3808
72.2979
72.0487
71.2676
72.2829
71.8908
72.763
72.4441
72.555
72.2603
72.2257
72.6028
71.5727
71.2263
72.7306
71.4279
71.6023
71.5151
71.2562
72.4534
71.5394
71.1439
71.355
71.7605
72.475
72.5302
71.3051
71.7829
71.7776
72.464
71.9855
71.3584
71.9619
71.2342
71.536
71.4448
72.035
71.4991
72.7989
71.79
72.6694
72.2245
71.5928
71.4421
72.3608
71.5235
71.78
71.1631
71.9486
71.9461
72.5266
72.398
72.0001
72.7916
71.3585
71.675
72.5218
71.5737
72.3679
71.4994
71.2376
71.5534
71.7678
72.1095
71.6976
72.2138
72.4643
72.6427
72.6229
72.4631
71.6327
72.4923
71.8877
72.1355
71.1344
71.4485
72.569
71.8244
71.5216
71.7176
72.6805
71.2482
71.3156
71.8806
71.2398
71.5841
72.4656
72.6716
72.0677
72.0334
71.371
72.2154
72.4969
72.0488
71.5248
71.3945
71.4626
71.1891
71.2372
71.2855
72.5623
71.7799
72.6878
71.6499
71.1154
72.7322
72.0084
72.5944
71.7565
72.44
71.5119
71.637
72.5982
71.7375
72.4276
72.7481
72.2315
72.0932
72.6196
71.4992
71.3266
71.1906
72.6246
72.7335
72.1494
71.3495
71.328
72.522
71.4486
71.4752
72.7175
71.2109
72.165
72.6053
71.7708
72.1904
72.5375
72.6892
71.9847
71.4941
72.3293
72.4067
72.0411
72.1275
71.3441
71.6687
72.0756
72.4856
72.6719
71.8952
71.1849
71.1985
71.9958
72.7195
71.132
71.3452
71.269
71.3699
72.7772
71.6275
71.7551
72.6947
71.7484
71.1201
72.5001
72.4292
72.2205
72.2376
72.3184
71.4052
72.6417
71.8477
72.7219
71.8828
71.1752
71.266
72.4616
72.1608
72.6617
72.3335
71.256
72.7566
72.4419
72.1618
72.6761
72.4839
72.417
71.145
72.7638
72.3942
71.6826
71.7189
72.289
72.341
71.749
71.989
71.9702
71.1695
71.4267
71.4886
71.4847
71.2684
72.2463
71.4066
72.0612
72.3315
71.5827
71.7228
71.6923
71.4443
71.2562
71.8583
71.4009
72.6081
71.2202
71.277
72.292
72.5472
71.332
72.2558
72.1414
71.9246
71.1747
71.6304
71.4655
71.8337
72.5294
72.3457
71.9132
71.1561
72.7443
72.3079
71.3345
72.1906
72.6246
72.3057
71.7221
71.4072
71.2284
72.3245
71.7616
71.3947
71.3828
72.0725
71.2028
71.5129
72.2595
72.4048
71.2601
72.5015
71.8607
72.3115
71.6261
71.9454
71.1419
72.0016
72.6891
72.5814
71.5473
71.8023
72.6475
71.4917
71.3103
71.182
72.5923
71.1348
72.3977
71.5144
71.4521
72.5361
72.7489
72.1237
71.1307
71.3317
71.3962
71.2435
71.7546
72.5657
72.5584
71.9247
72.2672
71.6191
71.4362
71.0932
72.4745
71.4882
72.0048
72.3636
71.2696
72.4622
71.366
71.1171
71.1539
71.5862
71.209
72.6561
71.6311
72.5167
71.3706
71.9932
72.2528
71.3195
71.3168
72.2935
71.5611
71.623
72.4471
72.2257
71.3886
72.2054
71.3504
72.5658
72.7345
71.6966
72.569
72.409
72.0948
71.7739
71.9726
72.2744
71.4361
72.2486
72.3014
71.4999
72.7448
72.4204
71.3561
71.5759
72.1371
71.6366
72.4791
71.5899
71.8661
72.7059
72.7934
72.3372
71.5289
72.4404
71.763
71.8275
71.8459
72.0234
71.5933
71.7804
72.63
71.3623
71.3894
71.9248
72.0462
72.272
71.3991
72.3923
71.7206
72.6105
71.0922
71.6654
72.231
71.3583
72.1513
71.5681
71.9049
71.8304
72.068
72.681
71.7363
72.0614
72.2183
72.1751
71.7018
71.1812
71.2027
72.4577
72.1146
71.706
71.4381
71.9446
71.9783
71.7375
72.7793
71.2245
71.2096
71.3785
72.5268
71.8402
71.189
72.529
72.4156
72.33
72.7973
71.767
71.0981
71.9022
72.5074
72.0761
71.7832
71.4436
71.3375
71.2015
72.5288
71.9493
71.2927
72.6414
71.607
72.3173
71.5474
71.9552
71.4619
72.4357
72.6027
71.4412
72.5702
72.7223
71.7297
72.2971
71.7625
71.8287
72.0261
71.3781
71.3587
72.0234
72.0551
71.3668
71.1256
71.7624
72.3529
71.8188
72.1161
72.6004
71.9303
71.8448
71.7497
72.1331
71.6863
72.2668
71.6504
72.1436
71.4219
72.0222
71.7793
71.2246
72.3734
71.5496
71.1469
71.3031
72.7566
71.8194
72.0418
71.9827
72.1075
72.3105
71.2061
71.3626
72.5873
71.2417
72.035
72.1402
71.9705
71.3511
71.9406
71.1008
72.1059
72.6004
72.1439
72.7022
72.0671
72.7043
72.0459
72.3991
71.9265
72.7352
72.5337
71.4999
71.4848
72.5907
71.713
71.4414
71.6101
72.6647
72.3341
72.6276
72.1752
72.4502
71.1901
71.9625
72.6019
72.1352
71.3027
71.7724
72.3963
72.1534
71.7832
71.7022
71.9537
71.1271
71.6044
71.2209
72.7414
72.5603
72.53
71.8679
72.4955
72.2637
72.2778
71.1802
72.0543
71.1907
71.5316
72.5744
72.7655
72.7758
72.4019
72.1407
72.426
72.5021
71.3032
72.2279
71.8373
71.5159
71.2003
71.4335
72.5792
71.8935
72.0458
71.733
71.9306
72.5602
71.8638
71.872
72.3204
71.5938
72.6499
72.0159
72.7675
72.1276
72.1061
72.0218
72.2283
72.5478
71.7962
72.1938
72.5235
71.3981
71.5345
72.1495
71.1002
71.7477
71.5774
71.8475
72.1735
71.6876
72.1911
71.9528
72.4911
71.4368
72.5957
71.6217
71.197
71.6596
72.4037
72.4274
72.1634
72.2536
71.6433
72.1308
71.5812
72.6595
71.3527
72.7195
72.4072
72.0588
72.1133
72.1308
72.367
72.5578
71.4802
72.3772
71.5055
71.9676
71.4248
72.589
72.5652
72.5258
71.7418
72.2563
71.1626
71.5375
72.788
71.2696
72.1071
72.3918
72.607
71.4705
71.8453
71.4503
71.5402