0.375957
0.371624
0.376186
0.376018
0.375286
0.375835
0.375851
0.377559
0.375179
0.376247
0.375911
0.376796
0.375774
0.376812
0.375789
0.376552
0.376170
0.376628
0.371975
0.376109
0.376934
0.376278
0.375789
0.375911
0.375393
0.376156
0.375912
0.376064
0.379039
0.375744
0.376568
0.375911
0.379635
0.375210
0.377330
0.372325
0.381114
0.375744
0.375667
0.377010
0.377071
0.376216
0.376110
0.376415
0.375652
0.376476
0.375744
0.376384
0.375942
0.380809
0.375346
0.372677
0.375926
0.378704
0.375575
0.376400
0.376064
0.375515
0.375805
0.376537
0.378398
0.376079
0.372173
0.375957
0.378917
0.375973
0.376506
0.375407
0.375515
0.376415
0.378063
0.376140
0.375896
0.375820
0.375881
0.377406
0.379329
0.376293
0.375836
0.379649
0.375865
0.378292
0.375866
0.375881
0.375790
0.376507
0.375210
0.376170
0.375957
0.376353
0.376217
0.375850
0.375820
0.375988
0.376583
0.372082
0.376720
0.378979
0.376186
0.375835
0.376109
0.376003
0.377193
0.375529
0.372219
0.375698
0.375912
0.377437
0.375941
0.376430
0.375453
0.375850
0.377727
0.375637
0.374629
0.376003
0.376110
0.372265
0.379146
0.382259
0.376339
0.375866
0.376506
0.378596
0.376415
0.371716
0.376674
0.375606
0.371929
0.376140
0.382960
0.376430
0.375912
0.379421
0.372173
0.382258
0.371929
0.379665
0.378902
0.376583
0.377498
0.377467
0.379268
0.375881
0.375941
0.376094
0.376613
0.375926
0.376553
0.375713
0.376186
0.375835
0.379360
0.372203
0.377254
0.371914
0.376704
0.375957
0.376781
0.376186
0.375987
0.376506
0.375789
0.376308
0.375972
0.376476
0.375682
0.378887
0.380565
0.375942
0.375637
0.379329
0.377560
0.376064
0.375912
0.381466
0.375606
0.371730
0.375774
0.375972
0.375987
0.375484
0.376034
0.372845
0.375805
0.377804
0.376064
0.379558
0.371776
0.375912
0.378841
0.376095
0.375987
0.379573
0.376171
0.381984
0.373287
0.375759
0.376323
0.371945
0.375881
0.375728
0.376430
0.375743
0.376293
0.375621
0.377926
0.372203
0.376568
0.376690
0.376125
0.376125
0.376263
0.376446
0.375865
0.379543
0.375911
0.375957
0.375926
0.376400
0.375911
0.377162
0.376445
0.375744
0.375133
0.375514
0.371639
0.380351
0.376598
0.371883
0.376369
0.376614
0.378078
0.376018
0.379390
0.376155
0.375789
0.371975
0.379863
0.375575
0.376094
0.375942
0.379695
0.376232
0.375607
0.378994
0.376995
0.376765
0.378002
0.375957
0.375468
0.372402
0.375881
0.376293
0.375743
0.375408
0.375865
0.372402
0.376384
0.371639
0.376460
0.379268
0.376171
0.376033
0.376186
0.379192
0.375896
0.375469
0.376140
0.377956
0.375178
0.375911
0.375957
0.373257
0.379054
0.376567
0.375667
0.375881
0.375728
0.376002
0.375820
0.375514
0.375987
0.376521
0.372326
0.375790
0.376003
0.378780
0.376567
0.375729
0.377911
0.375652
0.376537
0.375774
0.379893
0.372067
0.376049
0.376354
0.376064
0.379741
0.375926
0.380839
0.376186
0.376156
0.376018
0.379207
0.375637
0.376461
0.375774
0.375866
0.375850
0.376979
0.376033
0.376720
0.376278
0.376079
0.377208
0.376460
0.376308
0.375744
0.372371
0.378902
0.375194
0.375957
0.375865
0.371716
0.375759
0.379207
0.376399
0.376308
0.375973
0.375941
0.377392
0.377971
0.375759
0.375912
0.375942
0.375942
0.375560
0.372341
0.375988
0.376339
0.372036
0.381649
0.379207
0.378765
0.375560
0.380672
0.376263
0.375789
0.375194
0.376308
0.376034
0.377407
0.376309
0.379070
0.376339
0.375652
0.376415
0.375728
0.375743
0.379146
0.372479
0.375529
0.377132
0.376614
0.376949
0.376094
0.376003
0.375881
0.376095
0.379848
0.376156
0.376095
0.375148
0.376384
0.376018
0.379375
0.375484
0.376278
0.375682
0.372554
0.375744
0.376079
0.375591
0.381115
0.375881
0.400981
0.411508
0.403666
0.408503
0.407694
0.408075
0.407678
0.407282
0.408014
0.408060
0.411997
0.408182
0.408227
0.407953
0.408502
0.407374
0.408106
0.407892
0.408259
0.412714
0.411356
0.407603
0.407800
0.407983
0.404321
0.411752
0.407770
0.408243
0.408594
0.408381
0.409891
0.407709
0.411325
0.408961
0.407861
0.408152
0.441460
0.441490
0.440392
0.441612
0.440407
0.440818
0.440742
0.440834
0.445412
0.440758
0.440728
0.441612
0.441124
0.440895
0.440331
0.442482
0.440727
0.440544
0.440636
0.440743
0.440239
0.444374
0.440712
0.440864
0.444359
0.442879
0.435616
0.444358
0.440926
0.442512
0.441139
0.444466
0.440407
0.441261
0.401392
0.379268
0.375835
0.375179
0.376400
0.375896
0.382854
0.375926
0.375301
0.371533
0.376674
0.379360
0.377544
0.376003
0.376003
0.376644
0.375865
0.375743
0.376202
0.379665
0.371807
0.376430
0.375744
0.375759
0.375697
0.376201
0.376400
0.375942
0.376110
0.376125
0.376537
0.375606
0.375896
0.377147
0.375850
0.376735
0.376201
0.375713
0.376308
0.375651
0.376247
0.375774
0.382503
0.375774
0.378245
0.372539
0.376003
0.375378
0.376887
0.376019
0.378871
0.376431
0.375743
0.372203
0.378353
0.379772
0.372112
0.376186
0.378902
0.376308
0.374431
0.375545
0.375896
0.376521
0.376339
0.377956
0.375545
0.371868
0.376171
0.375820
0.381282
0.407098
0.407587
0.407816
0.408044
0.405619
0.407587
0.407938
0.407221
0.407770
0.411523
0.408044
0.407480
0.408579
0.407861
0.411356
0.405451
0.408319
0.407419
0.403726
0.408091
0.410867
0.407846
0.408349
0.407709
0.408182
0.408029
0.407663
0.408091
0.410577
0.411035
0.407862
0.408426
0.411661
0.408335
0.407511
0.476874
0.478719
0.470023
0.475454
0.477087
0.475607
0.475119
0.480200
0.481222
0.480794
0.470969
0.479345
0.475622
0.477499
0.478323
0.476675
0.477469
0.476095
0.476217
0.475668
0.476736
0.476691
0.475210
0.474585
0.474722
0.475165
0.470007
0.475821
0.474936
0.470801
0.479177
0.480002
0.476950
0.475577
0.475104
0.375744
0.375958
0.375591
0.375728
0.375453
0.376384
0.376293
0.376537
0.375743
0.372692
0.375423
0.372356
0.375942
0.376232
0.372036
0.376582
0.375606
0.376369
0.377574
0.376033
0.378764
0.375759
0.375667
0.379009
0.379345
0.371746
0.376965
0.379177
0.376751
0.377864
0.376552
0.379085
0.375926
0.375835
0.379513
0.375683
0.371761
0.375698
0.371685
0.377238
0.376202
0.376324
0.375698
0.376415
0.375836
0.376369
0.375820
0.372737
0.375652
0.376369
0.373501
0.375576
0.375972
0.372783
0.375866
0.379314
0.375103
0.375957
0.375789
0.382366
0.376537
0.371609
0.376292
0.375957
0.376628
0.375576
0.375607
0.375835
0.379223
0.376384
0.401301
0.409830
0.407312
0.408655
0.407358
0.408213
0.407571
0.408304
0.407877
0.412073
0.403819
0.411859
0.407770
0.404307
0.407572
0.407770
0.408015
0.403224
0.408426
0.407984
0.408487
0.410409
0.409663
0.408060
0.411066
0.407953
0.407800
0.407801
0.411997
0.408212
0.408060
0.408319
0.403666
0.408060
0.411142
0.424065
0.440590
0.442344
0.440560
0.441032
0.444374
0.440406
0.444663
0.442620
0.440925
0.440712
0.441201
0.440346
0.441139
0.440987
0.441216
0.436134
0.440742
0.441795
0.435509
0.441658
0.444298
0.441048
0.444405
0.440743
0.440774
0.445045
0.436348
0.440285
0.440209
0.440346
0.445183
0.436227
0.446342
0.440758
0.390986
0.375728
0.376812
0.375378
0.378841
0.375774
0.375835
0.375621
0.374981
0.375866
0.375667
0.375514
0.374935
0.375621
0.399729
0.375881
0.375881
0.376338
0.375744
0.375881
0.379527
0.382121
0.372692
0.375972
0.376003
0.376888
0.375957
0.375682
0.372036
0.376430
0.371380
0.375972
0.375850
0.376735
0.376186
0.378520
0.375926
0.375942
0.376171
0.376216
0.375759
0.374385
0.376048
0.376324
0.376338
0.378658
0.375530
0.375835
0.376064
0.375667
0.376369
0.375590
0.376399
0.375454
0.376186
0.371899
0.377284
0.375774
0.379573
0.375851
0.375636
0.375255
0.375514
0.372478
0.375697
0.375850
0.371624
0.376384
0.375530
0.380946
0.375850
0.376018
0.375378
0.375835
0.374996
0.376094
0.378322
0.377987
0.375972
0.375606
0.371517
0.375484
0.376277
0.375316
0.375179
0.374447
0.375530
0.375102
0.375377
0.375606
0.375774
0.375514
0.376064
0.375363
0.375134
0.374233
0.374996
0.375957
0.376430
0.372250
0.375697
0.376415
0.375835
0.378765
0.375087
0.371243
0.375697
0.374843
0.376674
0.377376
0.379222
0.375759
0.380611
0.376171
0.376521
0.379024
0.381831
0.375606
0.371639
0.378230
0.376064
0.375256
0.375133
0.376064
0.375682
0.379421
0.374446
0.378597
0.374858
0.374737
0.375484
0.374966
0.368511
0.377117
0.375118
0.377727
0.375347
0.375454
0.379542
0.378444
0.409830
0.407633
0.408273
0.407938
0.407923
0.407617
0.407679
0.407511
0.403864
0.414987
0.407572
0.404291
0.407771
0.411646
0.407571
0.412211
0.404078
0.407083
0.407755
0.403315
0.410684
0.409906
0.408274
0.407587
0.408579
0.408030
0.412439
0.403864
0.407846
0.410730
0.408152
0.413293
0.411096
0.410791
0.431328
0.436973
0.440788
0.441261
0.440758
0.445518
0.440132
0.442620
0.440315
0.440453
0.440849
0.440102
0.444954
0.440178
0.443306
0.440621
0.441521
0.439964
0.443337
0.440529
0.436577
0.440850
0.444664
0.435860
0.440635
0.440697
0.440850
0.441063
0.440941
0.440590
0.440575
0.444801
0.440392
0.441368
0.435708
0.390940
0.376171
0.371273
0.374843
0.378246
0.371288
0.377254
0.375240
0.375636
0.375744
0.374630
0.373973
0.375301
0.375133
0.374797
0.375255
0.371075
0.376018
0.375530
0.375744
0.374233
0.373744
0.375026
0.375743
0.371121
0.376873
0.375774
0.374722
0.376140
0.375133
0.375499
0.374294
0.377239
0.375133
0.374034
0.370373
0.373729
0.377452
0.374767
0.374843
0.373577
0.373470
0.373378
0.373561
0.369930
0.374050
0.375835
0.375469
0.375515
0.370937
0.373607
0.375209
0.372387
0.375347
0.374828
0.375820
0.375668
0.371899
0.379665
0.374980
0.373958
0.375270
0.376262
0.378505
0.375530
0.375392
0.376476
0.382045
0.375744
0.375758
0.396372
0.407953
0.411615
0.407648
0.408334
0.407465
0.407388
0.408502
0.412012
0.403742
0.407740
0.411997
0.404078
0.407968
0.410471
0.408320
0.408579
0.407770
0.407846
0.403040
0.407602
0.407816
0.411767
0.407999
0.407877
0.407480
0.404169
0.408289
0.407831
0.409662
0.407877
0.407359
0.407908
0.407831
0.403956
0.424508
0.475088
0.479803
0.474692
0.477377
0.475104
0.474936
0.475836
0.474890
0.475226
0.479498
0.475226
0.470191
0.474951
0.474707
0.473074
0.474890
0.475867
0.475729
0.475378
0.474798
0.475607
0.475713
0.474508
0.475058
0.476691
0.471060
0.475546
0.475622
0.476629
0.479544
0.476263
0.475775
0.474966
0.483068
0.475729
0.378413
0.377559
0.375866
0.379162
0.376216
0.375927
0.375972
0.379298
0.375561
0.376125
0.377804
0.376506
0.375835
0.371486
0.378703
0.375179
0.379802
0.375637
0.375438
0.382869
0.376217
0.377941
0.375591
0.375576
0.371380
0.375896
0.377116
0.376491
0.375576
0.371913
0.376537
0.381435
0.372173
0.375820
0.376324
0.379085
0.375728
0.376155
0.375774
0.376292
0.375224
0.376140
0.380824
0.375363
0.376155
0.379970
0.372524
0.375514
0.375667
0.376095
0.376202
0.376048
0.375911
0.378459
0.376278
0.379238
0.379191
0.371639
0.375926
0.375713
0.376232
0.379055
0.375942
0.377392
0.379680
0.376461
0.375637
0.375927
0.375973
0.376628
0.411218
0.407633
0.407800
0.407968
0.410074
0.411676
0.407297
0.407968
0.407831
0.408868
0.408930
0.407450
0.403727
0.409296
0.410410
0.407846
0.407892
0.403757
0.411813
0.407678
0.409586
0.407983
0.408152
0.407907
0.408487
0.409586
0.407373
0.408014
0.404276
0.408716
0.407739
0.403528
0.407587
0.412150
0.408121
0.428521
0.435845
0.440803
0.441185
0.441094
0.440742
0.440651
0.440330
0.444526
0.441124
0.440728
0.442467
0.439888
0.441262
0.440391
0.441093
0.440941
0.440147
0.440896
0.440864
0.442054
0.442741
0.440971
0.441627
0.440743
0.440773
0.436486
0.441169
0.440803
0.440712
0.440468
0.440010
0.442345
0.440483
0.437096
0.440911
0.444481
0.436181
0.440422
0.444679
0.440712
0.441643
0.442391
0.436806
0.440651
0.436729
0.440850
0.440819
0.436074
0.441399
0.441276
0.440697
0.440773
0.442390
0.440682
0.440498
0.440636
0.444298
0.440925
0.440148
0.440957
0.441414
0.440422
0.442497
0.444557
0.448753
0.440590
0.435829
0.440178
0.444466
0.440178
0.440911
0.440743
0.440758
0.442589
0.440636
0.441231
0.440727
0.436348
0.440560
0.440774
0.436302
0.444801
0.440545
0.443260
0.441765
0.441337
0.440513
0.440758
0.440391
0.441063
0.444694
0.436333
0.440696
0.441124
0.438911
0.440529
0.440651
0.440697
0.445610
0.440696
0.440849
0.440010
0.440773
0.441063
0.445214
0.436318
0.440559
0.440666
0.441231
0.441216
0.435891
0.440910
0.440621
0.440270
0.440575
0.440925
0.440880
0.444435
0.440834
0.436806
0.441094
0.440728
0.440758
0.440147
0.436699
0.442391
0.444923
0.440849
0.440453
0.440728
0.442116
0.441276
0.436639
0.440697
0.440330
0.440422
0.443107
0.440987
0.441551
0.440606
0.440422
0.441383
0.440438
0.440209
0.440712
0.444481
0.438225
0.440986
0.440590
0.440636
0.441124
0.440590
0.440865
0.445518
0.440789
0.441719
0.441506
0.437905
0.439903
0.441017
0.441124
0.441216
0.440498
0.440605
0.441627
0.441139
0.440742
0.440743
0.436455
0.436349
0.440849
0.441201
0.440865
0.441368
0.436440
0.441261
0.440727
0.440269
0.442528
0.441506
0.441277
0.440850
0.436256
0.441353
0.441261
0.436226
0.440605
0.440529
0.441063
0.442009
0.441246
0.440590
0.444573
0.443809
0.441399
0.441414
0.435890
0.440987
0.440895
0.442986
0.440987
0.444145
0.444786
0.441094
0.440255
0.441155
0.441002
0.440574
0.440910
0.441002
0.441384
0.444542
0.440758
0.440803
0.440255
0.436257
0.441536
0.440880
0.440742
0.441155
0.446922
0.440865
0.441628
0.441353
0.445045
0.441459
0.440544
0.441231
0.440483
0.441185
0.445702
0.441628
0.440697
0.440758
0.435830
0.436913
0.441307
0.440148
0.441047
0.440850
0.441094
0.442390
0.440392
0.440956
0.441079
0.441414
0.441276
0.440544
0.436455
0.440529
0.444633
0.441017
0.440163
0.440209
0.441124
0.441017
0.444221
0.440911
0.441063
0.445015
0.444404
0.440773
0.442268
0.442619
0.444679
0.443275
0.440651
0.441109
0.440789
0.446143
0.440819
0.441612
0.444435
0.442939
0.441536
0.440545
0.436043
0.440101
0.442085
0.444161
0.441246
0.440773
0.441521
0.440788
0.440056
0.441155
0.440605
0.436715
0.440956
0.442207
0.441047
0.441079
0.440590
0.440498
0.442467
0.440651
0.440803
0.440697
0.436272
0.441017
0.440697
0.440407
0.440651
0.440178
0.443397
0.440422
0.441399
0.440987
0.441597
0.436120
0.436486
0.440193
0.441170
0.440316
0.441246
0.442741
0.440025
0.440285
0.441154
0.441338
0.439628
0.444588
0.444298
0.441475
0.440559
0.441323
0.441215
0.444465
0.440804
0.436043
0.441902
0.436104
0.440849
0.441536
0.436898
0.440986
0.441917
0.436302
0.441429
0.440895
0.440956
0.440208
0.441215
0.440880
0.441292
0.440102
0.440270
0.440513
0.436333
0.449226
0.439781
0.444648
0.441796
0.441155
0.440728
0.441399
0.436318
0.442650
0.440819
0.441597
0.445122
0.441017
0.440361
0.441047
0.445609
0.440468
0.440499
0.440300
0.444817
0.440179
0.445396
0.443855
0.444053
0.440697
0.441185
0.436699
0.440758
0.440681
0.442665
0.444908
0.444176
0.441460
0.440239
0.440941
0.435997
0.441231
0.440620
0.440987
0.441659
0.444557
0.441262
0.440514
0.440895
0.440621
0.436150
0.440499
0.441414
0.436394
0.444588
0.442437
0.440849
0.445076
0.440743
0.440682
0.440514
0.442451
0.444450
0.440774
0.435585
0.444679
0.440438
0.441536
0.440895
0.440468
0.440621
0.441414
0.441017
0.444450
0.440422
0.444664
0.443199
0.440788
0.441552
0.444297
0.441078
0.440819
0.441246
0.436440
0.441139
0.440819
0.436470
0.440621
0.440224
0.440666
0.441124
0.441384
0.440025
0.441338
0.439842
0.444969
0.440452
0.442665
0.440346
0.440498
0.440972
0.441276
0.445182
0.441597
0.440224
0.440910
0.445351
0.440758
0.441170
0.440941
0.441261
0.440697
0.440941
0.441215
0.440712
0.440315
0.440101
0.445213
0.442680
0.436730
0.439278
0.377239
0.368770
0.376491
0.374462
0.376354
0.373272
0.376888
0.375942
0.372829
0.372890
0.374461
0.372035
0.367763
0.371990
0.371197
0.368465
0.372586
0.372463
0.379009
0.372280
0.370144
0.373653
0.376964
0.369167
0.374019
0.373836
0.372845
0.373791
0.377498
0.375637
0.374050
0.370648
0.373851
0.374156
0.374187
0.378230
0.375865
0.370709
0.373180
0.370372
0.374691
0.375881
0.370540
0.378444
0.376491
0.374935
0.374049
0.373958
0.378582
0.376674
0.372433
0.374065
0.375163
0.378337
0.378460
0.375957
0.375759
0.374935
0.370769
0.380626
0.375987
0.371822
0.375270
0.374828
0.376705
0.375331
0.374584
0.373959
0.374675
0.370098
0.374324
0.372616
0.368679
0.373593
0.375560
0.375027
0.376156
0.379116
0.371364
0.375835
0.379162
0.375957
0.373989
0.370143
0.373943
0.374279
0.375393
0.376644
0.373089
0.374736
0.375209
0.377483
0.379055
0.375317
0.375988
0.376049
0.375957
0.371776
0.374248
0.375789
0.376110
0.375789
0.375439
0.376064
0.375042
0.374828
0.377574
0.373974
0.376018
0.375957
0.376003
0.374034
0.377132
0.374477
0.376247
0.375240
0.374035
0.375759
0.376217
0.376720
0.375698
0.378474
0.371456
0.381954
0.375896
0.376156
0.375758
0.376293
0.375988
0.379848
0.375576
0.376109
0.376002
0.376492
0.379741
0.376385
0.372066
0.379588
0.375697
0.375331
0.374507
0.375301
0.376064
0.375057
0.372325
0.373226
0.375728
0.373791
0.375500
0.372081
0.372692
0.374202
0.375820
0.374829
0.376354
0.373669
0.374966
0.374065
0.374035
0.375439
0.373806
0.375286
0.373378
0.375988
0.374874
0.376933
0.375224
0.379649
0.375041
0.370296
0.375972
0.376019
0.375789
0.375134
0.375240
0.376247
0.374660
0.374752
0.376278
0.378811
0.375820
0.374218
0.375316
0.375438
0.376262
0.375530
0.377331
0.376064
0.376064
0.379802
0.376156
0.377880
0.378490
0.375164
0.379772
0.375515
0.379879
0.379466
0.375957
0.371272
0.375118
0.375133
0.376933
0.374492
0.375820
0.375591
