0.376796
0.375835
0.377788
0.376766
0.376110
0.375591
0.376278
0.377559
0.373058
0.377055
0.376400
0.375606
0.375942
0.375408
0.377193
0.375973
0.376125
0.376094
0.378108
0.372387
0.376079
0.376415
0.376567
0.377865
0.376552
0.376629
0.376491
0.376247
0.375973
0.381023
0.371623
0.375743
0.381527
0.379909
0.379314
0.378719
0.376415
0.380183
0.377178
0.376415
0.376262
0.371914
0.375667
0.376659
0.378643
0.376079
0.376872
0.376064
0.381831
0.383067
0.375957
0.376201
0.377453
0.375972
0.375957
0.372509
0.376614
0.375683
0.376430
0.375972
0.375713
0.375851
0.377483
0.373989
0.376003
0.377803
0.379238
0.376933
0.375652
0.376323
0.376583
0.377697
0.375622
0.376216
0.373745
0.377910
0.376125
0.376399
0.377986
0.376934
0.379924
0.377132
0.379497
0.376537
0.376384
0.373028
0.378779
0.377910
0.377117
0.377849
0.376323
0.375850
0.376384
0.376964
0.376247
0.375423
0.373134
0.373668
0.375209
0.375912
0.375957
0.375957
0.379299
0.376049
0.377284
0.375942
0.375881
0.377804
0.380458
0.376415
0.375362
0.376598
0.376964
0.375454
0.376293
0.376094
0.375911
0.377193
0.375744
0.377620
0.381923
0.376171
0.376018
0.378170
0.375499
0.376156
0.375621
0.376659
0.380992
0.375743
0.379650
0.375332
0.377117
0.375209
0.376796
0.376155
0.376659
0.375117
0.378872
0.375469
0.372036
0.375789
0.376751
0.372097
0.375347
0.376293
0.376415
0.376079
0.379070
0.378780
0.375835
0.372051
0.379268
0.376903
0.372235
0.375621
0.375835
0.376186
0.376140
0.377574
0.376201
0.379375
0.372447
0.376858
0.376140
0.375560
0.375317
0.375439
0.376109
0.375973
0.378643
0.376507
0.379756
0.371654
0.376262
0.379573
0.376110
0.376048
0.375789
0.380016
0.378032
0.371792
0.375988
0.376369
0.371700
0.376125
0.376553
0.376674
0.376156
0.375316
0.376751
0.376537
0.376018
0.375911
0.376537
0.371959
0.375622
0.376003
0.375881
0.375804
0.375911
0.379512
0.396739
0.403712
0.408030
0.408746
0.403925
0.407938
0.411356
0.408289
0.408380
0.407937
0.410501
0.408976
0.405801
0.408091
0.409265
0.409921
0.408335
0.408258
0.408732
0.407846
0.413568
0.408151
0.408686
0.404138
0.408029
0.409723
0.408457
0.408517
0.412622
0.409418
0.409280
0.410089
0.408762
0.408594
0.406885
0.436043
0.444939
0.444801
0.442955
0.443489
0.442680
0.443871
0.442237
0.442604
0.445473
0.442680
0.444007
0.442558
0.437736
0.447730
0.443046
0.441826
0.443932
0.443214
0.441781
0.441505
0.449119
0.440956
0.441048
0.436791
0.442314
0.441658
0.441506
0.446907
0.442436
0.442009
0.441338
0.441841
0.441491
0.441490
0.437309
0.379222
0.379070
0.374020
0.376094
0.379864
0.378841
0.375987
0.376048
0.375896
0.376110
0.375331
0.377010
0.377361
0.376201
0.375942
0.379375
0.375331
0.375561
0.372264
0.375622
0.376064
0.372005
0.377238
0.375636
0.375820
0.376323
0.376659
0.375835
0.375805
0.372646
0.376003
0.375926
0.376064
0.374507
0.376110
0.382396
0.377224
0.376369
0.376049
0.376064
0.375881
0.376155
0.375606
0.375988
0.376552
0.375728
0.375514
0.375453
0.383342
0.375728
0.375851
0.371945
0.376674
0.376018
0.373943
0.376598
0.375484
0.375499
0.376140
0.375987
0.375804
0.375820
0.372127
0.377788
0.384014
0.375927
0.376567
0.376354
0.375850
0.406855
0.404093
0.404124
0.407541
0.408075
0.407373
0.409724
0.407770
0.407709
0.408151
0.408014
0.407938
0.403772
0.408517
0.407740
0.407495
0.412149
0.408243
0.407449
0.408289
0.408258
0.411447
0.407297
0.407145
0.412225
0.415033
0.407236
0.409983
0.408289
0.408548
0.407587
0.408808
0.408579
0.407846
0.403559
0.409250
0.407831
0.403940
0.408136
0.408030
0.407465
0.407861
0.408090
0.408442
0.407816
0.403651
0.408182
0.408594
0.405558
0.407862
0.407755
0.404520
0.407725
0.407511
0.404337
0.408213
0.409250
0.407968
0.407923
0.408349
0.407358
0.408548
0.415613
0.408975
0.411478
0.412104
0.408655
0.407785
0.407861
0.410379
0.397731
0.375698
0.375866
0.376339
0.379939
0.375865
0.383158
0.376613
0.379055
0.379039
0.379528
0.376202
0.379329
0.375515
0.372341
0.376064
0.375621
0.376095
0.379817
0.371745
0.377376
0.383845
0.372433
0.376811
0.379253
0.379497
0.376232
0.375591
0.375438
0.375987
0.373393
0.375392
0.376537
0.376598
0.376995
0.382624
0.376216
0.376506
0.375103
0.377300
0.376125
0.375988
0.375744
0.376293
0.373378
0.375896
0.375713
0.376491
0.375911
0.376080
0.375942
0.381252
0.376430
0.378825
0.376018
0.376353
0.375820
0.375926
0.375987
0.376231
0.375896
0.376247
0.377757
0.376552
0.375378
0.378765
0.372723
0.376384
0.375164
0.376003
0.411661
0.403910
0.409311
0.411661
0.407968
0.408212
0.407572
0.403940
0.407908
0.404139
0.411783
0.411051
0.404078
0.407664
0.408136
0.407755
0.407847
0.410791
0.414194
0.408030
0.403696
0.408105
0.411554
0.406107
0.412546
0.408761
0.407846
0.407846
0.407892
0.408716
0.411600
0.407922
0.415049
0.411981
0.404688
0.408334
0.407938
0.407465
0.408396
0.411096
0.412073
0.407999
0.408518
0.408244
0.410028
0.403742
0.408182
0.407861
0.408411
0.408380
0.407709
0.408700
0.411325
0.408609
0.407709
0.408045
0.403636
0.407587
0.410684
0.408610
0.412164
0.407815
0.407831
0.407800
0.407694
0.409952
0.407968
0.403147
0.407755
0.408899
0.384960
0.379390
0.375607
0.375789
0.376598
0.376491
0.375911
0.375942
0.372570
0.376491
0.375866
0.372112
0.375897
0.375804
0.379344
0.376598
0.377376
0.376095
0.375744
0.372692
0.380398
0.376110
0.372189
0.376858
0.376048
0.375988
0.375957
0.375804
0.376735
0.376079
0.376262
0.376079
0.376125
0.378368
0.375851
0.376110
0.375408
0.377666
0.379299
0.376415
0.375926
0.375865
0.376110
0.376445
0.372250
0.376125
0.375637
0.376278
0.376033
0.375851
0.376079
0.376079
0.372082
0.376293
0.379939
0.372005
0.375972
0.375911
0.374706
0.375835
0.375927
0.375774
0.376506
0.375698
0.379803
0.375499
0.372128
0.375698
0.376232
0.376064
0.404230
0.411401
0.407557
0.408533
0.403758
0.408426
0.407953
0.404154
0.407785
0.410211
0.408090
0.407343
0.407648
0.408319
0.419198
0.406946
0.408274
0.408320
0.408747
0.407419
0.409265
0.409021
0.408182
0.407709
0.408365
0.408227
0.403848
0.407648
0.407556
0.412073
0.409357
0.408350
0.407861
0.407557
0.403726
0.408991
0.411966
0.407724
0.407632
0.408380
0.409998
0.407327
0.403635
0.407434
0.408319
0.407542
0.411554
0.407816
0.407862
0.407480
0.412057
0.411600
0.407892
0.407770
0.411722
0.408151
0.403574
0.411462
0.410456
0.408441
0.407617
0.410013
0.408273
0.408273
0.411188
0.409372
0.407938
0.403879
0.407648
0.408350
0.401713
0.376034
0.377743
0.372326
0.376247
0.376003
0.379375
0.375545
0.376095
0.376109
0.379833
0.372463
0.377208
0.375438
0.375988
0.379924
0.379207
0.376415
0.376125
0.372357
0.381877
0.376293
0.376063
0.376033
0.375728
0.375286
0.377330
0.371807
0.379665
0.375500
0.375271
0.376170
0.377559
0.377452
0.376155
0.375911
0.375362
0.376399
0.371960
0.376155
0.375515
0.375805
0.376049
0.376369
0.376095
0.376766
0.375972
0.375987
0.376018
0.372035
0.375851
0.375789
0.376277
0.376156
0.381206
0.375607
0.380138
0.375637
0.380183
0.375804
0.376018
0.375484
0.376018
0.375942
0.376140
0.375637
0.379390
0.376292
0.375835
0.375790
0.393519
0.408075
0.408228
0.408334
0.403711
0.413309
0.408075
0.408549
0.411310
0.408594
0.407923
0.408731
0.407908
0.404352
0.407739
0.404001
0.409815
0.407846
0.404032
0.407663
0.408197
0.407969
0.408259
0.407679
0.409311
0.407526
0.408503
0.407847
0.408487
0.408045
0.407877
0.407968
0.407313
0.407495
0.404032
0.420739
0.443947
0.441215
0.440697
0.444862
0.440864
0.441582
0.440452
0.442131
0.440743
0.436028
0.440804
0.441917
0.441505
0.440728
0.444969
0.440910
0.441673
0.435906
0.441383
0.441109
0.436745
0.440819
0.446724
0.440880
0.444710
0.440621
0.444831
0.444297
0.440041
0.441231
0.440193
0.436729
0.442604
0.440956
0.440620
0.382350
0.375805
0.372494
0.375775
0.376537
0.376033
0.379451
0.375942
0.378459
0.375835
0.375362
0.376033
0.376552
0.376292
0.375927
0.375637
0.372112
0.376308
0.378749
0.376781
0.375865
0.376537
0.378673
0.376308
0.375393
0.376064
0.375896
0.371929
0.376552
0.380839
0.376019
0.375927
0.376125
0.375942
0.376475
0.375912
0.376323
0.375789
0.372997
0.378734
0.376614
0.375926
0.376094
0.376491
0.375927
0.376216
0.372234
0.379542
0.375957
0.373714
0.379268
0.376247
0.372204
0.379954
0.375881
0.377270
0.376155
0.376263
0.376155
0.375957
0.372143
0.377696
0.376308
0.371700
0.376232
0.375912
0.380123
0.375927
0.376415
0.379329
0.376797
0.371411
0.376537
0.375316
0.371868
0.376018
0.375729
0.376659
0.375759
0.376263
0.375835
0.376659
0.377864
0.376629
0.376018
0.372646
0.375973
0.376353
0.376003
0.376049
0.376064
0.375530
0.379772
0.375911
0.376338
0.375835
0.372249
0.375911
0.376110
0.375560
0.375606
0.375682
0.377041
0.378429
0.375484
0.375880
0.375439
0.379391
0.379146
0.376430
0.376659
0.376156
0.379237
0.376766
0.376094
0.371929
0.375835
0.375835
0.379771
0.375896
0.376476
0.376033
0.376674
0.379268
0.378734
0.379024
0.372875
0.376003
0.376537
0.372326
0.376033
0.375988
0.376186
0.376293
0.376522
0.375194
0.376567
0.379253
0.375332
0.376034
0.372021
0.408487
0.408029
0.408624
0.407541
0.410288
0.408106
0.408151
0.403575
0.407983
0.407739
0.406992
0.411814
0.408014
0.415506
0.407114
0.408060
0.408243
0.408350
0.403559
0.408044
0.407679
0.408121
0.408685
0.410807
0.408319
0.409601
0.406015
0.410791
0.412012
0.407999
0.408518
0.406977
0.408029
0.407877
0.414254
0.440880
0.440682
0.444466
0.441963
0.448798
0.441048
0.441597
0.436349
0.441368
0.448249
0.435646
0.446556
0.441490
0.436150
0.444359
0.440880
0.444817
0.440865
0.436135
0.441460
0.444084
0.438301
0.441155
0.444694
0.440925
0.440971
0.441902
0.440956
0.444862
0.440788
0.441201
0.441017
0.438744
0.440743
0.441078
0.375835
0.376124
0.378567
0.372539
0.376064
0.379284
0.379116
0.376171
0.382670
0.376049
0.376216
0.376033
0.379893
0.376049
0.372417
0.376201
0.376369
0.375560
0.381649
0.375912
0.376781
0.379009
0.377742
0.378947
0.376018
0.375850
0.376217
0.376156
0.375286
0.377955
0.378643
0.376552
0.376109
0.375987
0.376934
0.379283
0.373028
0.379634
0.375850
0.381160
0.376735
0.375835
0.376537
0.375804
0.372615
0.375881
0.376003
0.371899
0.376629
0.375362
0.376674
0.376064
0.376186
0.375896
0.375896
0.375896
0.376125
0.376506
0.371960
0.376583
0.377758
0.372570
0.379359
0.379939
0.376033
0.376247
0.375606
0.376186
0.379726
0.372340
0.407663
0.411402
0.411920
0.407968
0.409311
0.407648
0.408548
0.403147
0.408503
0.407541
0.408289
0.409998
0.408289
0.407862
0.407984
0.408030
0.408533
0.408365
0.407602
0.407449
0.407632
0.404078
0.409555
0.408502
0.407052
0.408609
0.407206
0.408426
0.407862
0.407892
0.408029
0.408044
0.407922
0.407923
0.407892
0.408289
0.411630
0.410928
0.408258
0.407847
0.409387
0.407450
0.408472
0.409342
0.408014
0.407771
0.403940
0.408121
0.407877
0.407693
0.407938
0.408289
0.407968
0.408045
0.407327
0.408503
0.407907
0.405084
0.407465
0.407816
0.408273
0.408854
0.411860
0.407541
0.409647
0.403193
0.407526
0.407999
0.403726
0.408060
0.402872
0.371563
0.376582
0.375881
0.376095
0.376049
0.375454
0.376171
0.375911
0.379054
0.375256
0.376323
0.372432
0.376354
0.375972
0.378261
0.375805
0.379970
0.379085
0.376034
0.376690
0.376308
0.377254
0.372173
0.376292
0.376369
0.376613
0.379207
0.375942
0.376201
0.376506
0.371562
0.375942
0.375682
0.371517
0.376079
0.377620
0.376537
0.379146
0.376232
0.376034
0.376552
0.372188
0.380031
0.375850
0.375377
0.380580
0.375866
0.379436
0.379146
0.375805
0.375484
0.376247
0.371791
0.376170
0.376262
0.372326
0.377330
0.376537
0.378551
0.375759
0.375652
0.379589
0.376064
0.372692
0.375667
0.382488
0.372097
0.375423
0.375988
0.387110
0.407419
0.406793
0.408838
0.408350
0.407983
0.407907
0.407770
0.410425
0.407664
0.403452
0.407358
0.408258
0.403559
0.411905
0.407373
0.407999
0.408732
0.408289
0.407846
0.407816
0.407816
0.411921
0.407999
0.403604
0.411646
0.411249
0.404489
0.411570
0.409968
0.408045
0.408594
0.407785
0.415322
0.407785
0.403650
0.407618
0.408625
0.404398
0.407679
0.407663
0.407297
0.407663
0.403147
0.408518
0.408136
0.403925
0.407816
0.408350
0.403238
0.410440
0.407832
0.412043
0.408014
0.407358
0.407862
0.407861
0.408610
0.407862
0.407740
0.403681
0.410502
0.407648
0.405192
0.407739
0.407359
0.411631
0.408579
0.408212
0.407129
0.407892
0.387309
0.376598
0.375896
0.371425
0.375591
0.375774
0.375499
0.376262
0.375591
0.374813
0.375118
0.370937
0.376766
0.375484
0.371807
0.376339
0.376324
0.376232
0.375759
0.375698
0.375789
0.377147
0.375911
0.376171
0.375896
0.375652
0.376629
0.377132
0.375942
0.375316
0.376201
0.377468
0.378521
0.371791
0.375774
0.375942
0.376629
0.376583
0.376094
0.376202
0.375743
0.376766
0.377850
0.375546
0.372158
0.376522
0.376156
0.375850
0.376155
0.375652
0.375423
0.375683
0.379589
0.382945
0.378948
0.372143
0.376232
0.377116
0.375789
0.375667
0.371822
0.376033
0.375759
0.377605
0.376155
0.375439
0.372097
0.379848
0.379603
0.376263
0.407816
0.403605
0.408151
0.433800
0.407969
0.409586
0.407160
0.407847
0.411249
0.408258
0.411493
0.408060
0.408549
0.408198
0.410531
0.407663
0.407694
0.408807
0.409113
0.408335
0.404383
0.407861
0.407877
0.404047
0.410119
0.407938
0.403497
0.403773
0.412072
0.407510
0.408029
0.418542
0.407968
0.408030
0.406977
0.414529
0.407725
0.403010
0.413034
0.408685
0.412286
0.407846
0.408304
0.407999
0.407892
0.405481
0.408518
0.407404
0.403529
0.407679
0.408441
0.407831
0.410760
0.408548
0.409174
0.408014
0.405131
0.408350
0.411859
0.404016
0.411325
0.408198
0.403834
0.408045
0.411249
0.411615
0.403406
0.407404
0.411066
0.409296
0.393733
0.375377
0.375194
0.372921
0.379146
0.375850
0.377254
0.378231
0.375622
0.378734
0.376201
0.378520
0.378628
0.379329
0.372555
0.375591
0.377254
0.375148
0.376156
0.375423
0.375652
0.376339
0.375820
0.375713
0.375911
0.375759
0.376003
0.378734
0.372753
0.376323
0.375484
0.375515
0.379726
0.375957
0.375545
0.379101
0.372204
0.379130
0.374996
0.376186
0.376705
0.375866
0.376033
0.376263
0.372737
0.375652
0.375743
0.372097
0.379818
0.377163
0.371517
0.375774
0.376125
0.376903
0.378734
0.376018
0.375179
0.378688
0.371960
0.376704
0.377055
0.371761
0.375683
0.376445
0.376094
0.378978
0.376705
0.376125
0.375316
0.371960
0.396189
0.410837
0.407831
0.407450
0.409754
0.407450
0.407907
0.404444
0.408060
0.410791
0.408014
0.408914
0.407571
0.407297
0.407938
0.411997
0.407510
0.407984
0.403513
0.408182
0.407374
0.410165
0.411799
0.408457
0.407617
0.407922
0.413309
0.407404
0.407526
0.403681
0.411860
0.411493
0.403712
0.408060
0.407724
0.422937
0.440666
0.436714
0.439949
0.443992
0.444786
0.442238
0.441887
0.440682
0.440743
0.439598
0.441093
0.440544
0.441262
0.441155
0.440559
0.440971
0.442543
0.441322
0.448265
0.440712
0.436043
0.440316
0.440574
0.441566
0.441170
0.440560
0.440514
0.442832
0.435647
0.440514
0.441796
0.440621
0.440880
0.440895
0.444587
0.441262
0.440544
0.442284
0.441201
0.441170
0.444206
0.440605
0.436684
0.441735
0.444709
0.444908
0.449379
0.440376
0.442512
0.441445
0.444893
0.440986
0.440757
0.440575
0.441017
0.441078
0.440865
0.441887
0.442665
0.440849
0.444191
0.437264
0.440941
0.444755
0.435952
0.441551
0.440971
0.441063
