0.375301
0.376643
0.376354
0.376568
0.375668
0.378216
0.376125
0.376460
0.372128
0.375789
0.375866
0.375302
0.375835
0.376095
0.376751
0.375866
0.376049
0.379878
0.377254
0.372066
0.375865
0.376659
0.375407
0.375850
0.376262
0.376308
0.377010
0.375926
0.376140
0.375927
0.372173
0.375575
0.376369
0.375942
0.375759
0.375744
0.379680
0.375469
0.375927
0.376217
0.379589
0.372219
0.376094
0.375927
0.372173
0.376018
0.379268
0.378398
0.376506
0.376827
0.379223
0.376751
0.375408
0.375911
0.379298
0.373852
0.375972
0.376308
0.379787
0.376492
0.375789
0.375927
0.376552
0.376293
0.376079
0.376110
0.372677
0.376461
0.377513
0.372127
0.376445
0.375911
0.375987
0.375820
0.377895
0.376400
0.375347
0.375835
0.372600
0.377880
0.372127
0.376308
0.376415
0.375697
0.375896
0.376323
0.375973
0.375880
0.375697
0.377284
0.375332
0.371593
0.376949
0.379527
0.375911
0.375346
0.376507
0.376262
0.375987
0.373073
0.378826
0.375912
0.375423
0.376262
0.376522
0.375911
0.376262
0.376247
0.376751
0.375957
0.377376
0.376339
0.377193
0.375393
0.378673
0.379985
0.372142
0.375774
0.375500
0.376552
0.379055
0.377742
0.375758
0.377376
0.375530
0.375790
0.379528
0.372829
0.375560
0.375942
0.372677
0.376324
0.375972
0.375896
0.376644
0.378841
0.375835
0.376018
0.372371
0.376079
0.376003
0.376598
0.378154
0.375302
0.375957
0.376659
0.380672
0.379101
0.376034
0.372112
0.375850
0.375729
0.371746
0.375545
0.379329
0.376003
0.376598
0.376430
0.375911
0.375957
0.372570
0.379542
0.375423
0.373928
0.376674
0.375820
0.376750
0.375302
0.376506
0.375270
0.376980
0.376003
0.376781
0.376034
0.377803
0.375637
0.376354
0.371517
0.375911
0.376995
0.376873
0.375880
0.376003
0.376826
0.375850
0.375392
0.375515
0.375927
0.372066
0.376018
0.376644
0.379558
0.375988
0.375881
0.376781
0.377773
0.376003
0.376019
0.376552
0.372463
0.375866
0.375880
0.376583
0.375026
0.375331
0.377879
0.376705
0.375408
0.375896
0.376217
0.379421
0.375851
0.375789
0.376751
0.376155
0.375850
0.391718
0.408106
0.411508
0.408015
0.411203
0.407923
0.407404
0.407770
0.412210
0.408487
0.405588
0.411417
0.408381
0.403605
0.411173
0.411783
0.407923
0.407969
0.407678
0.412958
0.408198
0.411508
0.407892
0.408563
0.407923
0.407603
0.407343
0.408670
0.408442
0.403757
0.408533
0.410089
0.407877
0.407892
0.412073
0.441048
0.443260
0.436806
0.441826
0.440743
0.441338
0.448249
0.444847
0.441033
0.444801
0.442878
0.440743
0.440773
0.436074
0.441337
0.444512
0.441140
0.440499
0.441430
0.440697
0.440513
0.437157
0.442131
0.440957
0.436546
0.441506
0.442131
0.442620
0.440590
0.441414
0.441475
0.442207
0.440940
0.441597
0.441261
0.384731
0.376171
0.376094
0.375728
0.375988
0.376217
0.376888
0.375942
0.375667
0.376521
0.375469
0.375820
0.376155
0.381649
0.372325
0.378948
0.376888
0.372753
0.376048
0.375881
0.382702
0.379176
0.375378
0.379238
0.376537
0.371929
0.375683
0.376705
0.376811
0.379055
0.375789
0.376613
0.376598
0.374996
0.377422
0.375881
0.372189
0.375774
0.376384
0.376628
0.375927
0.379268
0.376018
0.376552
0.373973
0.376094
0.375866
0.372509
0.376003
0.376049
0.375667
0.375790
0.382320
0.376583
0.377193
0.373439
0.378719
0.376568
0.376857
0.375423
0.375911
0.375896
0.376324
0.375347
0.379314
0.377956
0.371899
0.375958
0.376049
0.380077
0.407892
0.407632
0.408426
0.415430
0.410959
0.412439
0.410043
0.403788
0.407770
0.408090
0.408121
0.407923
0.407968
0.409189
0.408335
0.407968
0.412409
0.409448
0.406961
0.407892
0.407556
0.408014
0.407236
0.403696
0.409738
0.408380
0.403848
0.407648
0.411249
0.408686
0.408533
0.407709
0.407984
0.407847
0.404292
0.408487
0.408487
0.404810
0.407908
0.408076
0.408213
0.411493
0.407557
0.407861
0.408365
0.406763
0.408228
0.413644
0.407281
0.408288
0.408243
0.412210
0.407602
0.407831
0.408777
0.408533
0.403529
0.407801
0.413461
0.404260
0.407786
0.408213
0.408045
0.407770
0.407922
0.408594
0.407938
0.403925
0.409631
0.400584
0.376171
0.375805
0.375469
0.379329
0.376079
0.375896
0.379009
0.375958
0.375957
0.381115
0.376262
0.379741
0.375819
0.375759
0.372585
0.376522
0.378979
0.376003
0.379696
0.375865
0.376064
0.375866
0.376156
0.372341
0.379070
0.372905
0.376430
0.375912
0.372311
0.379817
0.378414
0.375225
0.375469
0.380352
0.376598
0.376125
0.372372
0.376293
0.375988
0.372341
0.375927
0.376109
0.372295
0.375911
0.376476
0.376888
0.375896
0.375820
0.379756
0.376598
0.372021
0.377910
0.376140
0.375774
0.375789
0.375515
0.376186
0.378902
0.379100
0.379619
0.376323
0.372142
0.377895
0.376476
0.376019
0.376018
0.375591
0.376445
0.375743
0.376659
0.408396
0.407846
0.405558
0.407770
0.412057
0.408502
0.410761
0.407983
0.408609
0.408395
0.403818
0.407938
0.407877
0.407679
0.407420
0.409983
0.408015
0.407968
0.407587
0.409280
0.411997
0.403223
0.414956
0.414041
0.404459
0.411081
0.411478
0.411738
0.411402
0.407816
0.408320
0.407571
0.407389
0.411661
0.410227
0.476614
0.475775
0.476980
0.477041
0.476584
0.475729
0.479375
0.475729
0.476263
0.480901
0.474798
0.475577
0.475638
0.475821
0.476050
0.475485
0.474829
0.474890
0.475302
0.475424
0.477224
0.475042
0.474859
0.479223
0.479071
0.480322
0.474844
0.474616
0.475943
0.476554
0.472571
0.475119
0.479025
0.475638
0.475638
0.375942
0.372112
0.376064
0.376537
0.375866
0.376689
0.371685
0.376141
0.375820
0.376461
0.379513
0.375912
0.372219
0.376155
0.376735
0.376095
0.378032
0.375820
0.376430
0.378994
0.376338
0.376080
0.376445
0.374935
0.376873
0.380062
0.372234
0.380931
0.376171
0.376552
0.379360
0.375271
0.375515
0.376690
0.375072
0.376613
0.375912
0.374004
0.375896
0.376216
0.376537
0.375637
0.372128
0.376186
0.375789
0.375256
0.376644
0.375988
0.376644
0.375926
0.376232
0.375683
0.375774
0.376049
0.376644
0.376384
0.373059
0.379176
0.377940
0.372509
0.376003
0.376201
0.376171
0.375866
0.376033
0.377926
0.376384
0.371883
0.375972
0.377346
0.404199
0.407313
0.408091
0.404261
0.409921
0.403467
0.408060
0.408090
0.404383
0.409769
0.408365
0.407984
0.408426
0.407862
0.408731
0.407999
0.411051
0.411326
0.408350
0.404230
0.409311
0.408091
0.403909
0.408289
0.411173
0.408549
0.407861
0.408640
0.408488
0.411448
0.407831
0.407892
0.407816
0.403834
0.411462
0.418710
0.440864
0.441231
0.441139
0.440788
0.440758
0.437859
0.441459
0.444695
0.436989
0.440468
0.440498
0.440437
0.444832
0.440789
0.440316
0.440697
0.436668
0.441780
0.441200
0.436715
0.440392
0.441688
0.440498
0.441002
0.440621
0.440788
0.442466
0.441154
0.441216
0.440178
0.435967
0.440895
0.440559
0.440437
0.445106
0.379039
0.372356
0.375652
0.377239
0.379512
0.379100
0.375148
0.376080
0.376338
0.372204
0.375988
0.375759
0.381969
0.375392
0.376140
0.375743
0.376095
0.371548
0.376155
0.376613
0.371899
0.375820
0.378948
0.376324
0.375270
0.375790
0.375988
0.375835
0.371883
0.376689
0.375728
0.375957
0.376690
0.376705
0.376460
0.375744
0.375347
0.375896
0.375713
0.375087
0.379481
0.375850
0.377224
0.380794
0.376430
0.377071
0.378444
0.371502
0.376064
0.380199
0.371578
0.375790
0.375545
0.380550
0.375697
0.382869
0.375927
0.376064
0.372127
0.376446
0.376491
0.372235
0.375378
0.376354
0.378704
0.376095
0.376736
0.375713
0.377803
0.376812
0.375972
0.375851
0.371990
0.376109
0.376186
0.373684
0.375927
0.375744
0.376018
0.377284
0.375698
0.375850
0.376598
0.372738
0.375651
0.377849
0.379085
0.375759
0.375545
0.376110
0.376460
0.371639
0.375957
0.375789
0.380214
0.376186
0.379252
0.376125
0.379085
0.375469
0.376476
0.376415
0.372600
0.378795
0.376354
0.376155
0.377895
0.376064
0.375942
0.376567
0.372173
0.376461
0.375499
0.372067
0.375682
0.379604
0.378505
0.375545
0.376049
0.375393
0.376568
0.372158
0.379787
0.375804
0.375926
0.376048
0.376064
0.376002
0.375453
0.372082
0.375728
0.376231
0.371853
0.376353
0.375942
0.376598
0.376018
0.381923
0.380305
0.410898
0.407938
0.411875
0.411661
0.411203
0.407801
0.407755
0.412012
0.407739
0.403635
0.407648
0.407846
0.407724
0.408960
0.408716
0.407633
0.407633
0.408106
0.408106
0.409601
0.407770
0.407709
0.407984
0.403544
0.408076
0.407557
0.404062
0.407876
0.407511
0.408213
0.408014
0.407404
0.408457
0.408807
0.409158
0.442268
0.439965
0.440240
0.440560
0.444953
0.443321
0.444313
0.436134
0.436867
0.442589
0.440789
0.441047
0.440376
0.441490
0.440789
0.442055
0.440926
0.440803
0.436073
0.440727
0.444938
0.439689
0.441765
0.436806
0.441338
0.440971
0.442406
0.445030
0.441872
0.441017
0.440712
0.440819
0.436318
0.440392
0.441704
0.372509
0.375805
0.375591
0.375896
0.375713
0.375805
0.375942
0.375636
0.375911
0.376124
0.376598
0.372204
0.377422
0.375728
0.372417
0.376140
0.374782
0.375256
0.375911
0.376110
0.375500
0.375667
0.378764
0.375362
0.375454
0.371884
0.377590
0.375362
0.375789
0.376446
0.376735
0.376033
0.375713
0.379192
0.376460
0.375347
0.375026
0.376079
0.375911
0.375958
0.375728
0.379024
0.375805
0.375240
0.377407
0.376231
0.376247
0.375835
0.376567
0.376262
0.371776
0.380077
0.376460
0.376537
0.375332
0.375744
0.379558
0.379466
0.375850
0.375926
0.379130
0.372097
0.375942
0.376629
0.380092
0.380931
0.375744
0.376384
0.379818
0.375774
0.397181
0.409463
0.408350
0.407862
0.408045
0.410257
0.408060
0.408075
0.407968
0.411997
0.403635
0.408198
0.415551
0.407984
0.409830
0.411477
0.409723
0.410852
0.407694
0.407480
0.408655
0.403651
0.411508
0.408167
0.403559
0.407968
0.409708
0.408441
0.408686
0.408365
0.408014
0.407694
0.410257
0.415124
0.407404
0.404459
0.408045
0.409510
0.409357
0.408671
0.407861
0.407938
0.408762
0.403818
0.411523
0.406992
0.404337
0.408091
0.411600
0.407342
0.407603
0.407709
0.408060
0.408075
0.408029
0.407755
0.407847
0.403879
0.410684
0.407420
0.411386
0.408335
0.408243
0.407404
0.408014
0.407861
0.408426
0.407801
0.404154
0.407648
0.394557
0.371868
0.376033
0.376292
0.371670
0.376079
0.376414
0.376354
0.376048
0.378231
0.382671
0.377361
0.376888
0.379512
0.376019
0.375850
0.375392
0.379039
0.377056
0.375499
0.371411
0.376491
0.379253
0.375607
0.381618
0.375835
0.371700
0.374629
0.376110
0.375865
0.377345
0.375317
0.376263
0.376140
0.371929
0.375957
0.375866
0.376293
0.379177
0.377254
0.380901
0.375697
0.375576
0.375896
0.376598
0.372295
0.375347
0.375194
0.376598
0.375179
0.375469
0.377025
0.379268
0.371960
0.376583
0.375835
0.371242
0.378734
0.375652
0.379954
0.375637
0.377788
0.376018
0.382106
0.371395
0.376430
0.375805
0.375668
0.378978
0.376568
0.407831
0.407755
0.409357
0.407495
0.408945
0.407892
0.409250
0.407785
0.407434
0.407968
0.408136
0.412195
0.409357
0.408975
0.411402
0.408243
0.407923
0.407877
0.407846
0.407923
0.407983
0.411829
0.410593
0.407633
0.403833
0.414743
0.408717
0.409098
0.408182
0.408151
0.414850
0.407602
0.407724
0.409814
0.407968
0.475180
0.475043
0.475530
0.474356
0.475424
0.474539
0.475637
0.479224
0.481482
0.478522
0.479315
0.479300
0.475913
0.474356
0.474860
0.475210
0.475103
0.474799
0.475256
0.472052
0.475912
0.475882
0.480001
0.474951
0.474890
0.476477
0.475043
0.475027
0.475164
0.474020
0.470007
0.479788
0.475730
0.475013
0.474524
0.389186
0.372891
0.376003
0.379177
0.375560
0.377727
0.375591
0.376232
0.374782
0.371777
0.375575
0.376446
0.376170
0.375957
0.375546
0.377346
0.378948
0.375698
0.375957
0.376018
0.371823
0.375728
0.375606
0.376003
0.379100
0.375866
0.377270
0.376323
0.371517
0.376018
0.376049
0.372448
0.376034
0.375957
0.376064
0.375408
0.377559
0.376552
0.376201
0.375316
0.376293
0.376491
0.373042
0.376308
0.375927
0.376644
0.376201
0.377223
0.375820
0.375591
0.374904
0.375759
0.376537
0.376048
0.375774
0.375499
0.376705
0.378383
0.375911
0.375606
0.380412
0.371700
0.375500
0.376537
0.372570
0.376568
0.378810
0.375942
0.379756
0.382701
0.407785
0.408182
0.407541
0.407999
0.408044
0.408335
0.408670
0.407831
0.410257
0.408579
0.403803
0.408075
0.408014
0.404474
0.407541
0.407846
0.408319
0.407602
0.407983
0.403681
0.408334
0.408075
0.408060
0.408044
0.403498
0.408136
0.407922
0.408350
0.407846
0.410761
0.407923
0.407846
0.406916
0.408808
0.419656
0.441002
0.440941
0.440559
0.441002
0.443382
0.440529
0.440696
0.440834
0.440620
0.440316
0.444176
0.437234
0.440911
0.441551
0.441079
0.442863
0.440667
0.441125
0.441399
0.436394
0.440575
0.440498
0.441109
0.440972
0.440758
0.446190
0.440819
0.435647
0.440880
0.444954
0.441078
0.443886
0.440544
0.440850
0.441597
0.444374
0.442634
0.441216
0.444390
0.440483
0.440972
0.436395
0.440529
0.444771
0.449211
0.445137
0.440575
0.440254
0.441383
0.441384
0.440957
0.444282
0.440284
0.443672
0.439995
0.441032
0.445534
0.442558
0.440865
0.441247
0.445396
0.444206
0.440696
0.436562
0.441154
0.440788
0.440682
0.442848
0.440270
0.440911
0.441246
0.442086
0.440606
0.440575
0.436790
0.441628
0.440560
0.445457
0.443306
0.441948
0.440956
0.440834
0.440896
0.441292
0.440849
0.436272
0.440606
0.444054
0.437919
0.440895
0.441246
0.435997
0.441018
0.441033
0.441826
0.441048
0.436471
0.441505
0.440300
0.438133
0.441093
0.440834
0.444709
0.444496
0.441414
0.441261
0.440147
0.436242
0.441597
0.441017
0.436135
