476410
476441
476471
476507
476537
476560
476586
476609
476638
476669
476687
476714
476740
476761
476794
476815
476849
476879
476909
476932
476960
476987
477014
477041
477063
477096
477127
477150
477172
477192
477216
477249
477271
477297
477323
477347
477372
477405
477432
477457
477481
477513
477533
477558
477591
477621
477660
477660
477660
477660
477660
477660
477660
477660
477660
477660
477660
477660
477660
477660
477660
477660
477660
477660
477660
477660
477660
477660
477660
477660
477660
477660
477660
477660
477660
477660
477660
477660
477660
477660
477660
477660
477660
477660
477660
477660
477660
477660
477660
477660
477660
477660
477660
477660
477660
477660
477660
477682
477707
477729
477759
477784
477809
477837
477868
477892
477913
477937
477964
477992
478026
478058
478091
478127
478164
478199
478240
478267
478303
478333
478362
478383
478410
478440
478462
478489
478514
478558
478594
478632
478658
