17211
17211
17212
17213
17215
17216
17217
17217
17219
17221
17222
17224
17224
17226
17231
17232
17232
17232
17233
17234
17234
17236
17237
17237
17238
17238
17239
17239
17240
17241
17243
17244
17246
17247
17249
17251
17253
17256
17256
17256
17256
17257
17258
17258
17258
17259
17264
17264
17264
17264
17264
17264
17264
17264
17264
17264
17264
17264
17264
17264
17264
17264
17264
17264
17264
17264
17264
17264
17264
17264
17264
17264
17264
17264
17264
17264
17264
17264
17264
17264
17264
17264
17264
17264
17264
17264
17264
17264
17264
17264
17264
17264
17264
17264
17264
17264
17264
17270
17270
17271
17273
17273
17274
17275
17277
17277
17279
17280
17280
17280
17282
17284
17286
17289
17291
17293
17296
17296
17297
17297
17297
17297
17298
17299
17299
17299
17300
17302
17307
17310
17310
