11729
11729
11729
11729
11729
11729
11729
11729
11729
11729
11729
11729
11729
11729
11729
11729
11729
11729
11729
11729
11729
11729
11729
11729
11729
11729
11729
11729
11729
11729
11729
11729
11729
11729
11729
11729
11729
11729
11729
11729
11729
11729
11729
11729
11729
11729
11729
11729
11729
11729
11729
11729
11729
11729
11729
11729
11729
11729
11729
11729
11729
11729
11729
11729
11729
11729
11729
11729
11729
11729
11729
11729
11729
11729
11729
11729
11729
11729
11729
11729
11729
11729
11729
11729
11729
11729
11729
11729
11729
11729
11729
11729
11729
11729
11729
11729
11729
11729
11729
11729
11730
11730
11730
11730
11730
11730
11730
11730
11730
11730
11730
11730
11730
11730
11730
11730
11730
11730
11730
11730
11730
11730
11730
11730
11730
11730
11730
11730
11730
11730
11730
