8863
8863
8864
8865
8866
8866
8866
8866
8867
8867
8867
8867
8867
8867
8867
8867
8867
8867
8867
8867
8867
8867
8867
8867
8867
8867
8867
8867
8867
8867
8867
8867
8867
8867
8867
8867
8867
8867
8867
8867
8867
8867
8867
8867
8867
8867
8867
8867
8867
8867
8867
8867
8867
8867
8867
8867
8867
8867
8867
8867
8867
8867
8867
8867
8867
8867
8867
8867
8867
8867
8867
8867
8867
8867
8867
8867
8867
8867
8867
8867
8867
8867
8867
8867
8867
8867
8867
8867
8867
8867
8867
8867
8867
8867
8867
8867
8867
8867
8867
8867
8867
8867
8867
8867
8867
8867
8867
8867
8867
8867
8867
8867
8867
8867
8867
8867
8867
8867
8867
8867
8867
8867
8867
8867
8867
8867
8867
8868
8868
8868
8868
