476413
476442
476476
476509
476539
476563
476588
476610
476643
476672
476689
476717
476741
476766
476797
476817
476854
476881
476910
476933
476962
476988
477017
477044
477067
477101
477129
477153
477174
477193
477220
477251
477274
477299
477324
477350
477374
477408
477435
477459
477488
477515
477535
477560
477596
477623
477660
477660
477660
477660
477660
477660
477660
477660
477660
477660
477660
477660
477660
477660
477660
477660
477660
477660
477660
477660
477660
477660
477660
477660
477660
477660
477660
477660
477660
477660
477660
477660
477660
477660
477660
477660
477660
477660
477660
477660
477660
477660
477660
477660
477660
477660
477660
477660
477660
477660
477660
477684
477707
477731
477761
477786
477811
477839
477871
477894
477914
477940
477965
477997
478031
478059
478096
478132
478165
478205
478245
478269
478309
478335
478364
478385
478413
478442
478464
478490
478519
478564
478599
478634
478660
