476415
476444
476482
476511
476542
476564
476589
476613
476649
476674
476691
476719
476743
476772
476798
476819
476859
476884
476913
476936
476964
476991
477018
477045
477068
477103
477132
477154
477176
477195
477222
477252
477276
477302
477327
477351
477375
477410
477437
477461
477494
477519
477537
477562
477601
477626
477660
477660
477660
477660
477660
477660
477660
477660
477660
477660
477660
477660
477660
477660
477660
477660
477660
477660
477660
477660
477660
477660
477660
477660
477660
477660
477660
477660
477660
477660
477660
477660
477660
477660
477660
477660
477660
477660
477660
477660
477660
477660
477660
477660
477660
477660
477660
477660
477660
477660
477661
477685
477708
477732
477762
477788
477814
477842
477872
477896
477916
477944
477969
478001
478033
478061
478102
478137
478168
478210
478250
478270
478311
478338
478367
478388
478416
478444
478467
478493
478525
478569
478604
478636
478663
