8760
8761
8761
8761
8761
8761
8761
8761
8761
8761
8761
8761
8761
8761
8761
8761
8761
8761
8761
8761
8761
8761
8761
8761
8761
8761
8761
8761
8761
8761
8761
8761
8762
8762
8762
8762
8762
8762
8762
8762
8762
8762
8762
8762
8762
8762
8762
8762
8762
8762
8762
8762
8762
8762
8762
8762
8762
8762
8762
8762
8762
8762
8762
8762
8762
8762
8762
8762
8762
8762
8762
8762
8762
8762
8762
8762
8762
8762
8762
8762
8762
8762
8762
8762
8762
8762
8762
8762
8762
8762
8762
8762
8762
8762
8762
8762
8762
8762
8762
8762
8762
8762
8762
8762
8762
8763
8763
8763
8763
8763
8763
8763
8763
8763
8763
8763
8765
8765
8765
8765
8765
8765
8765
8765
8765
8765
8765
8765
8765
8765
8765
8765
8765
8765
8765
8767
8767
8767
8767
8767
8767
8767
8767
8767
8767
8767
8767
8767
8767
8767
8767
8767
8767
8767
8767
8767
8767
8767
8767
8767
8767
8767
8767
8767
8767
8767
8767
8767
8767
8767
8767
8767
8767
8767
8768
8768
8768
8768
8768
8768
8768
8768
8768
8768
8768
8768
8768
8768
8768
8768
8768
8768
8768
8769
8769
8775
8775
8775
8775
8775
8775
8775
8775
8775
8775
8775
8775
8775
8775
8775
8775
8775
8775
8775
8775
8775
8775
8775
8775
8775
8775
8775
8775
8775
8775
8775
8775
8775
8775
8775
8775
8775
8775
8775
8775
8775
8775
8775
8775
8775
8775
8775
8775
8775
8775
8775
8776
8776
8776
8776
8776
8776
8776
8776
8776
8776
8776
8776
8776
8776
8776
8776
8776
8776
8776
8776
8776
8776
8776
8776
8776
8776
8776
8776
8776
8776
8776
8776
8776
8776
8776
8776
8776
8776
8776
8776
8776
8776
8776
8776
8776
8776
8776
8776
8776
8776
8776
8776
8776
8776
8776
8776
8776
8776
8776
8776
8776
8776
8776
8776
8776
8776
8776
8776
8776
8776
8776
8776
8776
8776
8776
8776
8776
8776
8776
8776
8776
8776
8776
8776
8776
8776
8776
8776
8776
8776
8776
8776
8776
8776
8776
8785
8785
8785
8785
8785
8785
8785
8785
8785
8786
8786
8786
8786
8786
8786
8786
8786
8788
8788
8788
8788
8788
8788
8788
8788
8788
8788
8788
8789
8789
8789
8789
8789
8789
8789
8789
8789
8789
8789
8789
8789
8789
8789
8789
8789
8790
8790
8790
8790
8791
8791
8791
8792
8792
8792
8792
8792
8792
8792
8792
8792
8792
8792
8792
8792
8792
8792
8792
8792
8792
8792
8792
8792
8792
8792
8793
8793
8793
8793
8793
8793
8793
8793
8793
8793
8793
8793
8793
8793
8793
8793
8793
8793
8793
8793
8793
8794
8794
8794
8794
8794
8794
8794
8794
8794
8794
8794
8794
8794
8794
8794
8794
8794
8794
8794
8794
8794
8794
8794
8794
8794
8794
8795
8795
8795
8795
8795
8795
8795
8795
8795
8795
8795
8796
8796
8796
8796
8796
8796
8796
8796
8796
8796
8796
8796
8796
8796
8796
8796
8796
8796
8796
8796
8796
8796
8796
8796
8796
8796
8796
8796
8796
8796
8796
8796
8797
8797
8797
8797
8797
8797
8797
8797
8797
8797
8798
8798
8798
8799
8799
8799
8799
8799
8799
8799
8799
8799
8800
8800
8800
8800
8800
8800
8800
8800
8800
8800
8800
8800
8800
8800
8800
8800
8800
8800
8800
8800
8800
8800
8800
8800
8800
8800
8800
8800
8800
8800
8800
8800
8800
8800
8801
8801
8801
8801
8801
8801
8801
8801
8801
8801
8801
8801
8801
8801
8801
8801
8801
8801
8802
8802
8802
8802
8802
8802
8802
8802
8802
8802
8802
8802
8802
8802
8802
8802
8802
8802
8802
8802
8802
8802
8802
8802
8802
8802
8802
8802
8802
8802
8802
8802
8802
8802
8802
8802
8802
8802
8802
8803
8803
8803
8803
8803
8803
8803
8803
8803
8803
8803
8803
8803
8803
8803
8803
8803
8803
8803
8803
8803
8803
8803
8803
8803
8803
8803
8803
8803
8803
8803
8803
8803
8803
8803
8803
8803
8803
8803
8803
8803
8803
8803
8803
8803
8803
8803
8803
8803
8803
8803
8803
8803
8803
8803
8803
8803
8803
8803
8803
8803
8803
8803
8803
8803
8803
8803
8803
8803
8803
8803
8803
8803
8803
8803
8803
8803
8803
8803
8803
8803
8803
8803
8804
8804
8804
8804
8804
8804
8804
8804
8804
8804
8804
8804
8804
8804
8804
8804
8804
8804
8804
8804
8804
8804
8804
8804
8804
8804
8804
8804
8804
8804
8804
8804
8804
8804
8804
8804
8804
8804
8804
8804
8804
8804
8804
8805
8805
8806
8806
8806
8807
8807
8807
8807
8807
8807
8807
8807
8807
8807
8808
8808
8808
8808
8808
8808
8808
8808
8808
8808
8808
8808
8808
8808
8808
8808
8808
8808
8809
8809
8809
8809
8810
8810
8810
8810
8810
8810
8810
8810
8810
8810
8810
8810
8810
8810
8811
8811
8811
8811
8811
8812
8812
8812
8812
8812
8812
8812
8812
8812
8812
8812
8812
8812
8812
8812
8812
8812
8812
8812
8813
8813
8813
8813
8813
8813
8813
8813
8813
8813
8813
8813
8815
8815
8815
8815
8815
8815
8815
8815
8815
8815
8815
8815
8815
8815
8815
8815
8815
8815
8816
8817
8817
8817
8817
8817
8817
8818
8818
8818
8818
8818
8818
8818
8818
8818
8818
8818
8818
8818
8818
8818
8818
8818
8818
8818
8818
8818
8818
8818
8818
8818
8818
8818
8818
8818
8818
8818
8818
8819
8819
8819
8819
8820
8820
8820
8821
8821
8821
8821
8821
8821
8821
8821
8821
8821
8821
8821
8821
8821
8821
8821
8821
8821
8821
8821
8821
8821
8821
8821
8821
8821
8821
8821
8821
8821
8821
8821
8821
8821
8821
8821
8821
8821
8821
8821
8821
8821
8821
8821
8821
8821
8821
8821
8821
8821
8821
8821
8822
8822
8822
8822
8822
8822
8822
8822
8823
8823
8823
8823
8823
8823
8823
8823
8823
8823
8823
8823
8823
8823
8823
8823
8823
8823
8823
8823
8823
8823
8823
8823
8823
8823
8823
8823
8823
8823
8823
8823
8823
8823
8823
8823
8823
8823
8823
8823
8823
8823
8823
8823
8823
8823
8823
8823
8823
8823
8823
8823
8823
8823
8823
8823
8823
8823
8823
8823
8823
8823
8823
8823
8823
8823
8823
8823
8823
8823
8823
8823
8823
8823
8823
8823
8823
8823
8823
8823
8823
8823
8823
8823
8823
8823
8823
8823
8823
8823
8823
8823
8823
8823
8823
8823
8824
8824
8824
8824
8824
8824
8824
8824
8824
8824
8824
8824
8824
8824
8824
8824
