17211
17212
17213
17213
17215
17216
17217
17218
17221
17222
17223
17224
17224
17228
17232
17232
17232
17232
17233
17234
17235
17237
17237
17237
17238
17239
17239
17239
17241
17242
17243
17244
17247
17247
17250
17251
17253
17256
17256
17256
17257
17258
17258
17258
17259
17259
17264
17264
17264
17264
17264
17264
17264
17264
17264
17264
17264
17264
17264
17264
17264
17264
17264
17264
17264
17264
17264
17264
17264
17264
17264
17264
17264
17264
17264
17264
17264
17264
17264
17264
17264
17264
17264
17264
17264
17264
17264
17264
17264
17264
17264
17264
17264
17264
17264
17264
17268
17270
17271
17272
17273
17274
17274
17276
17277
17277
17280
17280
17280
17280
17283
17285
17289
17290
17291
17295
17296
17296
17297
17297
17297
17297
17298
17299
17299
17300
17302
17304
17310
17310
17310
