439091
439122
439152
439179
439210
439234
439260
439285
439309
439339
439358
439384
439416
439436
439458
439488
439514
439537
439564
439590
439612
439634
439660
439683
439706
439730
439756
439781
439813
439837
439868
439893
439913
439943
439965
439990
440014
440040
440067
440097
440129
440149
440179
440204
440226
440252
440276
440300
440323
440354
440385
440414
441964
441988
442007
442029
442052
442082
442106
442139
442169
442195
442218
442246
442272
442309
442332
442357
442384
442420
442446
442473
442497
442522
442544
442564
442586
442608
442644
442670
442696
442729
442753
442780
442816
442858
442900
442926
442956
442986
443009
443037
443067
443096
443121
443146
443171
443199
443235
443269
443290
443320
443352
443376
443406
443443
443471
443496
443520
443548
443573
443603
443636
443663
443687
443708
443731
443753
443797
443821
443858
443881
443921
443947
443991
444019
444054
444081
444100
444126
444154
444187
444209
444238
444264
444303
444330
444357
444384
444409
444434
444463
444490
444517
444543
444568
444592
444623
444649
444673
444696
444729
444760
444788
444819
444850
444873
444899
444926
444950
444978
445005
445031
445056
445085
445120
445140
445164
445190
445217
445243
445274
445309
445342
445370
445402
445435
445461
445482
445510
445538
445560
445586
445624
445653
445674
445701
445729
445755
445782
445808
445833
445864
445892
445917
445932
445932
445932
445932
445932
445932
445932
445932
445932
445932
445932
445932
445932
445932
445932
445932
445932
445932
445932
445932
445932
445932
445932
445932
445932
445932
445932
445932
445932
445932
445932
445932
445932
445932
445932
445932
445932
445932
445932
445932
445932
445932
445932
445932
445932
445932
445932
445932
445932
445932
445933
445945
445945
445945
445945
445945
445945
445945
445945
445945
445945
445945
445945
445945
445945
445945
445945
445945
445945
445945
445945
445945
445945
445945
445945
445945
445945
445945
445945
445945
445945
445945
445945
445945
445945
445945
445945
445945
445945
445945
445945
445945
445945
445945
445945
445945
445964
445964
445964
445964
445964
445964
445964
445964
445964
445964
445964
445964
445964
445964
445964
445964
445964
445964
445964
445964
445964
445964
445964
445964
445964
445964
445964
445964
445964
445964
445964
445964
445964
445964
445964
445964
445964
445964
445964
445964
445964
445964
445964
445964
445964
445964
445964
445964
445964
445964
445994
446035
446063
446090
446115
446148
446172
446199
446229
446253
446299
446319
446347
446378
446403
446425
446448
446478
446512
446541
446571
446594
446625
446654
446683
446709
446747
446776
446799
446837
446871
446901
446925
446956
446978
447012
447034
447059
447090
447116
447153
447176
447206
447229
447253
447281
447308
447331
447364
447403
447434
447466
447503
447526
447555
447584
447604
447638
447665
447691
447718
447743
447767
447795
447815
447855
447882
447904
447933
447957
447980
448011
448038
448063
448085
448108
448144
448176
448201
448231
448260
448286
448321
448348
448379
448410
448441
448464
448489
448515
448551
448580
448607
448634
448657
448683
448704
448740
448769
448793
448818
448846
448867
448890
448913
448944
448973
448997
449018
449046
449074
449104
449127
449150
449175
449208
449233
449260
449284
449312
449340
449367
449399
449425
449448
449477
449504
449530
449553
449582
449609
449640
449670
449707
449735
449767
449793
449821
449847
449874
449905
449941
449979
450006
450032
450058
450084
450104
450139
450168
450194
450223
450252
450278
450303
450332
450361
450398
450422
450465
450494
450514
450539
450559
450592
450620
450644
450675
450703
450728
450757
450781
450802
450829
450849
450870
450895
450929
450959
450985
451019
451054
451086
451114
451142
451170
451199
451230
451262
451287
451308
451335
451369
451394
451418
451452
451480
451502
451525
451553
451579
451608
451634
451664
451689
451712
451737
451757
451783
451807
451842
451865
451888
451912
451938
451964
451989
452014
452038
452066
452085
452121
452157
452176
452200
452227
452252
452283
452307
452331
452356
452381
452414
452436
452460
452486
452522
452552
452576
452604
452635
452663
452702
452724
452750
452778
452806
452839
452864
452900
452923
452947
452972
452997
453022
453048
453073
453099
453125
453150
453177
453201
453229
453251
453292
453314
453343
453377
453407
453435
453471
453498
453523
453545
453574
453601
453625
453653
453684
453713
453742
453769
453791
453817
453846
453868
453900
453925
453951
453977
454014
454045
454076
454108
454145
454175
454208
454231
454254
454278
454310
454335
454361
454381
454410
454449
454471
454497
454520
454543
454568
454600
454626
454660
454680
454712
454748
454795
454820
454863
454898
454923
454949
454972
455000
455034
455056
455082
455115
455137
455158
455185
455210
455237
455262
455302
455326
455349
455378
455407
455425
455453
455487
455516
455540
455573
455596
455632
455655
455677
455702
455736
455759
455787
455820
455856
455880
455910
455936
455965
455992
456019
456043
456071
456096
456129
456150
456175
456201
456221
456253
456293
456331
456354
456383
456416
456447
456476
456500
456528
456555
456582
456604
456633
456653
456678
456701
456726
456753
456776
456807
456832
456859
456889
456915
456944
456961
456997
457021
457052
457075
457105
457138
457170
457199
457233
457258
457295
457321
457358
457385
457410
457433
457464
457494
457534
457557
457578
457603
457627
457646
457670
457700
457716
457746
457774
457801
457830
457859
457884
457916
457946
457973
457996
458038
458058
458080
458120
458151
458186
458212
458249
458286
458314
458343
458370
458403
458438
458473
458507
458535
458560
458588
458622
458654
458683
458713
458742
458768
458810
458835
458857
458888
458920
458946
458971
458993
459017
459043
459067
459106
459138
459162
459188
459216
459250
459273
459302
459341
459371
459397
459426
459456
459486
459516
459540
459564
459587
459606
459634
459670
459706
459739
459770
459789
459815
459840
459862
459891
459918
459943
459967
460008
460042
460065
460090
460114
460142
460166
460188
460216
460240
460262
460296
460316
460341
460367
460388
460415
460454
460491
460514
460542
460568
460601
460625
460649
460669
460702
460725
460752
460777
460800
460826
460876
460907
460930
460962
460990
461010
461040
461067
461088
461114
461147
461180
461215
461244
461271
461300
461319
461364
461392
461412
461435
461465
461494
461523
461546
461572
461603
461636
461657
461681
461711
461735
461761
461780
461807
461828
461854
461878
461915
461956
461985
462011
462038
462064
462086
462110
462135
462159
462183
462210
462238
462264
462295
462318
462341
462373
462398
462423
462445
462474
462506
462534
462556
462585
462614
462642
462668
462694
462718
462742
462771
462799
462823
462855
462886
462920
462952
462979
463001
463027
463064
463088
463116
463140
463165
463188
463216
463257
463282
463304
463329
463361
463387
463418
463453
463484
463513
463535
463561
463591
463619
463648
463675
463704
463736
463771
463809
463837
463874
463909
463935
463965
463986
464015
464037
464059
464082
464109
464136
464159
464194
464222
464250
464283
464309
464353
464376
464402
464432
464460
464481
464517
464549
464574
464600
464629
464656
464690
464714
464742
464765
464794
464820
464846
464870
464912
464938
464965
464993
465027
465050
465075
465103
465127
465147
465175
465201
465227
465257
465279
465307
465332
465353
465382
465408
465449
465481
465523
465548
465575
465611
465635
465662
465685
465725
465751
465780
465807
465834
465863
465884
465913
465937
465972
466000
466033
466065
466092
466121
466150
466173
466203
466231
