6602
6603
6603
6603
6603
6603
6603
6603
6603
6603
6603
6603
6603
6603
6603
6603
6603
6603
6603
6603
6603
6603
6603
6603
6603
6603
6603
6603
6603
6603
6603
6603
6603
6603
6603
6603
6603
6603
6603
6603
6603
6603
6603
6603
6603
6603
6603
6603
6604
6604
6604
6604
6612
6612
6613
6613
6613
6613
6613
6613
6614
6614
6614
6615
6616
6616
6616
6616
6616
6617
6617
6617
6618
6619
6619
6619
6619
6619
6619
6619
6620
6620
6620
6620
6620
6621
6621
6621
6621
6622
6622
6622
6622
6622
6622
6623
6624
6625
6625
6625
6625
6625
6625
6625
6625
6625
6625
6625
6625
6625
6625
6625
6625
6625
6625
6626
6626
6626
6626
6626
6626
6626
6627
6627
6628
6628
6628
6628
6628
6628
6628
6628
6628
6628
6628
6628
6628
6628
6628
6629
6629
6629
6629
6629
6630
6630
6630
6630
6630
6630
6631
6631
6631
6632
6632
6632
6632
6632
6632
6632
6632
6632
6632
6632
6632
6632
6632
6632
6633
6633
6634
6634
6636
6636
6636
6636
6636
6637
6637
6638
6639
6640
6640
6640
6640
6640
6640
6641
6641
6642
6643
6643
6644
6645
6646
6647
6647
6647
6647
6647
6647
6647
6647
6647
6647
6647
6647
6647
6647
6647
6647
6647
6647
6647
6647
6647
6647
6647
6647
6647
6647
6647
6647
6647
6647
6647
6647
6647
6647
6647
6647
6647
6647
6647
6647
6647
6647
6647
6647
6647
6647
6647
6647
6647
6647
6648
6655
6655
6655
6655
6655
6655
6655
6655
6655
6655
6655
6655
6655
6655
6655
6655
6655
6655
6655
6655
6655
6655
6655
6655
6655
6655
6655
6655
6655
6655
6655
6655
6655
6655
6655
6655
6655
6655
6655
6655
6655
6655
6655
6655
6655
6665
6665
6665
6665
6665
6665
6665
6665
6665
6665
6665
6665
6665
6665
6665
6665
6665
6665
6665
6665
6665
6665
6665
6665
6665
6665
6665
6665
6665
6665
6665
6665
6665
6665
6665
6665
6665
6665
6665
6665
6665
6665
6665
6665
6665
6665
6665
6665
6665
6665
6667
6668
6668
6668
6668
6669
6669
6669
6670
6672
6672
6672
6672
6672
6672
6672
6672
6672
6672
6672
6672
6672
6672
6672
6672
6672
6673
6673
6675
6675
6675
6675
6676
6676
6676
6676
6676
6676
6676
6676
6676
6676
6676
6676
6676
6676
6676
6676
6676
6679
6679
6679
6680
6680
6680
6680
6680
6680
6680
6680
6680
6680
6680
6680
6681
6682
6682
6683
6683
6683
6683
6683
6683
6683
6683
6683
6683
6683
6683
6683
6683
6683
6683
6683
6683
6683
6684
6684
6684
6684
6686
6686
6686
6687
6687
6687
6687
6687
6687
6687
6687
6687
6687
6688
6688
6689
6689
6690
6690
6690
6690
6690
6690
6690
6691
6691
6691
6691
6691
6691
6691
6691
6691
6691
6691
6691
6691
6691
6691
6691
6691
6691
6691
6691
6691
6691
6692
6692
6693
6694
6694
6694
6694
6694
6694
6694
6695
6696
6696
6696
6697
6697
6698
6699
6700
6700
6700
6700
6700
6701
6701
6702
6702
6702
6703
6704
6705
6705
6706
6707
6707
6708
6709
6709
6711
6711
6711
6711
6712
6712
6712
6714
6714
6714
6714
6715
6715
6715
6716
6717
6717
6717
6717
6717
6718
6718
6718
6718
6718
6718
6718
6718
6718
6718
6718
6718
6720
6720
6720
6720
6720
6720
6721
6722
6722
6722
6722
6722
6722
6722
6722
6724
6724
6724
6724
6724
6724
6724
6724
6724
6724
6724
6724
6724
6725
6725
6725
6725
6725
6726
6727
6727
6728
6729
6729
6729
6729
6729
6729
6729
6729
6729
6729
6729
6729
6729
6729
6729
6729
6729
6729
6730
6730
6730
6732
6733
6733
6733
6733
6733
6733
6734
6734
6736
6736
6736
6736
6736
6736
6736
6736
6736
6736
6736
6736
6736
6736
6736
6736
6736
6736
6737
6737
6738
6740
6740
6740
6740
6740
6740
6741
6741
6741
6741
6741
6741
6741
6741
6741
6742
6742
6742
6743
6743
6743
6743
6744
6744
6744
6744
6744
6744
6745
6747
6747
6747
6747
6747
6747
6747
6747
6747
6747
6748
6748
6751
6751
6751
6751
6751
6751
6751
6752
6752
6752
6752
6752
6752
6752
6752
6752
6752
6752
6752
6752
6752
6752
6752
6752
6752
6752
6753
6753
6753
6753
6755
6755
6755
6755
6755
6756
6756
6756
6756
6756
6756
6756
6756
6756
6756
6756
6756
6757
6757
6757
6757
6757
6757
6757
6757
6757
6758
6759
6759
6759
6759
6759
6759
6759
6759
6759
6759
6759
6760
6760
6760
6761
6761
6761
6761
6761
6761
6761
6761
6761
6761
6761
6761
6761
6761
6761
6761
6761
6762
6762
6763
6763
6763
6763
6763
6764
6764
6764
6764
6764
6764
6764
6767
6767
6767
6767
6768
6768
6768
6768
6768
6770
6770
6770
6770
6770
6770
6770
6770
6770
6770
6770
6770
6770
6772
6773
6773
6773
6773
6773
6774
6774
6775
6776
6776
6776
6776
6776
6776
6776
6776
6776
6776
6776
6776
6776
6776
6776
6776
6779
6779
6779
6779
6779
6779
6780
6782
6783
6783
6783
6783
6783
6783
6783
6783
6783
6783
6783
6783
6783
6783
6783
6784
6785
6785
6785
6785
6785
6785
6785
6785
6785
6785
6785
6785
6785
6785
6785
6785
6785
6785
6785
6785
6785
6785
6785
6785
6785
6785
6785
6786
6786
6787
6787
6787
6787
6787
6787
6787
6788
6788
6788
6788
6788
6789
6790
6793
6793
6793
6793
6793
6793
6793
6793
6793
6793
6795
6795
6795
6795
6795
6795
6796
6796
6796
6796
6796
6796
6796
6796
6796
6797
6797
6797
6797
6797
6797
6797
6797
6798
6798
6798
6798
6799
6799
6799
6800
6800
6800
6800
6800
6800
6800
6800
6800
6800
6800
6800
6800
6800
6800
6800
6800
6800
6800
6800
6800
6800
6800
6803
6803
6803
6803
6803
6803
6804
6805
6805
6805
6805
6805
6805
6805
6805
6807
6807
6807
6807
6807
6807
6807
6807
6807
6808
6808
6808
6809
6812
6812
6813
6813
6813
6813
6813
6814
6815
6815
6816
6817
6817
6817
6817
6817
6817
6817
6818
6818
6818
6818
6818
6818
6818
6819
6819
6820
6821
6821
6821
6821
6821
6821
6821
6822
6822
6822
6823
6823
6824
6825
6825
6825
6825
6825
6825
6825
6825
6825
6826
6826
6827
6827
6827
6827
6828
6828
6828
6828
6828
6829
6830
6830
6830
6831
6831
6831
6831
6831
6832
6832
6832
6832
6833
6833
6834
6834
6835
6835
6835
6835
6835
6835
6835
