17211
17212
17213
17214
17215
17217
17217
17218
17221
17222
17223
17224
17224
17229
17232
17232
17232
17233
17233
17234
17235
17237
17237
17237
17238
17239
17239
17240
17241
17242
17243
17244
17247
17247
17250
17251
17253
17256
17256
17256
17257
17258
17258
17258
17259
17259
17264
17264
17264
17264
17264
17264
17264
17264
17264
17264
17264
17264
17264
17264
17264
17264
17264
17264
17264
17264
17264
17264
17264
17264
17264
17264
17264
17264
17264
17264
17264
17264
17264
17264
17264
17264
17264
17264
17264
17264
17264
17264
17264
17264
17264
17264
17264
17264
17264
17264
17269
17270
17271
17272
17273
17274
17274
17277
17277
17278
17280
17280
17280
17280
17284
17285
17289
17291
17292
17296
17296
17296
17297
17297
17297
17297
17298
17299
17299
17300
17302
17305
17310
17310
17310
