439096
439124
439154
439182
439212
439235
439262
439287
439310
439341
439359
439387
439417
439437
439461
439490
439516
439540
439565
439593
439615
439638
439663
439685
439709
439733
439760
439783
439817
439840
439870
439895
439915
439945
439967
439992
440017
440044
440068
440100
440130
440152
440182
440207
440227
440254
440279
440302
440325
440359
440386
440417
441965
441989
442009
442030
442054
442083
442110
442140
442171
442196
442223
442249
442277
442311
442335
442359
442386
442422
442449
442475
442499
442523
442545
442566
442588
442609
442646
442674
442699
442731
442755
442782
442817
442861
442902
442928
442959
442989
443013
443041
443069
443097
443123
443149
443172
443202
443237
443270
443293
443322
443355
443379
443408
443445
443474
443497
443522
443549
443575
443604
443637
443665
443688
443709
443733
443755
443799
443823
443860
443883
443925
443948
443995
444022
444056
444083
444103
444131
444159
444188
444214
444239
444266
444305
444332
444359
444386
444411
444435
444465
444492
444519
444547
444570
444595
444626
444651
444675
444698
444734
444762
444793
444822
444852
444874
444901
444928
444952
444980
445006
445035
445057
445088
445122
445142
445167
445193
445219
445244
445276
445310
445344
445372
445404
445437
445463
445484
445516
445541
445564
445588
445625
445655
445677
445703
445733
445758
445784
445810
445835
445866
445894
445919
445932
445932
445932
445932
445932
445932
445932
445932
445932
445932
445932
445932
445932
445932
445932
445932
445932
445932
445932
445932
445932
445932
445932
445932
445932
445932
445932
445932
445932
445932
445932
445932
445932
445932
445932
445932
445932
445932
445932
445932
445932
445932
445932
445932
445932
445932
445932
445932
445932
445932
445933
445945
445945
445945
445945
445945
445945
445945
445945
445945
445945
445945
445945
445945
445945
445945
445945
445945
445945
445945
445945
445945
445945
445945
445945
445945
445945
445945
445945
445945
445945
445945
445945
445945
445945
445945
445945
445945
445945
445945
445945
445945
445945
445945
445945
445946
445964
445964
445964
445964
445964
445964
445964
445964
445964
445964
445964
445964
445964
445964
445964
445964
445964
445964
445964
445964
445964
445964
445964
445964
445964
445964
445964
445964
445964
445964
445964
445964
445964
445964
445964
445964
445964
445964
445964
445964
445964
445964
445964
445964
445964
445964
445964
445964
445964
445964
445995
446038
446065
446092
446118
446149
446174
446202
446230
446255
446300
446324
446350
446379
446405
446427
446450
446479
446514
446543
446572
446598
446627
446656
446686
446712
446748
446781
446803
446839
446875
446903
446927
446959
446980
447014
447040
447061
447095
447119
447154
447180
447208
447233
447257
447283
447310
447336
447367
447405
447435
447468
447505
447528
447560
447586
447607
447642
447669
447695
447723
447744
447769
447796
447816
447857
447883
447905
447935
447959
447985
448013
448041
448068
448087
448110
448146
448179
448202
448232
448261
448287
448323
448354
448382
448415
448444
448466
448491
448517
448554
448582
448610
448636
448659
448685
448706
448742
448773
448797
448820
448848
448869
448892
448916
448945
448976
448998
449022
449049
449078
449109
449130
449152
449177
449210
449237
449261
449289
449314
449342
449371
449402
449427
449450
449483
449506
449531
449556
449585
449611
449644
449672
449708
449737
449769
449795
449824
449848
449877
449907
449943
449982
450009
450037
450062
450087
450106
450142
450170
450196
450225
450254
450280
450307
450333
450365
450399
450424
450467
450495
450516
450542
450560
450594
450622
450647
450676
450707
450733
450759
450783
450804
450831
450850
450874
450898
450931
450961
450987
451021
451056
451088
451116
451147
451172
451204
451231
451264
451288
451311
451336
451371
451396
451420
451454
451483
451503
451530
451554
451583
451611
451638
451665
451691
451718
451738
451762
451785
451809
451845
451866
451890
451916
451942
451966
451991
452017
452040
452069
452088
452123
452158
452178
452203
452228
452258
452286
452309
452335
452359
452383
452416
452437
452462
452489
452525
452554
452578
452606
452636
452665
452705
452726
452751
452780
452808
452841
452867
452902
452925
452949
452974
452999
453023
453050
453075
453101
453128
453151
453180
453204
453231
453257
453294
453315
453345
453380
453409
453437
453473
453502
453524
453547
453576
453607
453630
453655
453688
453717
453746
453771
453793
453820
453847
453870
453901
453930
453952
453979
454016
454047
454079
454111
454147
454178
454210
454232
454256
454282
454311
454339
454362
454384
454411
454452
454472
454499
454522
454545
454572
454601
454628
454662
454683
454713
454750
454798
454823
454865
454900
454924
454951
454977
455004
455035
455058
455085
455120
455139
455159
455190
455213
455239
455263
455307
455328
455351
455380
455409
455427
455455
455488
455517
455542
455574
455598
455633
455657
455679
455704
455737
455762
455790
455822
455861
455882
455912
455938
455967
455994
456020
456047
456074
456099
456130
456152
456177
456204
456223
456256
456295
456333
456356
456384
456419
456448
456478
456503
456530
456556
456584
456606
456638
456655
456681
456704
456730
456755
456779
456809
456834
456860
456891
456920
456945
456962
456998
457023
457053
457081
457108
457142
457173
457200
457235
457260
457297
457323
457361
457387
457412
457435
457466
457496
457536
457558
457580
457605
457629
457649
457673
457702
457718
457750
457779
457802
457833
457860
457886
457918
457949
457977
458001
458040
458060
458082
458122
458152
458188
458215
458251
458290
458316
458345
458372
458406
458444
458474
458509
458537
458563
458592
458625
458659
458688
458719
458743
458770
458811
458836
458860
458890
458923
458949
458973
458996
459019
459045
459069
459109
459139
459164
459190
459217
459251
459278
459305
459343
459373
459400
459428
459457
459490
459518
459542
459567
459589
459608
459640
459671
459709
459741
459772
459792
459817
459841
459865
459893
459921
459945
459970
460010
460043
460069
460092
460118
460144
460168
460191
460219
460243
460263
460298
460319
460343
460370
460391
460416
460457
460495
460516
460547
460573
460604
460627
460651
460671
460703
460727
460754
460779
460802
460827
460877
460910
460934
460965
460991
461013
461045
461068
461091
461116
461148
461184
461218
461247
461276
461301
461321
461366
461394
461416
461438
461468
461498
461524
461549
461575
461606
461637
461659
461684
461712
461739
461763
461782
461808
461831
461858
461879
461916
461957
461986
462013
462041
462065
462088
462112
462137
462161
462185
462212
462240
462270
462298
462320
462343
462375
462403
462425
462449
462476
462509
462535
462559
462588
462615
462644
462671
462695
462720
462745
462774
462801
462826
462857
462888
462922
462953
462980
463003
463029
463068
463092
463118
463142
463167
463189
463218
463260
463284
463306
463331
463367
463389
463420
463456
463486
463514
463540
463563
463593
463621
463651
463680
463709
463740
463773
463812
463842
463876
463910
463937
463967
463989
464016
464040
464063
464084
464111
464138
464161
464198
464227
464256
464288
464311
464355
464381
464404
464436
464463
464482
464518
464551
464576
464605
464634
464659
464691
464719
464743
464766
464798
464823
464847
464871
464914
464939
464966
464995
465029
465052
465078
465105
465130
465150
465179
465203
465230
465261
465281
465309
465334
465359
465384
465410
465452
465483
465525
465551
465577
465613
465637
465664
465689
465727
465754
465786
465809
465837
465866
465886
465916
465942
465974
466001
466034
466066
466095
466126
466153
466175
466207
466234
