476426
476454
476493
476517
476549
476570
476596
476619
476657
476679
476699
476727
476748
476779
476803
476829
476864
476893
476920
476942
476972
476998
477025
477050
477075
477111
477138
477159
477182
477202
477231
477257
477284
477308
477334
477358
477382
477417
477443
477466
477500
477524
477543
477572
477608
477631
477660
477660
477660
477660
477660
477660
477660
477660
477660
477660
477660
477660
477660
477660
477660
477660
477660
477660
477660
477660
477660
477660
477660
477660
477660
477660
477660
477660
477660
477660
477660
477660
477660
477660
477660
477660
477660
477660
477660
477660
477660
477660
477660
477660
477660
477660
477660
477660
477660
477660
477665
477692
477717
477740
477770
477793
477819
477849
477880
477900
477925
477949
477975
478010
478038
478069
478109
478151
478180
478220
478255
478283
478317
478346
478372
478394
478423
478449
478474
478497
478535
478576
478612
478642
478669
