6912
6913
6915
6915
6915
6915
6916
6916
6916
6916
6916
6916
6916
6916
6916
6916
6917
6917
6917
6917
6917
6917
6918
6919
6922
6925
6925
6925
6925
6925
6925
6925
6925
6925
6925
6925
6925
6925
6925
6925
6925
6925
6925
6925
6925
6925
6930
6930
6930
6930
6930
6930
6930
6930
6930
6930
6930
6930
6930
6930
6930
6930
6930
6930
6930
6930
6930
6930
6930
6930
6930
6930
6930
6930
6930
6930
6930
6930
6930
6930
6930
6930
6930
6930
6930
6930
6930
6930
6930
6930
6930
6930
6930
6930
6930
6930
6930
6931
6931
6931
6931
6931
6931
6931
6931
6931
6931
6931
6931
6931
6931
6931
6931
6932
6932
6932
6933
6933
6933
6933
6933
6933
6933
6933
6933
6933
6934
6934
6934
6934
6934
