159828
159833
159837
159838
159841
159842
159843
159846
159848
159851
159853
159855
159857
159859
159860
159863
159864
159866
159868
159870
159871
159872
159875
159877
159880
159881
159883
159886
159888
159890
159894
159896
159898
159901
159904
159906
159908
159909
159913
159915
159916
159921
159924
159926
159929
159930
159932
159933
159936
159938
159943
159945
159947
159949
159950
159955
159959
159960
159963
159967
159970
159971
159973
159977
159980
159982
159986
159987
159988
159991
159994
159995
159998
159999
160002
160003
160005
160009
160011
160013
160017
160023
160028
160031
160033
160035
160037
160040
160044
160045
160049
160051
160053
160057
160060
160063
160068
160070
160072
160074
160076
160078
160081
160082
160087
160089
160092
160097
160101
160103
160105
160107
160109
160111
160114
160118
160120
160122
160123
160125
160129
160131
160133
160135
160137
160138
160139
160142
160143
160146
160149
160150
160151
160152
160155
160157
160160
160162
160163
160165
160168
160170
160175
160178
160180
160182
160186
160188
160189
160191
160194
160196
160198
160201
160203
160209
160213
160214
160217
160220
160222
160225
160226
160228
160230
160231
160233
160236
160239
160243
160244
160246
160249
160251
160252
160258
160261
160264
160265
160268
160270
160271
160273
160275
160276
160277
160279
160281
160285
160287
160288
160292
160296
160297
160301
160303
160305
160307
160309
160311
160315
160316
160318
160324
160327
160329
160331
160333
160336
160340
160341
160347
160351
160352
160355
160358
160360
160362
160365
160366
160369
160370
160375
160377
160379
160382
160383
160386
160388
160390
160392
160394
160396
160397
160400
160402
160403
160406
160408
160410
160412
160415
160417
160419
160420
160423
160425
160427
160429
160430
160432
160435
160440
160442
160444
160445
160447
160450
160452
160454
160456
160457
160462
160466
160467
160470
160475
160478
160480
160482
160487
160489
160490
160494
160499
160500
160503
160504
160506
160509
160511
160513
160518
160520
160521
160525
160526
160528
160531
160534
160536
160538
160540
160543
160545
160548
160551
160553
160555
160557
160558
160560
160564
160566
160568
160571
160573
160575
160578
160579
160581
160583
160587
160588
160590
160591
160595
160597
160599
160602
160604
160607
160609
160610
160614
160618
160620
160622
160625
160627
160630
160631
160633
160634
160636
160638
160640
160641
160642
160646
160648
160649
160652
160657
160659
160662
160664
160665
160667
160668
160670
160673
160675
160677
160679
160680
160682
160685
160687
160688
160692
160693
160696
160701
160706
160708
160711
160712
160714
160716
160720
160722
160723
160729
160732
160734
160736
160738
160740
160742
160744
160746
160752
160755
160757
160759
160762
160765
160767
160769
160770
160772
160773
160775
160779
160784
160787
160788
160789
160792
160796
160797
160801
160803
160806
160810
160811
160813
160815
160816
160818
160819
160821
160823
160824
160826
160830
160832
160834
160837
160840
160842
160844
160845
160848
160851
160852
160854
160856
160857
160860
160862
160866
160868
160871
160873
160875
160877
160880
160881
160883
160886
160889
160894
160899
160901
160903
160904
160906
160908
160910
160912
160914
160916
160919
160921
160923
160925
160928
160930
160931
160934
160936
160938
160941
160945
160948
160950
160951
160952
160954
160956
160960
160963
160965
160967
160971
160976
160978
160981
160982
160985
160987
160988
160990
160991
160993
160995
160997
160998
161004
161007
161011
161013
161016
161017
161020
161023
161025
161027
161029
161030
161032
161033
161036
161038
161041
161043
161046
161048
161051
161054
161055
161056
161059
161061
161062
161065
161069
161071
161073
161079
161081
161085
161088
161090
161092
161093
161097
161099
161101
161105
161109
161111
161115
161120
161121
161124
161126
161127
161132
161135
161138
161140
161143
161145
161147
161149
161152
161154
161156
161158
161159
161162
161164
161166
161168
161171
161176
161179
161181
161186
161188
161190
161192
161195
161197
161198
161200
161202
161205
161208
161209
161213
161215
161217
161220
161221
161224
161226
161228
161232
161235
161236
161239
161241
161242
161243
161246
161247
161250
161252
161254
161258
161261
161262
161265
161266
161268
161270
161271
161272
161274
161279
161281
161284
161285
161288
161290
161293
161295
161300
161305
161306
161309
161312
161313
161316
161317
161321
161325
161328
161330
161335
161341
161343
161347
161350
161355
161359
161360
161362
161364
161366
161368
161372
161374
161376
161377
161379
161381
161384
161386
161389
161390
161392
161395
161397
161398
161401
161402
161406
161409
161411
161413
161415
161417
161420
161422
161424
161427
161430
161431
161433
161435
161438
161442
161446
161452
161453
161457
161459
161462
161467
161468
161469
161472
161474
161476
161479
161480
161484
161486
161487
161490
161492
161493
161495
161500
161505
161509
161512
161514
161516
161519
161521
161523
161525
161526
161530
161531
161532
161537
161539
161540
161544
161546
161549
161551
161554
161557
161558
161560
161561
161563
161565
161570
161572
161573
161575
161577
161579
161581
161584
161586
161589
161590
161593
161595
161596
161600
161605
161606
161608
161612
161613
161616
161617
161621
161626
161628
161629
161632
161635
161636
161639
161641
161642
161645
161646
161651
161655
161656
161660
161662
161664
161666
161669
161671
161672
161674
161676
161678
161679
161681
161682
161683
161688
161691
161692
161695
161696
161698
161700
161701
161702
161705
161706
161710
161712
161713
161715
161717
161718
161720
161723
161725
161727
161729
161731
161734
161735
161737
161741
161744
161745
161748
161751
161754
161756
161757
161759
161761
161764
161766
161768
161770
161771
161774
161776
161780
161783
161784
161786
161789
161791
161793
161795
161799
161803
161805
161807
161810
161812
161814
161817
161818
161820
161823
161824
161827
161831
161833
161835
161837
161839
161840
161841
161843
161847
161848
161851
161853
161855
161858
161862
161867
161869
161870
161874
161876
161877
161879
161882
161884
161887
161890
161893
161896
161897
161899
161901
161902
161905
161910
161916
161919
161921
161923
161925
161929
161933
161935
161937
161939
161941
161943
161946
161947
161949
161951
161956
161958
161960
161961
161966
161969
161971
161973
161976
161978
161981
161983
161984
161986
161988
161989
161993
161996
161997
162001
162006
162008
162011
162013
162015
162017
162019
162022
162024
162025
162030
162031
162034
162036
162038
162040
162043
162047
162048
162049
162052
162053
162055
162057
162058
162061
162064
162065
162068
162070
162071
162075
162077
162079
162084
162087
162089
162091
162092
162094
162096
162099
162102
162103
162106
162107
162109
162111
162114
162116
162118
162120
162124
162126
162127
162130
162131
162135
162136
162137
162142
162143
162145
162147
162149
162152
162154
162158
162160
162162
162167
162172
162176
162178
162180
162184
162186
162188
162193
162197
162202
162204
162206
162208
162212
162214
162216
162218
162220
162222
162223
162225
162227
162229
162232
162235
162238
162241
162242
162243
162245
162246
162248
162249
162252
162255
162257
162259
162263
162266
162267
162269
162271
162274
162276
162279
162281
162283
162285
162286
162289
162290
162291
162293
162294
162298
162299
162302
162303
162306
162308
162309
162312
162316
162319
162320
162322
162324
162326
162328
162329
162334
162336
162338
162342
162347
162349
162353
162354
162355
162358
162360
162362
162364
162366
162367
162371
162373
162374
162376
162378
162381
162384
162389
162394
162398
162399
162402
162404
162406
162407
162412
162414
162417
162420
162421
162422
162426
162428
162430
162433
162435
162438
162442
162444
162446
162448
162449
162453
162456
162458
162460
162461
162464
162465
162471
162473
162475
162479
162480
162482
162483
162486
162489
162491
162493
162498
162500
162502
162503
162506
162508
162510
162514
162516
162517
162520
162522
162524
162526
162530
162533
162536
162538
162540
162542
162544
162546
162548
162550
162554
162556
162557
162561
162566
162568
162570
162573
162576
162579
162580
162582
162586
162591
162593
162594
162596
162599
162600
162601
162604
162605
162608
162611
162614
162615
162618
162619
162623
162624
162626
162628
162630
162633
162635
162637
162640
162645
162650
162652
162654
162656
162659
162661
162664
162669
162672
162674
162676
162681
162683
162686
162687
162691
162692
162694
162695
162699
162701
162702
162706
162708
162710
162713
162714
